-- The C compiler identification is GNU 11.4.0
-- The CXX compiler identification is GNU 11.4.0
-- Detecting C compiler ABI info
-- Detecting C compiler ABI info - done
-- Check for working C compiler: /usr/bin/cc - skipped
-- Detecting C compile features
-- Detecting C compile features - done
-- Detecting CXX compiler ABI info
-- Detecting CXX compiler ABI info - done
-- Check for working CXX compiler: /usr/bin/c++ - skipped
-- Detecting CXX compile features
-- Detecting CXX compile features - done
-- Found ament_cmake: 1.3.11 (/opt/ros/humble/share/ament_cmake/cmake)
-- Found Python3: /usr/bin/python3 (found version "3.10.12") found components: Interpreter 
-- Override CMake install command with custom implementation using symlinks instead of copying resources
-- Found rclcpp: 16.0.11 (/opt/ros/humble/share/rclcpp/cmake)
-- Found rosidl_generator_c: 3.1.6 (/opt/ros/humble/share/rosidl_generator_c/cmake)
-- Found rosidl_adapter: 3.1.6 (/opt/ros/humble/share/rosidl_adapter/cmake)
-- Found rosidl_generator_cpp: 3.1.6 (/opt/ros/humble/share/rosidl_generator_cpp/cmake)
-- Using all available rosidl_typesupport_c: rosidl_typesupport_fastrtps_c;rosidl_typesupport_introspection_c
-- Using all available rosidl_typesupport_cpp: rosidl_typesupport_fastrtps_cpp;rosidl_typesupport_introspection_cpp
-- Found rmw_implementation_cmake: 6.1.2 (/opt/ros/humble/share/rmw_implementation_cmake/cmake)
-- Found rmw_fastrtps_cpp: 6.2.7 (/opt/ros/humble/share/rmw_fastrtps_cpp/cmake)
-- Found OpenSSL: /usr/lib/x86_64-linux-gnu/libcrypto.so (found version "3.0.2")  
-- Found FastRTPS: /opt/ros/humble/include  
-- Using RMW implementation 'rmw_fastrtps_cpp' as default
-- Looking for pthread.h
-- Looking for pthread.h - found
-- Performing Test CMAKE_HAVE_LIBC_PTHREAD
-- Performing Test CMAKE_HAVE_LIBC_PTHREAD - Success
-- Found Threads: TRUE  
-- Found rclpy: 3.3.15 (/opt/ros/humble/share/rclpy/cmake)
-- Found sensor_msgs: 4.2.4 (/opt/ros/humble/share/sensor_msgs/cmake)
-- Found std_srvs: 4.2.4 (/opt/ros/humble/share/std_srvs/cmake)
-- Found rosidl_default_generators: 1.2.0 (/opt/ros/humble/share/rosidl_default_generators/cmake)
-- Found nav_msgs: 4.2.4 (/opt/ros/humble/share/nav_msgs/cmake)
-- Found tf2_ros: 0.25.12 (/opt/ros/humble/share/tf2_ros/cmake)
-- Found tf2_geometry_msgs: 0.25.12 (/opt/ros/humble/share/tf2_geometry_msgs/cmake)
-- Found eigen3_cmake_module: 0.1.1 (/opt/ros/humble/share/eigen3_cmake_module/cmake)
-- Found Eigen3: TRUE (found version "3.4.0") 
-- Ensuring Eigen3 include directory is part of orocos-kdl CMake target
-- Found Boost: /usr/lib/x86_64-linux-gnu/cmake/Boost-1.74.0/BoostConfig.cmake (found version "1.74.0")  
-- Found sam_msgs: 0.1.0 (/home/nacho/colcon_workspaces/smarc_ws/install/sam_msgs/share/sam_msgs/cmake)
-- Found ament_cmake_ros: 0.10.0 (/opt/ros/humble/share/ament_cmake_ros/cmake)
-- Using all available rosidl_typesupport_c: rosidl_typesupport_fastrtps_c;rosidl_typesupport_introspection_c
-- Using all available rosidl_typesupport_cpp: rosidl_typesupport_fastrtps_cpp;rosidl_typesupport_introspection_cpp
-- Found PythonInterp: /usr/bin/python3 (found suitable version "3.10.12", minimum required is "3.6") 
-- Found python_cmake_module: 0.10.0 (/opt/ros/humble/share/python_cmake_module/cmake)
-- Found PythonLibs: /usr/lib/x86_64-linux-gnu/libpython3.10.so (found suitable version "3.10.12", minimum required is "3.5") 
-- Using PYTHON_EXECUTABLE: /usr/bin/python3
-- Using PYTHON_INCLUDE_DIRS: /usr/include/python3.10
-- Using PYTHON_LIBRARIES: /usr/lib/x86_64-linux-gnu/libpython3.10.so
-- Found PythonExtra: .so  
-- Configuring done
-- Generating done
-- Build files have been written to: /home/nacho/colcon_workspaces/smarc_ws/build/sbg_driver
[  0%] [34m[1mGenerating C code for ROS interfaces[0m
[  0%] [34m[1mGenerating C++ code for ROS interfaces[0m
[  1%] [32mBuilding C object external/sbgECom/CMakeFiles/sbgECom.dir/src/binaryLogs/sbgEComBinaryLogDiag.c.o[0m
[  1%] Built target ament_cmake_python_symlink_sbg_driver
[  1%] [32mBuilding C object external/sbgECom/CMakeFiles/sbgECom.dir/src/binaryLogs/sbgEComBinaryLogDvl.c.o[0m
[  1%] [32mBuilding C object external/sbgECom/CMakeFiles/sbgECom.dir/src/binaryLogs/sbgEComBinaryLogGps.c.o[0m
[  0%] [32mBuilding C object external/sbgECom/CMakeFiles/sbgECom.dir/src/binaryLogs/sbgEComBinaryLogDepth.c.o[0m
[  1%] [32mBuilding C object external/sbgECom/CMakeFiles/sbgECom.dir/src/binaryLogs/sbgEComBinaryLogDebug.c.o[0m
[  1%] [32mBuilding C object external/sbgECom/CMakeFiles/sbgECom.dir/src/binaryLogs/sbgEComBinaryLogImu.c.o[0m
[  1%] [32mBuilding C object external/sbgECom/CMakeFiles/sbgECom.dir/src/binaryLogs/sbgEComBinaryLogMag.c.o[0m
[  1%] [32mBuilding C object external/sbgECom/CMakeFiles/sbgECom.dir/src/binaryLogs/sbgEComBinaryLogOdometer.c.o[0m
[  2%] [32mBuilding C object external/sbgECom/CMakeFiles/sbgECom.dir/src/binaryLogs/sbgEComBinaryLogEvent.c.o[0m
[  2%] [32mBuilding C object external/sbgECom/CMakeFiles/sbgECom.dir/src/binaryLogs/sbgEComBinaryLogEkf.c.o[0m
[  2%] [32mBuilding C object external/sbgECom/CMakeFiles/sbgECom.dir/src/binaryLogs/sbgEComBinaryLogAirData.c.o[0m
[  3%] [32mBuilding C object external/sbgECom/CMakeFiles/sbgECom.dir/src/binaryLogs/sbgEComBinaryLogImuRaw.c.o[0m
[  4%] [32mBuilding C object external/sbgECom/CMakeFiles/sbgECom.dir/src/binaryLogs/sbgEComBinaryLogShipMotion.c.o[0m
[  4%] [32mBuilding C object external/sbgECom/CMakeFiles/sbgECom.dir/src/binaryLogs/sbgEComBinaryLogStatus.c.o[0m
[  4%] Built target ament_cmake_python_symlink_scripts
[  4%] [32mBuilding C object external/sbgECom/CMakeFiles/sbgECom.dir/src/binaryLogs/sbgEComBinaryLogUsbl.c.o[0m
[  5%] [32mBuilding C object external/sbgECom/CMakeFiles/sbgECom.dir/src/binaryLogs/sbgEComBinaryLogUtc.c.o[0m
[  5%] [32mBuilding C object external/sbgECom/CMakeFiles/sbgECom.dir/src/binaryLogs/sbgEComBinaryLogs.c.o[0m
[  5%] [32mBuilding C object external/sbgECom/CMakeFiles/sbgECom.dir/src/commands/sbgEComCmd.c.o[0m
[  5%] [32mBuilding C object external/sbgECom/CMakeFiles/sbgECom.dir/src/commands/sbgEComCmdCommon.c.o[0m
[  5%] [32mBuilding C object external/sbgECom/CMakeFiles/sbgECom.dir/src/commands/sbgEComCmdAirData.c.o[0m
[  6%] [32mBuilding C object external/sbgECom/CMakeFiles/sbgECom.dir/src/commands/sbgEComCmdAdvanced.c.o[0m
[  7%] [32mBuilding C object external/sbgECom/CMakeFiles/sbgECom.dir/src/commands/sbgEComCmdDvl.c.o[0m
[  7%] [32mBuilding C object external/sbgECom/CMakeFiles/sbgECom.dir/src/commands/sbgEComCmdEthernet.c.o[0m
[  8%] [32mBuilding C object external/sbgECom/CMakeFiles/sbgECom.dir/src/commands/sbgEComCmdFeatures.c.o[0m
[  8%] [32mBuilding C object external/sbgECom/CMakeFiles/sbgECom.dir/src/commands/sbgEComCmdEvent.c.o[0m
[  8%] [32mBuilding C object external/sbgECom/CMakeFiles/sbgECom.dir/src/commands/sbgEComCmdGnss.c.o[0m
[  9%] [32mBuilding C object external/sbgECom/CMakeFiles/sbgECom.dir/src/commands/sbgEComCmdInterface.c.o[0m
[  9%] [32mBuilding C object external/sbgECom/CMakeFiles/sbgECom.dir/src/commands/sbgEComCmdInfo.c.o[0m
[  9%] [32mBuilding C object external/sbgECom/CMakeFiles/sbgECom.dir/src/commands/sbgEComCmdMag.c.o[0m
[  9%] [32mBuilding C object external/sbgECom/CMakeFiles/sbgECom.dir/src/commands/sbgEComCmdLicense.c.o[0m
[  9%] [32mBuilding C object external/sbgECom/CMakeFiles/sbgECom.dir/src/commands/sbgEComCmdOdo.c.o[0m
[  9%] [32mBuilding C object external/sbgECom/CMakeFiles/sbgECom.dir/src/commands/sbgEComCmdSensor.c.o[0m
[ 10%] [32mBuilding C object external/sbgECom/CMakeFiles/sbgECom.dir/src/commands/sbgEComCmdOutput.c.o[0m
[ 10%] [32mBuilding C object external/sbgECom/CMakeFiles/sbgECom.dir/src/commands/sbgEComCmdSettings.c.o[0m
[ 10%] [32mBuilding C object external/sbgECom/CMakeFiles/sbgECom.dir/src/protocol/sbgEComProtocol.c.o[0m
[ 10%] [32mBuilding C object external/sbgECom/CMakeFiles/sbgECom.dir/src/sbgECom.c.o[0m
[ 11%] [32mBuilding C object external/sbgECom/CMakeFiles/sbgECom.dir/src/commands/transfer/sbgEComTransfer.c.o[0m
[ 12%] [32mBuilding C object external/sbgECom/CMakeFiles/sbgECom.dir/src/sbgEComGetVersion.c.o[0m
[ 12%] [32mBuilding C object external/sbgECom/CMakeFiles/sbgECom.dir/common/crc/sbgCrc.c.o[0m
[ 12%] [32mBuilding C object external/sbgECom/CMakeFiles/sbgECom.dir/common/interfaces/sbgInterface.c.o[0m
[ 13%] [32mBuilding C object external/sbgECom/CMakeFiles/sbgECom.dir/common/interfaces/sbgInterfaceFile.c.o[0m
[ 13%] [32mBuilding C object external/sbgECom/CMakeFiles/sbgECom.dir/common/interfaces/sbgInterfaceUdp.c.o[0m
[ 13%] [32mBuilding C object external/sbgECom/CMakeFiles/sbgECom.dir/common/interfaces/sbgInterfaceSerialUnix.c.o[0m
[ 14%] [32mBuilding C object external/sbgECom/CMakeFiles/sbgECom.dir/common/network/sbgNetwork.c.o[0m
[ 14%] [32mBuilding C object external/sbgECom/CMakeFiles/sbgECom.dir/common/platform/sbgPlatform.c.o[0m
[ 14%] [32mBuilding C object external/sbgECom/CMakeFiles/sbgECom.dir/common/splitBuffer/sbgSplitBuffer.c.o[0m
[ 15%] [32mBuilding C object external/sbgECom/CMakeFiles/sbgECom.dir/common/streamBuffer/sbgStreamBuffer.c.o[0m
[ 15%] [32mBuilding C object external/sbgECom/CMakeFiles/sbgECom.dir/common/swap/sbgSwap.c.o[0m
[ 15%] [32mBuilding C object external/sbgECom/CMakeFiles/sbgECom.dir/common/version/sbgVersion.c.o[0m
[ 16%] [32m[1mLinking C static library /home/nacho/colcon_workspaces/smarc_ws/src/smarc2/drivers/sbg_ros2_driver/external/sbgECom/bin/libsbgECom.a[0m
running egg_info
running egg_info
creating sbg_driver.egg-info
writing sbg_driver.egg-info/PKG-INFO
creating scripts.egg-info
writing dependency_links to sbg_driver.egg-info/dependency_links.txt
writing scripts.egg-info/PKG-INFO
writing top-level names to sbg_driver.egg-info/top_level.txt
writing dependency_links to scripts.egg-info/dependency_links.txt
writing manifest file 'sbg_driver.egg-info/SOURCES.txt'
writing top-level names to scripts.egg-info/top_level.txt
writing manifest file 'scripts.egg-info/SOURCES.txt'
reading manifest file 'sbg_driver.egg-info/SOURCES.txt'
reading manifest file 'scripts.egg-info/SOURCES.txt'
writing manifest file 'sbg_driver.egg-info/SOURCES.txt'
writing manifest file 'scripts.egg-info/SOURCES.txt'
[ 16%] Built target sbgECom
[ 16%] Built target ament_cmake_python_build_scripts_egg
[ 16%] Built target ament_cmake_python_build_sbg_driver_egg
[ 16%] Built target sbg_driver__cpp
[ 16%] [34m[1mGenerating C++ type support for eProsima Fast-RTPS[0m
[ 16%] [34m[1mGenerating C++ type support dispatch for ROS interfaces[0m
[ 16%] [34m[1mGenerating C++ introspection for ROS interfaces[0m
[ 16%] [32mBuilding C object CMakeFiles/sbg_driver__rosidl_generator_c.dir/rosidl_generator_c/sbg_driver/msg/detail/sbg_gps_vel_status__functions.c.o[0m
[ 17%] [32mBuilding C object CMakeFiles/sbg_driver__rosidl_generator_c.dir/rosidl_generator_c/sbg_driver/msg/detail/sbg_gps_pos_status__functions.c.o[0m
[ 18%] [32mBuilding C object CMakeFiles/sbg_driver__rosidl_generator_c.dir/rosidl_generator_c/sbg_driver/msg/detail/sbg_air_data_status__functions.c.o[0m
[ 18%] [32mBuilding C object CMakeFiles/sbg_driver__rosidl_generator_c.dir/rosidl_generator_c/sbg_driver/msg/detail/sbg_ekf_euler__functions.c.o[0m
[ 18%] [32mBuilding C object CMakeFiles/sbg_driver__rosidl_generator_c.dir/rosidl_generator_c/sbg_driver/msg/detail/sbg_ship_motion_status__functions.c.o[0m
[ 18%] [32mBuilding C object CMakeFiles/sbg_driver__rosidl_generator_c.dir/rosidl_generator_c/sbg_driver/msg/detail/sbg_mag_status__functions.c.o[0m
[ 18%] [32mBuilding C object CMakeFiles/sbg_driver__rosidl_generator_c.dir/rosidl_generator_c/sbg_driver/msg/detail/sbg_gps_pos__functions.c.o[0m
[ 19%] [32mBuilding C object CMakeFiles/sbg_driver__rosidl_generator_c.dir/rosidl_generator_c/sbg_driver/msg/detail/sbg_utc_time_status__functions.c.o[0m
[ 19%] [32mBuilding C object CMakeFiles/sbg_driver__rosidl_generator_c.dir/rosidl_generator_c/sbg_driver/msg/detail/sbg_mag__functions.c.o[0m
[ 19%] [32mBuilding C object CMakeFiles/sbg_driver__rosidl_generator_c.dir/rosidl_generator_c/sbg_driver/msg/detail/sbg_air_data__functions.c.o[0m
[ 19%] [32mBuilding C object CMakeFiles/sbg_driver__rosidl_generator_c.dir/rosidl_generator_c/sbg_driver/msg/detail/sbg_ekf_nav__functions.c.o[0m
[ 19%] [32mBuilding C object CMakeFiles/sbg_driver__rosidl_generator_c.dir/rosidl_generator_c/sbg_driver/msg/detail/sbg_gps_raw__functions.c.o[0m
[ 20%] [32mBuilding C object CMakeFiles/sbg_driver__rosidl_generator_c.dir/rosidl_generator_c/sbg_driver/msg/detail/sbg_odo_vel__functions.c.o[0m
[ 20%] [32mBuilding C object CMakeFiles/sbg_driver__rosidl_generator_c.dir/rosidl_generator_c/sbg_driver/msg/detail/sbg_status_general__functions.c.o[0m
[ 21%] [32mBuilding C object CMakeFiles/sbg_driver__rosidl_generator_c.dir/rosidl_generator_c/sbg_driver/msg/detail/sbg_status_com__functions.c.o[0m
[ 21%] [32mBuilding C object CMakeFiles/sbg_driver__rosidl_generator_c.dir/rosidl_generator_c/sbg_driver/msg/detail/sbg_ekf_quat__functions.c.o[0m
[ 22%] [32mBuilding C object CMakeFiles/sbg_driver__rosidl_generator_c.dir/rosidl_generator_c/sbg_driver/msg/detail/sbg_gps_vel__functions.c.o[0m
[ 22%] [32mBuilding C object CMakeFiles/sbg_driver__rosidl_generator_c.dir/rosidl_generator_c/sbg_driver/msg/detail/sbg_status__functions.c.o[0m
[ 22%] [32mBuilding C object CMakeFiles/sbg_driver__rosidl_generator_c.dir/rosidl_generator_c/sbg_driver/msg/detail/sbg_imu_status__functions.c.o[0m
[ 22%] [32mBuilding C object CMakeFiles/sbg_driver__rosidl_generator_c.dir/rosidl_generator_c/sbg_driver/msg/detail/sbg_event__functions.c.o[0m
[ 23%] [32mBuilding C object CMakeFiles/sbg_driver__rosidl_generator_c.dir/rosidl_generator_c/sbg_driver/msg/detail/sbg_imu_data__functions.c.o[0m
[ 23%] [32mBuilding C object CMakeFiles/sbg_driver__rosidl_generator_c.dir/rosidl_generator_c/sbg_driver/msg/detail/sbg_ship_motion__functions.c.o[0m
[ 23%] [32mBuilding C object CMakeFiles/sbg_driver__rosidl_generator_c.dir/rosidl_generator_c/sbg_driver/msg/detail/sbg_imu_short__functions.c.o[0m
[ 24%] [32mBuilding C object CMakeFiles/sbg_driver__rosidl_generator_c.dir/rosidl_generator_c/sbg_driver/msg/detail/sbg_utc_time__functions.c.o[0m
[ 24%] [32mBuilding C object CMakeFiles/sbg_driver__rosidl_generator_c.dir/rosidl_generator_c/sbg_driver/msg/detail/sbg_mag_calib__functions.c.o[0m
[ 24%] [32mBuilding C object CMakeFiles/sbg_driver__rosidl_generator_c.dir/rosidl_generator_c/sbg_driver/msg/detail/sbg_gps_hdt__functions.c.o[0m
[ 25%] [32mBuilding C object CMakeFiles/sbg_driver__rosidl_generator_c.dir/rosidl_generator_c/sbg_driver/msg/detail/sbg_status_aiding__functions.c.o[0m
[ 25%] [32mBuilding C object CMakeFiles/sbg_driver__rosidl_generator_c.dir/rosidl_generator_c/sbg_driver/msg/detail/sbg_ekf_status__functions.c.o[0m
[ 25%] [32m[1mLinking C shared library libsbg_driver__rosidl_generator_c.so[0m
[ 25%] Built target sbg_driver__rosidl_generator_c
[ 25%] [34m[1mGenerating C type support dispatch for ROS interfaces[0m
[ 25%] [34m[1mGenerating C type support for eProsima Fast-RTPS[0m
[ 25%] [34m[1mGenerating C introspection for ROS interfaces[0m
[ 25%] [32mBuilding CXX object CMakeFiles/sbg_driver__rosidl_typesupport_cpp.dir/rosidl_typesupport_cpp/sbg_driver/msg/sbg_utc_time_status__type_support.cpp.o[0m
[ 25%] [32mBuilding CXX object CMakeFiles/sbg_driver__rosidl_typesupport_cpp.dir/rosidl_typesupport_cpp/sbg_driver/msg/sbg_air_data__type_support.cpp.o[0m
[ 25%] [32mBuilding CXX object CMakeFiles/sbg_driver__rosidl_typesupport_cpp.dir/rosidl_typesupport_cpp/sbg_driver/msg/sbg_gps_pos_status__type_support.cpp.o[0m
[ 25%] [32mBuilding CXX object CMakeFiles/sbg_driver__rosidl_typesupport_cpp.dir/rosidl_typesupport_cpp/sbg_driver/msg/sbg_ekf_euler__type_support.cpp.o[0m
[ 26%] [32mBuilding CXX object CMakeFiles/sbg_driver__rosidl_typesupport_cpp.dir/rosidl_typesupport_cpp/sbg_driver/msg/sbg_air_data_status__type_support.cpp.o[0m
[ 27%] [32mBuilding CXX object CMakeFiles/sbg_driver__rosidl_typesupport_cpp.dir/rosidl_typesupport_cpp/sbg_driver/msg/sbg_ship_motion_status__type_support.cpp.o[0m
[ 27%] [32mBuilding CXX object CMakeFiles/sbg_driver__rosidl_typesupport_cpp.dir/rosidl_typesupport_cpp/sbg_driver/msg/sbg_mag_status__type_support.cpp.o[0m
[ 28%] [32mBuilding CXX object CMakeFiles/sbg_driver__rosidl_typesupport_cpp.dir/rosidl_typesupport_cpp/sbg_driver/msg/sbg_gps_vel_status__type_support.cpp.o[0m
[ 28%] [32mBuilding CXX object CMakeFiles/sbg_driver__rosidl_typesupport_cpp.dir/rosidl_typesupport_cpp/sbg_driver/msg/sbg_gps_raw__type_support.cpp.o[0m
[ 28%] [32mBuilding CXX object CMakeFiles/sbg_driver__rosidl_typesupport_cpp.dir/rosidl_typesupport_cpp/sbg_driver/msg/sbg_gps_pos__type_support.cpp.o[0m
[ 28%] [32mBuilding CXX object CMakeFiles/sbg_driver__rosidl_typesupport_cpp.dir/rosidl_typesupport_cpp/sbg_driver/msg/sbg_ekf_nav__type_support.cpp.o[0m
[ 29%] [32mBuilding CXX object CMakeFiles/sbg_driver__rosidl_typesupport_cpp.dir/rosidl_typesupport_cpp/sbg_driver/msg/sbg_mag__type_support.cpp.o[0m
[ 29%] [32mBuilding CXX object CMakeFiles/sbg_driver__rosidl_typesupport_cpp.dir/rosidl_typesupport_cpp/sbg_driver/msg/sbg_status_com__type_support.cpp.o[0m
[ 30%] [32mBuilding CXX object CMakeFiles/sbg_driver__rosidl_typesupport_cpp.dir/rosidl_typesupport_cpp/sbg_driver/msg/sbg_odo_vel__type_support.cpp.o[0m
[ 30%] [32mBuilding CXX object CMakeFiles/sbg_driver__rosidl_typesupport_cpp.dir/rosidl_typesupport_cpp/sbg_driver/msg/sbg_status_general__type_support.cpp.o[0m
[ 30%] [32mBuilding CXX object CMakeFiles/sbg_driver__rosidl_typesupport_cpp.dir/rosidl_typesupport_cpp/sbg_driver/msg/sbg_ekf_quat__type_support.cpp.o[0m
[ 31%] [32mBuilding CXX object CMakeFiles/sbg_driver__rosidl_typesupport_cpp.dir/rosidl_typesupport_cpp/sbg_driver/msg/sbg_gps_vel__type_support.cpp.o[0m
[ 31%] [32mBuilding CXX object CMakeFiles/sbg_driver__rosidl_typesupport_cpp.dir/rosidl_typesupport_cpp/sbg_driver/msg/sbg_status__type_support.cpp.o[0m
[ 31%] [32mBuilding CXX object CMakeFiles/sbg_driver__rosidl_typesupport_cpp.dir/rosidl_typesupport_cpp/sbg_driver/msg/sbg_event__type_support.cpp.o[0m
[ 32%] [32mBuilding CXX object CMakeFiles/sbg_driver__rosidl_typesupport_cpp.dir/rosidl_typesupport_cpp/sbg_driver/msg/sbg_imu_status__type_support.cpp.o[0m
[ 32%] [32mBuilding CXX object CMakeFiles/sbg_driver__rosidl_typesupport_cpp.dir/rosidl_typesupport_cpp/sbg_driver/msg/sbg_imu_data__type_support.cpp.o[0m
[ 32%] [32mBuilding CXX object CMakeFiles/sbg_driver__rosidl_typesupport_cpp.dir/rosidl_typesupport_cpp/sbg_driver/msg/sbg_imu_short__type_support.cpp.o[0m
[ 33%] [32mBuilding CXX object CMakeFiles/sbg_driver__rosidl_typesupport_cpp.dir/rosidl_typesupport_cpp/sbg_driver/msg/sbg_ship_motion__type_support.cpp.o[0m
[ 33%] [32mBuilding CXX object CMakeFiles/sbg_driver__rosidl_typesupport_cpp.dir/rosidl_typesupport_cpp/sbg_driver/msg/sbg_gps_hdt__type_support.cpp.o[0m
[ 33%] [32mBuilding CXX object CMakeFiles/sbg_driver__rosidl_typesupport_cpp.dir/rosidl_typesupport_cpp/sbg_driver/msg/sbg_utc_time__type_support.cpp.o[0m
[ 33%] [32mBuilding CXX object CMakeFiles/sbg_driver__rosidl_typesupport_cpp.dir/rosidl_typesupport_cpp/sbg_driver/msg/sbg_status_aiding__type_support.cpp.o[0m
[ 34%] [32mBuilding CXX object CMakeFiles/sbg_driver__rosidl_typesupport_cpp.dir/rosidl_typesupport_cpp/sbg_driver/msg/sbg_mag_calib__type_support.cpp.o[0m
[ 34%] [32mBuilding CXX object CMakeFiles/sbg_driver__rosidl_typesupport_cpp.dir/rosidl_typesupport_cpp/sbg_driver/msg/sbg_ekf_status__type_support.cpp.o[0m
[ 34%] [32mBuilding CXX object CMakeFiles/sbg_driver__rosidl_typesupport_c.dir/rosidl_typesupport_c/sbg_driver/msg/sbg_gps_vel_status__type_support.cpp.o[0m
[ 35%] [32mBuilding CXX object CMakeFiles/sbg_driver__rosidl_typesupport_c.dir/rosidl_typesupport_c/sbg_driver/msg/sbg_gps_pos_status__type_support.cpp.o[0m
[ 35%] [32mBuilding CXX object CMakeFiles/sbg_driver__rosidl_typesupport_c.dir/rosidl_typesupport_c/sbg_driver/msg/sbg_mag_status__type_support.cpp.o[0m
[ 35%] [32mBuilding CXX object CMakeFiles/sbg_driver__rosidl_typesupport_c.dir/rosidl_typesupport_c/sbg_driver/msg/sbg_ship_motion_status__type_support.cpp.o[0m
[ 36%] [32mBuilding CXX object CMakeFiles/sbg_driver__rosidl_typesupport_c.dir/rosidl_typesupport_c/sbg_driver/msg/sbg_utc_time_status__type_support.cpp.o[0m
[ 36%] [32mBuilding CXX object CMakeFiles/sbg_driver__rosidl_typesupport_c.dir/rosidl_typesupport_c/sbg_driver/msg/sbg_air_data__type_support.cpp.o[0m
[ 36%] [32mBuilding CXX object CMakeFiles/sbg_driver__rosidl_typesupport_c.dir/rosidl_typesupport_c/sbg_driver/msg/sbg_air_data_status__type_support.cpp.o[0m
[ 37%] [32mBuilding CXX object CMakeFiles/sbg_driver__rosidl_typesupport_c.dir/rosidl_typesupport_c/sbg_driver/msg/sbg_ekf_euler__type_support.cpp.o[0m
[ 37%] [32mBuilding CXX object CMakeFiles/sbg_driver__rosidl_typesupport_c.dir/rosidl_typesupport_c/sbg_driver/msg/sbg_gps_pos__type_support.cpp.o[0m
[ 37%] [32mBuilding CXX object CMakeFiles/sbg_driver__rosidl_typesupport_c.dir/rosidl_typesupport_c/sbg_driver/msg/sbg_mag__type_support.cpp.o[0m
[ 38%] [32mBuilding CXX object CMakeFiles/sbg_driver__rosidl_typesupport_c.dir/rosidl_typesupport_c/sbg_driver/msg/sbg_status_com__type_support.cpp.o[0m
[ 38%] [32mBuilding CXX object CMakeFiles/sbg_driver__rosidl_typesupport_c.dir/rosidl_typesupport_c/sbg_driver/msg/sbg_ekf_nav__type_support.cpp.o[0m
[ 39%] [32mBuilding CXX object CMakeFiles/sbg_driver__rosidl_typesupport_c.dir/rosidl_typesupport_c/sbg_driver/msg/sbg_odo_vel__type_support.cpp.o[0m
[ 39%] [32mBuilding CXX object CMakeFiles/sbg_driver__rosidl_typesupport_c.dir/rosidl_typesupport_c/sbg_driver/msg/sbg_gps_raw__type_support.cpp.o[0m
[ 39%] [32mBuilding CXX object CMakeFiles/sbg_driver__rosidl_typesupport_c.dir/rosidl_typesupport_c/sbg_driver/msg/sbg_status_general__type_support.cpp.o[0m
[ 39%] [32mBuilding CXX object CMakeFiles/sbg_driver__rosidl_typesupport_c.dir/rosidl_typesupport_c/sbg_driver/msg/sbg_ekf_quat__type_support.cpp.o[0m
[ 39%] [32mBuilding CXX object CMakeFiles/sbg_driver__rosidl_typesupport_c.dir/rosidl_typesupport_c/sbg_driver/msg/sbg_gps_vel__type_support.cpp.o[0m
[ 40%] [32mBuilding CXX object CMakeFiles/sbg_driver__rosidl_typesupport_c.dir/rosidl_typesupport_c/sbg_driver/msg/sbg_status__type_support.cpp.o[0m
[ 40%] [32mBuilding CXX object CMakeFiles/sbg_driver__rosidl_typesupport_c.dir/rosidl_typesupport_c/sbg_driver/msg/sbg_event__type_support.cpp.o[0m
[ 40%] [32mBuilding CXX object CMakeFiles/sbg_driver__rosidl_typesupport_c.dir/rosidl_typesupport_c/sbg_driver/msg/sbg_imu_status__type_support.cpp.o[0m
[ 41%] [32mBuilding CXX object CMakeFiles/sbg_driver__rosidl_typesupport_c.dir/rosidl_typesupport_c/sbg_driver/msg/sbg_imu_data__type_support.cpp.o[0m
[ 41%] [32mBuilding CXX object CMakeFiles/sbg_driver__rosidl_typesupport_c.dir/rosidl_typesupport_c/sbg_driver/msg/sbg_imu_short__type_support.cpp.o[0m
[ 41%] [32mBuilding CXX object CMakeFiles/sbg_driver__rosidl_typesupport_c.dir/rosidl_typesupport_c/sbg_driver/msg/sbg_ship_motion__type_support.cpp.o[0m
[ 41%] [32mBuilding CXX object CMakeFiles/sbg_driver__rosidl_typesupport_c.dir/rosidl_typesupport_c/sbg_driver/msg/sbg_mag_calib__type_support.cpp.o[0m
[ 42%] [32mBuilding CXX object CMakeFiles/sbg_driver__rosidl_typesupport_c.dir/rosidl_typesupport_c/sbg_driver/msg/sbg_utc_time__type_support.cpp.o[0m
[ 42%] [32mBuilding CXX object CMakeFiles/sbg_driver__rosidl_typesupport_c.dir/rosidl_typesupport_c/sbg_driver/msg/sbg_gps_hdt__type_support.cpp.o[0m
[ 43%] [32mBuilding CXX object CMakeFiles/sbg_driver__rosidl_typesupport_c.dir/rosidl_typesupport_c/sbg_driver/msg/sbg_status_aiding__type_support.cpp.o[0m
[ 43%] [32mBuilding CXX object CMakeFiles/sbg_driver__rosidl_typesupport_c.dir/rosidl_typesupport_c/sbg_driver/msg/sbg_ekf_status__type_support.cpp.o[0m
[ 43%] [32m[1mLinking CXX shared library libsbg_driver__rosidl_typesupport_c.so[0m
[ 44%] [32m[1mLinking CXX shared library libsbg_driver__rosidl_typesupport_cpp.so[0m
[ 44%] Built target sbg_driver__rosidl_typesupport_c
[ 44%] [32mBuilding CXX object CMakeFiles/sbg_driver__rosidl_typesupport_introspection_cpp.dir/rosidl_typesupport_introspection_cpp/sbg_driver/msg/detail/sbg_mag_status__type_support.cpp.o[0m
[ 44%] [32mBuilding CXX object CMakeFiles/sbg_driver__rosidl_typesupport_introspection_cpp.dir/rosidl_typesupport_introspection_cpp/sbg_driver/msg/detail/sbg_gps_vel_status__type_support.cpp.o[0m
[ 44%] [32mBuilding CXX object CMakeFiles/sbg_driver__rosidl_typesupport_introspection_cpp.dir/rosidl_typesupport_introspection_cpp/sbg_driver/msg/detail/sbg_air_data__type_support.cpp.o[0m
[ 45%] [32mBuilding CXX object CMakeFiles/sbg_driver__rosidl_typesupport_introspection_cpp.dir/rosidl_typesupport_introspection_cpp/sbg_driver/msg/detail/sbg_air_data_status__type_support.cpp.o[0m
[ 45%] [32mBuilding CXX object CMakeFiles/sbg_driver__rosidl_typesupport_introspection_cpp.dir/rosidl_typesupport_introspection_cpp/sbg_driver/msg/detail/sbg_ekf_euler__type_support.cpp.o[0m
[ 45%] [32mBuilding CXX object CMakeFiles/sbg_driver__rosidl_typesupport_introspection_cpp.dir/rosidl_typesupport_introspection_cpp/sbg_driver/msg/detail/sbg_mag__type_support.cpp.o[0m
[ 47%] [32mBuilding CXX object CMakeFiles/sbg_driver__rosidl_typesupport_introspection_cpp.dir/rosidl_typesupport_introspection_cpp/sbg_driver/msg/detail/sbg_status_com__type_support.cpp.o[0m
[ 46%] [32mBuilding CXX object CMakeFiles/sbg_driver__rosidl_typesupport_introspection_cpp.dir/rosidl_typesupport_introspection_cpp/sbg_driver/msg/detail/sbg_gps_pos_status__type_support.cpp.o[0m
[ 47%] [32mBuilding CXX object CMakeFiles/sbg_driver__rosidl_typesupport_introspection_cpp.dir/rosidl_typesupport_introspection_cpp/sbg_driver/msg/detail/sbg_ship_motion_status__type_support.cpp.o[0m
[ 48%] [32mBuilding CXX object CMakeFiles/sbg_driver__rosidl_typesupport_introspection_cpp.dir/rosidl_typesupport_introspection_cpp/sbg_driver/msg/detail/sbg_gps_raw__type_support.cpp.o[0m
[ 48%] [32mBuilding CXX object CMakeFiles/sbg_driver__rosidl_typesupport_introspection_cpp.dir/rosidl_typesupport_introspection_cpp/sbg_driver/msg/detail/sbg_utc_time_status__type_support.cpp.o[0m
[ 48%] [32mBuilding CXX object CMakeFiles/sbg_driver__rosidl_typesupport_introspection_cpp.dir/rosidl_typesupport_introspection_cpp/sbg_driver/msg/detail/sbg_gps_pos__type_support.cpp.o[0m
[ 48%] [32mBuilding CXX object CMakeFiles/sbg_driver__rosidl_typesupport_introspection_cpp.dir/rosidl_typesupport_introspection_cpp/sbg_driver/msg/detail/sbg_ekf_nav__type_support.cpp.o[0m
[ 48%] [32mBuilding CXX object CMakeFiles/sbg_driver__rosidl_typesupport_introspection_cpp.dir/rosidl_typesupport_introspection_cpp/sbg_driver/msg/detail/sbg_status_general__type_support.cpp.o[0m
[ 49%] [32mBuilding CXX object CMakeFiles/sbg_driver__rosidl_typesupport_introspection_cpp.dir/rosidl_typesupport_introspection_cpp/sbg_driver/msg/detail/sbg_odo_vel__type_support.cpp.o[0m
[ 49%] [32mBuilding CXX object CMakeFiles/sbg_driver__rosidl_typesupport_introspection_cpp.dir/rosidl_typesupport_introspection_cpp/sbg_driver/msg/detail/sbg_ekf_quat__type_support.cpp.o[0m
[ 49%] Built target sbg_driver__rosidl_typesupport_cpp
[ 50%] [32mBuilding CXX object CMakeFiles/sbg_driver__rosidl_typesupport_introspection_cpp.dir/rosidl_typesupport_introspection_cpp/sbg_driver/msg/detail/sbg_gps_vel__type_support.cpp.o[0m
[ 50%] [32mBuilding CXX object CMakeFiles/sbg_driver__rosidl_typesupport_introspection_cpp.dir/rosidl_typesupport_introspection_cpp/sbg_driver/msg/detail/sbg_status__type_support.cpp.o[0m
[ 50%] [32mBuilding CXX object CMakeFiles/sbg_driver__rosidl_typesupport_introspection_cpp.dir/rosidl_typesupport_introspection_cpp/sbg_driver/msg/detail/sbg_event__type_support.cpp.o[0m
[ 51%] [32mBuilding CXX object CMakeFiles/sbg_driver__rosidl_typesupport_introspection_cpp.dir/rosidl_typesupport_introspection_cpp/sbg_driver/msg/detail/sbg_imu_status__type_support.cpp.o[0m
[ 51%] [32mBuilding CXX object CMakeFiles/sbg_driver__rosidl_typesupport_introspection_cpp.dir/rosidl_typesupport_introspection_cpp/sbg_driver/msg/detail/sbg_imu_data__type_support.cpp.o[0m
[ 51%] [32mBuilding CXX object CMakeFiles/sbg_driver__rosidl_typesupport_introspection_cpp.dir/rosidl_typesupport_introspection_cpp/sbg_driver/msg/detail/sbg_imu_short__type_support.cpp.o[0m
[ 52%] [32mBuilding CXX object CMakeFiles/sbg_driver__rosidl_typesupport_introspection_cpp.dir/rosidl_typesupport_introspection_cpp/sbg_driver/msg/detail/sbg_ship_motion__type_support.cpp.o[0m
[ 52%] [32mBuilding CXX object CMakeFiles/sbg_driver__rosidl_typesupport_introspection_cpp.dir/rosidl_typesupport_introspection_cpp/sbg_driver/msg/detail/sbg_utc_time__type_support.cpp.o[0m
[ 52%] [32mBuilding CXX object CMakeFiles/sbg_driver__rosidl_typesupport_introspection_cpp.dir/rosidl_typesupport_introspection_cpp/sbg_driver/msg/detail/sbg_gps_hdt__type_support.cpp.o[0m
[ 53%] [32mBuilding CXX object CMakeFiles/sbg_driver__rosidl_typesupport_introspection_cpp.dir/rosidl_typesupport_introspection_cpp/sbg_driver/msg/detail/sbg_mag_calib__type_support.cpp.o[0m
[ 53%] [32mBuilding CXX object CMakeFiles/sbg_driver__rosidl_typesupport_introspection_cpp.dir/rosidl_typesupport_introspection_cpp/sbg_driver/msg/detail/sbg_status_aiding__type_support.cpp.o[0m
[ 53%] [32mBuilding CXX object CMakeFiles/sbg_driver__rosidl_typesupport_introspection_cpp.dir/rosidl_typesupport_introspection_cpp/sbg_driver/msg/detail/sbg_ekf_status__type_support.cpp.o[0m
[ 54%] [32mBuilding C object CMakeFiles/sbg_driver__rosidl_typesupport_introspection_c.dir/rosidl_typesupport_introspection_c/sbg_driver/msg/detail/sbg_ship_motion_status__type_support.c.o[0m
[ 54%] [32mBuilding C object CMakeFiles/sbg_driver__rosidl_typesupport_introspection_c.dir/rosidl_typesupport_introspection_c/sbg_driver/msg/detail/sbg_mag_status__type_support.c.o[0m
[ 54%] [32mBuilding C object CMakeFiles/sbg_driver__rosidl_typesupport_introspection_c.dir/rosidl_typesupport_introspection_c/sbg_driver/msg/detail/sbg_gps_pos_status__type_support.c.o[0m
[ 55%] [32mBuilding C object CMakeFiles/sbg_driver__rosidl_typesupport_introspection_c.dir/rosidl_typesupport_introspection_c/sbg_driver/msg/detail/sbg_air_data__type_support.c.o[0m
[ 55%] [32mBuilding C object CMakeFiles/sbg_driver__rosidl_typesupport_introspection_c.dir/rosidl_typesupport_introspection_c/sbg_driver/msg/detail/sbg_gps_vel_status__type_support.c.o[0m
[ 55%] [32mBuilding C object CMakeFiles/sbg_driver__rosidl_typesupport_introspection_c.dir/rosidl_typesupport_introspection_c/sbg_driver/msg/detail/sbg_air_data_status__type_support.c.o[0m
[ 55%] [32mBuilding C object CMakeFiles/sbg_driver__rosidl_typesupport_introspection_c.dir/rosidl_typesupport_introspection_c/sbg_driver/msg/detail/sbg_utc_time_status__type_support.c.o[0m
[ 56%] [32mBuilding C object CMakeFiles/sbg_driver__rosidl_typesupport_introspection_c.dir/rosidl_typesupport_introspection_c/sbg_driver/msg/detail/sbg_gps_pos__type_support.c.o[0m
[ 56%] [32mBuilding C object CMakeFiles/sbg_driver__rosidl_typesupport_introspection_c.dir/rosidl_typesupport_introspection_c/sbg_driver/msg/detail/sbg_ekf_euler__type_support.c.o[0m
[ 56%] [32mBuilding C object CMakeFiles/sbg_driver__rosidl_typesupport_introspection_c.dir/rosidl_typesupport_introspection_c/sbg_driver/msg/detail/sbg_mag__type_support.c.o[0m
[ 56%] [32mBuilding C object CMakeFiles/sbg_driver__rosidl_typesupport_introspection_c.dir/rosidl_typesupport_introspection_c/sbg_driver/msg/detail/sbg_status_com__type_support.c.o[0m
[ 57%] [32mBuilding C object CMakeFiles/sbg_driver__rosidl_typesupport_introspection_c.dir/rosidl_typesupport_introspection_c/sbg_driver/msg/detail/sbg_ekf_nav__type_support.c.o[0m
[ 57%] [32mBuilding C object CMakeFiles/sbg_driver__rosidl_typesupport_introspection_c.dir/rosidl_typesupport_introspection_c/sbg_driver/msg/detail/sbg_gps_raw__type_support.c.o[0m
[ 57%] [32mBuilding C object CMakeFiles/sbg_driver__rosidl_typesupport_introspection_c.dir/rosidl_typesupport_introspection_c/sbg_driver/msg/detail/sbg_odo_vel__type_support.c.o[0m
[ 58%] [32mBuilding C object CMakeFiles/sbg_driver__rosidl_typesupport_introspection_c.dir/rosidl_typesupport_introspection_c/sbg_driver/msg/detail/sbg_status_general__type_support.c.o[0m
[ 58%] [32mBuilding C object CMakeFiles/sbg_driver__rosidl_typesupport_introspection_c.dir/rosidl_typesupport_introspection_c/sbg_driver/msg/detail/sbg_ekf_quat__type_support.c.o[0m
[ 58%] [32mBuilding C object CMakeFiles/sbg_driver__rosidl_typesupport_introspection_c.dir/rosidl_typesupport_introspection_c/sbg_driver/msg/detail/sbg_gps_vel__type_support.c.o[0m
[ 59%] [32mBuilding C object CMakeFiles/sbg_driver__rosidl_typesupport_introspection_c.dir/rosidl_typesupport_introspection_c/sbg_driver/msg/detail/sbg_status__type_support.c.o[0m
[ 59%] [32mBuilding C object CMakeFiles/sbg_driver__rosidl_typesupport_introspection_c.dir/rosidl_typesupport_introspection_c/sbg_driver/msg/detail/sbg_event__type_support.c.o[0m
[ 59%] [32mBuilding C object CMakeFiles/sbg_driver__rosidl_typesupport_introspection_c.dir/rosidl_typesupport_introspection_c/sbg_driver/msg/detail/sbg_imu_status__type_support.c.o[0m
[ 60%] [32mBuilding C object CMakeFiles/sbg_driver__rosidl_typesupport_introspection_c.dir/rosidl_typesupport_introspection_c/sbg_driver/msg/detail/sbg_imu_data__type_support.c.o[0m
[ 60%] [32mBuilding C object CMakeFiles/sbg_driver__rosidl_typesupport_introspection_c.dir/rosidl_typesupport_introspection_c/sbg_driver/msg/detail/sbg_imu_short__type_support.c.o[0m
[ 60%] [32mBuilding C object CMakeFiles/sbg_driver__rosidl_typesupport_introspection_c.dir/rosidl_typesupport_introspection_c/sbg_driver/msg/detail/sbg_ship_motion__type_support.c.o[0m
[ 60%] [32mBuilding C object CMakeFiles/sbg_driver__rosidl_typesupport_introspection_c.dir/rosidl_typesupport_introspection_c/sbg_driver/msg/detail/sbg_gps_hdt__type_support.c.o[0m
[ 60%] [32mBuilding C object CMakeFiles/sbg_driver__rosidl_typesupport_introspection_c.dir/rosidl_typesupport_introspection_c/sbg_driver/msg/detail/sbg_mag_calib__type_support.c.o[0m
[ 61%] [32mBuilding C object CMakeFiles/sbg_driver__rosidl_typesupport_introspection_c.dir/rosidl_typesupport_introspection_c/sbg_driver/msg/detail/sbg_utc_time__type_support.c.o[0m
[ 62%] [32mBuilding C object CMakeFiles/sbg_driver__rosidl_typesupport_introspection_c.dir/rosidl_typesupport_introspection_c/sbg_driver/msg/detail/sbg_status_aiding__type_support.c.o[0m
[ 62%] [32mBuilding C object CMakeFiles/sbg_driver__rosidl_typesupport_introspection_c.dir/rosidl_typesupport_introspection_c/sbg_driver/msg/detail/sbg_ekf_status__type_support.c.o[0m
[ 62%] [32m[1mLinking C shared library libsbg_driver__rosidl_typesupport_introspection_c.so[0m
[ 62%] Built target sbg_driver__rosidl_typesupport_introspection_c
[ 63%] [32mBuilding CXX object CMakeFiles/sbg_driver__rosidl_typesupport_fastrtps_cpp.dir/rosidl_typesupport_fastrtps_cpp/sbg_driver/msg/detail/dds_fastrtps/sbg_gps_vel_status__type_support.cpp.o[0m
[ 64%] [32mBuilding CXX object CMakeFiles/sbg_driver__rosidl_typesupport_fastrtps_cpp.dir/rosidl_typesupport_fastrtps_cpp/sbg_driver/msg/detail/dds_fastrtps/sbg_mag_status__type_support.cpp.o[0m
[ 64%] [32mBuilding CXX object CMakeFiles/sbg_driver__rosidl_typesupport_fastrtps_cpp.dir/rosidl_typesupport_fastrtps_cpp/sbg_driver/msg/detail/dds_fastrtps/sbg_ship_motion_status__type_support.cpp.o[0m
[ 64%] [32mBuilding CXX object CMakeFiles/sbg_driver__rosidl_typesupport_fastrtps_cpp.dir/rosidl_typesupport_fastrtps_cpp/sbg_driver/msg/detail/dds_fastrtps/sbg_gps_pos_status__type_support.cpp.o[0m
[ 64%] [32mBuilding CXX object CMakeFiles/sbg_driver__rosidl_typesupport_fastrtps_cpp.dir/rosidl_typesupport_fastrtps_cpp/sbg_driver/msg/detail/dds_fastrtps/sbg_utc_time_status__type_support.cpp.o[0m
[ 64%] [32mBuilding CXX object CMakeFiles/sbg_driver__rosidl_typesupport_fastrtps_cpp.dir/rosidl_typesupport_fastrtps_cpp/sbg_driver/msg/detail/dds_fastrtps/sbg_air_data__type_support.cpp.o[0m
[ 65%] [32mBuilding CXX object CMakeFiles/sbg_driver__rosidl_typesupport_fastrtps_cpp.dir/rosidl_typesupport_fastrtps_cpp/sbg_driver/msg/detail/dds_fastrtps/sbg_ekf_euler__type_support.cpp.o[0m
[ 65%] [32mBuilding CXX object CMakeFiles/sbg_driver__rosidl_typesupport_fastrtps_cpp.dir/rosidl_typesupport_fastrtps_cpp/sbg_driver/msg/detail/dds_fastrtps/sbg_air_data_status__type_support.cpp.o[0m
[ 65%] [32mBuilding CXX object CMakeFiles/sbg_driver__rosidl_typesupport_fastrtps_cpp.dir/rosidl_typesupport_fastrtps_cpp/sbg_driver/msg/detail/dds_fastrtps/sbg_mag__type_support.cpp.o[0m
[ 65%] [32mBuilding CXX object CMakeFiles/sbg_driver__rosidl_typesupport_fastrtps_cpp.dir/rosidl_typesupport_fastrtps_cpp/sbg_driver/msg/detail/dds_fastrtps/sbg_gps_pos__type_support.cpp.o[0m
[ 66%] [32mBuilding CXX object CMakeFiles/sbg_driver__rosidl_typesupport_fastrtps_cpp.dir/rosidl_typesupport_fastrtps_cpp/sbg_driver/msg/detail/dds_fastrtps/sbg_status_com__type_support.cpp.o[0m
[ 66%] [32mBuilding CXX object CMakeFiles/sbg_driver__rosidl_typesupport_fastrtps_cpp.dir/rosidl_typesupport_fastrtps_cpp/sbg_driver/msg/detail/dds_fastrtps/sbg_ekf_nav__type_support.cpp.o[0m
[ 66%] [32mBuilding CXX object CMakeFiles/sbg_driver__rosidl_typesupport_fastrtps_cpp.dir/rosidl_typesupport_fastrtps_cpp/sbg_driver/msg/detail/dds_fastrtps/sbg_gps_raw__type_support.cpp.o[0m
[ 66%] [32mBuilding CXX object CMakeFiles/sbg_driver__rosidl_typesupport_fastrtps_c.dir/rosidl_typesupport_fastrtps_c/sbg_driver/msg/detail/sbg_gps_vel_status__type_support_c.cpp.o[0m
[ 67%] [32mBuilding CXX object CMakeFiles/sbg_driver__rosidl_typesupport_fastrtps_c.dir/rosidl_typesupport_fastrtps_c/sbg_driver/msg/detail/sbg_gps_pos_status__type_support_c.cpp.o[0m
[ 68%] [32mBuilding CXX object CMakeFiles/sbg_driver__rosidl_typesupport_fastrtps_cpp.dir/rosidl_typesupport_fastrtps_cpp/sbg_driver/msg/detail/dds_fastrtps/sbg_odo_vel__type_support.cpp.o[0m
[ 68%] [32mBuilding CXX object CMakeFiles/sbg_driver__rosidl_typesupport_fastrtps_cpp.dir/rosidl_typesupport_fastrtps_cpp/sbg_driver/msg/detail/dds_fastrtps/sbg_status_general__type_support.cpp.o[0m
[ 68%] [32mBuilding CXX object CMakeFiles/sbg_driver__rosidl_typesupport_fastrtps_cpp.dir/rosidl_typesupport_fastrtps_cpp/sbg_driver/msg/detail/dds_fastrtps/sbg_ekf_quat__type_support.cpp.o[0m
[ 68%] [32mBuilding CXX object CMakeFiles/sbg_driver__rosidl_typesupport_fastrtps_c.dir/rosidl_typesupport_fastrtps_c/sbg_driver/msg/detail/sbg_mag_status__type_support_c.cpp.o[0m
[ 69%] [32m[1mLinking CXX shared library libsbg_driver__rosidl_typesupport_introspection_cpp.so[0m
[ 69%] Built target sbg_driver__rosidl_typesupport_introspection_cpp
[ 69%] [32mBuilding CXX object CMakeFiles/sbg_driver__rosidl_typesupport_fastrtps_c.dir/rosidl_typesupport_fastrtps_c/sbg_driver/msg/detail/sbg_ship_motion_status__type_support_c.cpp.o[0m
[ 70%] [32mBuilding CXX object CMakeFiles/sbg_driver__rosidl_typesupport_fastrtps_c.dir/rosidl_typesupport_fastrtps_c/sbg_driver/msg/detail/sbg_utc_time_status__type_support_c.cpp.o[0m
[ 70%] [32mBuilding CXX object CMakeFiles/sbg_driver__rosidl_typesupport_fastrtps_c.dir/rosidl_typesupport_fastrtps_c/sbg_driver/msg/detail/sbg_air_data_status__type_support_c.cpp.o[0m
[ 70%] [32mBuilding CXX object CMakeFiles/sbg_driver__rosidl_typesupport_fastrtps_c.dir/rosidl_typesupport_fastrtps_c/sbg_driver/msg/detail/sbg_air_data__type_support_c.cpp.o[0m
[ 71%] [32mBuilding CXX object CMakeFiles/sbg_driver__rosidl_typesupport_fastrtps_cpp.dir/rosidl_typesupport_fastrtps_cpp/sbg_driver/msg/detail/dds_fastrtps/sbg_gps_vel__type_support.cpp.o[0m
[ 71%] [32mBuilding CXX object CMakeFiles/sbg_driver__rosidl_typesupport_fastrtps_cpp.dir/rosidl_typesupport_fastrtps_cpp/sbg_driver/msg/detail/dds_fastrtps/sbg_status__type_support.cpp.o[0m
[ 72%] [32mBuilding CXX object CMakeFiles/sbg_driver__rosidl_typesupport_fastrtps_c.dir/rosidl_typesupport_fastrtps_c/sbg_driver/msg/detail/sbg_ekf_euler__type_support_c.cpp.o[0m
[ 72%] [32mBuilding CXX object CMakeFiles/sbg_driver__rosidl_typesupport_fastrtps_cpp.dir/rosidl_typesupport_fastrtps_cpp/sbg_driver/msg/detail/dds_fastrtps/sbg_event__type_support.cpp.o[0m
[ 72%] [32mBuilding CXX object CMakeFiles/sbg_driver__rosidl_typesupport_fastrtps_c.dir/rosidl_typesupport_fastrtps_c/sbg_driver/msg/detail/sbg_gps_pos__type_support_c.cpp.o[0m
[ 73%] [32mBuilding CXX object CMakeFiles/sbg_driver__rosidl_typesupport_fastrtps_cpp.dir/rosidl_typesupport_fastrtps_cpp/sbg_driver/msg/detail/dds_fastrtps/sbg_imu_status__type_support.cpp.o[0m
[ 73%] [32mBuilding CXX object CMakeFiles/sbg_driver__rosidl_typesupport_fastrtps_c.dir/rosidl_typesupport_fastrtps_c/sbg_driver/msg/detail/sbg_status_com__type_support_c.cpp.o[0m
[ 73%] [32mBuilding CXX object CMakeFiles/sbg_driver__rosidl_typesupport_fastrtps_c.dir/rosidl_typesupport_fastrtps_c/sbg_driver/msg/detail/sbg_mag__type_support_c.cpp.o[0m
[ 73%] [32mBuilding CXX object CMakeFiles/sbg_driver__rosidl_typesupport_fastrtps_cpp.dir/rosidl_typesupport_fastrtps_cpp/sbg_driver/msg/detail/dds_fastrtps/sbg_imu_data__type_support.cpp.o[0m
[ 73%] [32mBuilding CXX object CMakeFiles/sbg_driver__rosidl_typesupport_fastrtps_cpp.dir/rosidl_typesupport_fastrtps_cpp/sbg_driver/msg/detail/dds_fastrtps/sbg_imu_short__type_support.cpp.o[0m
[ 74%] [32mBuilding CXX object CMakeFiles/sbg_driver__rosidl_typesupport_fastrtps_cpp.dir/rosidl_typesupport_fastrtps_cpp/sbg_driver/msg/detail/dds_fastrtps/sbg_ship_motion__type_support.cpp.o[0m
[ 74%] [32mBuilding CXX object CMakeFiles/sbg_driver__rosidl_typesupport_fastrtps_cpp.dir/rosidl_typesupport_fastrtps_cpp/sbg_driver/msg/detail/dds_fastrtps/sbg_utc_time__type_support.cpp.o[0m
[ 74%] [32mBuilding CXX object CMakeFiles/sbg_driver__rosidl_typesupport_fastrtps_cpp.dir/rosidl_typesupport_fastrtps_cpp/sbg_driver/msg/detail/dds_fastrtps/sbg_gps_hdt__type_support.cpp.o[0m
[ 75%] [32mBuilding CXX object CMakeFiles/sbg_driver__rosidl_typesupport_fastrtps_c.dir/rosidl_typesupport_fastrtps_c/sbg_driver/msg/detail/sbg_ekf_nav__type_support_c.cpp.o[0m
[ 75%] [32mBuilding CXX object CMakeFiles/sbg_driver__rosidl_typesupport_fastrtps_c.dir/rosidl_typesupport_fastrtps_c/sbg_driver/msg/detail/sbg_gps_raw__type_support_c.cpp.o[0m
[ 75%] [32mBuilding CXX object CMakeFiles/sbg_driver__rosidl_typesupport_fastrtps_c.dir/rosidl_typesupport_fastrtps_c/sbg_driver/msg/detail/sbg_odo_vel__type_support_c.cpp.o[0m
[ 76%] [32mBuilding CXX object CMakeFiles/sbg_driver__rosidl_typesupport_fastrtps_c.dir/rosidl_typesupport_fastrtps_c/sbg_driver/msg/detail/sbg_status_general__type_support_c.cpp.o[0m
[ 77%] [32mBuilding CXX object CMakeFiles/sbg_driver__rosidl_typesupport_fastrtps_cpp.dir/rosidl_typesupport_fastrtps_cpp/sbg_driver/msg/detail/dds_fastrtps/sbg_mag_calib__type_support.cpp.o[0m
[ 77%] [32mBuilding CXX object CMakeFiles/sbg_driver__rosidl_typesupport_fastrtps_c.dir/rosidl_typesupport_fastrtps_c/sbg_driver/msg/detail/sbg_gps_vel__type_support_c.cpp.o[0m
[ 77%] [32mBuilding CXX object CMakeFiles/sbg_driver__rosidl_typesupport_fastrtps_c.dir/rosidl_typesupport_fastrtps_c/sbg_driver/msg/detail/sbg_ekf_quat__type_support_c.cpp.o[0m
[ 77%] [32mBuilding CXX object CMakeFiles/sbg_driver__rosidl_typesupport_fastrtps_cpp.dir/rosidl_typesupport_fastrtps_cpp/sbg_driver/msg/detail/dds_fastrtps/sbg_status_aiding__type_support.cpp.o[0m
[ 77%] [32mBuilding CXX object CMakeFiles/sbg_driver__rosidl_typesupport_fastrtps_c.dir/rosidl_typesupport_fastrtps_c/sbg_driver/msg/detail/sbg_event__type_support_c.cpp.o[0m
[ 78%] [32mBuilding CXX object CMakeFiles/sbg_driver__rosidl_typesupport_fastrtps_c.dir/rosidl_typesupport_fastrtps_c/sbg_driver/msg/detail/sbg_status__type_support_c.cpp.o[0m
[ 78%] [32mBuilding CXX object CMakeFiles/sbg_driver__rosidl_typesupport_fastrtps_cpp.dir/rosidl_typesupport_fastrtps_cpp/sbg_driver/msg/detail/dds_fastrtps/sbg_ekf_status__type_support.cpp.o[0m
[ 78%] [32mBuilding CXX object CMakeFiles/sbg_driver__rosidl_typesupport_fastrtps_c.dir/rosidl_typesupport_fastrtps_c/sbg_driver/msg/detail/sbg_imu_status__type_support_c.cpp.o[0m
[ 78%] [32mBuilding CXX object CMakeFiles/sbg_driver__rosidl_typesupport_fastrtps_c.dir/rosidl_typesupport_fastrtps_c/sbg_driver/msg/detail/sbg_imu_short__type_support_c.cpp.o[0m
[ 79%] [32mBuilding CXX object CMakeFiles/sbg_driver__rosidl_typesupport_fastrtps_c.dir/rosidl_typesupport_fastrtps_c/sbg_driver/msg/detail/sbg_imu_data__type_support_c.cpp.o[0m
[ 79%] [32mBuilding CXX object CMakeFiles/sbg_driver__rosidl_typesupport_fastrtps_c.dir/rosidl_typesupport_fastrtps_c/sbg_driver/msg/detail/sbg_ship_motion__type_support_c.cpp.o[0m
[ 80%] [32mBuilding CXX object CMakeFiles/sbg_driver__rosidl_typesupport_fastrtps_c.dir/rosidl_typesupport_fastrtps_c/sbg_driver/msg/detail/sbg_utc_time__type_support_c.cpp.o[0m
[ 80%] [32mBuilding CXX object CMakeFiles/sbg_driver__rosidl_typesupport_fastrtps_c.dir/rosidl_typesupport_fastrtps_c/sbg_driver/msg/detail/sbg_gps_hdt__type_support_c.cpp.o[0m
[ 80%] [32mBuilding CXX object CMakeFiles/sbg_driver__rosidl_typesupport_fastrtps_c.dir/rosidl_typesupport_fastrtps_c/sbg_driver/msg/detail/sbg_mag_calib__type_support_c.cpp.o[0m
[ 80%] [32mBuilding CXX object CMakeFiles/sbg_driver__rosidl_typesupport_fastrtps_c.dir/rosidl_typesupport_fastrtps_c/sbg_driver/msg/detail/sbg_ekf_status__type_support_c.cpp.o[0m
[ 81%] [32mBuilding CXX object CMakeFiles/sbg_driver__rosidl_typesupport_fastrtps_c.dir/rosidl_typesupport_fastrtps_c/sbg_driver/msg/detail/sbg_status_aiding__type_support_c.cpp.o[0m
[ 82%] [32m[1mLinking CXX shared library libsbg_driver__rosidl_typesupport_fastrtps_cpp.so[0m
[ 82%] Built target sbg_driver__rosidl_typesupport_fastrtps_cpp
[ 82%] [32m[1mLinking CXX shared library libsbg_driver__rosidl_typesupport_fastrtps_c.so[0m
[ 82%] Built target sbg_driver__rosidl_typesupport_fastrtps_c
[ 82%] Built target sbg_driver
[ 82%] [32mBuilding CXX object CMakeFiles/sbg_device.dir/src/config_store.cpp.o[0m
[ 82%] [32mBuilding CXX object CMakeFiles/sbg_device.dir/src/config_applier.cpp.o[0m
[ 82%] [32mBuilding CXX object CMakeFiles/sbg_device.dir/src/sbg_device.cpp.o[0m
[ 82%] [32mBuilding CXX object CMakeFiles/sbg_device_mag.dir/src/config_store.cpp.o[0m
[ 83%] [32mBuilding CXX object CMakeFiles/sbg_device_mag.dir/src/message_wrapper.cpp.o[0m
[ 84%] [34m[1mGenerating Python code for ROS interfaces[0m
[ 84%] [32mBuilding CXX object CMakeFiles/sbg_device_mag.dir/src/config_applier.cpp.o[0m
[ 84%] [32mBuilding CXX object CMakeFiles/sbg_device.dir/src/message_publisher.cpp.o[0m
[ 85%] [32mBuilding CXX object CMakeFiles/sbg_device.dir/src/message_wrapper.cpp.o[0m
[ 85%] [32mBuilding CXX object CMakeFiles/sbg_device_mag.dir/src/message_publisher.cpp.o[0m
[ 86%] [32mBuilding CXX object CMakeFiles/sbg_device.dir/src/main.cpp.o[0m
[ 86%] [32mBuilding CXX object CMakeFiles/sbg_device_mag.dir/src/sbg_device.cpp.o[0m
[ 87%] [32mBuilding CXX object CMakeFiles/sbg_device_mag.dir/src/main_mag.cpp.o[0m
[ 87%] Built target sbg_driver__py
[ 88%] [32mBuilding C object CMakeFiles/sbg_driver__rosidl_generator_py.dir/rosidl_generator_py/sbg_driver/msg/_sbg_gps_vel_status_s.c.o[0m
[ 89%] [32mBuilding C object CMakeFiles/sbg_driver__rosidl_generator_py.dir/rosidl_generator_py/sbg_driver/msg/_sbg_mag_status_s.c.o[0m
[ 89%] [32mBuilding C object CMakeFiles/sbg_driver__rosidl_generator_py.dir/rosidl_generator_py/sbg_driver/msg/_sbg_ship_motion_status_s.c.o[0m
[ 89%] [32mBuilding C object CMakeFiles/sbg_driver__rosidl_generator_py.dir/rosidl_generator_py/sbg_driver/msg/_sbg_ekf_nav_s.c.o[0m
[ 89%] [32mBuilding C object CMakeFiles/sbg_driver__rosidl_generator_py.dir/rosidl_generator_py/sbg_driver/msg/_sbg_gps_pos_status_s.c.o[0m
[ 89%] [32mBuilding C object CMakeFiles/sbg_driver__rosidl_generator_py.dir/rosidl_generator_py/sbg_driver/msg/_sbg_gps_pos_s.c.o[0m
[ 90%] [32mBuilding C object CMakeFiles/sbg_driver__rosidl_generator_py.dir/rosidl_generator_py/sbg_driver/msg/_sbg_mag_s.c.o[0m
[ 90%] [32mBuilding C object CMakeFiles/sbg_driver__rosidl_generator_py.dir/rosidl_generator_py/sbg_driver/msg/_sbg_status_com_s.c.o[0m
[ 90%] [32mBuilding C object CMakeFiles/sbg_driver__rosidl_generator_py.dir/rosidl_generator_py/sbg_driver/msg/_sbg_air_data_s.c.o[0m
[ 90%] [32mBuilding C object CMakeFiles/sbg_driver__rosidl_generator_py.dir/rosidl_generator_py/sbg_driver/msg/_sbg_utc_time_status_s.c.o[0m
[ 91%] [32mBuilding C object CMakeFiles/sbg_driver__rosidl_generator_py.dir/rosidl_generator_py/sbg_driver/msg/_sbg_gps_raw_s.c.o[0m
[ 92%] [32mBuilding C object CMakeFiles/sbg_driver__rosidl_generator_py.dir/rosidl_generator_py/sbg_driver/msg/_sbg_air_data_status_s.c.o[0m
[ 93%] [32mBuilding C object CMakeFiles/sbg_driver__rosidl_generator_py.dir/rosidl_generator_py/sbg_driver/msg/_sbg_ekf_quat_s.c.o[0m
[ 93%] [32mBuilding C object CMakeFiles/sbg_driver__rosidl_generator_py.dir/rosidl_generator_py/sbg_driver/msg/_sbg_status_s.c.o[0m
[ 93%] [32mBuilding C object CMakeFiles/sbg_driver__rosidl_generator_py.dir/rosidl_generator_py/sbg_driver/msg/_sbg_ekf_euler_s.c.o[0m
[ 93%] [32mBuilding C object CMakeFiles/sbg_driver__rosidl_generator_py.dir/rosidl_generator_py/sbg_driver/msg/_sbg_status_general_s.c.o[0m
[ 93%] [32mBuilding C object CMakeFiles/sbg_driver__rosidl_generator_py.dir/rosidl_generator_py/sbg_driver/msg/_sbg_odo_vel_s.c.o[0m
[ 93%] [32mBuilding C object CMakeFiles/sbg_driver__rosidl_generator_py.dir/rosidl_generator_py/sbg_driver/msg/_sbg_gps_vel_s.c.o[0m
[ 93%] [32mBuilding C object CMakeFiles/sbg_driver__rosidl_generator_py.dir/rosidl_generator_py/sbg_driver/msg/_sbg_event_s.c.o[0m
[ 93%] [32mBuilding C object CMakeFiles/sbg_driver__rosidl_generator_py.dir/rosidl_generator_py/sbg_driver/msg/_sbg_imu_data_s.c.o[0m
[ 93%] [32mBuilding C object CMakeFiles/sbg_driver__rosidl_generator_py.dir/rosidl_generator_py/sbg_driver/msg/_sbg_imu_short_s.c.o[0m
[ 94%] [32mBuilding C object CMakeFiles/sbg_driver__rosidl_generator_py.dir/rosidl_generator_py/sbg_driver/msg/_sbg_imu_status_s.c.o[0m
[ 94%] [32mBuilding C object CMakeFiles/sbg_driver__rosidl_generator_py.dir/rosidl_generator_py/sbg_driver/msg/_sbg_utc_time_s.c.o[0m
[ 94%] [32mBuilding C object CMakeFiles/sbg_driver__rosidl_generator_py.dir/rosidl_generator_py/sbg_driver/msg/_sbg_status_aiding_s.c.o[0m
[ 94%] [32mBuilding C object CMakeFiles/sbg_driver__rosidl_generator_py.dir/rosidl_generator_py/sbg_driver/msg/_sbg_gps_hdt_s.c.o[0m
[ 95%] [32mBuilding C object CMakeFiles/sbg_driver__rosidl_generator_py.dir/rosidl_generator_py/sbg_driver/msg/_sbg_ship_motion_s.c.o[0m
[ 96%] [32mBuilding C object CMakeFiles/sbg_driver__rosidl_generator_py.dir/rosidl_generator_py/sbg_driver/msg/_sbg_mag_calib_s.c.o[0m
[ 96%] [32mBuilding C object CMakeFiles/sbg_driver__rosidl_generator_py.dir/rosidl_generator_py/sbg_driver/msg/_sbg_ekf_status_s.c.o[0m
[ 97%] [32m[1mLinking C shared library rosidl_generator_py/sbg_driver/libsbg_driver__rosidl_generator_py.so[0m
[ 97%] Built target sbg_driver__rosidl_generator_py
[ 98%] [32mBuilding C object CMakeFiles/sbg_driver__rosidl_typesupport_c__pyext.dir/rosidl_generator_py/sbg_driver/_sbg_driver_s.ep.rosidl_typesupport_c.c.o[0m
[100%] [32mBuilding C object CMakeFiles/sbg_driver__rosidl_typesupport_introspection_c__pyext.dir/rosidl_generator_py/sbg_driver/_sbg_driver_s.ep.rosidl_typesupport_introspection_c.c.o[0m
[100%] [32mBuilding C object CMakeFiles/sbg_driver__rosidl_typesupport_fastrtps_c__pyext.dir/rosidl_generator_py/sbg_driver/_sbg_driver_s.ep.rosidl_typesupport_fastrtps_c.c.o[0m
[100%] [32m[1mLinking C shared library rosidl_generator_py/sbg_driver/sbg_driver_s__rosidl_typesupport_c.cpython-310-x86_64-linux-gnu.so[0m
[100%] [32m[1mLinking C shared library rosidl_generator_py/sbg_driver/sbg_driver_s__rosidl_typesupport_fastrtps_c.cpython-310-x86_64-linux-gnu.so[0m
[100%] [32m[1mLinking C shared library rosidl_generator_py/sbg_driver/sbg_driver_s__rosidl_typesupport_introspection_c.cpython-310-x86_64-linux-gnu.so[0m
[100%] Built target sbg_driver__rosidl_typesupport_c__pyext
[100%] Built target sbg_driver__rosidl_typesupport_fastrtps_c__pyext
[100%] Built target sbg_driver__rosidl_typesupport_introspection_c__pyext
[100%] [32m[1mLinking CXX executable sbg_device[0m
[100%] [32m[1mLinking CXX executable sbg_device_mag[0m
[100%] Built target sbg_device_mag
[100%] Built target sbg_device
