[0.881s] Invoking command in '/home/nacho/colcon_workspaces/smarc_ws/build/sbg_driver': AMENT_PREFIX_PATH=/home/nacho/colcon_workspaces/smarc_ws/install/sam_msgs:${AMENT_PREFIX_PATH} CMAKE_PREFIX_PATH=/home/nacho/colcon_workspaces/smarc_ws/install/sam_msgs:/opt/ros/humble LD_LIBRARY_PATH=/home/nacho/colcon_workspaces/smarc_ws/install/sam_msgs/lib:${LD_LIBRARY_PATH} PYTHONPATH=/home/nacho/colcon_workspaces/smarc_ws/install/sam_msgs/local/lib/python3.10/dist-packages:${PYTHONPATH} /usr/bin/cmake /home/nacho/colcon_workspaces/smarc_ws/src/smarc2/drivers/sbg_ros2_driver -DAMENT_CMAKE_SYMLINK_INSTALL=1 -DCMAKE_INSTALL_PREFIX=/home/nacho/colcon_workspaces/smarc_ws/install/sbg_driver
[0.926s] -- The C compiler identification is GNU 11.4.0
[0.978s] -- The CXX compiler identification is GNU 11.4.0
[0.985s] -- Detecting C compiler ABI info
[1.049s] -- Detecting C compiler ABI info - done
[1.067s] -- Check for working C compiler: /usr/bin/cc - skipped
[1.067s] -- Detecting C compile features
[1.067s] -- Detecting C compile features - done
[1.079s] -- Detecting CXX compiler ABI info
[1.242s] -- Detecting CXX compiler ABI info - done
[1.264s] -- Check for working CXX compiler: /usr/bin/c++ - skipped
[1.277s] -- Detecting CXX compile features
[1.277s] -- Detecting CXX compile features - done
[1.281s] -- Found ament_cmake: 1.3.11 (/opt/ros/humble/share/ament_cmake/cmake)
[1.606s] -- Found Python3: /usr/bin/python3 (found version "3.10.12") found components: Interpreter 
[1.716s] -- Override CMake install command with custom implementation using symlinks instead of copying resources
[1.765s] -- Found rclcpp: 16.0.11 (/opt/ros/humble/share/rclcpp/cmake)
[1.857s] -- Found rosidl_generator_c: 3.1.6 (/opt/ros/humble/share/rosidl_generator_c/cmake)
[1.872s] -- Found rosidl_adapter: 3.1.6 (/opt/ros/humble/share/rosidl_adapter/cmake)
[1.891s] -- Found rosidl_generator_cpp: 3.1.6 (/opt/ros/humble/share/rosidl_generator_cpp/cmake)
[1.915s] -- Using all available rosidl_typesupport_c: rosidl_typesupport_fastrtps_c;rosidl_typesupport_introspection_c
[1.952s] -- Using all available rosidl_typesupport_cpp: rosidl_typesupport_fastrtps_cpp;rosidl_typesupport_introspection_cpp
[2.024s] -- Found rmw_implementation_cmake: 6.1.2 (/opt/ros/humble/share/rmw_implementation_cmake/cmake)
[2.029s] -- Found rmw_fastrtps_cpp: 6.2.7 (/opt/ros/humble/share/rmw_fastrtps_cpp/cmake)
[2.129s] -- Found OpenSSL: /usr/lib/x86_64-linux-gnu/libcrypto.so (found version "3.0.2")  
[2.165s] -- Found FastRTPS: /opt/ros/humble/include  
[2.213s] -- Using RMW implementation 'rmw_fastrtps_cpp' as default
[2.222s] -- Looking for pthread.h
[2.404s] -- Looking for pthread.h - found
[2.404s] -- Performing Test CMAKE_HAVE_LIBC_PTHREAD
[2.654s] -- Performing Test CMAKE_HAVE_LIBC_PTHREAD - Success
[2.656s] -- Found Threads: TRUE  
[2.898s] -- Found rclpy: 3.3.15 (/opt/ros/humble/share/rclpy/cmake)
[2.900s] -- Found sensor_msgs: 4.2.4 (/opt/ros/humble/share/sensor_msgs/cmake)
[2.937s] -- Found std_srvs: 4.2.4 (/opt/ros/humble/share/std_srvs/cmake)
[2.998s] -- Found rosidl_default_generators: 1.2.0 (/opt/ros/humble/share/rosidl_default_generators/cmake)
[3.051s] -- Found nav_msgs: 4.2.4 (/opt/ros/humble/share/nav_msgs/cmake)
[3.137s] -- Found tf2_ros: 0.25.12 (/opt/ros/humble/share/tf2_ros/cmake)
[3.425s] -- Found tf2_geometry_msgs: 0.25.12 (/opt/ros/humble/share/tf2_geometry_msgs/cmake)
[3.454s] -- Found eigen3_cmake_module: 0.1.1 (/opt/ros/humble/share/eigen3_cmake_module/cmake)
[3.456s] -- Found Eigen3: TRUE (found version "3.4.0") 
[3.456s] -- Ensuring Eigen3 include directory is part of orocos-kdl CMake target
[3.480s] -- Found Boost: /usr/lib/x86_64-linux-gnu/cmake/Boost-1.74.0/BoostConfig.cmake (found version "1.74.0")  
[3.485s] -- Found sam_msgs: 0.1.0 (/home/nacho/colcon_workspaces/smarc_ws/install/sam_msgs/share/sam_msgs/cmake)
[4.450s] -- Found ament_cmake_ros: 0.10.0 (/opt/ros/humble/share/ament_cmake_ros/cmake)
[5.183s] -- Using all available rosidl_typesupport_c: rosidl_typesupport_fastrtps_c;rosidl_typesupport_introspection_c
[5.317s] -- Using all available rosidl_typesupport_cpp: rosidl_typesupport_fastrtps_cpp;rosidl_typesupport_introspection_cpp
[5.332s] -- Found PythonInterp: /usr/bin/python3 (found suitable version "3.10.12", minimum required is "3.6") 
[5.333s] -- Found python_cmake_module: 0.10.0 (/opt/ros/humble/share/python_cmake_module/cmake)
[5.349s] -- Found PythonLibs: /usr/lib/x86_64-linux-gnu/libpython3.10.so (found suitable version "3.10.12", minimum required is "3.5") 
[5.350s] -- Using PYTHON_EXECUTABLE: /usr/bin/python3
[5.350s] -- Using PYTHON_INCLUDE_DIRS: /usr/include/python3.10
[5.350s] -- Using PYTHON_LIBRARIES: /usr/lib/x86_64-linux-gnu/libpython3.10.so
[5.371s] -- Found PythonExtra: .so  
[5.461s] -- Configuring done
[5.593s] -- Generating done
[5.611s] -- Build files have been written to: /home/nacho/colcon_workspaces/smarc_ws/build/sbg_driver
[5.625s] Invoked command in '/home/nacho/colcon_workspaces/smarc_ws/build/sbg_driver' returned '0': AMENT_PREFIX_PATH=/home/nacho/colcon_workspaces/smarc_ws/install/sam_msgs:${AMENT_PREFIX_PATH} CMAKE_PREFIX_PATH=/home/nacho/colcon_workspaces/smarc_ws/install/sam_msgs:/opt/ros/humble LD_LIBRARY_PATH=/home/nacho/colcon_workspaces/smarc_ws/install/sam_msgs/lib:${LD_LIBRARY_PATH} PYTHONPATH=/home/nacho/colcon_workspaces/smarc_ws/install/sam_msgs/local/lib/python3.10/dist-packages:${PYTHONPATH} /usr/bin/cmake /home/nacho/colcon_workspaces/smarc_ws/src/smarc2/drivers/sbg_ros2_driver -DAMENT_CMAKE_SYMLINK_INSTALL=1 -DCMAKE_INSTALL_PREFIX=/home/nacho/colcon_workspaces/smarc_ws/install/sbg_driver
[5.626s] Invoking command in '/home/nacho/colcon_workspaces/smarc_ws/build/sbg_driver': AMENT_PREFIX_PATH=/home/nacho/colcon_workspaces/smarc_ws/install/sam_msgs:${AMENT_PREFIX_PATH} CMAKE_PREFIX_PATH=/home/nacho/colcon_workspaces/smarc_ws/install/sam_msgs:/opt/ros/humble LD_LIBRARY_PATH=/home/nacho/colcon_workspaces/smarc_ws/install/sam_msgs/lib:${LD_LIBRARY_PATH} PYTHONPATH=/home/nacho/colcon_workspaces/smarc_ws/install/sam_msgs/local/lib/python3.10/dist-packages:${PYTHONPATH} /usr/bin/cmake --build /home/nacho/colcon_workspaces/smarc_ws/build/sbg_driver -- -j20 -l20
[5.668s] [  0%] [34m[1mGenerating C code for ROS interfaces[0m
[5.680s] [  0%] [34m[1mGenerating C++ code for ROS interfaces[0m
[5.681s] [  1%] [32mBuilding C object external/sbgECom/CMakeFiles/sbgECom.dir/src/binaryLogs/sbgEComBinaryLogDiag.c.o[0m
[5.681s] [  1%] Built target ament_cmake_python_symlink_sbg_driver
[5.681s] [  1%] [32mBuilding C object external/sbgECom/CMakeFiles/sbgECom.dir/src/binaryLogs/sbgEComBinaryLogDvl.c.o[0m
[5.681s] [  1%] [32mBuilding C object external/sbgECom/CMakeFiles/sbgECom.dir/src/binaryLogs/sbgEComBinaryLogGps.c.o[0m
[5.681s] [  0%] [32mBuilding C object external/sbgECom/CMakeFiles/sbgECom.dir/src/binaryLogs/sbgEComBinaryLogDepth.c.o[0m
[5.681s] [  1%] [32mBuilding C object external/sbgECom/CMakeFiles/sbgECom.dir/src/binaryLogs/sbgEComBinaryLogDebug.c.o[0m
[5.681s] [  1%] [32mBuilding C object external/sbgECom/CMakeFiles/sbgECom.dir/src/binaryLogs/sbgEComBinaryLogImu.c.o[0m
[5.681s] [  1%] [32mBuilding C object external/sbgECom/CMakeFiles/sbgECom.dir/src/binaryLogs/sbgEComBinaryLogMag.c.o[0m
[5.681s] [  1%] [32mBuilding C object external/sbgECom/CMakeFiles/sbgECom.dir/src/binaryLogs/sbgEComBinaryLogOdometer.c.o[0m
[5.682s] [  2%] [32mBuilding C object external/sbgECom/CMakeFiles/sbgECom.dir/src/binaryLogs/sbgEComBinaryLogEvent.c.o[0m
[5.682s] [  2%] [32mBuilding C object external/sbgECom/CMakeFiles/sbgECom.dir/src/binaryLogs/sbgEComBinaryLogEkf.c.o[0m
[5.682s] [  2%] [32mBuilding C object external/sbgECom/CMakeFiles/sbgECom.dir/src/binaryLogs/sbgEComBinaryLogAirData.c.o[0m
[5.682s] [  3%] [32mBuilding C object external/sbgECom/CMakeFiles/sbgECom.dir/src/binaryLogs/sbgEComBinaryLogImuRaw.c.o[0m
[5.688s] [  4%] [32mBuilding C object external/sbgECom/CMakeFiles/sbgECom.dir/src/binaryLogs/sbgEComBinaryLogShipMotion.c.o[0m
[5.688s] [  4%] [32mBuilding C object external/sbgECom/CMakeFiles/sbgECom.dir/src/binaryLogs/sbgEComBinaryLogStatus.c.o[0m
[5.689s] [  4%] Built target ament_cmake_python_symlink_scripts
[5.705s] [  4%] [32mBuilding C object external/sbgECom/CMakeFiles/sbgECom.dir/src/binaryLogs/sbgEComBinaryLogUsbl.c.o[0m
[5.709s] [  5%] [32mBuilding C object external/sbgECom/CMakeFiles/sbgECom.dir/src/binaryLogs/sbgEComBinaryLogUtc.c.o[0m
[5.734s] [  5%] [32mBuilding C object external/sbgECom/CMakeFiles/sbgECom.dir/src/binaryLogs/sbgEComBinaryLogs.c.o[0m
[5.736s] [  5%] [32mBuilding C object external/sbgECom/CMakeFiles/sbgECom.dir/src/commands/sbgEComCmd.c.o[0m
[5.744s] [  5%] [32mBuilding C object external/sbgECom/CMakeFiles/sbgECom.dir/src/commands/sbgEComCmdCommon.c.o[0m
[5.744s] [  5%] [32mBuilding C object external/sbgECom/CMakeFiles/sbgECom.dir/src/commands/sbgEComCmdAirData.c.o[0m
[5.745s] [  6%] [32mBuilding C object external/sbgECom/CMakeFiles/sbgECom.dir/src/commands/sbgEComCmdAdvanced.c.o[0m
[5.749s] [  7%] [32mBuilding C object external/sbgECom/CMakeFiles/sbgECom.dir/src/commands/sbgEComCmdDvl.c.o[0m
[5.749s] [  7%] [32mBuilding C object external/sbgECom/CMakeFiles/sbgECom.dir/src/commands/sbgEComCmdEthernet.c.o[0m
[5.752s] [  8%] [32mBuilding C object external/sbgECom/CMakeFiles/sbgECom.dir/src/commands/sbgEComCmdFeatures.c.o[0m
[5.752s] [  8%] [32mBuilding C object external/sbgECom/CMakeFiles/sbgECom.dir/src/commands/sbgEComCmdEvent.c.o[0m
[5.752s] [  8%] [32mBuilding C object external/sbgECom/CMakeFiles/sbgECom.dir/src/commands/sbgEComCmdGnss.c.o[0m
[5.754s] [  9%] [32mBuilding C object external/sbgECom/CMakeFiles/sbgECom.dir/src/commands/sbgEComCmdInterface.c.o[0m
[5.756s] [  9%] [32mBuilding C object external/sbgECom/CMakeFiles/sbgECom.dir/src/commands/sbgEComCmdInfo.c.o[0m
[5.768s] [  9%] [32mBuilding C object external/sbgECom/CMakeFiles/sbgECom.dir/src/commands/sbgEComCmdMag.c.o[0m
[5.768s] [  9%] [32mBuilding C object external/sbgECom/CMakeFiles/sbgECom.dir/src/commands/sbgEComCmdLicense.c.o[0m
[5.772s] [  9%] [32mBuilding C object external/sbgECom/CMakeFiles/sbgECom.dir/src/commands/sbgEComCmdOdo.c.o[0m
[5.788s] [  9%] [32mBuilding C object external/sbgECom/CMakeFiles/sbgECom.dir/src/commands/sbgEComCmdSensor.c.o[0m
[5.788s] [ 10%] [32mBuilding C object external/sbgECom/CMakeFiles/sbgECom.dir/src/commands/sbgEComCmdOutput.c.o[0m
[5.801s] [ 10%] [32mBuilding C object external/sbgECom/CMakeFiles/sbgECom.dir/src/commands/sbgEComCmdSettings.c.o[0m
[5.818s] [ 10%] [32mBuilding C object external/sbgECom/CMakeFiles/sbgECom.dir/src/protocol/sbgEComProtocol.c.o[0m
[5.819s] [ 10%] [32mBuilding C object external/sbgECom/CMakeFiles/sbgECom.dir/src/sbgECom.c.o[0m
[5.821s] [ 11%] [32mBuilding C object external/sbgECom/CMakeFiles/sbgECom.dir/src/commands/transfer/sbgEComTransfer.c.o[0m
[5.823s] [ 12%] [32mBuilding C object external/sbgECom/CMakeFiles/sbgECom.dir/src/sbgEComGetVersion.c.o[0m
[5.832s] [ 12%] [32mBuilding C object external/sbgECom/CMakeFiles/sbgECom.dir/common/crc/sbgCrc.c.o[0m
[5.832s] [ 12%] [32mBuilding C object external/sbgECom/CMakeFiles/sbgECom.dir/common/interfaces/sbgInterface.c.o[0m
[5.836s] [ 13%] [32mBuilding C object external/sbgECom/CMakeFiles/sbgECom.dir/common/interfaces/sbgInterfaceFile.c.o[0m
[5.838s] [ 13%] [32mBuilding C object external/sbgECom/CMakeFiles/sbgECom.dir/common/interfaces/sbgInterfaceUdp.c.o[0m
[5.844s] [ 13%] [32mBuilding C object external/sbgECom/CMakeFiles/sbgECom.dir/common/interfaces/sbgInterfaceSerialUnix.c.o[0m
[5.844s] [ 14%] [32mBuilding C object external/sbgECom/CMakeFiles/sbgECom.dir/common/network/sbgNetwork.c.o[0m
[5.850s] [ 14%] [32mBuilding C object external/sbgECom/CMakeFiles/sbgECom.dir/common/platform/sbgPlatform.c.o[0m
[5.861s] [ 14%] [32mBuilding C object external/sbgECom/CMakeFiles/sbgECom.dir/common/splitBuffer/sbgSplitBuffer.c.o[0m
[5.862s] [ 15%] [32mBuilding C object external/sbgECom/CMakeFiles/sbgECom.dir/common/streamBuffer/sbgStreamBuffer.c.o[0m
[5.863s] [ 15%] [32mBuilding C object external/sbgECom/CMakeFiles/sbgECom.dir/common/swap/sbgSwap.c.o[0m
[5.873s] [ 15%] [32mBuilding C object external/sbgECom/CMakeFiles/sbgECom.dir/common/version/sbgVersion.c.o[0m
[5.922s] [ 16%] [32m[1mLinking C static library /home/nacho/colcon_workspaces/smarc_ws/src/smarc2/drivers/sbg_ros2_driver/external/sbgECom/bin/libsbgECom.a[0m
[5.945s] running egg_info
[5.945s] running egg_info
[5.945s] creating sbg_driver.egg-info
[5.945s] writing sbg_driver.egg-info/PKG-INFO
[5.945s] creating scripts.egg-info
[5.946s] writing dependency_links to sbg_driver.egg-info/dependency_links.txt
[5.946s] writing scripts.egg-info/PKG-INFO
[5.946s] writing top-level names to sbg_driver.egg-info/top_level.txt
[5.946s] writing dependency_links to scripts.egg-info/dependency_links.txt
[5.946s] writing manifest file 'sbg_driver.egg-info/SOURCES.txt'
[5.946s] writing top-level names to scripts.egg-info/top_level.txt
[5.946s] writing manifest file 'scripts.egg-info/SOURCES.txt'
[5.947s] reading manifest file 'sbg_driver.egg-info/SOURCES.txt'
[5.947s] reading manifest file 'scripts.egg-info/SOURCES.txt'
[5.947s] writing manifest file 'sbg_driver.egg-info/SOURCES.txt'
[5.947s] writing manifest file 'scripts.egg-info/SOURCES.txt'
[5.958s] [ 16%] Built target sbgECom
[5.965s] [ 16%] Built target ament_cmake_python_build_scripts_egg
[5.965s] [ 16%] Built target ament_cmake_python_build_sbg_driver_egg
[8.182s] [ 16%] Built target sbg_driver__cpp
[8.191s] [ 16%] [34m[1mGenerating C++ type support for eProsima Fast-RTPS[0m
[8.191s] [ 16%] [34m[1mGenerating C++ type support dispatch for ROS interfaces[0m
[8.195s] [ 16%] [34m[1mGenerating C++ introspection for ROS interfaces[0m
[8.260s] [ 16%] [32mBuilding C object CMakeFiles/sbg_driver__rosidl_generator_c.dir/rosidl_generator_c/sbg_driver/msg/detail/sbg_gps_vel_status__functions.c.o[0m
[8.260s] [ 17%] [32mBuilding C object CMakeFiles/sbg_driver__rosidl_generator_c.dir/rosidl_generator_c/sbg_driver/msg/detail/sbg_gps_pos_status__functions.c.o[0m
[8.261s] [ 18%] [32mBuilding C object CMakeFiles/sbg_driver__rosidl_generator_c.dir/rosidl_generator_c/sbg_driver/msg/detail/sbg_air_data_status__functions.c.o[0m
[8.261s] [ 18%] [32mBuilding C object CMakeFiles/sbg_driver__rosidl_generator_c.dir/rosidl_generator_c/sbg_driver/msg/detail/sbg_ekf_euler__functions.c.o[0m
[8.261s] [ 18%] [32mBuilding C object CMakeFiles/sbg_driver__rosidl_generator_c.dir/rosidl_generator_c/sbg_driver/msg/detail/sbg_ship_motion_status__functions.c.o[0m
[8.261s] [ 18%] [32mBuilding C object CMakeFiles/sbg_driver__rosidl_generator_c.dir/rosidl_generator_c/sbg_driver/msg/detail/sbg_mag_status__functions.c.o[0m
[8.261s] [ 18%] [32mBuilding C object CMakeFiles/sbg_driver__rosidl_generator_c.dir/rosidl_generator_c/sbg_driver/msg/detail/sbg_gps_pos__functions.c.o[0m
[8.262s] [ 19%] [32mBuilding C object CMakeFiles/sbg_driver__rosidl_generator_c.dir/rosidl_generator_c/sbg_driver/msg/detail/sbg_utc_time_status__functions.c.o[0m
[8.262s] [ 19%] [32mBuilding C object CMakeFiles/sbg_driver__rosidl_generator_c.dir/rosidl_generator_c/sbg_driver/msg/detail/sbg_mag__functions.c.o[0m
[8.262s] [ 19%] [32mBuilding C object CMakeFiles/sbg_driver__rosidl_generator_c.dir/rosidl_generator_c/sbg_driver/msg/detail/sbg_air_data__functions.c.o[0m
[8.262s] [ 19%] [32mBuilding C object CMakeFiles/sbg_driver__rosidl_generator_c.dir/rosidl_generator_c/sbg_driver/msg/detail/sbg_ekf_nav__functions.c.o[0m
[8.262s] [ 19%] [32mBuilding C object CMakeFiles/sbg_driver__rosidl_generator_c.dir/rosidl_generator_c/sbg_driver/msg/detail/sbg_gps_raw__functions.c.o[0m
[8.262s] [ 20%] [32mBuilding C object CMakeFiles/sbg_driver__rosidl_generator_c.dir/rosidl_generator_c/sbg_driver/msg/detail/sbg_odo_vel__functions.c.o[0m
[8.262s] [ 20%] [32mBuilding C object CMakeFiles/sbg_driver__rosidl_generator_c.dir/rosidl_generator_c/sbg_driver/msg/detail/sbg_status_general__functions.c.o[0m
[8.263s] [ 21%] [32mBuilding C object CMakeFiles/sbg_driver__rosidl_generator_c.dir/rosidl_generator_c/sbg_driver/msg/detail/sbg_status_com__functions.c.o[0m
[8.266s] [ 21%] [32mBuilding C object CMakeFiles/sbg_driver__rosidl_generator_c.dir/rosidl_generator_c/sbg_driver/msg/detail/sbg_ekf_quat__functions.c.o[0m
[8.267s] [ 22%] [32mBuilding C object CMakeFiles/sbg_driver__rosidl_generator_c.dir/rosidl_generator_c/sbg_driver/msg/detail/sbg_gps_vel__functions.c.o[0m
[8.304s] [ 22%] [32mBuilding C object CMakeFiles/sbg_driver__rosidl_generator_c.dir/rosidl_generator_c/sbg_driver/msg/detail/sbg_status__functions.c.o[0m
[8.305s] [ 22%] [32mBuilding C object CMakeFiles/sbg_driver__rosidl_generator_c.dir/rosidl_generator_c/sbg_driver/msg/detail/sbg_imu_status__functions.c.o[0m
[8.306s] [ 22%] [32mBuilding C object CMakeFiles/sbg_driver__rosidl_generator_c.dir/rosidl_generator_c/sbg_driver/msg/detail/sbg_event__functions.c.o[0m
[8.308s] [ 23%] [32mBuilding C object CMakeFiles/sbg_driver__rosidl_generator_c.dir/rosidl_generator_c/sbg_driver/msg/detail/sbg_imu_data__functions.c.o[0m
[8.308s] [ 23%] [32mBuilding C object CMakeFiles/sbg_driver__rosidl_generator_c.dir/rosidl_generator_c/sbg_driver/msg/detail/sbg_ship_motion__functions.c.o[0m
[8.308s] [ 23%] [32mBuilding C object CMakeFiles/sbg_driver__rosidl_generator_c.dir/rosidl_generator_c/sbg_driver/msg/detail/sbg_imu_short__functions.c.o[0m
[8.310s] [ 24%] [32mBuilding C object CMakeFiles/sbg_driver__rosidl_generator_c.dir/rosidl_generator_c/sbg_driver/msg/detail/sbg_utc_time__functions.c.o[0m
[8.310s] [ 24%] [32mBuilding C object CMakeFiles/sbg_driver__rosidl_generator_c.dir/rosidl_generator_c/sbg_driver/msg/detail/sbg_mag_calib__functions.c.o[0m
[8.311s] [ 24%] [32mBuilding C object CMakeFiles/sbg_driver__rosidl_generator_c.dir/rosidl_generator_c/sbg_driver/msg/detail/sbg_gps_hdt__functions.c.o[0m
[8.313s] [ 25%] [32mBuilding C object CMakeFiles/sbg_driver__rosidl_generator_c.dir/rosidl_generator_c/sbg_driver/msg/detail/sbg_status_aiding__functions.c.o[0m
[8.316s] [ 25%] [32mBuilding C object CMakeFiles/sbg_driver__rosidl_generator_c.dir/rosidl_generator_c/sbg_driver/msg/detail/sbg_ekf_status__functions.c.o[0m
[8.360s] [ 25%] [32m[1mLinking C shared library libsbg_driver__rosidl_generator_c.so[0m
[8.395s] [ 25%] Built target sbg_driver__rosidl_generator_c
[8.404s] [ 25%] [34m[1mGenerating C type support dispatch for ROS interfaces[0m
[8.405s] [ 25%] [34m[1mGenerating C type support for eProsima Fast-RTPS[0m
[8.405s] [ 25%] [34m[1mGenerating C introspection for ROS interfaces[0m
[10.088s] [ 25%] [32mBuilding CXX object CMakeFiles/sbg_driver__rosidl_typesupport_cpp.dir/rosidl_typesupport_cpp/sbg_driver/msg/sbg_utc_time_status__type_support.cpp.o[0m
[10.088s] [ 25%] [32mBuilding CXX object CMakeFiles/sbg_driver__rosidl_typesupport_cpp.dir/rosidl_typesupport_cpp/sbg_driver/msg/sbg_air_data__type_support.cpp.o[0m
[10.089s] [ 25%] [32mBuilding CXX object CMakeFiles/sbg_driver__rosidl_typesupport_cpp.dir/rosidl_typesupport_cpp/sbg_driver/msg/sbg_gps_pos_status__type_support.cpp.o[0m
[10.089s] [ 25%] [32mBuilding CXX object CMakeFiles/sbg_driver__rosidl_typesupport_cpp.dir/rosidl_typesupport_cpp/sbg_driver/msg/sbg_ekf_euler__type_support.cpp.o[0m
[10.089s] [ 26%] [32mBuilding CXX object CMakeFiles/sbg_driver__rosidl_typesupport_cpp.dir/rosidl_typesupport_cpp/sbg_driver/msg/sbg_air_data_status__type_support.cpp.o[0m
[10.089s] [ 27%] [32mBuilding CXX object CMakeFiles/sbg_driver__rosidl_typesupport_cpp.dir/rosidl_typesupport_cpp/sbg_driver/msg/sbg_ship_motion_status__type_support.cpp.o[0m
[10.089s] [ 27%] [32mBuilding CXX object CMakeFiles/sbg_driver__rosidl_typesupport_cpp.dir/rosidl_typesupport_cpp/sbg_driver/msg/sbg_mag_status__type_support.cpp.o[0m
[10.089s] [ 28%] [32mBuilding CXX object CMakeFiles/sbg_driver__rosidl_typesupport_cpp.dir/rosidl_typesupport_cpp/sbg_driver/msg/sbg_gps_vel_status__type_support.cpp.o[0m
[10.089s] [ 28%] [32mBuilding CXX object CMakeFiles/sbg_driver__rosidl_typesupport_cpp.dir/rosidl_typesupport_cpp/sbg_driver/msg/sbg_gps_raw__type_support.cpp.o[0m
[10.090s] [ 28%] [32mBuilding CXX object CMakeFiles/sbg_driver__rosidl_typesupport_cpp.dir/rosidl_typesupport_cpp/sbg_driver/msg/sbg_gps_pos__type_support.cpp.o[0m
[10.090s] [ 28%] [32mBuilding CXX object CMakeFiles/sbg_driver__rosidl_typesupport_cpp.dir/rosidl_typesupport_cpp/sbg_driver/msg/sbg_ekf_nav__type_support.cpp.o[0m
[10.090s] [ 29%] [32mBuilding CXX object CMakeFiles/sbg_driver__rosidl_typesupport_cpp.dir/rosidl_typesupport_cpp/sbg_driver/msg/sbg_mag__type_support.cpp.o[0m
[10.091s] [ 29%] [32mBuilding CXX object CMakeFiles/sbg_driver__rosidl_typesupport_cpp.dir/rosidl_typesupport_cpp/sbg_driver/msg/sbg_status_com__type_support.cpp.o[0m
[10.095s] [ 30%] [32mBuilding CXX object CMakeFiles/sbg_driver__rosidl_typesupport_cpp.dir/rosidl_typesupport_cpp/sbg_driver/msg/sbg_odo_vel__type_support.cpp.o[0m
[10.096s] [ 30%] [32mBuilding CXX object CMakeFiles/sbg_driver__rosidl_typesupport_cpp.dir/rosidl_typesupport_cpp/sbg_driver/msg/sbg_status_general__type_support.cpp.o[0m
[10.325s] [ 30%] [32mBuilding CXX object CMakeFiles/sbg_driver__rosidl_typesupport_cpp.dir/rosidl_typesupport_cpp/sbg_driver/msg/sbg_ekf_quat__type_support.cpp.o[0m
[10.333s] [ 31%] [32mBuilding CXX object CMakeFiles/sbg_driver__rosidl_typesupport_cpp.dir/rosidl_typesupport_cpp/sbg_driver/msg/sbg_gps_vel__type_support.cpp.o[0m
[10.333s] [ 31%] [32mBuilding CXX object CMakeFiles/sbg_driver__rosidl_typesupport_cpp.dir/rosidl_typesupport_cpp/sbg_driver/msg/sbg_status__type_support.cpp.o[0m
[10.352s] [ 31%] [32mBuilding CXX object CMakeFiles/sbg_driver__rosidl_typesupport_cpp.dir/rosidl_typesupport_cpp/sbg_driver/msg/sbg_event__type_support.cpp.o[0m
[10.374s] [ 32%] [32mBuilding CXX object CMakeFiles/sbg_driver__rosidl_typesupport_cpp.dir/rosidl_typesupport_cpp/sbg_driver/msg/sbg_imu_status__type_support.cpp.o[0m
[10.382s] [ 32%] [32mBuilding CXX object CMakeFiles/sbg_driver__rosidl_typesupport_cpp.dir/rosidl_typesupport_cpp/sbg_driver/msg/sbg_imu_data__type_support.cpp.o[0m
[10.396s] [ 32%] [32mBuilding CXX object CMakeFiles/sbg_driver__rosidl_typesupport_cpp.dir/rosidl_typesupport_cpp/sbg_driver/msg/sbg_imu_short__type_support.cpp.o[0m
[10.411s] [ 33%] [32mBuilding CXX object CMakeFiles/sbg_driver__rosidl_typesupport_cpp.dir/rosidl_typesupport_cpp/sbg_driver/msg/sbg_ship_motion__type_support.cpp.o[0m
[10.414s] [ 33%] [32mBuilding CXX object CMakeFiles/sbg_driver__rosidl_typesupport_cpp.dir/rosidl_typesupport_cpp/sbg_driver/msg/sbg_gps_hdt__type_support.cpp.o[0m
[10.415s] [ 33%] [32mBuilding CXX object CMakeFiles/sbg_driver__rosidl_typesupport_cpp.dir/rosidl_typesupport_cpp/sbg_driver/msg/sbg_utc_time__type_support.cpp.o[0m
[10.428s] [ 33%] [32mBuilding CXX object CMakeFiles/sbg_driver__rosidl_typesupport_cpp.dir/rosidl_typesupport_cpp/sbg_driver/msg/sbg_status_aiding__type_support.cpp.o[0m
[10.433s] [ 34%] [32mBuilding CXX object CMakeFiles/sbg_driver__rosidl_typesupport_cpp.dir/rosidl_typesupport_cpp/sbg_driver/msg/sbg_mag_calib__type_support.cpp.o[0m
[10.474s] [ 34%] [32mBuilding CXX object CMakeFiles/sbg_driver__rosidl_typesupport_cpp.dir/rosidl_typesupport_cpp/sbg_driver/msg/sbg_ekf_status__type_support.cpp.o[0m
[10.505s] [ 34%] [32mBuilding CXX object CMakeFiles/sbg_driver__rosidl_typesupport_c.dir/rosidl_typesupport_c/sbg_driver/msg/sbg_gps_vel_status__type_support.cpp.o[0m
[10.508s] [ 35%] [32mBuilding CXX object CMakeFiles/sbg_driver__rosidl_typesupport_c.dir/rosidl_typesupport_c/sbg_driver/msg/sbg_gps_pos_status__type_support.cpp.o[0m
[10.514s] [ 35%] [32mBuilding CXX object CMakeFiles/sbg_driver__rosidl_typesupport_c.dir/rosidl_typesupport_c/sbg_driver/msg/sbg_mag_status__type_support.cpp.o[0m
[10.540s] [ 35%] [32mBuilding CXX object CMakeFiles/sbg_driver__rosidl_typesupport_c.dir/rosidl_typesupport_c/sbg_driver/msg/sbg_ship_motion_status__type_support.cpp.o[0m
[10.553s] [ 36%] [32mBuilding CXX object CMakeFiles/sbg_driver__rosidl_typesupport_c.dir/rosidl_typesupport_c/sbg_driver/msg/sbg_utc_time_status__type_support.cpp.o[0m
[10.559s] [ 36%] [32mBuilding CXX object CMakeFiles/sbg_driver__rosidl_typesupport_c.dir/rosidl_typesupport_c/sbg_driver/msg/sbg_air_data__type_support.cpp.o[0m
[10.571s] [ 36%] [32mBuilding CXX object CMakeFiles/sbg_driver__rosidl_typesupport_c.dir/rosidl_typesupport_c/sbg_driver/msg/sbg_air_data_status__type_support.cpp.o[0m
[10.585s] [ 37%] [32mBuilding CXX object CMakeFiles/sbg_driver__rosidl_typesupport_c.dir/rosidl_typesupport_c/sbg_driver/msg/sbg_ekf_euler__type_support.cpp.o[0m
[10.596s] [ 37%] [32mBuilding CXX object CMakeFiles/sbg_driver__rosidl_typesupport_c.dir/rosidl_typesupport_c/sbg_driver/msg/sbg_gps_pos__type_support.cpp.o[0m
[10.601s] [ 37%] [32mBuilding CXX object CMakeFiles/sbg_driver__rosidl_typesupport_c.dir/rosidl_typesupport_c/sbg_driver/msg/sbg_mag__type_support.cpp.o[0m
[10.607s] [ 38%] [32mBuilding CXX object CMakeFiles/sbg_driver__rosidl_typesupport_c.dir/rosidl_typesupport_c/sbg_driver/msg/sbg_status_com__type_support.cpp.o[0m
[10.611s] [ 38%] [32mBuilding CXX object CMakeFiles/sbg_driver__rosidl_typesupport_c.dir/rosidl_typesupport_c/sbg_driver/msg/sbg_ekf_nav__type_support.cpp.o[0m
[10.621s] [ 39%] [32mBuilding CXX object CMakeFiles/sbg_driver__rosidl_typesupport_c.dir/rosidl_typesupport_c/sbg_driver/msg/sbg_odo_vel__type_support.cpp.o[0m
[10.622s] [ 39%] [32mBuilding CXX object CMakeFiles/sbg_driver__rosidl_typesupport_c.dir/rosidl_typesupport_c/sbg_driver/msg/sbg_gps_raw__type_support.cpp.o[0m
[10.625s] [ 39%] [32mBuilding CXX object CMakeFiles/sbg_driver__rosidl_typesupport_c.dir/rosidl_typesupport_c/sbg_driver/msg/sbg_status_general__type_support.cpp.o[0m
[10.632s] [ 39%] [32mBuilding CXX object CMakeFiles/sbg_driver__rosidl_typesupport_c.dir/rosidl_typesupport_c/sbg_driver/msg/sbg_ekf_quat__type_support.cpp.o[0m
[10.641s] [ 39%] [32mBuilding CXX object CMakeFiles/sbg_driver__rosidl_typesupport_c.dir/rosidl_typesupport_c/sbg_driver/msg/sbg_gps_vel__type_support.cpp.o[0m
[10.644s] [ 40%] [32mBuilding CXX object CMakeFiles/sbg_driver__rosidl_typesupport_c.dir/rosidl_typesupport_c/sbg_driver/msg/sbg_status__type_support.cpp.o[0m
[10.656s] [ 40%] [32mBuilding CXX object CMakeFiles/sbg_driver__rosidl_typesupport_c.dir/rosidl_typesupport_c/sbg_driver/msg/sbg_event__type_support.cpp.o[0m
[10.659s] [ 40%] [32mBuilding CXX object CMakeFiles/sbg_driver__rosidl_typesupport_c.dir/rosidl_typesupport_c/sbg_driver/msg/sbg_imu_status__type_support.cpp.o[0m
[10.660s] [ 41%] [32mBuilding CXX object CMakeFiles/sbg_driver__rosidl_typesupport_c.dir/rosidl_typesupport_c/sbg_driver/msg/sbg_imu_data__type_support.cpp.o[0m
[10.665s] [ 41%] [32mBuilding CXX object CMakeFiles/sbg_driver__rosidl_typesupport_c.dir/rosidl_typesupport_c/sbg_driver/msg/sbg_imu_short__type_support.cpp.o[0m
[10.665s] [ 41%] [32mBuilding CXX object CMakeFiles/sbg_driver__rosidl_typesupport_c.dir/rosidl_typesupport_c/sbg_driver/msg/sbg_ship_motion__type_support.cpp.o[0m
[10.675s] [ 41%] [32mBuilding CXX object CMakeFiles/sbg_driver__rosidl_typesupport_c.dir/rosidl_typesupport_c/sbg_driver/msg/sbg_mag_calib__type_support.cpp.o[0m
[10.675s] [ 42%] [32mBuilding CXX object CMakeFiles/sbg_driver__rosidl_typesupport_c.dir/rosidl_typesupport_c/sbg_driver/msg/sbg_utc_time__type_support.cpp.o[0m
[10.680s] [ 42%] [32mBuilding CXX object CMakeFiles/sbg_driver__rosidl_typesupport_c.dir/rosidl_typesupport_c/sbg_driver/msg/sbg_gps_hdt__type_support.cpp.o[0m
[10.682s] [ 43%] [32mBuilding CXX object CMakeFiles/sbg_driver__rosidl_typesupport_c.dir/rosidl_typesupport_c/sbg_driver/msg/sbg_status_aiding__type_support.cpp.o[0m
[10.693s] [ 43%] [32mBuilding CXX object CMakeFiles/sbg_driver__rosidl_typesupport_c.dir/rosidl_typesupport_c/sbg_driver/msg/sbg_ekf_status__type_support.cpp.o[0m
[10.717s] [ 43%] [32m[1mLinking CXX shared library libsbg_driver__rosidl_typesupport_c.so[0m
[10.743s] [ 44%] [32m[1mLinking CXX shared library libsbg_driver__rosidl_typesupport_cpp.so[0m
[10.761s] [ 44%] Built target sbg_driver__rosidl_typesupport_c
[10.761s] [ 44%] [32mBuilding CXX object CMakeFiles/sbg_driver__rosidl_typesupport_introspection_cpp.dir/rosidl_typesupport_introspection_cpp/sbg_driver/msg/detail/sbg_mag_status__type_support.cpp.o[0m
[10.761s] [ 44%] [32mBuilding CXX object CMakeFiles/sbg_driver__rosidl_typesupport_introspection_cpp.dir/rosidl_typesupport_introspection_cpp/sbg_driver/msg/detail/sbg_gps_vel_status__type_support.cpp.o[0m
[10.761s] [ 44%] [32mBuilding CXX object CMakeFiles/sbg_driver__rosidl_typesupport_introspection_cpp.dir/rosidl_typesupport_introspection_cpp/sbg_driver/msg/detail/sbg_air_data__type_support.cpp.o[0m
[10.761s] [ 45%] [32mBuilding CXX object CMakeFiles/sbg_driver__rosidl_typesupport_introspection_cpp.dir/rosidl_typesupport_introspection_cpp/sbg_driver/msg/detail/sbg_air_data_status__type_support.cpp.o[0m
[10.762s] [ 45%] [32mBuilding CXX object CMakeFiles/sbg_driver__rosidl_typesupport_introspection_cpp.dir/rosidl_typesupport_introspection_cpp/sbg_driver/msg/detail/sbg_ekf_euler__type_support.cpp.o[0m
[10.762s] [ 45%] [32mBuilding CXX object CMakeFiles/sbg_driver__rosidl_typesupport_introspection_cpp.dir/rosidl_typesupport_introspection_cpp/sbg_driver/msg/detail/sbg_mag__type_support.cpp.o[0m
[10.762s] [ 47%] [32mBuilding CXX object CMakeFiles/sbg_driver__rosidl_typesupport_introspection_cpp.dir/rosidl_typesupport_introspection_cpp/sbg_driver/msg/detail/sbg_status_com__type_support.cpp.o[0m
[10.762s] [ 46%] [32mBuilding CXX object CMakeFiles/sbg_driver__rosidl_typesupport_introspection_cpp.dir/rosidl_typesupport_introspection_cpp/sbg_driver/msg/detail/sbg_gps_pos_status__type_support.cpp.o[0m
[10.762s] [ 47%] [32mBuilding CXX object CMakeFiles/sbg_driver__rosidl_typesupport_introspection_cpp.dir/rosidl_typesupport_introspection_cpp/sbg_driver/msg/detail/sbg_ship_motion_status__type_support.cpp.o[0m
[10.764s] [ 48%] [32mBuilding CXX object CMakeFiles/sbg_driver__rosidl_typesupport_introspection_cpp.dir/rosidl_typesupport_introspection_cpp/sbg_driver/msg/detail/sbg_gps_raw__type_support.cpp.o[0m
[10.764s] [ 48%] [32mBuilding CXX object CMakeFiles/sbg_driver__rosidl_typesupport_introspection_cpp.dir/rosidl_typesupport_introspection_cpp/sbg_driver/msg/detail/sbg_utc_time_status__type_support.cpp.o[0m
[10.764s] [ 48%] [32mBuilding CXX object CMakeFiles/sbg_driver__rosidl_typesupport_introspection_cpp.dir/rosidl_typesupport_introspection_cpp/sbg_driver/msg/detail/sbg_gps_pos__type_support.cpp.o[0m
[10.766s] [ 48%] [32mBuilding CXX object CMakeFiles/sbg_driver__rosidl_typesupport_introspection_cpp.dir/rosidl_typesupport_introspection_cpp/sbg_driver/msg/detail/sbg_ekf_nav__type_support.cpp.o[0m
[10.768s] [ 48%] [32mBuilding CXX object CMakeFiles/sbg_driver__rosidl_typesupport_introspection_cpp.dir/rosidl_typesupport_introspection_cpp/sbg_driver/msg/detail/sbg_status_general__type_support.cpp.o[0m
[10.771s] [ 49%] [32mBuilding CXX object CMakeFiles/sbg_driver__rosidl_typesupport_introspection_cpp.dir/rosidl_typesupport_introspection_cpp/sbg_driver/msg/detail/sbg_odo_vel__type_support.cpp.o[0m
[10.771s] [ 49%] [32mBuilding CXX object CMakeFiles/sbg_driver__rosidl_typesupport_introspection_cpp.dir/rosidl_typesupport_introspection_cpp/sbg_driver/msg/detail/sbg_ekf_quat__type_support.cpp.o[0m
[10.789s] [ 49%] Built target sbg_driver__rosidl_typesupport_cpp
[10.800s] [ 50%] [32mBuilding CXX object CMakeFiles/sbg_driver__rosidl_typesupport_introspection_cpp.dir/rosidl_typesupport_introspection_cpp/sbg_driver/msg/detail/sbg_gps_vel__type_support.cpp.o[0m
[11.120s] [ 50%] [32mBuilding CXX object CMakeFiles/sbg_driver__rosidl_typesupport_introspection_cpp.dir/rosidl_typesupport_introspection_cpp/sbg_driver/msg/detail/sbg_status__type_support.cpp.o[0m
[11.123s] [ 50%] [32mBuilding CXX object CMakeFiles/sbg_driver__rosidl_typesupport_introspection_cpp.dir/rosidl_typesupport_introspection_cpp/sbg_driver/msg/detail/sbg_event__type_support.cpp.o[0m
[11.127s] [ 51%] [32mBuilding CXX object CMakeFiles/sbg_driver__rosidl_typesupport_introspection_cpp.dir/rosidl_typesupport_introspection_cpp/sbg_driver/msg/detail/sbg_imu_status__type_support.cpp.o[0m
[11.142s] [ 51%] [32mBuilding CXX object CMakeFiles/sbg_driver__rosidl_typesupport_introspection_cpp.dir/rosidl_typesupport_introspection_cpp/sbg_driver/msg/detail/sbg_imu_data__type_support.cpp.o[0m
[11.159s] [ 51%] [32mBuilding CXX object CMakeFiles/sbg_driver__rosidl_typesupport_introspection_cpp.dir/rosidl_typesupport_introspection_cpp/sbg_driver/msg/detail/sbg_imu_short__type_support.cpp.o[0m
[11.160s] [ 52%] [32mBuilding CXX object CMakeFiles/sbg_driver__rosidl_typesupport_introspection_cpp.dir/rosidl_typesupport_introspection_cpp/sbg_driver/msg/detail/sbg_ship_motion__type_support.cpp.o[0m
[11.193s] [ 52%] [32mBuilding CXX object CMakeFiles/sbg_driver__rosidl_typesupport_introspection_cpp.dir/rosidl_typesupport_introspection_cpp/sbg_driver/msg/detail/sbg_utc_time__type_support.cpp.o[0m
[11.210s] [ 52%] [32mBuilding CXX object CMakeFiles/sbg_driver__rosidl_typesupport_introspection_cpp.dir/rosidl_typesupport_introspection_cpp/sbg_driver/msg/detail/sbg_gps_hdt__type_support.cpp.o[0m
[11.211s] [ 53%] [32mBuilding CXX object CMakeFiles/sbg_driver__rosidl_typesupport_introspection_cpp.dir/rosidl_typesupport_introspection_cpp/sbg_driver/msg/detail/sbg_mag_calib__type_support.cpp.o[0m
[11.212s] [ 53%] [32mBuilding CXX object CMakeFiles/sbg_driver__rosidl_typesupport_introspection_cpp.dir/rosidl_typesupport_introspection_cpp/sbg_driver/msg/detail/sbg_status_aiding__type_support.cpp.o[0m
[11.218s] [ 53%] [32mBuilding CXX object CMakeFiles/sbg_driver__rosidl_typesupport_introspection_cpp.dir/rosidl_typesupport_introspection_cpp/sbg_driver/msg/detail/sbg_ekf_status__type_support.cpp.o[0m
[11.276s] [ 54%] [32mBuilding C object CMakeFiles/sbg_driver__rosidl_typesupport_introspection_c.dir/rosidl_typesupport_introspection_c/sbg_driver/msg/detail/sbg_ship_motion_status__type_support.c.o[0m
[11.276s] [ 54%] [32mBuilding C object CMakeFiles/sbg_driver__rosidl_typesupport_introspection_c.dir/rosidl_typesupport_introspection_c/sbg_driver/msg/detail/sbg_mag_status__type_support.c.o[0m
[11.277s] [ 54%] [32mBuilding C object CMakeFiles/sbg_driver__rosidl_typesupport_introspection_c.dir/rosidl_typesupport_introspection_c/sbg_driver/msg/detail/sbg_gps_pos_status__type_support.c.o[0m
[11.277s] [ 55%] [32mBuilding C object CMakeFiles/sbg_driver__rosidl_typesupport_introspection_c.dir/rosidl_typesupport_introspection_c/sbg_driver/msg/detail/sbg_air_data__type_support.c.o[0m
[11.279s] [ 55%] [32mBuilding C object CMakeFiles/sbg_driver__rosidl_typesupport_introspection_c.dir/rosidl_typesupport_introspection_c/sbg_driver/msg/detail/sbg_gps_vel_status__type_support.c.o[0m
[11.280s] [ 55%] [32mBuilding C object CMakeFiles/sbg_driver__rosidl_typesupport_introspection_c.dir/rosidl_typesupport_introspection_c/sbg_driver/msg/detail/sbg_air_data_status__type_support.c.o[0m
[11.284s] [ 55%] [32mBuilding C object CMakeFiles/sbg_driver__rosidl_typesupport_introspection_c.dir/rosidl_typesupport_introspection_c/sbg_driver/msg/detail/sbg_utc_time_status__type_support.c.o[0m
[11.310s] [ 56%] [32mBuilding C object CMakeFiles/sbg_driver__rosidl_typesupport_introspection_c.dir/rosidl_typesupport_introspection_c/sbg_driver/msg/detail/sbg_gps_pos__type_support.c.o[0m
[11.312s] [ 56%] [32mBuilding C object CMakeFiles/sbg_driver__rosidl_typesupport_introspection_c.dir/rosidl_typesupport_introspection_c/sbg_driver/msg/detail/sbg_ekf_euler__type_support.c.o[0m
[11.316s] [ 56%] [32mBuilding C object CMakeFiles/sbg_driver__rosidl_typesupport_introspection_c.dir/rosidl_typesupport_introspection_c/sbg_driver/msg/detail/sbg_mag__type_support.c.o[0m
[11.317s] [ 56%] [32mBuilding C object CMakeFiles/sbg_driver__rosidl_typesupport_introspection_c.dir/rosidl_typesupport_introspection_c/sbg_driver/msg/detail/sbg_status_com__type_support.c.o[0m
[11.319s] [ 57%] [32mBuilding C object CMakeFiles/sbg_driver__rosidl_typesupport_introspection_c.dir/rosidl_typesupport_introspection_c/sbg_driver/msg/detail/sbg_ekf_nav__type_support.c.o[0m
[11.319s] [ 57%] [32mBuilding C object CMakeFiles/sbg_driver__rosidl_typesupport_introspection_c.dir/rosidl_typesupport_introspection_c/sbg_driver/msg/detail/sbg_gps_raw__type_support.c.o[0m
[11.327s] [ 57%] [32mBuilding C object CMakeFiles/sbg_driver__rosidl_typesupport_introspection_c.dir/rosidl_typesupport_introspection_c/sbg_driver/msg/detail/sbg_odo_vel__type_support.c.o[0m
[11.349s] [ 58%] [32mBuilding C object CMakeFiles/sbg_driver__rosidl_typesupport_introspection_c.dir/rosidl_typesupport_introspection_c/sbg_driver/msg/detail/sbg_status_general__type_support.c.o[0m
[11.352s] [ 58%] [32mBuilding C object CMakeFiles/sbg_driver__rosidl_typesupport_introspection_c.dir/rosidl_typesupport_introspection_c/sbg_driver/msg/detail/sbg_ekf_quat__type_support.c.o[0m
[11.353s] [ 58%] [32mBuilding C object CMakeFiles/sbg_driver__rosidl_typesupport_introspection_c.dir/rosidl_typesupport_introspection_c/sbg_driver/msg/detail/sbg_gps_vel__type_support.c.o[0m
[11.358s] [ 59%] [32mBuilding C object CMakeFiles/sbg_driver__rosidl_typesupport_introspection_c.dir/rosidl_typesupport_introspection_c/sbg_driver/msg/detail/sbg_status__type_support.c.o[0m
[11.358s] [ 59%] [32mBuilding C object CMakeFiles/sbg_driver__rosidl_typesupport_introspection_c.dir/rosidl_typesupport_introspection_c/sbg_driver/msg/detail/sbg_event__type_support.c.o[0m
[11.361s] [ 59%] [32mBuilding C object CMakeFiles/sbg_driver__rosidl_typesupport_introspection_c.dir/rosidl_typesupport_introspection_c/sbg_driver/msg/detail/sbg_imu_status__type_support.c.o[0m
[11.376s] [ 60%] [32mBuilding C object CMakeFiles/sbg_driver__rosidl_typesupport_introspection_c.dir/rosidl_typesupport_introspection_c/sbg_driver/msg/detail/sbg_imu_data__type_support.c.o[0m
[11.384s] [ 60%] [32mBuilding C object CMakeFiles/sbg_driver__rosidl_typesupport_introspection_c.dir/rosidl_typesupport_introspection_c/sbg_driver/msg/detail/sbg_imu_short__type_support.c.o[0m
[11.392s] [ 60%] [32mBuilding C object CMakeFiles/sbg_driver__rosidl_typesupport_introspection_c.dir/rosidl_typesupport_introspection_c/sbg_driver/msg/detail/sbg_ship_motion__type_support.c.o[0m
[11.398s] [ 60%] [32mBuilding C object CMakeFiles/sbg_driver__rosidl_typesupport_introspection_c.dir/rosidl_typesupport_introspection_c/sbg_driver/msg/detail/sbg_gps_hdt__type_support.c.o[0m
[11.399s] [ 60%] [32mBuilding C object CMakeFiles/sbg_driver__rosidl_typesupport_introspection_c.dir/rosidl_typesupport_introspection_c/sbg_driver/msg/detail/sbg_mag_calib__type_support.c.o[0m
[11.402s] [ 61%] [32mBuilding C object CMakeFiles/sbg_driver__rosidl_typesupport_introspection_c.dir/rosidl_typesupport_introspection_c/sbg_driver/msg/detail/sbg_utc_time__type_support.c.o[0m
[11.403s] [ 62%] [32mBuilding C object CMakeFiles/sbg_driver__rosidl_typesupport_introspection_c.dir/rosidl_typesupport_introspection_c/sbg_driver/msg/detail/sbg_status_aiding__type_support.c.o[0m
[11.424s] [ 62%] [32mBuilding C object CMakeFiles/sbg_driver__rosidl_typesupport_introspection_c.dir/rosidl_typesupport_introspection_c/sbg_driver/msg/detail/sbg_ekf_status__type_support.c.o[0m
[11.448s] [ 62%] [32m[1mLinking C shared library libsbg_driver__rosidl_typesupport_introspection_c.so[0m
[11.474s] [ 62%] Built target sbg_driver__rosidl_typesupport_introspection_c
[11.530s] [ 63%] [32mBuilding CXX object CMakeFiles/sbg_driver__rosidl_typesupport_fastrtps_cpp.dir/rosidl_typesupport_fastrtps_cpp/sbg_driver/msg/detail/dds_fastrtps/sbg_gps_vel_status__type_support.cpp.o[0m
[11.531s] [ 64%] [32mBuilding CXX object CMakeFiles/sbg_driver__rosidl_typesupport_fastrtps_cpp.dir/rosidl_typesupport_fastrtps_cpp/sbg_driver/msg/detail/dds_fastrtps/sbg_mag_status__type_support.cpp.o[0m
[11.531s] [ 64%] [32mBuilding CXX object CMakeFiles/sbg_driver__rosidl_typesupport_fastrtps_cpp.dir/rosidl_typesupport_fastrtps_cpp/sbg_driver/msg/detail/dds_fastrtps/sbg_ship_motion_status__type_support.cpp.o[0m
[11.533s] [ 64%] [32mBuilding CXX object CMakeFiles/sbg_driver__rosidl_typesupport_fastrtps_cpp.dir/rosidl_typesupport_fastrtps_cpp/sbg_driver/msg/detail/dds_fastrtps/sbg_gps_pos_status__type_support.cpp.o[0m
[11.534s] [ 64%] [32mBuilding CXX object CMakeFiles/sbg_driver__rosidl_typesupport_fastrtps_cpp.dir/rosidl_typesupport_fastrtps_cpp/sbg_driver/msg/detail/dds_fastrtps/sbg_utc_time_status__type_support.cpp.o[0m
[11.539s] [ 64%] [32mBuilding CXX object CMakeFiles/sbg_driver__rosidl_typesupport_fastrtps_cpp.dir/rosidl_typesupport_fastrtps_cpp/sbg_driver/msg/detail/dds_fastrtps/sbg_air_data__type_support.cpp.o[0m
[11.549s] [ 65%] [32mBuilding CXX object CMakeFiles/sbg_driver__rosidl_typesupport_fastrtps_cpp.dir/rosidl_typesupport_fastrtps_cpp/sbg_driver/msg/detail/dds_fastrtps/sbg_ekf_euler__type_support.cpp.o[0m
[11.549s] [ 65%] [32mBuilding CXX object CMakeFiles/sbg_driver__rosidl_typesupport_fastrtps_cpp.dir/rosidl_typesupport_fastrtps_cpp/sbg_driver/msg/detail/dds_fastrtps/sbg_air_data_status__type_support.cpp.o[0m
[11.553s] [ 65%] [32mBuilding CXX object CMakeFiles/sbg_driver__rosidl_typesupport_fastrtps_cpp.dir/rosidl_typesupport_fastrtps_cpp/sbg_driver/msg/detail/dds_fastrtps/sbg_mag__type_support.cpp.o[0m
[11.553s] [ 65%] [32mBuilding CXX object CMakeFiles/sbg_driver__rosidl_typesupport_fastrtps_cpp.dir/rosidl_typesupport_fastrtps_cpp/sbg_driver/msg/detail/dds_fastrtps/sbg_gps_pos__type_support.cpp.o[0m
[11.559s] [ 66%] [32mBuilding CXX object CMakeFiles/sbg_driver__rosidl_typesupport_fastrtps_cpp.dir/rosidl_typesupport_fastrtps_cpp/sbg_driver/msg/detail/dds_fastrtps/sbg_status_com__type_support.cpp.o[0m
[11.566s] [ 66%] [32mBuilding CXX object CMakeFiles/sbg_driver__rosidl_typesupport_fastrtps_cpp.dir/rosidl_typesupport_fastrtps_cpp/sbg_driver/msg/detail/dds_fastrtps/sbg_ekf_nav__type_support.cpp.o[0m
[11.570s] [ 66%] [32mBuilding CXX object CMakeFiles/sbg_driver__rosidl_typesupport_fastrtps_cpp.dir/rosidl_typesupport_fastrtps_cpp/sbg_driver/msg/detail/dds_fastrtps/sbg_gps_raw__type_support.cpp.o[0m
[11.584s] [ 66%] [32mBuilding CXX object CMakeFiles/sbg_driver__rosidl_typesupport_fastrtps_c.dir/rosidl_typesupport_fastrtps_c/sbg_driver/msg/detail/sbg_gps_vel_status__type_support_c.cpp.o[0m
[11.590s] [ 67%] [32mBuilding CXX object CMakeFiles/sbg_driver__rosidl_typesupport_fastrtps_c.dir/rosidl_typesupport_fastrtps_c/sbg_driver/msg/detail/sbg_gps_pos_status__type_support_c.cpp.o[0m
[11.599s] [ 68%] [32mBuilding CXX object CMakeFiles/sbg_driver__rosidl_typesupport_fastrtps_cpp.dir/rosidl_typesupport_fastrtps_cpp/sbg_driver/msg/detail/dds_fastrtps/sbg_odo_vel__type_support.cpp.o[0m
[11.599s] [ 68%] [32mBuilding CXX object CMakeFiles/sbg_driver__rosidl_typesupport_fastrtps_cpp.dir/rosidl_typesupport_fastrtps_cpp/sbg_driver/msg/detail/dds_fastrtps/sbg_status_general__type_support.cpp.o[0m
[11.603s] [ 68%] [32mBuilding CXX object CMakeFiles/sbg_driver__rosidl_typesupport_fastrtps_cpp.dir/rosidl_typesupport_fastrtps_cpp/sbg_driver/msg/detail/dds_fastrtps/sbg_ekf_quat__type_support.cpp.o[0m
[11.650s] [ 68%] [32mBuilding CXX object CMakeFiles/sbg_driver__rosidl_typesupport_fastrtps_c.dir/rosidl_typesupport_fastrtps_c/sbg_driver/msg/detail/sbg_mag_status__type_support_c.cpp.o[0m
[11.672s] [ 69%] [32m[1mLinking CXX shared library libsbg_driver__rosidl_typesupport_introspection_cpp.so[0m
[11.876s] [ 69%] Built target sbg_driver__rosidl_typesupport_introspection_cpp
[11.891s] [ 69%] [32mBuilding CXX object CMakeFiles/sbg_driver__rosidl_typesupport_fastrtps_c.dir/rosidl_typesupport_fastrtps_c/sbg_driver/msg/detail/sbg_ship_motion_status__type_support_c.cpp.o[0m
[11.894s] [ 70%] [32mBuilding CXX object CMakeFiles/sbg_driver__rosidl_typesupport_fastrtps_c.dir/rosidl_typesupport_fastrtps_c/sbg_driver/msg/detail/sbg_utc_time_status__type_support_c.cpp.o[0m
[11.899s] [ 70%] [32mBuilding CXX object CMakeFiles/sbg_driver__rosidl_typesupport_fastrtps_c.dir/rosidl_typesupport_fastrtps_c/sbg_driver/msg/detail/sbg_air_data_status__type_support_c.cpp.o[0m
[11.899s] [ 70%] [32mBuilding CXX object CMakeFiles/sbg_driver__rosidl_typesupport_fastrtps_c.dir/rosidl_typesupport_fastrtps_c/sbg_driver/msg/detail/sbg_air_data__type_support_c.cpp.o[0m
[11.903s] [ 71%] [32mBuilding CXX object CMakeFiles/sbg_driver__rosidl_typesupport_fastrtps_cpp.dir/rosidl_typesupport_fastrtps_cpp/sbg_driver/msg/detail/dds_fastrtps/sbg_gps_vel__type_support.cpp.o[0m
[11.909s] [ 71%] [32mBuilding CXX object CMakeFiles/sbg_driver__rosidl_typesupport_fastrtps_cpp.dir/rosidl_typesupport_fastrtps_cpp/sbg_driver/msg/detail/dds_fastrtps/sbg_status__type_support.cpp.o[0m
[11.922s] [ 72%] [32mBuilding CXX object CMakeFiles/sbg_driver__rosidl_typesupport_fastrtps_c.dir/rosidl_typesupport_fastrtps_c/sbg_driver/msg/detail/sbg_ekf_euler__type_support_c.cpp.o[0m
[11.932s] [ 72%] [32mBuilding CXX object CMakeFiles/sbg_driver__rosidl_typesupport_fastrtps_cpp.dir/rosidl_typesupport_fastrtps_cpp/sbg_driver/msg/detail/dds_fastrtps/sbg_event__type_support.cpp.o[0m
[11.958s] [ 72%] [32mBuilding CXX object CMakeFiles/sbg_driver__rosidl_typesupport_fastrtps_c.dir/rosidl_typesupport_fastrtps_c/sbg_driver/msg/detail/sbg_gps_pos__type_support_c.cpp.o[0m
[11.962s] [ 73%] [32mBuilding CXX object CMakeFiles/sbg_driver__rosidl_typesupport_fastrtps_cpp.dir/rosidl_typesupport_fastrtps_cpp/sbg_driver/msg/detail/dds_fastrtps/sbg_imu_status__type_support.cpp.o[0m
[11.970s] [ 73%] [32mBuilding CXX object CMakeFiles/sbg_driver__rosidl_typesupport_fastrtps_c.dir/rosidl_typesupport_fastrtps_c/sbg_driver/msg/detail/sbg_status_com__type_support_c.cpp.o[0m
[11.972s] [ 73%] [32mBuilding CXX object CMakeFiles/sbg_driver__rosidl_typesupport_fastrtps_c.dir/rosidl_typesupport_fastrtps_c/sbg_driver/msg/detail/sbg_mag__type_support_c.cpp.o[0m
[12.005s] [ 73%] [32mBuilding CXX object CMakeFiles/sbg_driver__rosidl_typesupport_fastrtps_cpp.dir/rosidl_typesupport_fastrtps_cpp/sbg_driver/msg/detail/dds_fastrtps/sbg_imu_data__type_support.cpp.o[0m
[12.013s] [ 73%] [32mBuilding CXX object CMakeFiles/sbg_driver__rosidl_typesupport_fastrtps_cpp.dir/rosidl_typesupport_fastrtps_cpp/sbg_driver/msg/detail/dds_fastrtps/sbg_imu_short__type_support.cpp.o[0m
[12.028s] [ 74%] [32mBuilding CXX object CMakeFiles/sbg_driver__rosidl_typesupport_fastrtps_cpp.dir/rosidl_typesupport_fastrtps_cpp/sbg_driver/msg/detail/dds_fastrtps/sbg_ship_motion__type_support.cpp.o[0m
[12.028s] [ 74%] [32mBuilding CXX object CMakeFiles/sbg_driver__rosidl_typesupport_fastrtps_cpp.dir/rosidl_typesupport_fastrtps_cpp/sbg_driver/msg/detail/dds_fastrtps/sbg_utc_time__type_support.cpp.o[0m
[12.036s] [ 74%] [32mBuilding CXX object CMakeFiles/sbg_driver__rosidl_typesupport_fastrtps_cpp.dir/rosidl_typesupport_fastrtps_cpp/sbg_driver/msg/detail/dds_fastrtps/sbg_gps_hdt__type_support.cpp.o[0m
[12.042s] [ 75%] [32mBuilding CXX object CMakeFiles/sbg_driver__rosidl_typesupport_fastrtps_c.dir/rosidl_typesupport_fastrtps_c/sbg_driver/msg/detail/sbg_ekf_nav__type_support_c.cpp.o[0m
[12.115s] [ 75%] [32mBuilding CXX object CMakeFiles/sbg_driver__rosidl_typesupport_fastrtps_c.dir/rosidl_typesupport_fastrtps_c/sbg_driver/msg/detail/sbg_gps_raw__type_support_c.cpp.o[0m
[12.126s] [ 75%] [32mBuilding CXX object CMakeFiles/sbg_driver__rosidl_typesupport_fastrtps_c.dir/rosidl_typesupport_fastrtps_c/sbg_driver/msg/detail/sbg_odo_vel__type_support_c.cpp.o[0m
[12.205s] [ 76%] [32mBuilding CXX object CMakeFiles/sbg_driver__rosidl_typesupport_fastrtps_c.dir/rosidl_typesupport_fastrtps_c/sbg_driver/msg/detail/sbg_status_general__type_support_c.cpp.o[0m
[12.217s] [ 77%] [32mBuilding CXX object CMakeFiles/sbg_driver__rosidl_typesupport_fastrtps_cpp.dir/rosidl_typesupport_fastrtps_cpp/sbg_driver/msg/detail/dds_fastrtps/sbg_mag_calib__type_support.cpp.o[0m
[12.236s] [ 77%] [32mBuilding CXX object CMakeFiles/sbg_driver__rosidl_typesupport_fastrtps_c.dir/rosidl_typesupport_fastrtps_c/sbg_driver/msg/detail/sbg_gps_vel__type_support_c.cpp.o[0m
[12.236s] [ 77%] [32mBuilding CXX object CMakeFiles/sbg_driver__rosidl_typesupport_fastrtps_c.dir/rosidl_typesupport_fastrtps_c/sbg_driver/msg/detail/sbg_ekf_quat__type_support_c.cpp.o[0m
[12.258s] [ 77%] [32mBuilding CXX object CMakeFiles/sbg_driver__rosidl_typesupport_fastrtps_cpp.dir/rosidl_typesupport_fastrtps_cpp/sbg_driver/msg/detail/dds_fastrtps/sbg_status_aiding__type_support.cpp.o[0m
[12.276s] [ 77%] [32mBuilding CXX object CMakeFiles/sbg_driver__rosidl_typesupport_fastrtps_c.dir/rosidl_typesupport_fastrtps_c/sbg_driver/msg/detail/sbg_event__type_support_c.cpp.o[0m
[12.277s] [ 78%] [32mBuilding CXX object CMakeFiles/sbg_driver__rosidl_typesupport_fastrtps_c.dir/rosidl_typesupport_fastrtps_c/sbg_driver/msg/detail/sbg_status__type_support_c.cpp.o[0m
[12.286s] [ 78%] [32mBuilding CXX object CMakeFiles/sbg_driver__rosidl_typesupport_fastrtps_cpp.dir/rosidl_typesupport_fastrtps_cpp/sbg_driver/msg/detail/dds_fastrtps/sbg_ekf_status__type_support.cpp.o[0m
[12.296s] [ 78%] [32mBuilding CXX object CMakeFiles/sbg_driver__rosidl_typesupport_fastrtps_c.dir/rosidl_typesupport_fastrtps_c/sbg_driver/msg/detail/sbg_imu_status__type_support_c.cpp.o[0m
[12.339s] [ 78%] [32mBuilding CXX object CMakeFiles/sbg_driver__rosidl_typesupport_fastrtps_c.dir/rosidl_typesupport_fastrtps_c/sbg_driver/msg/detail/sbg_imu_short__type_support_c.cpp.o[0m
[12.346s] [ 79%] [32mBuilding CXX object CMakeFiles/sbg_driver__rosidl_typesupport_fastrtps_c.dir/rosidl_typesupport_fastrtps_c/sbg_driver/msg/detail/sbg_imu_data__type_support_c.cpp.o[0m
[12.389s] [ 79%] [32mBuilding CXX object CMakeFiles/sbg_driver__rosidl_typesupport_fastrtps_c.dir/rosidl_typesupport_fastrtps_c/sbg_driver/msg/detail/sbg_ship_motion__type_support_c.cpp.o[0m
[12.455s] [ 80%] [32mBuilding CXX object CMakeFiles/sbg_driver__rosidl_typesupport_fastrtps_c.dir/rosidl_typesupport_fastrtps_c/sbg_driver/msg/detail/sbg_utc_time__type_support_c.cpp.o[0m
[12.458s] [ 80%] [32mBuilding CXX object CMakeFiles/sbg_driver__rosidl_typesupport_fastrtps_c.dir/rosidl_typesupport_fastrtps_c/sbg_driver/msg/detail/sbg_gps_hdt__type_support_c.cpp.o[0m
[12.474s] [ 80%] [32mBuilding CXX object CMakeFiles/sbg_driver__rosidl_typesupport_fastrtps_c.dir/rosidl_typesupport_fastrtps_c/sbg_driver/msg/detail/sbg_mag_calib__type_support_c.cpp.o[0m
[12.492s] [ 80%] [32mBuilding CXX object CMakeFiles/sbg_driver__rosidl_typesupport_fastrtps_c.dir/rosidl_typesupport_fastrtps_c/sbg_driver/msg/detail/sbg_ekf_status__type_support_c.cpp.o[0m
[12.493s] [ 81%] [32mBuilding CXX object CMakeFiles/sbg_driver__rosidl_typesupport_fastrtps_c.dir/rosidl_typesupport_fastrtps_c/sbg_driver/msg/detail/sbg_status_aiding__type_support_c.cpp.o[0m
[12.627s] [ 82%] [32m[1mLinking CXX shared library libsbg_driver__rosidl_typesupport_fastrtps_cpp.so[0m
[12.698s] [ 82%] Built target sbg_driver__rosidl_typesupport_fastrtps_cpp
[12.771s] [ 82%] [32m[1mLinking CXX shared library libsbg_driver__rosidl_typesupport_fastrtps_c.so[0m
[12.825s] [ 82%] Built target sbg_driver__rosidl_typesupport_fastrtps_c
[12.841s] [ 82%] Built target sbg_driver
[12.856s] [ 82%] [32mBuilding CXX object CMakeFiles/sbg_device.dir/src/config_store.cpp.o[0m
[12.856s] [ 82%] [32mBuilding CXX object CMakeFiles/sbg_device.dir/src/config_applier.cpp.o[0m
[12.856s] [ 82%] [32mBuilding CXX object CMakeFiles/sbg_device.dir/src/sbg_device.cpp.o[0m
[12.856s] [ 82%] [32mBuilding CXX object CMakeFiles/sbg_device_mag.dir/src/config_store.cpp.o[0m
[12.858s] [ 83%] [32mBuilding CXX object CMakeFiles/sbg_device_mag.dir/src/message_wrapper.cpp.o[0m
[12.858s] [ 84%] [34m[1mGenerating Python code for ROS interfaces[0m
[12.858s] [ 84%] [32mBuilding CXX object CMakeFiles/sbg_device_mag.dir/src/config_applier.cpp.o[0m
[12.858s] [ 84%] [32mBuilding CXX object CMakeFiles/sbg_device.dir/src/message_publisher.cpp.o[0m
[12.859s] [ 85%] [32mBuilding CXX object CMakeFiles/sbg_device.dir/src/message_wrapper.cpp.o[0m
[12.859s] [ 85%] [32mBuilding CXX object CMakeFiles/sbg_device_mag.dir/src/message_publisher.cpp.o[0m
[12.859s] [ 86%] [32mBuilding CXX object CMakeFiles/sbg_device.dir/src/main.cpp.o[0m
[12.859s] [ 86%] [32mBuilding CXX object CMakeFiles/sbg_device_mag.dir/src/sbg_device.cpp.o[0m
[12.860s] [ 87%] [32mBuilding CXX object CMakeFiles/sbg_device_mag.dir/src/main_mag.cpp.o[0m
[13.011s] In file included from [01m[K/home/nacho/colcon_workspaces/smarc_ws/src/smarc2/drivers/sbg_ros2_driver/src/message_wrapper.cpp:6[m[K:
[13.012s] [01m[K/opt/ros/humble/include/tf2_geometry_msgs/tf2_geometry_msgs/tf2_geometry_msgs.h:35:2:[m[K [01;35m[Kwarning: [m[K#warning This header is obsolete, please include tf2_geometry_msgs/tf2_geometry_msgs.hpp instead [[01;35m[K]8;;https://gcc.gnu.org/onlinedocs/gcc/Warning-Options.html#index-Wcpp-Wcpp]8;;[m[K]
[13.012s]    35 | #[01;35m[Kwarning[m[K This header is obsolete, please include tf2_geometry_msgs/tf2_geometry_msgs.hpp instead
[13.012s]       |  [01;35m[K^~~~~~~[m[K
[13.122s] In file included from [01m[K/home/nacho/colcon_workspaces/smarc_ws/src/smarc2/drivers/sbg_ros2_driver/src/message_wrapper.cpp:6[m[K:
[13.123s] [01m[K/opt/ros/humble/include/tf2_geometry_msgs/tf2_geometry_msgs/tf2_geometry_msgs.h:35:2:[m[K [01;35m[Kwarning: [m[K#warning This header is obsolete, please include tf2_geometry_msgs/tf2_geometry_msgs.hpp instead [[01;35m[K]8;;https://gcc.gnu.org/onlinedocs/gcc/Warning-Options.html#index-Wcpp-Wcpp]8;;[m[K]
[13.123s]    35 | #[01;35m[Kwarning[m[K This header is obsolete, please include tf2_geometry_msgs/tf2_geometry_msgs.hpp instead
[13.123s]       |  [01;35m[K^~~~~~~[m[K
[18.198s] [ 87%] Built target sbg_driver__py
[18.215s] [ 88%] [32mBuilding C object CMakeFiles/sbg_driver__rosidl_generator_py.dir/rosidl_generator_py/sbg_driver/msg/_sbg_gps_vel_status_s.c.o[0m
[18.215s] [ 89%] [32mBuilding C object CMakeFiles/sbg_driver__rosidl_generator_py.dir/rosidl_generator_py/sbg_driver/msg/_sbg_mag_status_s.c.o[0m
[18.215s] [ 89%] [32mBuilding C object CMakeFiles/sbg_driver__rosidl_generator_py.dir/rosidl_generator_py/sbg_driver/msg/_sbg_ship_motion_status_s.c.o[0m
[18.216s] [ 89%] [32mBuilding C object CMakeFiles/sbg_driver__rosidl_generator_py.dir/rosidl_generator_py/sbg_driver/msg/_sbg_ekf_nav_s.c.o[0m
[18.216s] [ 89%] [32mBuilding C object CMakeFiles/sbg_driver__rosidl_generator_py.dir/rosidl_generator_py/sbg_driver/msg/_sbg_gps_pos_status_s.c.o[0m
[18.216s] [ 89%] [32mBuilding C object CMakeFiles/sbg_driver__rosidl_generator_py.dir/rosidl_generator_py/sbg_driver/msg/_sbg_gps_pos_s.c.o[0m
[18.216s] [ 90%] [32mBuilding C object CMakeFiles/sbg_driver__rosidl_generator_py.dir/rosidl_generator_py/sbg_driver/msg/_sbg_mag_s.c.o[0m
[18.216s] [ 90%] [32mBuilding C object CMakeFiles/sbg_driver__rosidl_generator_py.dir/rosidl_generator_py/sbg_driver/msg/_sbg_status_com_s.c.o[0m
[18.216s] [ 90%] [32mBuilding C object CMakeFiles/sbg_driver__rosidl_generator_py.dir/rosidl_generator_py/sbg_driver/msg/_sbg_air_data_s.c.o[0m
[18.216s] [ 90%] [32mBuilding C object CMakeFiles/sbg_driver__rosidl_generator_py.dir/rosidl_generator_py/sbg_driver/msg/_sbg_utc_time_status_s.c.o[0m
[18.217s] [ 91%] [32mBuilding C object CMakeFiles/sbg_driver__rosidl_generator_py.dir/rosidl_generator_py/sbg_driver/msg/_sbg_gps_raw_s.c.o[0m
[18.217s] [ 92%] [32mBuilding C object CMakeFiles/sbg_driver__rosidl_generator_py.dir/rosidl_generator_py/sbg_driver/msg/_sbg_air_data_status_s.c.o[0m
[18.218s] [ 93%] [32mBuilding C object CMakeFiles/sbg_driver__rosidl_generator_py.dir/rosidl_generator_py/sbg_driver/msg/_sbg_ekf_quat_s.c.o[0m
[18.218s] [ 93%] [32mBuilding C object CMakeFiles/sbg_driver__rosidl_generator_py.dir/rosidl_generator_py/sbg_driver/msg/_sbg_status_s.c.o[0m
[18.219s] [ 93%] [32mBuilding C object CMakeFiles/sbg_driver__rosidl_generator_py.dir/rosidl_generator_py/sbg_driver/msg/_sbg_ekf_euler_s.c.o[0m
[18.219s] [ 93%] [32mBuilding C object CMakeFiles/sbg_driver__rosidl_generator_py.dir/rosidl_generator_py/sbg_driver/msg/_sbg_status_general_s.c.o[0m
[18.219s] [ 93%] [32mBuilding C object CMakeFiles/sbg_driver__rosidl_generator_py.dir/rosidl_generator_py/sbg_driver/msg/_sbg_odo_vel_s.c.o[0m
[18.219s] [ 93%] [32mBuilding C object CMakeFiles/sbg_driver__rosidl_generator_py.dir/rosidl_generator_py/sbg_driver/msg/_sbg_gps_vel_s.c.o[0m
[18.313s] [ 93%] [32mBuilding C object CMakeFiles/sbg_driver__rosidl_generator_py.dir/rosidl_generator_py/sbg_driver/msg/_sbg_event_s.c.o[0m
[18.313s] [ 93%] [32mBuilding C object CMakeFiles/sbg_driver__rosidl_generator_py.dir/rosidl_generator_py/sbg_driver/msg/_sbg_imu_data_s.c.o[0m
[18.313s] [ 93%] [32mBuilding C object CMakeFiles/sbg_driver__rosidl_generator_py.dir/rosidl_generator_py/sbg_driver/msg/_sbg_imu_short_s.c.o[0m
[18.313s] [ 94%] [32mBuilding C object CMakeFiles/sbg_driver__rosidl_generator_py.dir/rosidl_generator_py/sbg_driver/msg/_sbg_imu_status_s.c.o[0m
[18.315s] [ 94%] [32mBuilding C object CMakeFiles/sbg_driver__rosidl_generator_py.dir/rosidl_generator_py/sbg_driver/msg/_sbg_utc_time_s.c.o[0m
[18.315s] [ 94%] [32mBuilding C object CMakeFiles/sbg_driver__rosidl_generator_py.dir/rosidl_generator_py/sbg_driver/msg/_sbg_status_aiding_s.c.o[0m
[18.315s] [ 94%] [32mBuilding C object CMakeFiles/sbg_driver__rosidl_generator_py.dir/rosidl_generator_py/sbg_driver/msg/_sbg_gps_hdt_s.c.o[0m
[18.315s] [ 95%] [32mBuilding C object CMakeFiles/sbg_driver__rosidl_generator_py.dir/rosidl_generator_py/sbg_driver/msg/_sbg_ship_motion_s.c.o[0m
[18.317s] [ 96%] [32mBuilding C object CMakeFiles/sbg_driver__rosidl_generator_py.dir/rosidl_generator_py/sbg_driver/msg/_sbg_mag_calib_s.c.o[0m
[18.317s] [ 96%] [32mBuilding C object CMakeFiles/sbg_driver__rosidl_generator_py.dir/rosidl_generator_py/sbg_driver/msg/_sbg_ekf_status_s.c.o[0m
[18.413s] [ 97%] [32m[1mLinking C shared library rosidl_generator_py/sbg_driver/libsbg_driver__rosidl_generator_py.so[0m
[18.450s] [ 97%] Built target sbg_driver__rosidl_generator_py
[18.466s] [ 98%] [32mBuilding C object CMakeFiles/sbg_driver__rosidl_typesupport_c__pyext.dir/rosidl_generator_py/sbg_driver/_sbg_driver_s.ep.rosidl_typesupport_c.c.o[0m
[18.467s] [100%] [32mBuilding C object CMakeFiles/sbg_driver__rosidl_typesupport_introspection_c__pyext.dir/rosidl_generator_py/sbg_driver/_sbg_driver_s.ep.rosidl_typesupport_introspection_c.c.o[0m
[18.467s] [100%] [32mBuilding C object CMakeFiles/sbg_driver__rosidl_typesupport_fastrtps_c__pyext.dir/rosidl_generator_py/sbg_driver/_sbg_driver_s.ep.rosidl_typesupport_fastrtps_c.c.o[0m
[18.574s] [100%] [32m[1mLinking C shared library rosidl_generator_py/sbg_driver/sbg_driver_s__rosidl_typesupport_c.cpython-310-x86_64-linux-gnu.so[0m
[18.574s] [100%] [32m[1mLinking C shared library rosidl_generator_py/sbg_driver/sbg_driver_s__rosidl_typesupport_fastrtps_c.cpython-310-x86_64-linux-gnu.so[0m
[18.578s] [100%] [32m[1mLinking C shared library rosidl_generator_py/sbg_driver/sbg_driver_s__rosidl_typesupport_introspection_c.cpython-310-x86_64-linux-gnu.so[0m
[18.604s] [100%] Built target sbg_driver__rosidl_typesupport_c__pyext
[18.611s] [100%] Built target sbg_driver__rosidl_typesupport_fastrtps_c__pyext
[18.613s] [100%] Built target sbg_driver__rosidl_typesupport_introspection_c__pyext
[21.397s] [100%] [32m[1mLinking CXX executable sbg_device[0m
[21.400s] [100%] [32m[1mLinking CXX executable sbg_device_mag[0m
[21.886s] [100%] Built target sbg_device_mag
[21.891s] [100%] Built target sbg_device
