[0.049s] Invoking command in '/home/nacho/colcon_workspaces/smarc_ws/build/dead_reckoning_msgs': CMAKE_PREFIX_PATH=/opt/ros/humble /usr/bin/cmake --build /home/nacho/colcon_workspaces/smarc_ws/build/dead_reckoning_msgs -- -j20 -l20
[2.962s] -- Found ament_cmake: 1.3.11 (/opt/ros/humble/share/ament_cmake/cmake)
[2.962s] -- Override CMake install command with custom implementation using symlinks instead of copying resources
[2.962s] -- Found rosidl_default_generators: 1.2.0 (/opt/ros/humble/share/rosidl_default_generators/cmake)
[2.962s] -- Using all available rosidl_typesupport_c: rosidl_typesupport_fastrtps_c;rosidl_typesupport_introspection_c
[2.962s] -- Found rosidl_adapter: 3.1.6 (/opt/ros/humble/share/rosidl_adapter/cmake)
[2.962s] -- Using all available rosidl_typesupport_cpp: rosidl_typesupport_fastrtps_cpp;rosidl_typesupport_introspection_cpp
[2.962s] -- Found std_msgs: 4.2.4 (/opt/ros/humble/share/std_msgs/cmake)
[2.962s] -- Found ament_cmake_ros: 0.10.0 (/opt/ros/humble/share/ament_cmake_ros/cmake)
[2.962s] -- Using all available rosidl_typesupport_c: rosidl_typesupport_fastrtps_c;rosidl_typesupport_introspection_c
[2.963s] -- Using all available rosidl_typesupport_cpp: rosidl_typesupport_fastrtps_cpp;rosidl_typesupport_introspection_cpp
[2.963s] -- Found python_cmake_module: 0.10.0 (/opt/ros/humble/share/python_cmake_module/cmake)
[2.963s] -- Using PYTHON_EXECUTABLE: /usr/bin/python3
[2.963s] -- Using PYTHON_INCLUDE_DIRS: /usr/include/python3.10
[2.963s] -- Using PYTHON_LIBRARIES: /usr/lib/x86_64-linux-gnu/libpython3.10.so
[2.963s] -- Found ament_lint_auto: 0.12.11 (/opt/ros/humble/share/ament_lint_auto/cmake)
[2.963s] -- Added test 'lint_cmake' to check CMake code style
[2.963s] -- Added test 'xmllint' to check XML markup files
[2.963s] -- Configuring done
[2.963s] -- Generating done
[2.963s] -- Build files have been written to: /home/nacho/colcon_workspaces/smarc_ws/build/dead_reckoning_msgs
[2.963s] [35m[1mConsolidate compiler generated dependencies of target dead_reckoning_msgs__rosidl_generator_c[0m
[2.963s] [  3%] Built target dead_reckoning_msgs__cpp
[2.963s] [  6%] [32mBuilding C object CMakeFiles/dead_reckoning_msgs__rosidl_generator_c.dir/rosidl_generator_c/dead_reckoning_msgs/msg/detail/topics__functions.c.o[0m
[2.963s] [35m[1mConsolidate compiler generated dependencies of target dead_reckoning_msgs__rosidl_typesupport_introspection_cpp[0m
[2.964s] [  6%] Built target ament_cmake_python_symlink_dead_reckoning_msgs
[2.964s] [35m[1mConsolidate compiler generated dependencies of target dead_reckoning_msgs__rosidl_typesupport_fastrtps_cpp[0m
[2.964s] [35m[1mConsolidate compiler generated dependencies of target dead_reckoning_msgs__rosidl_typesupport_cpp[0m
[2.964s] [  9%] [32mBuilding CXX object CMakeFiles/dead_reckoning_msgs__rosidl_typesupport_introspection_cpp.dir/rosidl_typesupport_introspection_cpp/dead_reckoning_msgs/msg/detail/topics__type_support.cpp.o[0m
[2.964s] [ 12%] [32mBuilding CXX object CMakeFiles/dead_reckoning_msgs__rosidl_typesupport_cpp.dir/rosidl_typesupport_cpp/dead_reckoning_msgs/msg/topics__type_support.cpp.o[0m
[2.964s] [ 16%] [32mBuilding CXX object CMakeFiles/dead_reckoning_msgs__rosidl_typesupport_fastrtps_cpp.dir/rosidl_typesupport_fastrtps_cpp/dead_reckoning_msgs/msg/detail/dds_fastrtps/topics__type_support.cpp.o[0m
[2.964s] [ 19%] [32m[1mLinking C shared library libdead_reckoning_msgs__rosidl_generator_c.so[0m
[2.964s] [ 22%] Built target dead_reckoning_msgs__rosidl_generator_c
[2.964s] [35m[1mConsolidate compiler generated dependencies of target dead_reckoning_msgs__rosidl_typesupport_introspection_c[0m
[2.964s] [35m[1mConsolidate compiler generated dependencies of target dead_reckoning_msgs__rosidl_typesupport_c[0m
[2.964s] [35m[1mConsolidate compiler generated dependencies of target dead_reckoning_msgs__rosidl_typesupport_fastrtps_c[0m
[2.964s] [ 25%] [32mBuilding C object CMakeFiles/dead_reckoning_msgs__rosidl_typesupport_introspection_c.dir/rosidl_typesupport_introspection_c/dead_reckoning_msgs/msg/detail/topics__type_support.c.o[0m
[2.964s] [ 29%] [32mBuilding CXX object CMakeFiles/dead_reckoning_msgs__rosidl_typesupport_c.dir/rosidl_typesupport_c/dead_reckoning_msgs/msg/topics__type_support.cpp.o[0m
[2.964s] [ 32%] [32mBuilding CXX object CMakeFiles/dead_reckoning_msgs__rosidl_typesupport_fastrtps_c.dir/rosidl_typesupport_fastrtps_c/dead_reckoning_msgs/msg/detail/topics__type_support_c.cpp.o[0m
[2.965s] [ 38%] [32m[1mLinking C shared library libdead_reckoning_msgs__rosidl_typesupport_introspection_c.so[0m
[2.969s] [ 38%] [32m[1mLinking CXX shared library libdead_reckoning_msgs__rosidl_typesupport_c.so[0m
[2.969s] [ 41%] Built target dead_reckoning_msgs__rosidl_typesupport_introspection_c
[2.969s] [ 45%] Built target dead_reckoning_msgs__rosidl_typesupport_c
[2.969s] running egg_info
[2.969s] writing dead_reckoning_msgs.egg-info/PKG-INFO
[2.969s] writing dependency_links to dead_reckoning_msgs.egg-info/dependency_links.txt
[2.970s] writing top-level names to dead_reckoning_msgs.egg-info/top_level.txt
[2.970s] reading manifest file 'dead_reckoning_msgs.egg-info/SOURCES.txt'
[2.970s] writing manifest file 'dead_reckoning_msgs.egg-info/SOURCES.txt'
[2.970s] [ 45%] Built target ament_cmake_python_build_dead_reckoning_msgs_egg
[2.970s] [ 48%] [32m[1mLinking CXX shared library libdead_reckoning_msgs__rosidl_typesupport_cpp.so[0m
[2.970s] [ 51%] Built target dead_reckoning_msgs__rosidl_typesupport_cpp
[2.970s] [ 54%] [32m[1mLinking CXX shared library libdead_reckoning_msgs__rosidl_typesupport_introspection_cpp.so[0m
[2.970s] [ 58%] Built target dead_reckoning_msgs__rosidl_typesupport_introspection_cpp
[2.970s] [ 61%] [32m[1mLinking CXX shared library libdead_reckoning_msgs__rosidl_typesupport_fastrtps_c.so[0m
[2.970s] [ 64%] [32m[1mLinking CXX shared library libdead_reckoning_msgs__rosidl_typesupport_fastrtps_cpp.so[0m
[2.970s] [ 67%] Built target dead_reckoning_msgs__rosidl_typesupport_fastrtps_c
[2.970s] [ 70%] Built target dead_reckoning_msgs__rosidl_typesupport_fastrtps_cpp
[2.970s] [ 70%] Built target dead_reckoning_msgs
[2.971s] [ 74%] Built target dead_reckoning_msgs__py
[2.971s] [35m[1mConsolidate compiler generated dependencies of target dead_reckoning_msgs__rosidl_generator_py[0m
[2.971s] [ 77%] [32mBuilding C object CMakeFiles/dead_reckoning_msgs__rosidl_generator_py.dir/rosidl_generator_py/dead_reckoning_msgs/msg/_topics_s.c.o[0m
[2.971s] [ 80%] [32m[1mLinking C shared library rosidl_generator_py/dead_reckoning_msgs/libdead_reckoning_msgs__rosidl_generator_py.so[0m
[2.971s] [ 80%] Built target dead_reckoning_msgs__rosidl_generator_py
[2.971s] [35m[1mConsolidate compiler generated dependencies of target dead_reckoning_msgs__rosidl_typesupport_c__pyext[0m
[2.971s] [35m[1mConsolidate compiler generated dependencies of target dead_reckoning_msgs__rosidl_typesupport_fastrtps_c__pyext[0m
[2.971s] [35m[1mConsolidate compiler generated dependencies of target dead_reckoning_msgs__rosidl_typesupport_introspection_c__pyext[0m
[2.971s] [ 83%] [32mBuilding C object CMakeFiles/dead_reckoning_msgs__rosidl_typesupport_fastrtps_c__pyext.dir/rosidl_generator_py/dead_reckoning_msgs/_dead_reckoning_msgs_s.ep.rosidl_typesupport_fastrtps_c.c.o[0m
[2.971s] [ 87%] [32mBuilding C object CMakeFiles/dead_reckoning_msgs__rosidl_typesupport_c__pyext.dir/rosidl_generator_py/dead_reckoning_msgs/_dead_reckoning_msgs_s.ep.rosidl_typesupport_c.c.o[0m
[2.971s] [ 90%] [32mBuilding C object CMakeFiles/dead_reckoning_msgs__rosidl_typesupport_introspection_c__pyext.dir/rosidl_generator_py/dead_reckoning_msgs/_dead_reckoning_msgs_s.ep.rosidl_typesupport_introspection_c.c.o[0m
[2.971s] [ 93%] [32m[1mLinking C shared library rosidl_generator_py/dead_reckoning_msgs/dead_reckoning_msgs_s__rosidl_typesupport_c.cpython-310-x86_64-linux-gnu.so[0m
[2.971s] [ 96%] [32m[1mLinking C shared library rosidl_generator_py/dead_reckoning_msgs/dead_reckoning_msgs_s__rosidl_typesupport_introspection_c.cpython-310-x86_64-linux-gnu.so[0m
[2.971s] [ 96%] Built target dead_reckoning_msgs__rosidl_typesupport_introspection_c__pyext
[2.972s] [ 96%] Built target dead_reckoning_msgs__rosidl_typesupport_c__pyext
[2.972s] [100%] [32m[1mLinking C shared library rosidl_generator_py/dead_reckoning_msgs/dead_reckoning_msgs_s__rosidl_typesupport_fastrtps_c.cpython-310-x86_64-linux-gnu.so[0m
[2.972s] [100%] Built target dead_reckoning_msgs__rosidl_typesupport_fastrtps_c__pyext
[2.991s] Invoked command in '/home/nacho/colcon_workspaces/smarc_ws/build/dead_reckoning_msgs' returned '0': CMAKE_PREFIX_PATH=/opt/ros/humble /usr/bin/cmake --build /home/nacho/colcon_workspaces/smarc_ws/build/dead_reckoning_msgs -- -j20 -l20
[2.992s] Invoking command in '/home/nacho/colcon_workspaces/smarc_ws/build/dead_reckoning_msgs': CMAKE_PREFIX_PATH=/opt/ros/humble /usr/bin/cmake --install /home/nacho/colcon_workspaces/smarc_ws/build/dead_reckoning_msgs
[2.996s] -- Install configuration: ""
[2.997s] -- Execute custom install script
[2.997s] -- Up-to-date symlink: /home/nacho/colcon_workspaces/smarc_ws/install/dead_reckoning_msgs/share/ament_index/resource_index/rosidl_interfaces/dead_reckoning_msgs
[2.997s] -- Up-to-date symlink: /home/nacho/colcon_workspaces/smarc_ws/install/dead_reckoning_msgs/include/dead_reckoning_msgs/dead_reckoning_msgs/msg/detail/topics__functions.h
[2.997s] -- Up-to-date symlink: /home/nacho/colcon_workspaces/smarc_ws/install/dead_reckoning_msgs/include/dead_reckoning_msgs/dead_reckoning_msgs/msg/detail/topics__struct.h
[2.998s] -- Up-to-date symlink: /home/nacho/colcon_workspaces/smarc_ws/install/dead_reckoning_msgs/include/dead_reckoning_msgs/dead_reckoning_msgs/msg/detail/topics__type_support.h
[2.998s] -- Up-to-date symlink: /home/nacho/colcon_workspaces/smarc_ws/install/dead_reckoning_msgs/include/dead_reckoning_msgs/dead_reckoning_msgs/msg/rosidl_generator_c__visibility_control.h
[2.998s] -- Up-to-date symlink: /home/nacho/colcon_workspaces/smarc_ws/install/dead_reckoning_msgs/include/dead_reckoning_msgs/dead_reckoning_msgs/msg/topics.h
[2.998s] -- Up-to-date symlink: /home/nacho/colcon_workspaces/smarc_ws/install/dead_reckoning_msgs/share/dead_reckoning_msgs/environment/library_path.sh
[2.998s] -- Up-to-date symlink: /home/nacho/colcon_workspaces/smarc_ws/install/dead_reckoning_msgs/share/dead_reckoning_msgs/environment/library_path.dsv
[2.999s] -- Up-to-date symlink: /home/nacho/colcon_workspaces/smarc_ws/install/dead_reckoning_msgs/include/dead_reckoning_msgs/dead_reckoning_msgs/msg/detail/topics__rosidl_typesupport_fastrtps_c.h
[2.999s] -- Up-to-date symlink: /home/nacho/colcon_workspaces/smarc_ws/install/dead_reckoning_msgs/include/dead_reckoning_msgs/dead_reckoning_msgs/msg/rosidl_typesupport_fastrtps_c__visibility_control.h
[2.999s] -- Up-to-date symlink: /home/nacho/colcon_workspaces/smarc_ws/install/dead_reckoning_msgs/include/dead_reckoning_msgs/dead_reckoning_msgs/msg/detail/topics__rosidl_typesupport_introspection_c.h
[2.999s] -- Up-to-date symlink: /home/nacho/colcon_workspaces/smarc_ws/install/dead_reckoning_msgs/include/dead_reckoning_msgs/dead_reckoning_msgs/msg/rosidl_typesupport_introspection_c__visibility_control.h
[2.999s] -- Up-to-date symlink: /home/nacho/colcon_workspaces/smarc_ws/install/dead_reckoning_msgs/include/dead_reckoning_msgs/dead_reckoning_msgs/msg/detail/topics__builder.hpp
[2.999s] -- Up-to-date symlink: /home/nacho/colcon_workspaces/smarc_ws/install/dead_reckoning_msgs/include/dead_reckoning_msgs/dead_reckoning_msgs/msg/detail/topics__struct.hpp
[3.000s] -- Up-to-date symlink: /home/nacho/colcon_workspaces/smarc_ws/install/dead_reckoning_msgs/include/dead_reckoning_msgs/dead_reckoning_msgs/msg/detail/topics__traits.hpp
[3.000s] -- Up-to-date symlink: /home/nacho/colcon_workspaces/smarc_ws/install/dead_reckoning_msgs/include/dead_reckoning_msgs/dead_reckoning_msgs/msg/detail/topics__type_support.hpp
[3.000s] -- Up-to-date symlink: /home/nacho/colcon_workspaces/smarc_ws/install/dead_reckoning_msgs/include/dead_reckoning_msgs/dead_reckoning_msgs/msg/rosidl_generator_cpp__visibility_control.hpp
[3.000s] -- Up-to-date symlink: /home/nacho/colcon_workspaces/smarc_ws/install/dead_reckoning_msgs/include/dead_reckoning_msgs/dead_reckoning_msgs/msg/topics.hpp
[3.000s] -- Up-to-date symlink: /home/nacho/colcon_workspaces/smarc_ws/install/dead_reckoning_msgs/include/dead_reckoning_msgs/dead_reckoning_msgs/msg/detail/topics__rosidl_typesupport_fastrtps_cpp.hpp
[3.000s] -- Up-to-date symlink: /home/nacho/colcon_workspaces/smarc_ws/install/dead_reckoning_msgs/include/dead_reckoning_msgs/dead_reckoning_msgs/msg/rosidl_typesupport_fastrtps_cpp__visibility_control.h
[3.000s] -- Up-to-date symlink: /home/nacho/colcon_workspaces/smarc_ws/install/dead_reckoning_msgs/include/dead_reckoning_msgs/dead_reckoning_msgs/msg/detail/topics__rosidl_typesupport_introspection_cpp.hpp
[3.000s] -- Up-to-date symlink: /home/nacho/colcon_workspaces/smarc_ws/install/dead_reckoning_msgs/share/dead_reckoning_msgs/environment/pythonpath.sh
[3.000s] -- Up-to-date symlink: /home/nacho/colcon_workspaces/smarc_ws/install/dead_reckoning_msgs/share/dead_reckoning_msgs/environment/pythonpath.dsv
[3.000s] -- Up-to-date symlink: /home/nacho/colcon_workspaces/smarc_ws/install/dead_reckoning_msgs/local/lib/python3.10/dist-packages/dead_reckoning_msgs-0.0.0-py3.10.egg-info/PKG-INFO
[3.000s] -- Up-to-date symlink: /home/nacho/colcon_workspaces/smarc_ws/install/dead_reckoning_msgs/local/lib/python3.10/dist-packages/dead_reckoning_msgs-0.0.0-py3.10.egg-info/SOURCES.txt
[3.000s] -- Up-to-date symlink: /home/nacho/colcon_workspaces/smarc_ws/install/dead_reckoning_msgs/local/lib/python3.10/dist-packages/dead_reckoning_msgs-0.0.0-py3.10.egg-info/dependency_links.txt
[3.000s] -- Up-to-date symlink: /home/nacho/colcon_workspaces/smarc_ws/install/dead_reckoning_msgs/local/lib/python3.10/dist-packages/dead_reckoning_msgs-0.0.0-py3.10.egg-info/top_level.txt
[3.001s] -- Up-to-date symlink: /home/nacho/colcon_workspaces/smarc_ws/install/dead_reckoning_msgs/local/lib/python3.10/dist-packages/dead_reckoning_msgs/__init__.py
[3.001s] -- Up-to-date symlink: /home/nacho/colcon_workspaces/smarc_ws/install/dead_reckoning_msgs/local/lib/python3.10/dist-packages/dead_reckoning_msgs/_dead_reckoning_msgs_s.ep.rosidl_typesupport_c.c
[3.001s] -- Up-to-date symlink: /home/nacho/colcon_workspaces/smarc_ws/install/dead_reckoning_msgs/local/lib/python3.10/dist-packages/dead_reckoning_msgs/_dead_reckoning_msgs_s.ep.rosidl_typesupport_fastrtps_c.c
[3.001s] -- Up-to-date symlink: /home/nacho/colcon_workspaces/smarc_ws/install/dead_reckoning_msgs/local/lib/python3.10/dist-packages/dead_reckoning_msgs/_dead_reckoning_msgs_s.ep.rosidl_typesupport_introspection_c.c
[3.001s] -- Up-to-date symlink: /home/nacho/colcon_workspaces/smarc_ws/install/dead_reckoning_msgs/local/lib/python3.10/dist-packages/dead_reckoning_msgs/dead_reckoning_msgs_s__rosidl_typesupport_c.cpython-310-x86_64-linux-gnu.so
[3.001s] -- Up-to-date symlink: /home/nacho/colcon_workspaces/smarc_ws/install/dead_reckoning_msgs/local/lib/python3.10/dist-packages/dead_reckoning_msgs/dead_reckoning_msgs_s__rosidl_typesupport_fastrtps_c.cpython-310-x86_64-linux-gnu.so
[3.001s] -- Up-to-date symlink: /home/nacho/colcon_workspaces/smarc_ws/install/dead_reckoning_msgs/local/lib/python3.10/dist-packages/dead_reckoning_msgs/dead_reckoning_msgs_s__rosidl_typesupport_introspection_c.cpython-310-x86_64-linux-gnu.so
[3.001s] -- Up-to-date symlink: /home/nacho/colcon_workspaces/smarc_ws/install/dead_reckoning_msgs/local/lib/python3.10/dist-packages/dead_reckoning_msgs/libdead_reckoning_msgs__rosidl_generator_py.so
[3.001s] -- Up-to-date symlink: /home/nacho/colcon_workspaces/smarc_ws/install/dead_reckoning_msgs/local/lib/python3.10/dist-packages/dead_reckoning_msgs/msg/__init__.py
[3.001s] -- Up-to-date symlink: /home/nacho/colcon_workspaces/smarc_ws/install/dead_reckoning_msgs/local/lib/python3.10/dist-packages/dead_reckoning_msgs/msg/_topics.py
[3.002s] -- Up-to-date symlink: /home/nacho/colcon_workspaces/smarc_ws/install/dead_reckoning_msgs/local/lib/python3.10/dist-packages/dead_reckoning_msgs/msg/_topics_s.c
[3.002s] -- Up-to-date symlink: /home/nacho/colcon_workspaces/smarc_ws/install/dead_reckoning_msgs/local/lib/python3.10/dist-packages/dead_reckoning_msgs/dead_reckoning_msgs_s__rosidl_typesupport_fastrtps_c.cpython-310-x86_64-linux-gnu.so
[3.002s] -- Up-to-date symlink: /home/nacho/colcon_workspaces/smarc_ws/install/dead_reckoning_msgs/local/lib/python3.10/dist-packages/dead_reckoning_msgs/dead_reckoning_msgs_s__rosidl_typesupport_introspection_c.cpython-310-x86_64-linux-gnu.so
[3.002s] -- Up-to-date symlink: /home/nacho/colcon_workspaces/smarc_ws/install/dead_reckoning_msgs/local/lib/python3.10/dist-packages/dead_reckoning_msgs/dead_reckoning_msgs_s__rosidl_typesupport_c.cpython-310-x86_64-linux-gnu.so
[3.002s] -- Up-to-date symlink: /home/nacho/colcon_workspaces/smarc_ws/install/dead_reckoning_msgs/share/dead_reckoning_msgs/msg/Topics.idl
[3.002s] -- Up-to-date symlink: /home/nacho/colcon_workspaces/smarc_ws/install/dead_reckoning_msgs/share/dead_reckoning_msgs/msg/Topics.msg
[3.002s] -- Up-to-date symlink: /home/nacho/colcon_workspaces/smarc_ws/install/dead_reckoning_msgs/share/ament_index/resource_index/package_run_dependencies/dead_reckoning_msgs
[3.002s] -- Up-to-date symlink: /home/nacho/colcon_workspaces/smarc_ws/install/dead_reckoning_msgs/share/ament_index/resource_index/parent_prefix_path/dead_reckoning_msgs
[3.002s] -- Up-to-date symlink: /home/nacho/colcon_workspaces/smarc_ws/install/dead_reckoning_msgs/share/dead_reckoning_msgs/environment/ament_prefix_path.sh
[3.003s] -- Up-to-date symlink: /home/nacho/colcon_workspaces/smarc_ws/install/dead_reckoning_msgs/share/dead_reckoning_msgs/environment/ament_prefix_path.dsv
[3.003s] -- Up-to-date symlink: /home/nacho/colcon_workspaces/smarc_ws/install/dead_reckoning_msgs/share/dead_reckoning_msgs/environment/path.sh
[3.003s] -- Up-to-date symlink: /home/nacho/colcon_workspaces/smarc_ws/install/dead_reckoning_msgs/share/dead_reckoning_msgs/environment/path.dsv
[3.003s] -- Up-to-date symlink: /home/nacho/colcon_workspaces/smarc_ws/install/dead_reckoning_msgs/share/dead_reckoning_msgs/local_setup.bash
[3.003s] -- Up-to-date symlink: /home/nacho/colcon_workspaces/smarc_ws/install/dead_reckoning_msgs/share/dead_reckoning_msgs/local_setup.sh
[3.004s] -- Up-to-date symlink: /home/nacho/colcon_workspaces/smarc_ws/install/dead_reckoning_msgs/share/dead_reckoning_msgs/local_setup.zsh
[3.004s] -- Up-to-date symlink: /home/nacho/colcon_workspaces/smarc_ws/install/dead_reckoning_msgs/share/dead_reckoning_msgs/local_setup.dsv
[3.004s] -- Symlinking: /home/nacho/colcon_workspaces/smarc_ws/install/dead_reckoning_msgs/share/dead_reckoning_msgs/package.dsv
[3.005s] -- Up-to-date symlink: /home/nacho/colcon_workspaces/smarc_ws/install/dead_reckoning_msgs/share/ament_index/resource_index/packages/dead_reckoning_msgs
[3.005s] -- Up-to-date symlink: /home/nacho/colcon_workspaces/smarc_ws/install/dead_reckoning_msgs/share/dead_reckoning_msgs/cmake/rosidl_cmake-extras.cmake
[3.005s] -- Up-to-date symlink: /home/nacho/colcon_workspaces/smarc_ws/install/dead_reckoning_msgs/share/dead_reckoning_msgs/cmake/ament_cmake_export_dependencies-extras.cmake
[3.005s] -- Up-to-date symlink: /home/nacho/colcon_workspaces/smarc_ws/install/dead_reckoning_msgs/share/dead_reckoning_msgs/cmake/ament_cmake_export_include_directories-extras.cmake
[3.006s] -- Up-to-date symlink: /home/nacho/colcon_workspaces/smarc_ws/install/dead_reckoning_msgs/share/dead_reckoning_msgs/cmake/ament_cmake_export_libraries-extras.cmake
[3.006s] -- Up-to-date symlink: /home/nacho/colcon_workspaces/smarc_ws/install/dead_reckoning_msgs/share/dead_reckoning_msgs/cmake/ament_cmake_export_targets-extras.cmake
[3.006s] -- Up-to-date symlink: /home/nacho/colcon_workspaces/smarc_ws/install/dead_reckoning_msgs/share/dead_reckoning_msgs/cmake/rosidl_cmake_export_typesupport_targets-extras.cmake
[3.006s] -- Up-to-date symlink: /home/nacho/colcon_workspaces/smarc_ws/install/dead_reckoning_msgs/share/dead_reckoning_msgs/cmake/rosidl_cmake_export_typesupport_libraries-extras.cmake
[3.007s] -- Up-to-date symlink: /home/nacho/colcon_workspaces/smarc_ws/install/dead_reckoning_msgs/share/dead_reckoning_msgs/cmake/dead_reckoning_msgsConfig.cmake
[3.007s] -- Up-to-date symlink: /home/nacho/colcon_workspaces/smarc_ws/install/dead_reckoning_msgs/share/dead_reckoning_msgs/cmake/dead_reckoning_msgsConfig-version.cmake
[3.012s] -- Up-to-date symlink: /home/nacho/colcon_workspaces/smarc_ws/install/dead_reckoning_msgs/share/dead_reckoning_msgs/package.xml
[3.013s] -- Installing: /home/nacho/colcon_workspaces/smarc_ws/install/dead_reckoning_msgs/lib/libdead_reckoning_msgs__rosidl_generator_c.so
[3.014s] -- Set runtime path of "/home/nacho/colcon_workspaces/smarc_ws/install/dead_reckoning_msgs/lib/libdead_reckoning_msgs__rosidl_generator_c.so" to ""
[3.014s] -- Installing: /home/nacho/colcon_workspaces/smarc_ws/install/dead_reckoning_msgs/lib/libdead_reckoning_msgs__rosidl_typesupport_fastrtps_c.so
[3.014s] -- Set runtime path of "/home/nacho/colcon_workspaces/smarc_ws/install/dead_reckoning_msgs/lib/libdead_reckoning_msgs__rosidl_typesupport_fastrtps_c.so" to ""
[3.015s] -- Installing: /home/nacho/colcon_workspaces/smarc_ws/install/dead_reckoning_msgs/lib/libdead_reckoning_msgs__rosidl_typesupport_introspection_c.so
[3.016s] -- Set runtime path of "/home/nacho/colcon_workspaces/smarc_ws/install/dead_reckoning_msgs/lib/libdead_reckoning_msgs__rosidl_typesupport_introspection_c.so" to ""
[3.016s] -- Installing: /home/nacho/colcon_workspaces/smarc_ws/install/dead_reckoning_msgs/lib/libdead_reckoning_msgs__rosidl_typesupport_c.so
[3.016s] -- Set runtime path of "/home/nacho/colcon_workspaces/smarc_ws/install/dead_reckoning_msgs/lib/libdead_reckoning_msgs__rosidl_typesupport_c.so" to ""
[3.016s] -- Installing: /home/nacho/colcon_workspaces/smarc_ws/install/dead_reckoning_msgs/lib/libdead_reckoning_msgs__rosidl_typesupport_fastrtps_cpp.so
[3.016s] -- Set runtime path of "/home/nacho/colcon_workspaces/smarc_ws/install/dead_reckoning_msgs/lib/libdead_reckoning_msgs__rosidl_typesupport_fastrtps_cpp.so" to ""
[3.016s] -- Installing: /home/nacho/colcon_workspaces/smarc_ws/install/dead_reckoning_msgs/lib/libdead_reckoning_msgs__rosidl_typesupport_introspection_cpp.so
[3.016s] -- Set runtime path of "/home/nacho/colcon_workspaces/smarc_ws/install/dead_reckoning_msgs/lib/libdead_reckoning_msgs__rosidl_typesupport_introspection_cpp.so" to ""
[3.016s] -- Installing: /home/nacho/colcon_workspaces/smarc_ws/install/dead_reckoning_msgs/lib/libdead_reckoning_msgs__rosidl_typesupport_cpp.so
[3.016s] -- Set runtime path of "/home/nacho/colcon_workspaces/smarc_ws/install/dead_reckoning_msgs/lib/libdead_reckoning_msgs__rosidl_typesupport_cpp.so" to ""
[3.050s] Listing '/home/nacho/colcon_workspaces/smarc_ws/install/dead_reckoning_msgs/local/lib/python3.10/dist-packages/dead_reckoning_msgs'...
[3.050s] Compiling '/home/nacho/colcon_workspaces/smarc_ws/install/dead_reckoning_msgs/local/lib/python3.10/dist-packages/dead_reckoning_msgs/__init__.py'...
[3.050s] Listing '/home/nacho/colcon_workspaces/smarc_ws/install/dead_reckoning_msgs/local/lib/python3.10/dist-packages/dead_reckoning_msgs/msg'...
[3.068s] -- Installing: /home/nacho/colcon_workspaces/smarc_ws/install/dead_reckoning_msgs/lib/libdead_reckoning_msgs__rosidl_generator_py.so
[3.068s] -- Set runtime path of "/home/nacho/colcon_workspaces/smarc_ws/install/dead_reckoning_msgs/lib/libdead_reckoning_msgs__rosidl_generator_py.so" to ""
[3.068s] -- Up-to-date: /home/nacho/colcon_workspaces/smarc_ws/install/dead_reckoning_msgs/share/dead_reckoning_msgs/cmake/export_dead_reckoning_msgs__rosidl_generator_cExport.cmake
[3.068s] -- Up-to-date: /home/nacho/colcon_workspaces/smarc_ws/install/dead_reckoning_msgs/share/dead_reckoning_msgs/cmake/export_dead_reckoning_msgs__rosidl_generator_cExport-noconfig.cmake
[3.068s] -- Up-to-date: /home/nacho/colcon_workspaces/smarc_ws/install/dead_reckoning_msgs/share/dead_reckoning_msgs/cmake/export_dead_reckoning_msgs__rosidl_typesupport_fastrtps_cExport.cmake
[3.068s] -- Up-to-date: /home/nacho/colcon_workspaces/smarc_ws/install/dead_reckoning_msgs/share/dead_reckoning_msgs/cmake/export_dead_reckoning_msgs__rosidl_typesupport_fastrtps_cExport-noconfig.cmake
[3.068s] -- Up-to-date: /home/nacho/colcon_workspaces/smarc_ws/install/dead_reckoning_msgs/share/dead_reckoning_msgs/cmake/dead_reckoning_msgs__rosidl_typesupport_introspection_cExport.cmake
[3.068s] -- Up-to-date: /home/nacho/colcon_workspaces/smarc_ws/install/dead_reckoning_msgs/share/dead_reckoning_msgs/cmake/dead_reckoning_msgs__rosidl_typesupport_introspection_cExport-noconfig.cmake
[3.069s] -- Up-to-date: /home/nacho/colcon_workspaces/smarc_ws/install/dead_reckoning_msgs/share/dead_reckoning_msgs/cmake/dead_reckoning_msgs__rosidl_typesupport_cExport.cmake
[3.069s] -- Up-to-date: /home/nacho/colcon_workspaces/smarc_ws/install/dead_reckoning_msgs/share/dead_reckoning_msgs/cmake/dead_reckoning_msgs__rosidl_typesupport_cExport-noconfig.cmake
[3.069s] -- Up-to-date: /home/nacho/colcon_workspaces/smarc_ws/install/dead_reckoning_msgs/share/dead_reckoning_msgs/cmake/export_dead_reckoning_msgs__rosidl_generator_cppExport.cmake
[3.069s] -- Up-to-date: /home/nacho/colcon_workspaces/smarc_ws/install/dead_reckoning_msgs/share/dead_reckoning_msgs/cmake/export_dead_reckoning_msgs__rosidl_typesupport_fastrtps_cppExport.cmake
[3.069s] -- Up-to-date: /home/nacho/colcon_workspaces/smarc_ws/install/dead_reckoning_msgs/share/dead_reckoning_msgs/cmake/export_dead_reckoning_msgs__rosidl_typesupport_fastrtps_cppExport-noconfig.cmake
[3.069s] -- Up-to-date: /home/nacho/colcon_workspaces/smarc_ws/install/dead_reckoning_msgs/share/dead_reckoning_msgs/cmake/dead_reckoning_msgs__rosidl_typesupport_introspection_cppExport.cmake
[3.070s] -- Up-to-date: /home/nacho/colcon_workspaces/smarc_ws/install/dead_reckoning_msgs/share/dead_reckoning_msgs/cmake/dead_reckoning_msgs__rosidl_typesupport_introspection_cppExport-noconfig.cmake
[3.070s] -- Up-to-date: /home/nacho/colcon_workspaces/smarc_ws/install/dead_reckoning_msgs/share/dead_reckoning_msgs/cmake/dead_reckoning_msgs__rosidl_typesupport_cppExport.cmake
[3.070s] -- Up-to-date: /home/nacho/colcon_workspaces/smarc_ws/install/dead_reckoning_msgs/share/dead_reckoning_msgs/cmake/dead_reckoning_msgs__rosidl_typesupport_cppExport-noconfig.cmake
[3.070s] -- Up-to-date: /home/nacho/colcon_workspaces/smarc_ws/install/dead_reckoning_msgs/share/dead_reckoning_msgs/cmake/export_dead_reckoning_msgs__rosidl_generator_pyExport.cmake
[3.070s] -- Up-to-date: /home/nacho/colcon_workspaces/smarc_ws/install/dead_reckoning_msgs/share/dead_reckoning_msgs/cmake/export_dead_reckoning_msgs__rosidl_generator_pyExport-noconfig.cmake
[3.095s] Invoked command in '/home/nacho/colcon_workspaces/smarc_ws/build/dead_reckoning_msgs' returned '0': CMAKE_PREFIX_PATH=/opt/ros/humble /usr/bin/cmake --install /home/nacho/colcon_workspaces/smarc_ws/build/dead_reckoning_msgs
