[2.161s] Invoking command in '/home/nacho/colcon_workspaces/smarc_ws/build/sam_description': CMAKE_PREFIX_PATH=/opt/ros/humble /usr/bin/cmake --build /home/nacho/colcon_workspaces/smarc_ws/build/sam_description -- -j20 -l20
[2.957s] Invoked command in '/home/nacho/colcon_workspaces/smarc_ws/build/sam_description' returned '0': CMAKE_PREFIX_PATH=/opt/ros/humble /usr/bin/cmake --build /home/nacho/colcon_workspaces/smarc_ws/build/sam_description -- -j20 -l20
[2.959s] Invoking command in '/home/nacho/colcon_workspaces/smarc_ws/build/sam_description': CMAKE_PREFIX_PATH=/opt/ros/humble /usr/bin/cmake --install /home/nacho/colcon_workspaces/smarc_ws/build/sam_description
[2.964s] -- Install configuration: ""
[2.964s] -- Execute custom install script
[2.964s] -- Up-to-date symlink: /home/nacho/colcon_workspaces/smarc_ws/install/sam_description/share/sam_description/launch//sam_description.launch
[2.964s] -- Up-to-date symlink: /home/nacho/colcon_workspaces/smarc_ws/install/sam_description/share/sam_description/mesh//SAM_BACKPROP.dae
[2.964s] -- Up-to-date symlink: /home/nacho/colcon_workspaces/smarc_ws/install/sam_description/share/sam_description/mesh//SAM_FRONTPROP.dae
[2.964s] -- Up-to-date symlink: /home/nacho/colcon_workspaces/smarc_ws/install/sam_description/share/sam_description/mesh//SAM_HULL.dae
[2.964s] -- Up-to-date symlink: /home/nacho/colcon_workspaces/smarc_ws/install/sam_description/share/sam_description/mesh//SAM_NOZZLE.dae
[2.964s] -- Up-to-date symlink: /home/nacho/colcon_workspaces/smarc_ws/install/sam_description/share/sam_description/robots//sam_auv_default.urdf.xacro
[2.964s] -- Up-to-date symlink: /home/nacho/colcon_workspaces/smarc_ws/install/sam_description/share/sam_description/urdf//sam_auv.urdf
[2.964s] -- Up-to-date symlink: /home/nacho/colcon_workspaces/smarc_ws/install/sam_description/share/sam_description/urdf//sam_auv.urdf.xacro
[2.965s] -- Up-to-date symlink: /home/nacho/colcon_workspaces/smarc_ws/install/sam_description/share/ament_index/resource_index/package_run_dependencies/sam_description
[2.965s] -- Up-to-date symlink: /home/nacho/colcon_workspaces/smarc_ws/install/sam_description/share/ament_index/resource_index/parent_prefix_path/sam_description
[2.965s] -- Up-to-date symlink: /home/nacho/colcon_workspaces/smarc_ws/install/sam_description/share/sam_description/environment/ament_prefix_path.sh
[2.965s] -- Up-to-date symlink: /home/nacho/colcon_workspaces/smarc_ws/install/sam_description/share/sam_description/environment/ament_prefix_path.dsv
[2.965s] -- Up-to-date symlink: /home/nacho/colcon_workspaces/smarc_ws/install/sam_description/share/sam_description/environment/path.sh
[2.965s] -- Up-to-date symlink: /home/nacho/colcon_workspaces/smarc_ws/install/sam_description/share/sam_description/environment/path.dsv
[2.965s] -- Up-to-date symlink: /home/nacho/colcon_workspaces/smarc_ws/install/sam_description/share/sam_description/local_setup.bash
[2.965s] -- Up-to-date symlink: /home/nacho/colcon_workspaces/smarc_ws/install/sam_description/share/sam_description/local_setup.sh
[2.966s] -- Up-to-date symlink: /home/nacho/colcon_workspaces/smarc_ws/install/sam_description/share/sam_description/local_setup.zsh
[2.966s] -- Up-to-date symlink: /home/nacho/colcon_workspaces/smarc_ws/install/sam_description/share/sam_description/local_setup.dsv
[2.966s] -- Symlinking: /home/nacho/colcon_workspaces/smarc_ws/install/sam_description/share/sam_description/package.dsv
[2.970s] -- Up-to-date symlink: /home/nacho/colcon_workspaces/smarc_ws/install/sam_description/share/ament_index/resource_index/packages/sam_description
[2.970s] -- Up-to-date symlink: /home/nacho/colcon_workspaces/smarc_ws/install/sam_description/share/sam_description/cmake/sam_descriptionConfig.cmake
[2.970s] -- Up-to-date symlink: /home/nacho/colcon_workspaces/smarc_ws/install/sam_description/share/sam_description/cmake/sam_descriptionConfig-version.cmake
[2.970s] -- Up-to-date symlink: /home/nacho/colcon_workspaces/smarc_ws/install/sam_description/share/sam_description/package.xml
[3.112s] Invoked command in '/home/nacho/colcon_workspaces/smarc_ws/build/sam_description' returned '0': CMAKE_PREFIX_PATH=/opt/ros/humble /usr/bin/cmake --install /home/nacho/colcon_workspaces/smarc_ws/build/sam_description
