-- Found ament_cmake: 1.3.11 (/opt/ros/humble/share/ament_cmake/cmake)
-- Override CMake install command with custom implementation using symlinks instead of copying resources
-- Found rosidl_default_generators: 1.2.0 (/opt/ros/humble/share/rosidl_default_generators/cmake)
-- Using all available rosidl_typesupport_c: rosidl_typesupport_fastrtps_c;rosidl_typesupport_introspection_c
-- Found rosidl_adapter: 3.1.6 (/opt/ros/humble/share/rosidl_adapter/cmake)
-- Using all available rosidl_typesupport_cpp: rosidl_typesupport_fastrtps_cpp;rosidl_typesupport_introspection_cpp
-- Found geographic_msgs: 1.0.6 (/opt/ros/humble/share/geographic_msgs/cmake)
-- Found sensor_msgs: 4.2.4 (/opt/ros/humble/share/sensor_msgs/cmake)
-- Found ament_cmake_ros: 0.10.0 (/opt/ros/humble/share/ament_cmake_ros/cmake)
-- Using all available rosidl_typesupport_c: rosidl_typesupport_fastrtps_c;rosidl_typesupport_introspection_c
-- Using all available rosidl_typesupport_cpp: rosidl_typesupport_fastrtps_cpp;rosidl_typesupport_introspection_cpp
-- Found python_cmake_module: 0.10.0 (/opt/ros/humble/share/python_cmake_module/cmake)
-- Using PYTHON_EXECUTABLE: /usr/bin/python3
-- Using PYTHON_INCLUDE_DIRS: /usr/include/python3.10
-- Using PYTHON_LIBRARIES: /usr/lib/x86_64-linux-gnu/libpython3.10.so
-- Found ament_lint_auto: 0.12.11 (/opt/ros/humble/share/ament_lint_auto/cmake)
-- Added test 'lint_cmake' to check CMake code style
-- Added test 'xmllint' to check XML markup files
-- Configuring done
-- Generating done
-- Build files have been written to: /home/nacho/colcon_workspaces/smarc_ws/build/smarc_mission_msgs
[35m[1mConsolidate compiler generated dependencies of target smarc_mission_msgs__rosidl_generator_c[0m
[  1%] Built target smarc_mission_msgs__cpp
[  1%] Built target ament_cmake_python_symlink_smarc_mission_msgs
[  2%] [32mBuilding C object CMakeFiles/smarc_mission_msgs__rosidl_generator_c.dir/rosidl_generator_c/smarc_mission_msgs/msg/detail/bt_command__functions.c.o[0m
[  3%] [32mBuilding C object CMakeFiles/smarc_mission_msgs__rosidl_generator_c.dir/rosidl_generator_c/smarc_mission_msgs/msg/detail/mission_control__functions.c.o[0m
[  4%] [32mBuilding C object CMakeFiles/smarc_mission_msgs__rosidl_generator_c.dir/rosidl_generator_c/smarc_mission_msgs/msg/detail/topics__functions.c.o[0m
[  5%] [32mBuilding C object CMakeFiles/smarc_mission_msgs__rosidl_generator_c.dir/rosidl_generator_c/smarc_mission_msgs/action/detail/empty__functions.c.o[0m
[  6%] [32mBuilding C object CMakeFiles/smarc_mission_msgs__rosidl_generator_c.dir/rosidl_generator_c/smarc_mission_msgs/srv/detail/dubins_plan__functions.c.o[0m
[  8%] [32mBuilding C object CMakeFiles/smarc_mission_msgs__rosidl_generator_c.dir/rosidl_generator_c/smarc_mission_msgs/msg/detail/goto_waypoint__functions.c.o[0m
[  9%] [32mBuilding C object CMakeFiles/smarc_mission_msgs__rosidl_generator_c.dir/rosidl_generator_c/smarc_mission_msgs/action/detail/goto_waypoint__functions.c.o[0m
[35m[1mConsolidate compiler generated dependencies of target smarc_mission_msgs__rosidl_typesupport_fastrtps_cpp[0m
[ 10%] [32mBuilding C object CMakeFiles/smarc_mission_msgs__rosidl_generator_c.dir/rosidl_generator_c/smarc_mission_msgs/srv/detail/utm_lat_lon__functions.c.o[0m
[35m[1mConsolidate compiler generated dependencies of target smarc_mission_msgs__rosidl_typesupport_introspection_cpp[0m
[35m[1mConsolidate compiler generated dependencies of target smarc_mission_msgs__rosidl_typesupport_cpp[0m
[ 11%] [32mBuilding CXX object CMakeFiles/smarc_mission_msgs__rosidl_typesupport_fastrtps_cpp.dir/rosidl_typesupport_fastrtps_cpp/smarc_mission_msgs/msg/detail/dds_fastrtps/topics__type_support.cpp.o[0m
[ 12%] [32mBuilding CXX object CMakeFiles/smarc_mission_msgs__rosidl_typesupport_fastrtps_cpp.dir/rosidl_typesupport_fastrtps_cpp/smarc_mission_msgs/msg/detail/dds_fastrtps/mission_control__type_support.cpp.o[0m
[ 13%] [32mBuilding CXX object CMakeFiles/smarc_mission_msgs__rosidl_typesupport_fastrtps_cpp.dir/rosidl_typesupport_fastrtps_cpp/smarc_mission_msgs/msg/detail/dds_fastrtps/bt_command__type_support.cpp.o[0m
[ 14%] [32mBuilding CXX object CMakeFiles/smarc_mission_msgs__rosidl_typesupport_fastrtps_cpp.dir/rosidl_typesupport_fastrtps_cpp/smarc_mission_msgs/msg/detail/dds_fastrtps/goto_waypoint__type_support.cpp.o[0m
[ 16%] [32mBuilding CXX object CMakeFiles/smarc_mission_msgs__rosidl_typesupport_fastrtps_cpp.dir/rosidl_typesupport_fastrtps_cpp/smarc_mission_msgs/action/detail/dds_fastrtps/empty__type_support.cpp.o[0m
[ 17%] [32mBuilding CXX object CMakeFiles/smarc_mission_msgs__rosidl_typesupport_fastrtps_cpp.dir/rosidl_typesupport_fastrtps_cpp/smarc_mission_msgs/action/detail/dds_fastrtps/goto_waypoint__type_support.cpp.o[0m
[ 18%] [32mBuilding CXX object CMakeFiles/smarc_mission_msgs__rosidl_typesupport_introspection_cpp.dir/rosidl_typesupport_introspection_cpp/smarc_mission_msgs/msg/detail/bt_command__type_support.cpp.o[0m
[ 19%] [32mBuilding CXX object CMakeFiles/smarc_mission_msgs__rosidl_typesupport_cpp.dir/rosidl_typesupport_cpp/smarc_mission_msgs/msg/topics__type_support.cpp.o[0m
[ 20%] [32mBuilding CXX object CMakeFiles/smarc_mission_msgs__rosidl_typesupport_introspection_cpp.dir/rosidl_typesupport_introspection_cpp/smarc_mission_msgs/msg/detail/goto_waypoint__type_support.cpp.o[0m
[ 21%] [32mBuilding CXX object CMakeFiles/smarc_mission_msgs__rosidl_typesupport_introspection_cpp.dir/rosidl_typesupport_introspection_cpp/smarc_mission_msgs/msg/detail/topics__type_support.cpp.o[0m
[ 22%] [32mBuilding CXX object CMakeFiles/smarc_mission_msgs__rosidl_typesupport_cpp.dir/rosidl_typesupport_cpp/smarc_mission_msgs/msg/bt_command__type_support.cpp.o[0m
[ 24%] [32mBuilding CXX object CMakeFiles/smarc_mission_msgs__rosidl_typesupport_cpp.dir/rosidl_typesupport_cpp/smarc_mission_msgs/msg/goto_waypoint__type_support.cpp.o[0m
[ 25%] [32mBuilding CXX object CMakeFiles/smarc_mission_msgs__rosidl_typesupport_introspection_cpp.dir/rosidl_typesupport_introspection_cpp/smarc_mission_msgs/msg/detail/mission_control__type_support.cpp.o[0m
[ 26%] [32mBuilding CXX object CMakeFiles/smarc_mission_msgs__rosidl_typesupport_introspection_cpp.dir/rosidl_typesupport_introspection_cpp/smarc_mission_msgs/action/detail/empty__type_support.cpp.o[0m
[ 27%] [32mBuilding CXX object CMakeFiles/smarc_mission_msgs__rosidl_typesupport_fastrtps_cpp.dir/rosidl_typesupport_fastrtps_cpp/smarc_mission_msgs/srv/detail/dds_fastrtps/dubins_plan__type_support.cpp.o[0m
[ 28%] [32mBuilding CXX object CMakeFiles/smarc_mission_msgs__rosidl_typesupport_cpp.dir/rosidl_typesupport_cpp/smarc_mission_msgs/msg/mission_control__type_support.cpp.o[0m
[ 29%] [32mBuilding CXX object CMakeFiles/smarc_mission_msgs__rosidl_typesupport_fastrtps_cpp.dir/rosidl_typesupport_fastrtps_cpp/smarc_mission_msgs/srv/detail/dds_fastrtps/utm_lat_lon__type_support.cpp.o[0m
[ 31%] [32mBuilding CXX object CMakeFiles/smarc_mission_msgs__rosidl_typesupport_introspection_cpp.dir/rosidl_typesupport_introspection_cpp/smarc_mission_msgs/action/detail/goto_waypoint__type_support.cpp.o[0m
[ 32%] [32m[1mLinking C shared library libsmarc_mission_msgs__rosidl_generator_c.so[0m
[ 33%] Built target smarc_mission_msgs__rosidl_generator_c
[35m[1mConsolidate compiler generated dependencies of target smarc_mission_msgs__rosidl_typesupport_fastrtps_c[0m
[ 34%] [32mBuilding CXX object CMakeFiles/smarc_mission_msgs__rosidl_typesupport_fastrtps_c.dir/rosidl_typesupport_fastrtps_c/smarc_mission_msgs/msg/detail/topics__type_support_c.cpp.o[0m
running egg_info
writing smarc_mission_msgs.egg-info/PKG-INFO
writing dependency_links to smarc_mission_msgs.egg-info/dependency_links.txt
writing top-level names to smarc_mission_msgs.egg-info/top_level.txt
reading manifest file 'smarc_mission_msgs.egg-info/SOURCES.txt'
writing manifest file 'smarc_mission_msgs.egg-info/SOURCES.txt'
[ 35%] [32mBuilding CXX object CMakeFiles/smarc_mission_msgs__rosidl_typesupport_introspection_cpp.dir/rosidl_typesupport_introspection_cpp/smarc_mission_msgs/srv/detail/dubins_plan__type_support.cpp.o[0m
[ 36%] [32mBuilding CXX object CMakeFiles/smarc_mission_msgs__rosidl_typesupport_introspection_cpp.dir/rosidl_typesupport_introspection_cpp/smarc_mission_msgs/srv/detail/utm_lat_lon__type_support.cpp.o[0m
[ 37%] [32mBuilding CXX object CMakeFiles/smarc_mission_msgs__rosidl_typesupport_cpp.dir/rosidl_typesupport_cpp/smarc_mission_msgs/action/empty__type_support.cpp.o[0m
[ 37%] Built target ament_cmake_python_build_smarc_mission_msgs_egg
[35m[1mConsolidate compiler generated dependencies of target smarc_mission_msgs__rosidl_typesupport_introspection_c[0m
[ 39%] [32mBuilding CXX object CMakeFiles/smarc_mission_msgs__rosidl_typesupport_fastrtps_c.dir/rosidl_typesupport_fastrtps_c/smarc_mission_msgs/msg/detail/bt_command__type_support_c.cpp.o[0m
[ 40%] [32mBuilding C object CMakeFiles/smarc_mission_msgs__rosidl_typesupport_introspection_c.dir/rosidl_typesupport_introspection_c/smarc_mission_msgs/msg/detail/topics__type_support.c.o[0m
[ 41%] [32mBuilding C object CMakeFiles/smarc_mission_msgs__rosidl_typesupport_introspection_c.dir/rosidl_typesupport_introspection_c/smarc_mission_msgs/msg/detail/bt_command__type_support.c.o[0m
[ 42%] [32mBuilding CXX object CMakeFiles/smarc_mission_msgs__rosidl_typesupport_cpp.dir/rosidl_typesupport_cpp/smarc_mission_msgs/action/goto_waypoint__type_support.cpp.o[0m
[ 43%] [32mBuilding CXX object CMakeFiles/smarc_mission_msgs__rosidl_typesupport_fastrtps_c.dir/rosidl_typesupport_fastrtps_c/smarc_mission_msgs/msg/detail/goto_waypoint__type_support_c.cpp.o[0m
[ 44%] [32mBuilding C object CMakeFiles/smarc_mission_msgs__rosidl_typesupport_introspection_c.dir/rosidl_typesupport_introspection_c/smarc_mission_msgs/msg/detail/goto_waypoint__type_support.c.o[0m
[ 45%] [32mBuilding CXX object CMakeFiles/smarc_mission_msgs__rosidl_typesupport_cpp.dir/rosidl_typesupport_cpp/smarc_mission_msgs/srv/dubins_plan__type_support.cpp.o[0m
[ 47%] [32mBuilding C object CMakeFiles/smarc_mission_msgs__rosidl_typesupport_introspection_c.dir/rosidl_typesupport_introspection_c/smarc_mission_msgs/msg/detail/mission_control__type_support.c.o[0m
[ 48%] [32mBuilding CXX object CMakeFiles/smarc_mission_msgs__rosidl_typesupport_cpp.dir/rosidl_typesupport_cpp/smarc_mission_msgs/srv/utm_lat_lon__type_support.cpp.o[0m
[ 49%] [32mBuilding CXX object CMakeFiles/smarc_mission_msgs__rosidl_typesupport_fastrtps_c.dir/rosidl_typesupport_fastrtps_c/smarc_mission_msgs/msg/detail/mission_control__type_support_c.cpp.o[0m
[ 50%] [32mBuilding C object CMakeFiles/smarc_mission_msgs__rosidl_typesupport_introspection_c.dir/rosidl_typesupport_introspection_c/smarc_mission_msgs/action/detail/empty__type_support.c.o[0m
[35m[1mConsolidate compiler generated dependencies of target smarc_mission_msgs__rosidl_typesupport_c[0m
[ 51%] [32mBuilding CXX object CMakeFiles/smarc_mission_msgs__rosidl_typesupport_c.dir/rosidl_typesupport_c/smarc_mission_msgs/msg/topics__type_support.cpp.o[0m
[ 52%] [32mBuilding CXX object CMakeFiles/smarc_mission_msgs__rosidl_typesupport_fastrtps_c.dir/rosidl_typesupport_fastrtps_c/smarc_mission_msgs/action/detail/empty__type_support_c.cpp.o[0m
[ 54%] [32mBuilding CXX object CMakeFiles/smarc_mission_msgs__rosidl_typesupport_fastrtps_c.dir/rosidl_typesupport_fastrtps_c/smarc_mission_msgs/action/detail/goto_waypoint__type_support_c.cpp.o[0m
[ 55%] [32mBuilding CXX object CMakeFiles/smarc_mission_msgs__rosidl_typesupport_c.dir/rosidl_typesupport_c/smarc_mission_msgs/msg/bt_command__type_support.cpp.o[0m
[ 56%] [32mBuilding C object CMakeFiles/smarc_mission_msgs__rosidl_typesupport_introspection_c.dir/rosidl_typesupport_introspection_c/smarc_mission_msgs/action/detail/goto_waypoint__type_support.c.o[0m
[ 57%] [32mBuilding CXX object CMakeFiles/smarc_mission_msgs__rosidl_typesupport_c.dir/rosidl_typesupport_c/smarc_mission_msgs/msg/goto_waypoint__type_support.cpp.o[0m
[ 58%] [32mBuilding CXX object CMakeFiles/smarc_mission_msgs__rosidl_typesupport_c.dir/rosidl_typesupport_c/smarc_mission_msgs/msg/mission_control__type_support.cpp.o[0m
[ 59%] [32mBuilding CXX object CMakeFiles/smarc_mission_msgs__rosidl_typesupport_fastrtps_c.dir/rosidl_typesupport_fastrtps_c/smarc_mission_msgs/srv/detail/dubins_plan__type_support_c.cpp.o[0m
[ 60%] [32mBuilding CXX object CMakeFiles/smarc_mission_msgs__rosidl_typesupport_c.dir/rosidl_typesupport_c/smarc_mission_msgs/action/empty__type_support.cpp.o[0m
[ 62%] [32mBuilding CXX object CMakeFiles/smarc_mission_msgs__rosidl_typesupport_fastrtps_c.dir/rosidl_typesupport_fastrtps_c/smarc_mission_msgs/srv/detail/utm_lat_lon__type_support_c.cpp.o[0m
[ 63%] [32mBuilding C object CMakeFiles/smarc_mission_msgs__rosidl_typesupport_introspection_c.dir/rosidl_typesupport_introspection_c/smarc_mission_msgs/srv/detail/dubins_plan__type_support.c.o[0m
[ 64%] [32mBuilding CXX object CMakeFiles/smarc_mission_msgs__rosidl_typesupport_c.dir/rosidl_typesupport_c/smarc_mission_msgs/action/goto_waypoint__type_support.cpp.o[0m
[ 65%] [32mBuilding C object CMakeFiles/smarc_mission_msgs__rosidl_typesupport_introspection_c.dir/rosidl_typesupport_introspection_c/smarc_mission_msgs/srv/detail/utm_lat_lon__type_support.c.o[0m
[ 66%] [32mBuilding CXX object CMakeFiles/smarc_mission_msgs__rosidl_typesupport_c.dir/rosidl_typesupport_c/smarc_mission_msgs/srv/dubins_plan__type_support.cpp.o[0m
[ 67%] [32mBuilding CXX object CMakeFiles/smarc_mission_msgs__rosidl_typesupport_c.dir/rosidl_typesupport_c/smarc_mission_msgs/srv/utm_lat_lon__type_support.cpp.o[0m
[ 68%] [32m[1mLinking C shared library libsmarc_mission_msgs__rosidl_typesupport_introspection_c.so[0m
[ 70%] [32m[1mLinking CXX shared library libsmarc_mission_msgs__rosidl_typesupport_c.so[0m
[ 71%] Built target smarc_mission_msgs__rosidl_typesupport_introspection_c
[ 72%] [32m[1mLinking CXX shared library libsmarc_mission_msgs__rosidl_typesupport_fastrtps_cpp.so[0m
[ 73%] Built target smarc_mission_msgs__rosidl_typesupport_c
[ 74%] [32m[1mLinking CXX shared library libsmarc_mission_msgs__rosidl_typesupport_cpp.so[0m
[ 75%] Built target smarc_mission_msgs__rosidl_typesupport_fastrtps_cpp
[ 77%] Built target smarc_mission_msgs__rosidl_typesupport_cpp
[ 78%] [32m[1mLinking CXX shared library libsmarc_mission_msgs__rosidl_typesupport_introspection_cpp.so[0m
[ 79%] [32m[1mLinking CXX shared library libsmarc_mission_msgs__rosidl_typesupport_fastrtps_c.so[0m
[ 80%] Built target smarc_mission_msgs__rosidl_typesupport_introspection_cpp
[ 81%] Built target smarc_mission_msgs__rosidl_typesupport_fastrtps_c
[ 81%] Built target smarc_mission_msgs
[ 82%] Built target smarc_mission_msgs__py
[35m[1mConsolidate compiler generated dependencies of target smarc_mission_msgs__rosidl_generator_py[0m
[ 83%] [32mBuilding C object CMakeFiles/smarc_mission_msgs__rosidl_generator_py.dir/rosidl_generator_py/smarc_mission_msgs/msg/_topics_s.c.o[0m
[ 87%] [32mBuilding C object CMakeFiles/smarc_mission_msgs__rosidl_generator_py.dir/rosidl_generator_py/smarc_mission_msgs/msg/_mission_control_s.c.o[0m
[ 85%] [32mBuilding C object CMakeFiles/smarc_mission_msgs__rosidl_generator_py.dir/rosidl_generator_py/smarc_mission_msgs/msg/_bt_command_s.c.o[0m
[ 87%] [32mBuilding C object CMakeFiles/smarc_mission_msgs__rosidl_generator_py.dir/rosidl_generator_py/smarc_mission_msgs/msg/_goto_waypoint_s.c.o[0m
[ 88%] [32mBuilding C object CMakeFiles/smarc_mission_msgs__rosidl_generator_py.dir/rosidl_generator_py/smarc_mission_msgs/action/_empty_s.c.o[0m
[ 89%] [32mBuilding C object CMakeFiles/smarc_mission_msgs__rosidl_generator_py.dir/rosidl_generator_py/smarc_mission_msgs/action/_goto_waypoint_s.c.o[0m
[ 90%] [32mBuilding C object CMakeFiles/smarc_mission_msgs__rosidl_generator_py.dir/rosidl_generator_py/smarc_mission_msgs/srv/_utm_lat_lon_s.c.o[0m
[ 91%] [32mBuilding C object CMakeFiles/smarc_mission_msgs__rosidl_generator_py.dir/rosidl_generator_py/smarc_mission_msgs/srv/_dubins_plan_s.c.o[0m
[ 93%] [32m[1mLinking C shared library rosidl_generator_py/smarc_mission_msgs/libsmarc_mission_msgs__rosidl_generator_py.so[0m
[ 93%] Built target smarc_mission_msgs__rosidl_generator_py
[35m[1mConsolidate compiler generated dependencies of target smarc_mission_msgs__rosidl_typesupport_fastrtps_c__pyext[0m
[35m[1mConsolidate compiler generated dependencies of target smarc_mission_msgs__rosidl_typesupport_introspection_c__pyext[0m
[35m[1mConsolidate compiler generated dependencies of target smarc_mission_msgs__rosidl_typesupport_c__pyext[0m
[ 94%] [32mBuilding C object CMakeFiles/smarc_mission_msgs__rosidl_typesupport_fastrtps_c__pyext.dir/rosidl_generator_py/smarc_mission_msgs/_smarc_mission_msgs_s.ep.rosidl_typesupport_fastrtps_c.c.o[0m
[ 96%] [32mBuilding C object CMakeFiles/smarc_mission_msgs__rosidl_typesupport_introspection_c__pyext.dir/rosidl_generator_py/smarc_mission_msgs/_smarc_mission_msgs_s.ep.rosidl_typesupport_introspection_c.c.o[0m
[ 96%] [32mBuilding C object CMakeFiles/smarc_mission_msgs__rosidl_typesupport_c__pyext.dir/rosidl_generator_py/smarc_mission_msgs/_smarc_mission_msgs_s.ep.rosidl_typesupport_c.c.o[0m
[ 97%] [32m[1mLinking C shared library rosidl_generator_py/smarc_mission_msgs/smarc_mission_msgs_s__rosidl_typesupport_fastrtps_c.cpython-310-x86_64-linux-gnu.so[0m
[ 98%] [32m[1mLinking C shared library rosidl_generator_py/smarc_mission_msgs/smarc_mission_msgs_s__rosidl_typesupport_c.cpython-310-x86_64-linux-gnu.so[0m
[100%] [32m[1mLinking C shared library rosidl_generator_py/smarc_mission_msgs/smarc_mission_msgs_s__rosidl_typesupport_introspection_c.cpython-310-x86_64-linux-gnu.so[0m
[100%] Built target smarc_mission_msgs__rosidl_typesupport_fastrtps_c__pyext
[100%] Built target smarc_mission_msgs__rosidl_typesupport_c__pyext
[100%] Built target smarc_mission_msgs__rosidl_typesupport_introspection_c__pyext
-- Install configuration: ""
-- Execute custom install script
-- Up-to-date symlink: /home/nacho/colcon_workspaces/smarc_ws/install/smarc_mission_msgs/share/ament_index/resource_index/rosidl_interfaces/smarc_mission_msgs
-- Up-to-date symlink: /home/nacho/colcon_workspaces/smarc_ws/install/smarc_mission_msgs/include/smarc_mission_msgs/smarc_mission_msgs/action/detail/empty__functions.h
-- Up-to-date symlink: /home/nacho/colcon_workspaces/smarc_ws/install/smarc_mission_msgs/include/smarc_mission_msgs/smarc_mission_msgs/action/detail/empty__struct.h
-- Up-to-date symlink: /home/nacho/colcon_workspaces/smarc_ws/install/smarc_mission_msgs/include/smarc_mission_msgs/smarc_mission_msgs/action/detail/empty__type_support.h
-- Up-to-date symlink: /home/nacho/colcon_workspaces/smarc_ws/install/smarc_mission_msgs/include/smarc_mission_msgs/smarc_mission_msgs/action/detail/goto_waypoint__functions.h
-- Up-to-date symlink: /home/nacho/colcon_workspaces/smarc_ws/install/smarc_mission_msgs/include/smarc_mission_msgs/smarc_mission_msgs/action/detail/goto_waypoint__struct.h
-- Up-to-date symlink: /home/nacho/colcon_workspaces/smarc_ws/install/smarc_mission_msgs/include/smarc_mission_msgs/smarc_mission_msgs/action/detail/goto_waypoint__type_support.h
-- Up-to-date symlink: /home/nacho/colcon_workspaces/smarc_ws/install/smarc_mission_msgs/include/smarc_mission_msgs/smarc_mission_msgs/action/empty.h
-- Up-to-date symlink: /home/nacho/colcon_workspaces/smarc_ws/install/smarc_mission_msgs/include/smarc_mission_msgs/smarc_mission_msgs/action/goto_waypoint.h
-- Up-to-date symlink: /home/nacho/colcon_workspaces/smarc_ws/install/smarc_mission_msgs/include/smarc_mission_msgs/smarc_mission_msgs/msg/bt_command.h
-- Up-to-date symlink: /home/nacho/colcon_workspaces/smarc_ws/install/smarc_mission_msgs/include/smarc_mission_msgs/smarc_mission_msgs/msg/detail/bt_command__functions.h
-- Up-to-date symlink: /home/nacho/colcon_workspaces/smarc_ws/install/smarc_mission_msgs/include/smarc_mission_msgs/smarc_mission_msgs/msg/detail/bt_command__struct.h
-- Up-to-date symlink: /home/nacho/colcon_workspaces/smarc_ws/install/smarc_mission_msgs/include/smarc_mission_msgs/smarc_mission_msgs/msg/detail/bt_command__type_support.h
-- Up-to-date symlink: /home/nacho/colcon_workspaces/smarc_ws/install/smarc_mission_msgs/include/smarc_mission_msgs/smarc_mission_msgs/msg/detail/goto_waypoint__functions.h
-- Up-to-date symlink: /home/nacho/colcon_workspaces/smarc_ws/install/smarc_mission_msgs/include/smarc_mission_msgs/smarc_mission_msgs/msg/detail/goto_waypoint__struct.h
-- Up-to-date symlink: /home/nacho/colcon_workspaces/smarc_ws/install/smarc_mission_msgs/include/smarc_mission_msgs/smarc_mission_msgs/msg/detail/goto_waypoint__type_support.h
-- Up-to-date symlink: /home/nacho/colcon_workspaces/smarc_ws/install/smarc_mission_msgs/include/smarc_mission_msgs/smarc_mission_msgs/msg/detail/mission_control__functions.h
-- Up-to-date symlink: /home/nacho/colcon_workspaces/smarc_ws/install/smarc_mission_msgs/include/smarc_mission_msgs/smarc_mission_msgs/msg/detail/mission_control__struct.h
-- Up-to-date symlink: /home/nacho/colcon_workspaces/smarc_ws/install/smarc_mission_msgs/include/smarc_mission_msgs/smarc_mission_msgs/msg/detail/mission_control__type_support.h
-- Up-to-date symlink: /home/nacho/colcon_workspaces/smarc_ws/install/smarc_mission_msgs/include/smarc_mission_msgs/smarc_mission_msgs/msg/detail/topics__functions.h
-- Up-to-date symlink: /home/nacho/colcon_workspaces/smarc_ws/install/smarc_mission_msgs/include/smarc_mission_msgs/smarc_mission_msgs/msg/detail/topics__struct.h
-- Up-to-date symlink: /home/nacho/colcon_workspaces/smarc_ws/install/smarc_mission_msgs/include/smarc_mission_msgs/smarc_mission_msgs/msg/detail/topics__type_support.h
-- Up-to-date symlink: /home/nacho/colcon_workspaces/smarc_ws/install/smarc_mission_msgs/include/smarc_mission_msgs/smarc_mission_msgs/msg/goto_waypoint.h
-- Up-to-date symlink: /home/nacho/colcon_workspaces/smarc_ws/install/smarc_mission_msgs/include/smarc_mission_msgs/smarc_mission_msgs/msg/mission_control.h
-- Up-to-date symlink: /home/nacho/colcon_workspaces/smarc_ws/install/smarc_mission_msgs/include/smarc_mission_msgs/smarc_mission_msgs/msg/rosidl_generator_c__visibility_control.h
-- Up-to-date symlink: /home/nacho/colcon_workspaces/smarc_ws/install/smarc_mission_msgs/include/smarc_mission_msgs/smarc_mission_msgs/msg/topics.h
-- Up-to-date symlink: /home/nacho/colcon_workspaces/smarc_ws/install/smarc_mission_msgs/include/smarc_mission_msgs/smarc_mission_msgs/srv/detail/dubins_plan__functions.h
-- Up-to-date symlink: /home/nacho/colcon_workspaces/smarc_ws/install/smarc_mission_msgs/include/smarc_mission_msgs/smarc_mission_msgs/srv/detail/dubins_plan__struct.h
-- Up-to-date symlink: /home/nacho/colcon_workspaces/smarc_ws/install/smarc_mission_msgs/include/smarc_mission_msgs/smarc_mission_msgs/srv/detail/dubins_plan__type_support.h
-- Up-to-date symlink: /home/nacho/colcon_workspaces/smarc_ws/install/smarc_mission_msgs/include/smarc_mission_msgs/smarc_mission_msgs/srv/detail/utm_lat_lon__functions.h
-- Up-to-date symlink: /home/nacho/colcon_workspaces/smarc_ws/install/smarc_mission_msgs/include/smarc_mission_msgs/smarc_mission_msgs/srv/detail/utm_lat_lon__struct.h
-- Up-to-date symlink: /home/nacho/colcon_workspaces/smarc_ws/install/smarc_mission_msgs/include/smarc_mission_msgs/smarc_mission_msgs/srv/detail/utm_lat_lon__type_support.h
-- Up-to-date symlink: /home/nacho/colcon_workspaces/smarc_ws/install/smarc_mission_msgs/include/smarc_mission_msgs/smarc_mission_msgs/srv/dubins_plan.h
-- Up-to-date symlink: /home/nacho/colcon_workspaces/smarc_ws/install/smarc_mission_msgs/include/smarc_mission_msgs/smarc_mission_msgs/srv/utm_lat_lon.h
-- Up-to-date symlink: /home/nacho/colcon_workspaces/smarc_ws/install/smarc_mission_msgs/share/smarc_mission_msgs/environment/library_path.sh
-- Up-to-date symlink: /home/nacho/colcon_workspaces/smarc_ws/install/smarc_mission_msgs/share/smarc_mission_msgs/environment/library_path.dsv
-- Up-to-date symlink: /home/nacho/colcon_workspaces/smarc_ws/install/smarc_mission_msgs/include/smarc_mission_msgs/smarc_mission_msgs/action/detail/empty__rosidl_typesupport_fastrtps_c.h
-- Up-to-date symlink: /home/nacho/colcon_workspaces/smarc_ws/install/smarc_mission_msgs/include/smarc_mission_msgs/smarc_mission_msgs/action/detail/goto_waypoint__rosidl_typesupport_fastrtps_c.h
-- Up-to-date symlink: /home/nacho/colcon_workspaces/smarc_ws/install/smarc_mission_msgs/include/smarc_mission_msgs/smarc_mission_msgs/msg/detail/bt_command__rosidl_typesupport_fastrtps_c.h
-- Up-to-date symlink: /home/nacho/colcon_workspaces/smarc_ws/install/smarc_mission_msgs/include/smarc_mission_msgs/smarc_mission_msgs/msg/detail/goto_waypoint__rosidl_typesupport_fastrtps_c.h
-- Up-to-date symlink: /home/nacho/colcon_workspaces/smarc_ws/install/smarc_mission_msgs/include/smarc_mission_msgs/smarc_mission_msgs/msg/detail/mission_control__rosidl_typesupport_fastrtps_c.h
-- Up-to-date symlink: /home/nacho/colcon_workspaces/smarc_ws/install/smarc_mission_msgs/include/smarc_mission_msgs/smarc_mission_msgs/msg/detail/topics__rosidl_typesupport_fastrtps_c.h
-- Up-to-date symlink: /home/nacho/colcon_workspaces/smarc_ws/install/smarc_mission_msgs/include/smarc_mission_msgs/smarc_mission_msgs/msg/rosidl_typesupport_fastrtps_c__visibility_control.h
-- Up-to-date symlink: /home/nacho/colcon_workspaces/smarc_ws/install/smarc_mission_msgs/include/smarc_mission_msgs/smarc_mission_msgs/srv/detail/dubins_plan__rosidl_typesupport_fastrtps_c.h
-- Up-to-date symlink: /home/nacho/colcon_workspaces/smarc_ws/install/smarc_mission_msgs/include/smarc_mission_msgs/smarc_mission_msgs/srv/detail/utm_lat_lon__rosidl_typesupport_fastrtps_c.h
-- Up-to-date symlink: /home/nacho/colcon_workspaces/smarc_ws/install/smarc_mission_msgs/include/smarc_mission_msgs/smarc_mission_msgs/action/detail/empty__rosidl_typesupport_introspection_c.h
-- Up-to-date symlink: /home/nacho/colcon_workspaces/smarc_ws/install/smarc_mission_msgs/include/smarc_mission_msgs/smarc_mission_msgs/action/detail/goto_waypoint__rosidl_typesupport_introspection_c.h
-- Up-to-date symlink: /home/nacho/colcon_workspaces/smarc_ws/install/smarc_mission_msgs/include/smarc_mission_msgs/smarc_mission_msgs/msg/detail/bt_command__rosidl_typesupport_introspection_c.h
-- Up-to-date symlink: /home/nacho/colcon_workspaces/smarc_ws/install/smarc_mission_msgs/include/smarc_mission_msgs/smarc_mission_msgs/msg/detail/goto_waypoint__rosidl_typesupport_introspection_c.h
-- Up-to-date symlink: /home/nacho/colcon_workspaces/smarc_ws/install/smarc_mission_msgs/include/smarc_mission_msgs/smarc_mission_msgs/msg/detail/mission_control__rosidl_typesupport_introspection_c.h
-- Up-to-date symlink: /home/nacho/colcon_workspaces/smarc_ws/install/smarc_mission_msgs/include/smarc_mission_msgs/smarc_mission_msgs/msg/detail/topics__rosidl_typesupport_introspection_c.h
-- Up-to-date symlink: /home/nacho/colcon_workspaces/smarc_ws/install/smarc_mission_msgs/include/smarc_mission_msgs/smarc_mission_msgs/msg/rosidl_typesupport_introspection_c__visibility_control.h
-- Up-to-date symlink: /home/nacho/colcon_workspaces/smarc_ws/install/smarc_mission_msgs/include/smarc_mission_msgs/smarc_mission_msgs/srv/detail/dubins_plan__rosidl_typesupport_introspection_c.h
-- Up-to-date symlink: /home/nacho/colcon_workspaces/smarc_ws/install/smarc_mission_msgs/include/smarc_mission_msgs/smarc_mission_msgs/srv/detail/utm_lat_lon__rosidl_typesupport_introspection_c.h
-- Up-to-date symlink: /home/nacho/colcon_workspaces/smarc_ws/install/smarc_mission_msgs/include/smarc_mission_msgs/smarc_mission_msgs/action/detail/empty__builder.hpp
-- Up-to-date symlink: /home/nacho/colcon_workspaces/smarc_ws/install/smarc_mission_msgs/include/smarc_mission_msgs/smarc_mission_msgs/action/detail/empty__struct.hpp
-- Up-to-date symlink: /home/nacho/colcon_workspaces/smarc_ws/install/smarc_mission_msgs/include/smarc_mission_msgs/smarc_mission_msgs/action/detail/empty__traits.hpp
-- Up-to-date symlink: /home/nacho/colcon_workspaces/smarc_ws/install/smarc_mission_msgs/include/smarc_mission_msgs/smarc_mission_msgs/action/detail/empty__type_support.hpp
-- Up-to-date symlink: /home/nacho/colcon_workspaces/smarc_ws/install/smarc_mission_msgs/include/smarc_mission_msgs/smarc_mission_msgs/action/detail/goto_waypoint__builder.hpp
-- Up-to-date symlink: /home/nacho/colcon_workspaces/smarc_ws/install/smarc_mission_msgs/include/smarc_mission_msgs/smarc_mission_msgs/action/detail/goto_waypoint__struct.hpp
-- Up-to-date symlink: /home/nacho/colcon_workspaces/smarc_ws/install/smarc_mission_msgs/include/smarc_mission_msgs/smarc_mission_msgs/action/detail/goto_waypoint__traits.hpp
-- Up-to-date symlink: /home/nacho/colcon_workspaces/smarc_ws/install/smarc_mission_msgs/include/smarc_mission_msgs/smarc_mission_msgs/action/detail/goto_waypoint__type_support.hpp
-- Up-to-date symlink: /home/nacho/colcon_workspaces/smarc_ws/install/smarc_mission_msgs/include/smarc_mission_msgs/smarc_mission_msgs/action/empty.hpp
-- Up-to-date symlink: /home/nacho/colcon_workspaces/smarc_ws/install/smarc_mission_msgs/include/smarc_mission_msgs/smarc_mission_msgs/action/goto_waypoint.hpp
-- Up-to-date symlink: /home/nacho/colcon_workspaces/smarc_ws/install/smarc_mission_msgs/include/smarc_mission_msgs/smarc_mission_msgs/msg/bt_command.hpp
-- Up-to-date symlink: /home/nacho/colcon_workspaces/smarc_ws/install/smarc_mission_msgs/include/smarc_mission_msgs/smarc_mission_msgs/msg/detail/bt_command__builder.hpp
-- Up-to-date symlink: /home/nacho/colcon_workspaces/smarc_ws/install/smarc_mission_msgs/include/smarc_mission_msgs/smarc_mission_msgs/msg/detail/bt_command__struct.hpp
-- Up-to-date symlink: /home/nacho/colcon_workspaces/smarc_ws/install/smarc_mission_msgs/include/smarc_mission_msgs/smarc_mission_msgs/msg/detail/bt_command__traits.hpp
-- Up-to-date symlink: /home/nacho/colcon_workspaces/smarc_ws/install/smarc_mission_msgs/include/smarc_mission_msgs/smarc_mission_msgs/msg/detail/bt_command__type_support.hpp
-- Up-to-date symlink: /home/nacho/colcon_workspaces/smarc_ws/install/smarc_mission_msgs/include/smarc_mission_msgs/smarc_mission_msgs/msg/detail/goto_waypoint__builder.hpp
-- Up-to-date symlink: /home/nacho/colcon_workspaces/smarc_ws/install/smarc_mission_msgs/include/smarc_mission_msgs/smarc_mission_msgs/msg/detail/goto_waypoint__struct.hpp
-- Up-to-date symlink: /home/nacho/colcon_workspaces/smarc_ws/install/smarc_mission_msgs/include/smarc_mission_msgs/smarc_mission_msgs/msg/detail/goto_waypoint__traits.hpp
-- Up-to-date symlink: /home/nacho/colcon_workspaces/smarc_ws/install/smarc_mission_msgs/include/smarc_mission_msgs/smarc_mission_msgs/msg/detail/goto_waypoint__type_support.hpp
-- Up-to-date symlink: /home/nacho/colcon_workspaces/smarc_ws/install/smarc_mission_msgs/include/smarc_mission_msgs/smarc_mission_msgs/msg/detail/mission_control__builder.hpp
-- Up-to-date symlink: /home/nacho/colcon_workspaces/smarc_ws/install/smarc_mission_msgs/include/smarc_mission_msgs/smarc_mission_msgs/msg/detail/mission_control__struct.hpp
-- Up-to-date symlink: /home/nacho/colcon_workspaces/smarc_ws/install/smarc_mission_msgs/include/smarc_mission_msgs/smarc_mission_msgs/msg/detail/mission_control__traits.hpp
-- Up-to-date symlink: /home/nacho/colcon_workspaces/smarc_ws/install/smarc_mission_msgs/include/smarc_mission_msgs/smarc_mission_msgs/msg/detail/mission_control__type_support.hpp
-- Up-to-date symlink: /home/nacho/colcon_workspaces/smarc_ws/install/smarc_mission_msgs/include/smarc_mission_msgs/smarc_mission_msgs/msg/detail/topics__builder.hpp
-- Up-to-date symlink: /home/nacho/colcon_workspaces/smarc_ws/install/smarc_mission_msgs/include/smarc_mission_msgs/smarc_mission_msgs/msg/detail/topics__struct.hpp
-- Up-to-date symlink: /home/nacho/colcon_workspaces/smarc_ws/install/smarc_mission_msgs/include/smarc_mission_msgs/smarc_mission_msgs/msg/detail/topics__traits.hpp
-- Up-to-date symlink: /home/nacho/colcon_workspaces/smarc_ws/install/smarc_mission_msgs/include/smarc_mission_msgs/smarc_mission_msgs/msg/detail/topics__type_support.hpp
-- Up-to-date symlink: /home/nacho/colcon_workspaces/smarc_ws/install/smarc_mission_msgs/include/smarc_mission_msgs/smarc_mission_msgs/msg/goto_waypoint.hpp
-- Up-to-date symlink: /home/nacho/colcon_workspaces/smarc_ws/install/smarc_mission_msgs/include/smarc_mission_msgs/smarc_mission_msgs/msg/mission_control.hpp
-- Up-to-date symlink: /home/nacho/colcon_workspaces/smarc_ws/install/smarc_mission_msgs/include/smarc_mission_msgs/smarc_mission_msgs/msg/rosidl_generator_cpp__visibility_control.hpp
-- Up-to-date symlink: /home/nacho/colcon_workspaces/smarc_ws/install/smarc_mission_msgs/include/smarc_mission_msgs/smarc_mission_msgs/msg/topics.hpp
-- Up-to-date symlink: /home/nacho/colcon_workspaces/smarc_ws/install/smarc_mission_msgs/include/smarc_mission_msgs/smarc_mission_msgs/srv/detail/dubins_plan__builder.hpp
-- Up-to-date symlink: /home/nacho/colcon_workspaces/smarc_ws/install/smarc_mission_msgs/include/smarc_mission_msgs/smarc_mission_msgs/srv/detail/dubins_plan__struct.hpp
-- Up-to-date symlink: /home/nacho/colcon_workspaces/smarc_ws/install/smarc_mission_msgs/include/smarc_mission_msgs/smarc_mission_msgs/srv/detail/dubins_plan__traits.hpp
-- Up-to-date symlink: /home/nacho/colcon_workspaces/smarc_ws/install/smarc_mission_msgs/include/smarc_mission_msgs/smarc_mission_msgs/srv/detail/dubins_plan__type_support.hpp
-- Up-to-date symlink: /home/nacho/colcon_workspaces/smarc_ws/install/smarc_mission_msgs/include/smarc_mission_msgs/smarc_mission_msgs/srv/detail/utm_lat_lon__builder.hpp
-- Up-to-date symlink: /home/nacho/colcon_workspaces/smarc_ws/install/smarc_mission_msgs/include/smarc_mission_msgs/smarc_mission_msgs/srv/detail/utm_lat_lon__struct.hpp
-- Up-to-date symlink: /home/nacho/colcon_workspaces/smarc_ws/install/smarc_mission_msgs/include/smarc_mission_msgs/smarc_mission_msgs/srv/detail/utm_lat_lon__traits.hpp
-- Up-to-date symlink: /home/nacho/colcon_workspaces/smarc_ws/install/smarc_mission_msgs/include/smarc_mission_msgs/smarc_mission_msgs/srv/detail/utm_lat_lon__type_support.hpp
-- Up-to-date symlink: /home/nacho/colcon_workspaces/smarc_ws/install/smarc_mission_msgs/include/smarc_mission_msgs/smarc_mission_msgs/srv/dubins_plan.hpp
-- Up-to-date symlink: /home/nacho/colcon_workspaces/smarc_ws/install/smarc_mission_msgs/include/smarc_mission_msgs/smarc_mission_msgs/srv/utm_lat_lon.hpp
-- Up-to-date symlink: /home/nacho/colcon_workspaces/smarc_ws/install/smarc_mission_msgs/include/smarc_mission_msgs/smarc_mission_msgs/action/detail/empty__rosidl_typesupport_fastrtps_cpp.hpp
-- Up-to-date symlink: /home/nacho/colcon_workspaces/smarc_ws/install/smarc_mission_msgs/include/smarc_mission_msgs/smarc_mission_msgs/action/detail/goto_waypoint__rosidl_typesupport_fastrtps_cpp.hpp
-- Up-to-date symlink: /home/nacho/colcon_workspaces/smarc_ws/install/smarc_mission_msgs/include/smarc_mission_msgs/smarc_mission_msgs/msg/detail/bt_command__rosidl_typesupport_fastrtps_cpp.hpp
-- Up-to-date symlink: /home/nacho/colcon_workspaces/smarc_ws/install/smarc_mission_msgs/include/smarc_mission_msgs/smarc_mission_msgs/msg/detail/goto_waypoint__rosidl_typesupport_fastrtps_cpp.hpp
-- Up-to-date symlink: /home/nacho/colcon_workspaces/smarc_ws/install/smarc_mission_msgs/include/smarc_mission_msgs/smarc_mission_msgs/msg/detail/mission_control__rosidl_typesupport_fastrtps_cpp.hpp
-- Up-to-date symlink: /home/nacho/colcon_workspaces/smarc_ws/install/smarc_mission_msgs/include/smarc_mission_msgs/smarc_mission_msgs/msg/detail/topics__rosidl_typesupport_fastrtps_cpp.hpp
-- Up-to-date symlink: /home/nacho/colcon_workspaces/smarc_ws/install/smarc_mission_msgs/include/smarc_mission_msgs/smarc_mission_msgs/msg/rosidl_typesupport_fastrtps_cpp__visibility_control.h
-- Up-to-date symlink: /home/nacho/colcon_workspaces/smarc_ws/install/smarc_mission_msgs/include/smarc_mission_msgs/smarc_mission_msgs/srv/detail/dubins_plan__rosidl_typesupport_fastrtps_cpp.hpp
-- Up-to-date symlink: /home/nacho/colcon_workspaces/smarc_ws/install/smarc_mission_msgs/include/smarc_mission_msgs/smarc_mission_msgs/srv/detail/utm_lat_lon__rosidl_typesupport_fastrtps_cpp.hpp
-- Up-to-date symlink: /home/nacho/colcon_workspaces/smarc_ws/install/smarc_mission_msgs/include/smarc_mission_msgs/smarc_mission_msgs/action/detail/empty__rosidl_typesupport_introspection_cpp.hpp
-- Up-to-date symlink: /home/nacho/colcon_workspaces/smarc_ws/install/smarc_mission_msgs/include/smarc_mission_msgs/smarc_mission_msgs/action/detail/goto_waypoint__rosidl_typesupport_introspection_cpp.hpp
-- Up-to-date symlink: /home/nacho/colcon_workspaces/smarc_ws/install/smarc_mission_msgs/include/smarc_mission_msgs/smarc_mission_msgs/msg/detail/bt_command__rosidl_typesupport_introspection_cpp.hpp
-- Up-to-date symlink: /home/nacho/colcon_workspaces/smarc_ws/install/smarc_mission_msgs/include/smarc_mission_msgs/smarc_mission_msgs/msg/detail/goto_waypoint__rosidl_typesupport_introspection_cpp.hpp
-- Up-to-date symlink: /home/nacho/colcon_workspaces/smarc_ws/install/smarc_mission_msgs/include/smarc_mission_msgs/smarc_mission_msgs/msg/detail/mission_control__rosidl_typesupport_introspection_cpp.hpp
-- Up-to-date symlink: /home/nacho/colcon_workspaces/smarc_ws/install/smarc_mission_msgs/include/smarc_mission_msgs/smarc_mission_msgs/msg/detail/topics__rosidl_typesupport_introspection_cpp.hpp
-- Up-to-date symlink: /home/nacho/colcon_workspaces/smarc_ws/install/smarc_mission_msgs/include/smarc_mission_msgs/smarc_mission_msgs/srv/detail/dubins_plan__rosidl_typesupport_introspection_cpp.hpp
-- Up-to-date symlink: /home/nacho/colcon_workspaces/smarc_ws/install/smarc_mission_msgs/include/smarc_mission_msgs/smarc_mission_msgs/srv/detail/utm_lat_lon__rosidl_typesupport_introspection_cpp.hpp
-- Up-to-date symlink: /home/nacho/colcon_workspaces/smarc_ws/install/smarc_mission_msgs/share/smarc_mission_msgs/environment/pythonpath.sh
-- Up-to-date symlink: /home/nacho/colcon_workspaces/smarc_ws/install/smarc_mission_msgs/share/smarc_mission_msgs/environment/pythonpath.dsv
-- Up-to-date symlink: /home/nacho/colcon_workspaces/smarc_ws/install/smarc_mission_msgs/local/lib/python3.10/dist-packages/smarc_mission_msgs-0.0.0-py3.10.egg-info/PKG-INFO
-- Up-to-date symlink: /home/nacho/colcon_workspaces/smarc_ws/install/smarc_mission_msgs/local/lib/python3.10/dist-packages/smarc_mission_msgs-0.0.0-py3.10.egg-info/SOURCES.txt
-- Up-to-date symlink: /home/nacho/colcon_workspaces/smarc_ws/install/smarc_mission_msgs/local/lib/python3.10/dist-packages/smarc_mission_msgs-0.0.0-py3.10.egg-info/dependency_links.txt
-- Up-to-date symlink: /home/nacho/colcon_workspaces/smarc_ws/install/smarc_mission_msgs/local/lib/python3.10/dist-packages/smarc_mission_msgs-0.0.0-py3.10.egg-info/top_level.txt
-- Up-to-date symlink: /home/nacho/colcon_workspaces/smarc_ws/install/smarc_mission_msgs/local/lib/python3.10/dist-packages/smarc_mission_msgs/__init__.py
-- Up-to-date symlink: /home/nacho/colcon_workspaces/smarc_ws/install/smarc_mission_msgs/local/lib/python3.10/dist-packages/smarc_mission_msgs/_smarc_mission_msgs_s.ep.rosidl_typesupport_c.c
-- Up-to-date symlink: /home/nacho/colcon_workspaces/smarc_ws/install/smarc_mission_msgs/local/lib/python3.10/dist-packages/smarc_mission_msgs/_smarc_mission_msgs_s.ep.rosidl_typesupport_fastrtps_c.c
-- Up-to-date symlink: /home/nacho/colcon_workspaces/smarc_ws/install/smarc_mission_msgs/local/lib/python3.10/dist-packages/smarc_mission_msgs/_smarc_mission_msgs_s.ep.rosidl_typesupport_introspection_c.c
-- Up-to-date symlink: /home/nacho/colcon_workspaces/smarc_ws/install/smarc_mission_msgs/local/lib/python3.10/dist-packages/smarc_mission_msgs/action/__init__.py
-- Up-to-date symlink: /home/nacho/colcon_workspaces/smarc_ws/install/smarc_mission_msgs/local/lib/python3.10/dist-packages/smarc_mission_msgs/action/_empty.py
-- Up-to-date symlink: /home/nacho/colcon_workspaces/smarc_ws/install/smarc_mission_msgs/local/lib/python3.10/dist-packages/smarc_mission_msgs/action/_empty_s.c
-- Up-to-date symlink: /home/nacho/colcon_workspaces/smarc_ws/install/smarc_mission_msgs/local/lib/python3.10/dist-packages/smarc_mission_msgs/action/_goto_waypoint.py
-- Up-to-date symlink: /home/nacho/colcon_workspaces/smarc_ws/install/smarc_mission_msgs/local/lib/python3.10/dist-packages/smarc_mission_msgs/action/_goto_waypoint_s.c
-- Up-to-date symlink: /home/nacho/colcon_workspaces/smarc_ws/install/smarc_mission_msgs/local/lib/python3.10/dist-packages/smarc_mission_msgs/libsmarc_mission_msgs__rosidl_generator_py.so
-- Up-to-date symlink: /home/nacho/colcon_workspaces/smarc_ws/install/smarc_mission_msgs/local/lib/python3.10/dist-packages/smarc_mission_msgs/msg/__init__.py
-- Up-to-date symlink: /home/nacho/colcon_workspaces/smarc_ws/install/smarc_mission_msgs/local/lib/python3.10/dist-packages/smarc_mission_msgs/msg/_bt_command.py
-- Up-to-date symlink: /home/nacho/colcon_workspaces/smarc_ws/install/smarc_mission_msgs/local/lib/python3.10/dist-packages/smarc_mission_msgs/msg/_bt_command_s.c
-- Up-to-date symlink: /home/nacho/colcon_workspaces/smarc_ws/install/smarc_mission_msgs/local/lib/python3.10/dist-packages/smarc_mission_msgs/msg/_goto_waypoint.py
-- Up-to-date symlink: /home/nacho/colcon_workspaces/smarc_ws/install/smarc_mission_msgs/local/lib/python3.10/dist-packages/smarc_mission_msgs/msg/_goto_waypoint_s.c
-- Up-to-date symlink: /home/nacho/colcon_workspaces/smarc_ws/install/smarc_mission_msgs/local/lib/python3.10/dist-packages/smarc_mission_msgs/msg/_mission_control.py
-- Up-to-date symlink: /home/nacho/colcon_workspaces/smarc_ws/install/smarc_mission_msgs/local/lib/python3.10/dist-packages/smarc_mission_msgs/msg/_mission_control_s.c
-- Up-to-date symlink: /home/nacho/colcon_workspaces/smarc_ws/install/smarc_mission_msgs/local/lib/python3.10/dist-packages/smarc_mission_msgs/msg/_topics.py
-- Up-to-date symlink: /home/nacho/colcon_workspaces/smarc_ws/install/smarc_mission_msgs/local/lib/python3.10/dist-packages/smarc_mission_msgs/msg/_topics_s.c
-- Up-to-date symlink: /home/nacho/colcon_workspaces/smarc_ws/install/smarc_mission_msgs/local/lib/python3.10/dist-packages/smarc_mission_msgs/smarc_mission_msgs_s__rosidl_typesupport_c.cpython-310-x86_64-linux-gnu.so
-- Up-to-date symlink: /home/nacho/colcon_workspaces/smarc_ws/install/smarc_mission_msgs/local/lib/python3.10/dist-packages/smarc_mission_msgs/smarc_mission_msgs_s__rosidl_typesupport_fastrtps_c.cpython-310-x86_64-linux-gnu.so
-- Up-to-date symlink: /home/nacho/colcon_workspaces/smarc_ws/install/smarc_mission_msgs/local/lib/python3.10/dist-packages/smarc_mission_msgs/smarc_mission_msgs_s__rosidl_typesupport_introspection_c.cpython-310-x86_64-linux-gnu.so
-- Up-to-date symlink: /home/nacho/colcon_workspaces/smarc_ws/install/smarc_mission_msgs/local/lib/python3.10/dist-packages/smarc_mission_msgs/srv/__init__.py
-- Up-to-date symlink: /home/nacho/colcon_workspaces/smarc_ws/install/smarc_mission_msgs/local/lib/python3.10/dist-packages/smarc_mission_msgs/srv/_dubins_plan.py
-- Up-to-date symlink: /home/nacho/colcon_workspaces/smarc_ws/install/smarc_mission_msgs/local/lib/python3.10/dist-packages/smarc_mission_msgs/srv/_dubins_plan_s.c
-- Up-to-date symlink: /home/nacho/colcon_workspaces/smarc_ws/install/smarc_mission_msgs/local/lib/python3.10/dist-packages/smarc_mission_msgs/srv/_utm_lat_lon.py
-- Up-to-date symlink: /home/nacho/colcon_workspaces/smarc_ws/install/smarc_mission_msgs/local/lib/python3.10/dist-packages/smarc_mission_msgs/srv/_utm_lat_lon_s.c
-- Up-to-date symlink: /home/nacho/colcon_workspaces/smarc_ws/install/smarc_mission_msgs/local/lib/python3.10/dist-packages/smarc_mission_msgs/smarc_mission_msgs_s__rosidl_typesupport_fastrtps_c.cpython-310-x86_64-linux-gnu.so
-- Up-to-date symlink: /home/nacho/colcon_workspaces/smarc_ws/install/smarc_mission_msgs/local/lib/python3.10/dist-packages/smarc_mission_msgs/smarc_mission_msgs_s__rosidl_typesupport_introspection_c.cpython-310-x86_64-linux-gnu.so
-- Up-to-date symlink: /home/nacho/colcon_workspaces/smarc_ws/install/smarc_mission_msgs/local/lib/python3.10/dist-packages/smarc_mission_msgs/smarc_mission_msgs_s__rosidl_typesupport_c.cpython-310-x86_64-linux-gnu.so
-- Up-to-date symlink: /home/nacho/colcon_workspaces/smarc_ws/install/smarc_mission_msgs/share/smarc_mission_msgs/msg/Topics.idl
-- Up-to-date symlink: /home/nacho/colcon_workspaces/smarc_ws/install/smarc_mission_msgs/share/smarc_mission_msgs/msg/BTCommand.idl
-- Up-to-date symlink: /home/nacho/colcon_workspaces/smarc_ws/install/smarc_mission_msgs/share/smarc_mission_msgs/msg/GotoWaypoint.idl
-- Up-to-date symlink: /home/nacho/colcon_workspaces/smarc_ws/install/smarc_mission_msgs/share/smarc_mission_msgs/msg/MissionControl.idl
-- Up-to-date symlink: /home/nacho/colcon_workspaces/smarc_ws/install/smarc_mission_msgs/share/smarc_mission_msgs/action/Empty.idl
-- Up-to-date symlink: /home/nacho/colcon_workspaces/smarc_ws/install/smarc_mission_msgs/share/smarc_mission_msgs/action/GotoWaypoint.idl
-- Up-to-date symlink: /home/nacho/colcon_workspaces/smarc_ws/install/smarc_mission_msgs/share/smarc_mission_msgs/srv/DubinsPlan.idl
-- Up-to-date symlink: /home/nacho/colcon_workspaces/smarc_ws/install/smarc_mission_msgs/share/smarc_mission_msgs/srv/UTMLatLon.idl
-- Up-to-date symlink: /home/nacho/colcon_workspaces/smarc_ws/install/smarc_mission_msgs/share/smarc_mission_msgs/msg/Topics.msg
-- Up-to-date symlink: /home/nacho/colcon_workspaces/smarc_ws/install/smarc_mission_msgs/share/smarc_mission_msgs/msg/BTCommand.msg
-- Up-to-date symlink: /home/nacho/colcon_workspaces/smarc_ws/install/smarc_mission_msgs/share/smarc_mission_msgs/msg/GotoWaypoint.msg
-- Up-to-date symlink: /home/nacho/colcon_workspaces/smarc_ws/install/smarc_mission_msgs/share/smarc_mission_msgs/msg/MissionControl.msg
-- Up-to-date symlink: /home/nacho/colcon_workspaces/smarc_ws/install/smarc_mission_msgs/share/smarc_mission_msgs/action/Empty.action
-- Up-to-date symlink: /home/nacho/colcon_workspaces/smarc_ws/install/smarc_mission_msgs/share/smarc_mission_msgs/action/GotoWaypoint.action
-- Up-to-date symlink: /home/nacho/colcon_workspaces/smarc_ws/install/smarc_mission_msgs/share/smarc_mission_msgs/srv/DubinsPlan.srv
-- Up-to-date symlink: /home/nacho/colcon_workspaces/smarc_ws/install/smarc_mission_msgs/share/smarc_mission_msgs/srv/DubinsPlan_Request.msg
-- Up-to-date symlink: /home/nacho/colcon_workspaces/smarc_ws/install/smarc_mission_msgs/share/smarc_mission_msgs/srv/DubinsPlan_Response.msg
-- Up-to-date symlink: /home/nacho/colcon_workspaces/smarc_ws/install/smarc_mission_msgs/share/smarc_mission_msgs/srv/UTMLatLon.srv
-- Up-to-date symlink: /home/nacho/colcon_workspaces/smarc_ws/install/smarc_mission_msgs/share/smarc_mission_msgs/srv/UTMLatLon_Request.msg
-- Up-to-date symlink: /home/nacho/colcon_workspaces/smarc_ws/install/smarc_mission_msgs/share/smarc_mission_msgs/srv/UTMLatLon_Response.msg
-- Up-to-date symlink: /home/nacho/colcon_workspaces/smarc_ws/install/smarc_mission_msgs/share/ament_index/resource_index/package_run_dependencies/smarc_mission_msgs
-- Up-to-date symlink: /home/nacho/colcon_workspaces/smarc_ws/install/smarc_mission_msgs/share/ament_index/resource_index/parent_prefix_path/smarc_mission_msgs
-- Up-to-date symlink: /home/nacho/colcon_workspaces/smarc_ws/install/smarc_mission_msgs/share/smarc_mission_msgs/environment/ament_prefix_path.sh
-- Up-to-date symlink: /home/nacho/colcon_workspaces/smarc_ws/install/smarc_mission_msgs/share/smarc_mission_msgs/environment/ament_prefix_path.dsv
-- Up-to-date symlink: /home/nacho/colcon_workspaces/smarc_ws/install/smarc_mission_msgs/share/smarc_mission_msgs/environment/path.sh
-- Up-to-date symlink: /home/nacho/colcon_workspaces/smarc_ws/install/smarc_mission_msgs/share/smarc_mission_msgs/environment/path.dsv
-- Up-to-date symlink: /home/nacho/colcon_workspaces/smarc_ws/install/smarc_mission_msgs/share/smarc_mission_msgs/local_setup.bash
-- Up-to-date symlink: /home/nacho/colcon_workspaces/smarc_ws/install/smarc_mission_msgs/share/smarc_mission_msgs/local_setup.sh
-- Up-to-date symlink: /home/nacho/colcon_workspaces/smarc_ws/install/smarc_mission_msgs/share/smarc_mission_msgs/local_setup.zsh
-- Up-to-date symlink: /home/nacho/colcon_workspaces/smarc_ws/install/smarc_mission_msgs/share/smarc_mission_msgs/local_setup.dsv
-- Symlinking: /home/nacho/colcon_workspaces/smarc_ws/install/smarc_mission_msgs/share/smarc_mission_msgs/package.dsv
-- Up-to-date symlink: /home/nacho/colcon_workspaces/smarc_ws/install/smarc_mission_msgs/share/ament_index/resource_index/packages/smarc_mission_msgs
-- Up-to-date symlink: /home/nacho/colcon_workspaces/smarc_ws/install/smarc_mission_msgs/share/smarc_mission_msgs/cmake/rosidl_cmake-extras.cmake
-- Up-to-date symlink: /home/nacho/colcon_workspaces/smarc_ws/install/smarc_mission_msgs/share/smarc_mission_msgs/cmake/ament_cmake_export_dependencies-extras.cmake
-- Up-to-date symlink: /home/nacho/colcon_workspaces/smarc_ws/install/smarc_mission_msgs/share/smarc_mission_msgs/cmake/ament_cmake_export_include_directories-extras.cmake
-- Up-to-date symlink: /home/nacho/colcon_workspaces/smarc_ws/install/smarc_mission_msgs/share/smarc_mission_msgs/cmake/ament_cmake_export_libraries-extras.cmake
-- Up-to-date symlink: /home/nacho/colcon_workspaces/smarc_ws/install/smarc_mission_msgs/share/smarc_mission_msgs/cmake/ament_cmake_export_targets-extras.cmake
-- Up-to-date symlink: /home/nacho/colcon_workspaces/smarc_ws/install/smarc_mission_msgs/share/smarc_mission_msgs/cmake/rosidl_cmake_export_typesupport_targets-extras.cmake
-- Up-to-date symlink: /home/nacho/colcon_workspaces/smarc_ws/install/smarc_mission_msgs/share/smarc_mission_msgs/cmake/rosidl_cmake_export_typesupport_libraries-extras.cmake
-- Up-to-date symlink: /home/nacho/colcon_workspaces/smarc_ws/install/smarc_mission_msgs/share/smarc_mission_msgs/cmake/smarc_mission_msgsConfig.cmake
-- Up-to-date symlink: /home/nacho/colcon_workspaces/smarc_ws/install/smarc_mission_msgs/share/smarc_mission_msgs/cmake/smarc_mission_msgsConfig-version.cmake
-- Up-to-date symlink: /home/nacho/colcon_workspaces/smarc_ws/install/smarc_mission_msgs/share/smarc_mission_msgs/package.xml
-- Installing: /home/nacho/colcon_workspaces/smarc_ws/install/smarc_mission_msgs/lib/libsmarc_mission_msgs__rosidl_generator_c.so
-- Set runtime path of "/home/nacho/colcon_workspaces/smarc_ws/install/smarc_mission_msgs/lib/libsmarc_mission_msgs__rosidl_generator_c.so" to ""
-- Installing: /home/nacho/colcon_workspaces/smarc_ws/install/smarc_mission_msgs/lib/libsmarc_mission_msgs__rosidl_typesupport_fastrtps_c.so
-- Set runtime path of "/home/nacho/colcon_workspaces/smarc_ws/install/smarc_mission_msgs/lib/libsmarc_mission_msgs__rosidl_typesupport_fastrtps_c.so" to ""
-- Installing: /home/nacho/colcon_workspaces/smarc_ws/install/smarc_mission_msgs/lib/libsmarc_mission_msgs__rosidl_typesupport_introspection_c.so
-- Set runtime path of "/home/nacho/colcon_workspaces/smarc_ws/install/smarc_mission_msgs/lib/libsmarc_mission_msgs__rosidl_typesupport_introspection_c.so" to ""
-- Installing: /home/nacho/colcon_workspaces/smarc_ws/install/smarc_mission_msgs/lib/libsmarc_mission_msgs__rosidl_typesupport_c.so
-- Set runtime path of "/home/nacho/colcon_workspaces/smarc_ws/install/smarc_mission_msgs/lib/libsmarc_mission_msgs__rosidl_typesupport_c.so" to ""
-- Installing: /home/nacho/colcon_workspaces/smarc_ws/install/smarc_mission_msgs/lib/libsmarc_mission_msgs__rosidl_typesupport_fastrtps_cpp.so
-- Set runtime path of "/home/nacho/colcon_workspaces/smarc_ws/install/smarc_mission_msgs/lib/libsmarc_mission_msgs__rosidl_typesupport_fastrtps_cpp.so" to ""
-- Installing: /home/nacho/colcon_workspaces/smarc_ws/install/smarc_mission_msgs/lib/libsmarc_mission_msgs__rosidl_typesupport_introspection_cpp.so
-- Set runtime path of "/home/nacho/colcon_workspaces/smarc_ws/install/smarc_mission_msgs/lib/libsmarc_mission_msgs__rosidl_typesupport_introspection_cpp.so" to ""
-- Installing: /home/nacho/colcon_workspaces/smarc_ws/install/smarc_mission_msgs/lib/libsmarc_mission_msgs__rosidl_typesupport_cpp.so
-- Set runtime path of "/home/nacho/colcon_workspaces/smarc_ws/install/smarc_mission_msgs/lib/libsmarc_mission_msgs__rosidl_typesupport_cpp.so" to ""
Listing '/home/nacho/colcon_workspaces/smarc_ws/install/smarc_mission_msgs/local/lib/python3.10/dist-packages/smarc_mission_msgs'...
Compiling '/home/nacho/colcon_workspaces/smarc_ws/install/smarc_mission_msgs/local/lib/python3.10/dist-packages/smarc_mission_msgs/__init__.py'...
Listing '/home/nacho/colcon_workspaces/smarc_ws/install/smarc_mission_msgs/local/lib/python3.10/dist-packages/smarc_mission_msgs/action'...
Listing '/home/nacho/colcon_workspaces/smarc_ws/install/smarc_mission_msgs/local/lib/python3.10/dist-packages/smarc_mission_msgs/msg'...
Listing '/home/nacho/colcon_workspaces/smarc_ws/install/smarc_mission_msgs/local/lib/python3.10/dist-packages/smarc_mission_msgs/srv'...
-- Installing: /home/nacho/colcon_workspaces/smarc_ws/install/smarc_mission_msgs/lib/libsmarc_mission_msgs__rosidl_generator_py.so
-- Set runtime path of "/home/nacho/colcon_workspaces/smarc_ws/install/smarc_mission_msgs/lib/libsmarc_mission_msgs__rosidl_generator_py.so" to ""
-- Up-to-date: /home/nacho/colcon_workspaces/smarc_ws/install/smarc_mission_msgs/share/smarc_mission_msgs/cmake/export_smarc_mission_msgs__rosidl_generator_cExport.cmake
-- Up-to-date: /home/nacho/colcon_workspaces/smarc_ws/install/smarc_mission_msgs/share/smarc_mission_msgs/cmake/export_smarc_mission_msgs__rosidl_generator_cExport-noconfig.cmake
-- Up-to-date: /home/nacho/colcon_workspaces/smarc_ws/install/smarc_mission_msgs/share/smarc_mission_msgs/cmake/export_smarc_mission_msgs__rosidl_typesupport_fastrtps_cExport.cmake
-- Up-to-date: /home/nacho/colcon_workspaces/smarc_ws/install/smarc_mission_msgs/share/smarc_mission_msgs/cmake/export_smarc_mission_msgs__rosidl_typesupport_fastrtps_cExport-noconfig.cmake
-- Up-to-date: /home/nacho/colcon_workspaces/smarc_ws/install/smarc_mission_msgs/share/smarc_mission_msgs/cmake/smarc_mission_msgs__rosidl_typesupport_introspection_cExport.cmake
-- Up-to-date: /home/nacho/colcon_workspaces/smarc_ws/install/smarc_mission_msgs/share/smarc_mission_msgs/cmake/smarc_mission_msgs__rosidl_typesupport_introspection_cExport-noconfig.cmake
-- Up-to-date: /home/nacho/colcon_workspaces/smarc_ws/install/smarc_mission_msgs/share/smarc_mission_msgs/cmake/smarc_mission_msgs__rosidl_typesupport_cExport.cmake
-- Up-to-date: /home/nacho/colcon_workspaces/smarc_ws/install/smarc_mission_msgs/share/smarc_mission_msgs/cmake/smarc_mission_msgs__rosidl_typesupport_cExport-noconfig.cmake
-- Up-to-date: /home/nacho/colcon_workspaces/smarc_ws/install/smarc_mission_msgs/share/smarc_mission_msgs/cmake/export_smarc_mission_msgs__rosidl_generator_cppExport.cmake
-- Up-to-date: /home/nacho/colcon_workspaces/smarc_ws/install/smarc_mission_msgs/share/smarc_mission_msgs/cmake/export_smarc_mission_msgs__rosidl_typesupport_fastrtps_cppExport.cmake
-- Up-to-date: /home/nacho/colcon_workspaces/smarc_ws/install/smarc_mission_msgs/share/smarc_mission_msgs/cmake/export_smarc_mission_msgs__rosidl_typesupport_fastrtps_cppExport-noconfig.cmake
-- Up-to-date: /home/nacho/colcon_workspaces/smarc_ws/install/smarc_mission_msgs/share/smarc_mission_msgs/cmake/smarc_mission_msgs__rosidl_typesupport_introspection_cppExport.cmake
-- Up-to-date: /home/nacho/colcon_workspaces/smarc_ws/install/smarc_mission_msgs/share/smarc_mission_msgs/cmake/smarc_mission_msgs__rosidl_typesupport_introspection_cppExport-noconfig.cmake
-- Up-to-date: /home/nacho/colcon_workspaces/smarc_ws/install/smarc_mission_msgs/share/smarc_mission_msgs/cmake/smarc_mission_msgs__rosidl_typesupport_cppExport.cmake
-- Up-to-date: /home/nacho/colcon_workspaces/smarc_ws/install/smarc_mission_msgs/share/smarc_mission_msgs/cmake/smarc_mission_msgs__rosidl_typesupport_cppExport-noconfig.cmake
-- Up-to-date: /home/nacho/colcon_workspaces/smarc_ws/install/smarc_mission_msgs/share/smarc_mission_msgs/cmake/export_smarc_mission_msgs__rosidl_generator_pyExport.cmake
-- Up-to-date: /home/nacho/colcon_workspaces/smarc_ws/install/smarc_mission_msgs/share/smarc_mission_msgs/cmake/export_smarc_mission_msgs__rosidl_generator_pyExport-noconfig.cmake
