[0.126s] Invoking command in '/home/nacho/colcon_workspaces/smarc_ws/build/smarc_mission_msgs': CMAKE_PREFIX_PATH=/opt/ros/humble /usr/bin/cmake --build /home/nacho/colcon_workspaces/smarc_ws/build/smarc_mission_msgs -- -j20 -l20
[0.154s] -- Found ament_cmake: 1.3.11 (/opt/ros/humble/share/ament_cmake/cmake)
[0.277s] -- Override CMake install command with custom implementation using symlinks instead of copying resources
[0.286s] -- Found rosidl_default_generators: 1.2.0 (/opt/ros/humble/share/rosidl_default_generators/cmake)
[0.289s] -- Using all available rosidl_typesupport_c: rosidl_typesupport_fastrtps_c;rosidl_typesupport_introspection_c
[0.293s] -- Found rosidl_adapter: 3.1.6 (/opt/ros/humble/share/rosidl_adapter/cmake)
[0.331s] -- Using all available rosidl_typesupport_cpp: rosidl_typesupport_fastrtps_cpp;rosidl_typesupport_introspection_cpp
[0.364s] -- Found geographic_msgs: 1.0.6 (/opt/ros/humble/share/geographic_msgs/cmake)
[0.439s] -- Found sensor_msgs: 4.2.4 (/opt/ros/humble/share/sensor_msgs/cmake)
[1.131s] -- Found ament_cmake_ros: 0.10.0 (/opt/ros/humble/share/ament_cmake_ros/cmake)
[1.358s] -- Using all available rosidl_typesupport_c: rosidl_typesupport_fastrtps_c;rosidl_typesupport_introspection_c
[2.063s] -- Using all available rosidl_typesupport_cpp: rosidl_typesupport_fastrtps_cpp;rosidl_typesupport_introspection_cpp
[2.107s] -- Found python_cmake_module: 0.10.0 (/opt/ros/humble/share/python_cmake_module/cmake)
[2.143s] -- Using PYTHON_EXECUTABLE: /usr/bin/python3
[2.143s] -- Using PYTHON_INCLUDE_DIRS: /usr/include/python3.10
[2.143s] -- Using PYTHON_LIBRARIES: /usr/lib/x86_64-linux-gnu/libpython3.10.so
[2.348s] -- Found ament_lint_auto: 0.12.11 (/opt/ros/humble/share/ament_lint_auto/cmake)
[2.393s] -- Added test 'lint_cmake' to check CMake code style
[2.393s] -- Added test 'xmllint' to check XML markup files
[2.416s] -- Configuring done
[2.569s] -- Generating done
[2.589s] -- Build files have been written to: /home/nacho/colcon_workspaces/smarc_ws/build/smarc_mission_msgs
[2.625s] [35m[1mConsolidate compiler generated dependencies of target smarc_mission_msgs__rosidl_generator_c[0m
[2.633s] [  1%] Built target smarc_mission_msgs__cpp
[2.641s] [  1%] Built target ament_cmake_python_symlink_smarc_mission_msgs
[2.641s] [  2%] [32mBuilding C object CMakeFiles/smarc_mission_msgs__rosidl_generator_c.dir/rosidl_generator_c/smarc_mission_msgs/msg/detail/bt_command__functions.c.o[0m
[2.646s] [  3%] [32mBuilding C object CMakeFiles/smarc_mission_msgs__rosidl_generator_c.dir/rosidl_generator_c/smarc_mission_msgs/msg/detail/mission_control__functions.c.o[0m
[2.646s] [  4%] [32mBuilding C object CMakeFiles/smarc_mission_msgs__rosidl_generator_c.dir/rosidl_generator_c/smarc_mission_msgs/msg/detail/topics__functions.c.o[0m
[2.646s] [  5%] [32mBuilding C object CMakeFiles/smarc_mission_msgs__rosidl_generator_c.dir/rosidl_generator_c/smarc_mission_msgs/action/detail/empty__functions.c.o[0m
[2.646s] [  6%] [32mBuilding C object CMakeFiles/smarc_mission_msgs__rosidl_generator_c.dir/rosidl_generator_c/smarc_mission_msgs/srv/detail/dubins_plan__functions.c.o[0m
[2.647s] [  8%] [32mBuilding C object CMakeFiles/smarc_mission_msgs__rosidl_generator_c.dir/rosidl_generator_c/smarc_mission_msgs/msg/detail/goto_waypoint__functions.c.o[0m
[2.652s] [  9%] [32mBuilding C object CMakeFiles/smarc_mission_msgs__rosidl_generator_c.dir/rosidl_generator_c/smarc_mission_msgs/action/detail/goto_waypoint__functions.c.o[0m
[2.654s] [35m[1mConsolidate compiler generated dependencies of target smarc_mission_msgs__rosidl_typesupport_fastrtps_cpp[0m
[2.655s] [ 10%] [32mBuilding C object CMakeFiles/smarc_mission_msgs__rosidl_generator_c.dir/rosidl_generator_c/smarc_mission_msgs/srv/detail/utm_lat_lon__functions.c.o[0m
[2.656s] [35m[1mConsolidate compiler generated dependencies of target smarc_mission_msgs__rosidl_typesupport_introspection_cpp[0m
[2.673s] [35m[1mConsolidate compiler generated dependencies of target smarc_mission_msgs__rosidl_typesupport_cpp[0m
[2.674s] [ 11%] [32mBuilding CXX object CMakeFiles/smarc_mission_msgs__rosidl_typesupport_fastrtps_cpp.dir/rosidl_typesupport_fastrtps_cpp/smarc_mission_msgs/msg/detail/dds_fastrtps/topics__type_support.cpp.o[0m
[2.681s] [ 12%] [32mBuilding CXX object CMakeFiles/smarc_mission_msgs__rosidl_typesupport_fastrtps_cpp.dir/rosidl_typesupport_fastrtps_cpp/smarc_mission_msgs/msg/detail/dds_fastrtps/mission_control__type_support.cpp.o[0m
[2.684s] [ 13%] [32mBuilding CXX object CMakeFiles/smarc_mission_msgs__rosidl_typesupport_fastrtps_cpp.dir/rosidl_typesupport_fastrtps_cpp/smarc_mission_msgs/msg/detail/dds_fastrtps/bt_command__type_support.cpp.o[0m
[2.685s] [ 14%] [32mBuilding CXX object CMakeFiles/smarc_mission_msgs__rosidl_typesupport_fastrtps_cpp.dir/rosidl_typesupport_fastrtps_cpp/smarc_mission_msgs/msg/detail/dds_fastrtps/goto_waypoint__type_support.cpp.o[0m
[2.692s] [ 16%] [32mBuilding CXX object CMakeFiles/smarc_mission_msgs__rosidl_typesupport_fastrtps_cpp.dir/rosidl_typesupport_fastrtps_cpp/smarc_mission_msgs/action/detail/dds_fastrtps/empty__type_support.cpp.o[0m
[2.699s] [ 17%] [32mBuilding CXX object CMakeFiles/smarc_mission_msgs__rosidl_typesupport_fastrtps_cpp.dir/rosidl_typesupport_fastrtps_cpp/smarc_mission_msgs/action/detail/dds_fastrtps/goto_waypoint__type_support.cpp.o[0m
[2.699s] [ 18%] [32mBuilding CXX object CMakeFiles/smarc_mission_msgs__rosidl_typesupport_introspection_cpp.dir/rosidl_typesupport_introspection_cpp/smarc_mission_msgs/msg/detail/bt_command__type_support.cpp.o[0m
[2.703s] [ 19%] [32mBuilding CXX object CMakeFiles/smarc_mission_msgs__rosidl_typesupport_cpp.dir/rosidl_typesupport_cpp/smarc_mission_msgs/msg/topics__type_support.cpp.o[0m
[2.704s] [ 20%] [32mBuilding CXX object CMakeFiles/smarc_mission_msgs__rosidl_typesupport_introspection_cpp.dir/rosidl_typesupport_introspection_cpp/smarc_mission_msgs/msg/detail/goto_waypoint__type_support.cpp.o[0m
[2.704s] [ 21%] [32mBuilding CXX object CMakeFiles/smarc_mission_msgs__rosidl_typesupport_introspection_cpp.dir/rosidl_typesupport_introspection_cpp/smarc_mission_msgs/msg/detail/topics__type_support.cpp.o[0m
[2.712s] [ 22%] [32mBuilding CXX object CMakeFiles/smarc_mission_msgs__rosidl_typesupport_cpp.dir/rosidl_typesupport_cpp/smarc_mission_msgs/msg/bt_command__type_support.cpp.o[0m
[2.713s] [ 24%] [32mBuilding CXX object CMakeFiles/smarc_mission_msgs__rosidl_typesupport_cpp.dir/rosidl_typesupport_cpp/smarc_mission_msgs/msg/goto_waypoint__type_support.cpp.o[0m
[2.713s] [ 25%] [32mBuilding CXX object CMakeFiles/smarc_mission_msgs__rosidl_typesupport_introspection_cpp.dir/rosidl_typesupport_introspection_cpp/smarc_mission_msgs/msg/detail/mission_control__type_support.cpp.o[0m
[2.736s] [ 26%] [32mBuilding CXX object CMakeFiles/smarc_mission_msgs__rosidl_typesupport_introspection_cpp.dir/rosidl_typesupport_introspection_cpp/smarc_mission_msgs/action/detail/empty__type_support.cpp.o[0m
[2.769s] [ 27%] [32mBuilding CXX object CMakeFiles/smarc_mission_msgs__rosidl_typesupport_fastrtps_cpp.dir/rosidl_typesupport_fastrtps_cpp/smarc_mission_msgs/srv/detail/dds_fastrtps/dubins_plan__type_support.cpp.o[0m
[2.774s] [ 28%] [32mBuilding CXX object CMakeFiles/smarc_mission_msgs__rosidl_typesupport_cpp.dir/rosidl_typesupport_cpp/smarc_mission_msgs/msg/mission_control__type_support.cpp.o[0m
[2.809s] [ 29%] [32mBuilding CXX object CMakeFiles/smarc_mission_msgs__rosidl_typesupport_fastrtps_cpp.dir/rosidl_typesupport_fastrtps_cpp/smarc_mission_msgs/srv/detail/dds_fastrtps/utm_lat_lon__type_support.cpp.o[0m
[2.858s] [ 31%] [32mBuilding CXX object CMakeFiles/smarc_mission_msgs__rosidl_typesupport_introspection_cpp.dir/rosidl_typesupport_introspection_cpp/smarc_mission_msgs/action/detail/goto_waypoint__type_support.cpp.o[0m
[2.871s] [ 32%] [32m[1mLinking C shared library libsmarc_mission_msgs__rosidl_generator_c.so[0m
[2.960s] [ 33%] Built target smarc_mission_msgs__rosidl_generator_c
[3.011s] [35m[1mConsolidate compiler generated dependencies of target smarc_mission_msgs__rosidl_typesupport_fastrtps_c[0m
[3.056s] [ 34%] [32mBuilding CXX object CMakeFiles/smarc_mission_msgs__rosidl_typesupport_fastrtps_c.dir/rosidl_typesupport_fastrtps_c/smarc_mission_msgs/msg/detail/topics__type_support_c.cpp.o[0m
[3.283s] running egg_info
[3.294s] writing smarc_mission_msgs.egg-info/PKG-INFO
[3.295s] writing dependency_links to smarc_mission_msgs.egg-info/dependency_links.txt
[3.295s] writing top-level names to smarc_mission_msgs.egg-info/top_level.txt
[3.306s] reading manifest file 'smarc_mission_msgs.egg-info/SOURCES.txt'
[3.318s] writing manifest file 'smarc_mission_msgs.egg-info/SOURCES.txt'
[3.349s] [ 35%] [32mBuilding CXX object CMakeFiles/smarc_mission_msgs__rosidl_typesupport_introspection_cpp.dir/rosidl_typesupport_introspection_cpp/smarc_mission_msgs/srv/detail/dubins_plan__type_support.cpp.o[0m
[3.440s] [ 36%] [32mBuilding CXX object CMakeFiles/smarc_mission_msgs__rosidl_typesupport_introspection_cpp.dir/rosidl_typesupport_introspection_cpp/smarc_mission_msgs/srv/detail/utm_lat_lon__type_support.cpp.o[0m
[3.486s] [ 37%] [32mBuilding CXX object CMakeFiles/smarc_mission_msgs__rosidl_typesupport_cpp.dir/rosidl_typesupport_cpp/smarc_mission_msgs/action/empty__type_support.cpp.o[0m
[3.518s] [ 37%] Built target ament_cmake_python_build_smarc_mission_msgs_egg
[3.552s] [35m[1mConsolidate compiler generated dependencies of target smarc_mission_msgs__rosidl_typesupport_introspection_c[0m
[3.576s] [ 39%] [32mBuilding CXX object CMakeFiles/smarc_mission_msgs__rosidl_typesupport_fastrtps_c.dir/rosidl_typesupport_fastrtps_c/smarc_mission_msgs/msg/detail/bt_command__type_support_c.cpp.o[0m
[3.585s] [ 40%] [32mBuilding C object CMakeFiles/smarc_mission_msgs__rosidl_typesupport_introspection_c.dir/rosidl_typesupport_introspection_c/smarc_mission_msgs/msg/detail/topics__type_support.c.o[0m
[3.592s] [ 41%] [32mBuilding C object CMakeFiles/smarc_mission_msgs__rosidl_typesupport_introspection_c.dir/rosidl_typesupport_introspection_c/smarc_mission_msgs/msg/detail/bt_command__type_support.c.o[0m
[3.613s] [ 42%] [32mBuilding CXX object CMakeFiles/smarc_mission_msgs__rosidl_typesupport_cpp.dir/rosidl_typesupport_cpp/smarc_mission_msgs/action/goto_waypoint__type_support.cpp.o[0m
[3.666s] [ 43%] [32mBuilding CXX object CMakeFiles/smarc_mission_msgs__rosidl_typesupport_fastrtps_c.dir/rosidl_typesupport_fastrtps_c/smarc_mission_msgs/msg/detail/goto_waypoint__type_support_c.cpp.o[0m
[3.674s] [ 44%] [32mBuilding C object CMakeFiles/smarc_mission_msgs__rosidl_typesupport_introspection_c.dir/rosidl_typesupport_introspection_c/smarc_mission_msgs/msg/detail/goto_waypoint__type_support.c.o[0m
[3.702s] [ 45%] [32mBuilding CXX object CMakeFiles/smarc_mission_msgs__rosidl_typesupport_cpp.dir/rosidl_typesupport_cpp/smarc_mission_msgs/srv/dubins_plan__type_support.cpp.o[0m
[3.765s] [ 47%] [32mBuilding C object CMakeFiles/smarc_mission_msgs__rosidl_typesupport_introspection_c.dir/rosidl_typesupport_introspection_c/smarc_mission_msgs/msg/detail/mission_control__type_support.c.o[0m
[3.785s] [ 48%] [32mBuilding CXX object CMakeFiles/smarc_mission_msgs__rosidl_typesupport_cpp.dir/rosidl_typesupport_cpp/smarc_mission_msgs/srv/utm_lat_lon__type_support.cpp.o[0m
[3.807s] [ 49%] [32mBuilding CXX object CMakeFiles/smarc_mission_msgs__rosidl_typesupport_fastrtps_c.dir/rosidl_typesupport_fastrtps_c/smarc_mission_msgs/msg/detail/mission_control__type_support_c.cpp.o[0m
[3.881s] [ 50%] [32mBuilding C object CMakeFiles/smarc_mission_msgs__rosidl_typesupport_introspection_c.dir/rosidl_typesupport_introspection_c/smarc_mission_msgs/action/detail/empty__type_support.c.o[0m
[3.917s] [35m[1mConsolidate compiler generated dependencies of target smarc_mission_msgs__rosidl_typesupport_c[0m
[3.940s] [ 51%] [32mBuilding CXX object CMakeFiles/smarc_mission_msgs__rosidl_typesupport_c.dir/rosidl_typesupport_c/smarc_mission_msgs/msg/topics__type_support.cpp.o[0m
[3.947s] [ 52%] [32mBuilding CXX object CMakeFiles/smarc_mission_msgs__rosidl_typesupport_fastrtps_c.dir/rosidl_typesupport_fastrtps_c/smarc_mission_msgs/action/detail/empty__type_support_c.cpp.o[0m
[3.956s] [ 54%] [32mBuilding CXX object CMakeFiles/smarc_mission_msgs__rosidl_typesupport_fastrtps_c.dir/rosidl_typesupport_fastrtps_c/smarc_mission_msgs/action/detail/goto_waypoint__type_support_c.cpp.o[0m
[4.001s] [ 55%] [32mBuilding CXX object CMakeFiles/smarc_mission_msgs__rosidl_typesupport_c.dir/rosidl_typesupport_c/smarc_mission_msgs/msg/bt_command__type_support.cpp.o[0m
[4.044s] [ 56%] [32mBuilding C object CMakeFiles/smarc_mission_msgs__rosidl_typesupport_introspection_c.dir/rosidl_typesupport_introspection_c/smarc_mission_msgs/action/detail/goto_waypoint__type_support.c.o[0m
[4.061s] [ 57%] [32mBuilding CXX object CMakeFiles/smarc_mission_msgs__rosidl_typesupport_c.dir/rosidl_typesupport_c/smarc_mission_msgs/msg/goto_waypoint__type_support.cpp.o[0m
[4.121s] [ 58%] [32mBuilding CXX object CMakeFiles/smarc_mission_msgs__rosidl_typesupport_c.dir/rosidl_typesupport_c/smarc_mission_msgs/msg/mission_control__type_support.cpp.o[0m
[4.150s] [ 59%] [32mBuilding CXX object CMakeFiles/smarc_mission_msgs__rosidl_typesupport_fastrtps_c.dir/rosidl_typesupport_fastrtps_c/smarc_mission_msgs/srv/detail/dubins_plan__type_support_c.cpp.o[0m
[4.162s] [ 60%] [32mBuilding CXX object CMakeFiles/smarc_mission_msgs__rosidl_typesupport_c.dir/rosidl_typesupport_c/smarc_mission_msgs/action/empty__type_support.cpp.o[0m
[4.164s] [ 62%] [32mBuilding CXX object CMakeFiles/smarc_mission_msgs__rosidl_typesupport_fastrtps_c.dir/rosidl_typesupport_fastrtps_c/smarc_mission_msgs/srv/detail/utm_lat_lon__type_support_c.cpp.o[0m
[4.176s] [ 63%] [32mBuilding C object CMakeFiles/smarc_mission_msgs__rosidl_typesupport_introspection_c.dir/rosidl_typesupport_introspection_c/smarc_mission_msgs/srv/detail/dubins_plan__type_support.c.o[0m
[4.204s] [ 64%] [32mBuilding CXX object CMakeFiles/smarc_mission_msgs__rosidl_typesupport_c.dir/rosidl_typesupport_c/smarc_mission_msgs/action/goto_waypoint__type_support.cpp.o[0m
[4.224s] [ 65%] [32mBuilding C object CMakeFiles/smarc_mission_msgs__rosidl_typesupport_introspection_c.dir/rosidl_typesupport_introspection_c/smarc_mission_msgs/srv/detail/utm_lat_lon__type_support.c.o[0m
[4.255s] [ 66%] [32mBuilding CXX object CMakeFiles/smarc_mission_msgs__rosidl_typesupport_c.dir/rosidl_typesupport_c/smarc_mission_msgs/srv/dubins_plan__type_support.cpp.o[0m
[4.281s] [ 67%] [32mBuilding CXX object CMakeFiles/smarc_mission_msgs__rosidl_typesupport_c.dir/rosidl_typesupport_c/smarc_mission_msgs/srv/utm_lat_lon__type_support.cpp.o[0m
[4.322s] [ 68%] [32m[1mLinking C shared library libsmarc_mission_msgs__rosidl_typesupport_introspection_c.so[0m
[4.347s] [ 70%] [32m[1mLinking CXX shared library libsmarc_mission_msgs__rosidl_typesupport_c.so[0m
[4.413s] [ 71%] Built target smarc_mission_msgs__rosidl_typesupport_introspection_c
[4.430s] [ 72%] [32m[1mLinking CXX shared library libsmarc_mission_msgs__rosidl_typesupport_fastrtps_cpp.so[0m
[4.438s] [ 73%] Built target smarc_mission_msgs__rosidl_typesupport_c
[4.538s] [ 74%] [32m[1mLinking CXX shared library libsmarc_mission_msgs__rosidl_typesupport_cpp.so[0m
[4.620s] [ 75%] Built target smarc_mission_msgs__rosidl_typesupport_fastrtps_cpp
[4.661s] [ 77%] Built target smarc_mission_msgs__rosidl_typesupport_cpp
[4.749s] [ 78%] [32m[1mLinking CXX shared library libsmarc_mission_msgs__rosidl_typesupport_introspection_cpp.so[0m
[4.912s] [ 79%] [32m[1mLinking CXX shared library libsmarc_mission_msgs__rosidl_typesupport_fastrtps_c.so[0m
[4.933s] [ 80%] Built target smarc_mission_msgs__rosidl_typesupport_introspection_cpp
[5.054s] [ 81%] Built target smarc_mission_msgs__rosidl_typesupport_fastrtps_c
[5.082s] [ 81%] Built target smarc_mission_msgs
[5.129s] [ 82%] Built target smarc_mission_msgs__py
[5.153s] [35m[1mConsolidate compiler generated dependencies of target smarc_mission_msgs__rosidl_generator_py[0m
[5.189s] [ 83%] [32mBuilding C object CMakeFiles/smarc_mission_msgs__rosidl_generator_py.dir/rosidl_generator_py/smarc_mission_msgs/msg/_topics_s.c.o[0m
[5.192s] [ 87%] [32mBuilding C object CMakeFiles/smarc_mission_msgs__rosidl_generator_py.dir/rosidl_generator_py/smarc_mission_msgs/msg/_mission_control_s.c.o[0m
[5.192s] [ 85%] [32mBuilding C object CMakeFiles/smarc_mission_msgs__rosidl_generator_py.dir/rosidl_generator_py/smarc_mission_msgs/msg/_bt_command_s.c.o[0m
[5.192s] [ 87%] [32mBuilding C object CMakeFiles/smarc_mission_msgs__rosidl_generator_py.dir/rosidl_generator_py/smarc_mission_msgs/msg/_goto_waypoint_s.c.o[0m
[5.193s] [ 88%] [32mBuilding C object CMakeFiles/smarc_mission_msgs__rosidl_generator_py.dir/rosidl_generator_py/smarc_mission_msgs/action/_empty_s.c.o[0m
[5.199s] [ 89%] [32mBuilding C object CMakeFiles/smarc_mission_msgs__rosidl_generator_py.dir/rosidl_generator_py/smarc_mission_msgs/action/_goto_waypoint_s.c.o[0m
[5.201s] [ 90%] [32mBuilding C object CMakeFiles/smarc_mission_msgs__rosidl_generator_py.dir/rosidl_generator_py/smarc_mission_msgs/srv/_utm_lat_lon_s.c.o[0m
[5.203s] [ 91%] [32mBuilding C object CMakeFiles/smarc_mission_msgs__rosidl_generator_py.dir/rosidl_generator_py/smarc_mission_msgs/srv/_dubins_plan_s.c.o[0m
[5.475s] [ 93%] [32m[1mLinking C shared library rosidl_generator_py/smarc_mission_msgs/libsmarc_mission_msgs__rosidl_generator_py.so[0m
[5.562s] [ 93%] Built target smarc_mission_msgs__rosidl_generator_py
[5.578s] [35m[1mConsolidate compiler generated dependencies of target smarc_mission_msgs__rosidl_typesupport_fastrtps_c__pyext[0m
[5.582s] [35m[1mConsolidate compiler generated dependencies of target smarc_mission_msgs__rosidl_typesupport_introspection_c__pyext[0m
[5.590s] [35m[1mConsolidate compiler generated dependencies of target smarc_mission_msgs__rosidl_typesupport_c__pyext[0m
[5.591s] [ 94%] [32mBuilding C object CMakeFiles/smarc_mission_msgs__rosidl_typesupport_fastrtps_c__pyext.dir/rosidl_generator_py/smarc_mission_msgs/_smarc_mission_msgs_s.ep.rosidl_typesupport_fastrtps_c.c.o[0m
[5.603s] [ 96%] [32mBuilding C object CMakeFiles/smarc_mission_msgs__rosidl_typesupport_introspection_c__pyext.dir/rosidl_generator_py/smarc_mission_msgs/_smarc_mission_msgs_s.ep.rosidl_typesupport_introspection_c.c.o[0m
[5.606s] [ 96%] [32mBuilding C object CMakeFiles/smarc_mission_msgs__rosidl_typesupport_c__pyext.dir/rosidl_generator_py/smarc_mission_msgs/_smarc_mission_msgs_s.ep.rosidl_typesupport_c.c.o[0m
[5.778s] [ 97%] [32m[1mLinking C shared library rosidl_generator_py/smarc_mission_msgs/smarc_mission_msgs_s__rosidl_typesupport_fastrtps_c.cpython-310-x86_64-linux-gnu.so[0m
[5.784s] [ 98%] [32m[1mLinking C shared library rosidl_generator_py/smarc_mission_msgs/smarc_mission_msgs_s__rosidl_typesupport_c.cpython-310-x86_64-linux-gnu.so[0m
[5.794s] [100%] [32m[1mLinking C shared library rosidl_generator_py/smarc_mission_msgs/smarc_mission_msgs_s__rosidl_typesupport_introspection_c.cpython-310-x86_64-linux-gnu.so[0m
[5.811s] [100%] Built target smarc_mission_msgs__rosidl_typesupport_fastrtps_c__pyext
[5.815s] [100%] Built target smarc_mission_msgs__rosidl_typesupport_c__pyext
[5.827s] [100%] Built target smarc_mission_msgs__rosidl_typesupport_introspection_c__pyext
[5.835s] Invoked command in '/home/nacho/colcon_workspaces/smarc_ws/build/smarc_mission_msgs' returned '0': CMAKE_PREFIX_PATH=/opt/ros/humble /usr/bin/cmake --build /home/nacho/colcon_workspaces/smarc_ws/build/smarc_mission_msgs -- -j20 -l20
[5.836s] Invoking command in '/home/nacho/colcon_workspaces/smarc_ws/build/smarc_mission_msgs': CMAKE_PREFIX_PATH=/opt/ros/humble /usr/bin/cmake --install /home/nacho/colcon_workspaces/smarc_ws/build/smarc_mission_msgs
[5.841s] -- Install configuration: ""
[5.841s] -- Execute custom install script
[5.841s] -- Up-to-date symlink: /home/nacho/colcon_workspaces/smarc_ws/install/smarc_mission_msgs/share/ament_index/resource_index/rosidl_interfaces/smarc_mission_msgs
[5.842s] -- Up-to-date symlink: /home/nacho/colcon_workspaces/smarc_ws/install/smarc_mission_msgs/include/smarc_mission_msgs/smarc_mission_msgs/action/detail/empty__functions.h
[5.842s] -- Up-to-date symlink: /home/nacho/colcon_workspaces/smarc_ws/install/smarc_mission_msgs/include/smarc_mission_msgs/smarc_mission_msgs/action/detail/empty__struct.h
[5.842s] -- Up-to-date symlink: /home/nacho/colcon_workspaces/smarc_ws/install/smarc_mission_msgs/include/smarc_mission_msgs/smarc_mission_msgs/action/detail/empty__type_support.h
[5.842s] -- Up-to-date symlink: /home/nacho/colcon_workspaces/smarc_ws/install/smarc_mission_msgs/include/smarc_mission_msgs/smarc_mission_msgs/action/detail/goto_waypoint__functions.h
[5.843s] -- Up-to-date symlink: /home/nacho/colcon_workspaces/smarc_ws/install/smarc_mission_msgs/include/smarc_mission_msgs/smarc_mission_msgs/action/detail/goto_waypoint__struct.h
[5.843s] -- Up-to-date symlink: /home/nacho/colcon_workspaces/smarc_ws/install/smarc_mission_msgs/include/smarc_mission_msgs/smarc_mission_msgs/action/detail/goto_waypoint__type_support.h
[5.843s] -- Up-to-date symlink: /home/nacho/colcon_workspaces/smarc_ws/install/smarc_mission_msgs/include/smarc_mission_msgs/smarc_mission_msgs/action/empty.h
[5.843s] -- Up-to-date symlink: /home/nacho/colcon_workspaces/smarc_ws/install/smarc_mission_msgs/include/smarc_mission_msgs/smarc_mission_msgs/action/goto_waypoint.h
[5.843s] -- Up-to-date symlink: /home/nacho/colcon_workspaces/smarc_ws/install/smarc_mission_msgs/include/smarc_mission_msgs/smarc_mission_msgs/msg/bt_command.h
[5.843s] -- Up-to-date symlink: /home/nacho/colcon_workspaces/smarc_ws/install/smarc_mission_msgs/include/smarc_mission_msgs/smarc_mission_msgs/msg/detail/bt_command__functions.h
[5.843s] -- Up-to-date symlink: /home/nacho/colcon_workspaces/smarc_ws/install/smarc_mission_msgs/include/smarc_mission_msgs/smarc_mission_msgs/msg/detail/bt_command__struct.h
[5.843s] -- Up-to-date symlink: /home/nacho/colcon_workspaces/smarc_ws/install/smarc_mission_msgs/include/smarc_mission_msgs/smarc_mission_msgs/msg/detail/bt_command__type_support.h
[5.844s] -- Up-to-date symlink: /home/nacho/colcon_workspaces/smarc_ws/install/smarc_mission_msgs/include/smarc_mission_msgs/smarc_mission_msgs/msg/detail/goto_waypoint__functions.h
[5.844s] -- Up-to-date symlink: /home/nacho/colcon_workspaces/smarc_ws/install/smarc_mission_msgs/include/smarc_mission_msgs/smarc_mission_msgs/msg/detail/goto_waypoint__struct.h
[5.844s] -- Up-to-date symlink: /home/nacho/colcon_workspaces/smarc_ws/install/smarc_mission_msgs/include/smarc_mission_msgs/smarc_mission_msgs/msg/detail/goto_waypoint__type_support.h
[5.844s] -- Up-to-date symlink: /home/nacho/colcon_workspaces/smarc_ws/install/smarc_mission_msgs/include/smarc_mission_msgs/smarc_mission_msgs/msg/detail/mission_control__functions.h
[5.844s] -- Up-to-date symlink: /home/nacho/colcon_workspaces/smarc_ws/install/smarc_mission_msgs/include/smarc_mission_msgs/smarc_mission_msgs/msg/detail/mission_control__struct.h
[5.844s] -- Up-to-date symlink: /home/nacho/colcon_workspaces/smarc_ws/install/smarc_mission_msgs/include/smarc_mission_msgs/smarc_mission_msgs/msg/detail/mission_control__type_support.h
[5.844s] -- Up-to-date symlink: /home/nacho/colcon_workspaces/smarc_ws/install/smarc_mission_msgs/include/smarc_mission_msgs/smarc_mission_msgs/msg/detail/topics__functions.h
[5.844s] -- Up-to-date symlink: /home/nacho/colcon_workspaces/smarc_ws/install/smarc_mission_msgs/include/smarc_mission_msgs/smarc_mission_msgs/msg/detail/topics__struct.h
[5.844s] -- Up-to-date symlink: /home/nacho/colcon_workspaces/smarc_ws/install/smarc_mission_msgs/include/smarc_mission_msgs/smarc_mission_msgs/msg/detail/topics__type_support.h
[5.844s] -- Up-to-date symlink: /home/nacho/colcon_workspaces/smarc_ws/install/smarc_mission_msgs/include/smarc_mission_msgs/smarc_mission_msgs/msg/goto_waypoint.h
[5.845s] -- Up-to-date symlink: /home/nacho/colcon_workspaces/smarc_ws/install/smarc_mission_msgs/include/smarc_mission_msgs/smarc_mission_msgs/msg/mission_control.h
[5.845s] -- Up-to-date symlink: /home/nacho/colcon_workspaces/smarc_ws/install/smarc_mission_msgs/include/smarc_mission_msgs/smarc_mission_msgs/msg/rosidl_generator_c__visibility_control.h
[5.845s] -- Up-to-date symlink: /home/nacho/colcon_workspaces/smarc_ws/install/smarc_mission_msgs/include/smarc_mission_msgs/smarc_mission_msgs/msg/topics.h
[5.845s] -- Up-to-date symlink: /home/nacho/colcon_workspaces/smarc_ws/install/smarc_mission_msgs/include/smarc_mission_msgs/smarc_mission_msgs/srv/detail/dubins_plan__functions.h
[5.845s] -- Up-to-date symlink: /home/nacho/colcon_workspaces/smarc_ws/install/smarc_mission_msgs/include/smarc_mission_msgs/smarc_mission_msgs/srv/detail/dubins_plan__struct.h
[5.845s] -- Up-to-date symlink: /home/nacho/colcon_workspaces/smarc_ws/install/smarc_mission_msgs/include/smarc_mission_msgs/smarc_mission_msgs/srv/detail/dubins_plan__type_support.h
[5.845s] -- Up-to-date symlink: /home/nacho/colcon_workspaces/smarc_ws/install/smarc_mission_msgs/include/smarc_mission_msgs/smarc_mission_msgs/srv/detail/utm_lat_lon__functions.h
[5.845s] -- Up-to-date symlink: /home/nacho/colcon_workspaces/smarc_ws/install/smarc_mission_msgs/include/smarc_mission_msgs/smarc_mission_msgs/srv/detail/utm_lat_lon__struct.h
[5.846s] -- Up-to-date symlink: /home/nacho/colcon_workspaces/smarc_ws/install/smarc_mission_msgs/include/smarc_mission_msgs/smarc_mission_msgs/srv/detail/utm_lat_lon__type_support.h
[5.846s] -- Up-to-date symlink: /home/nacho/colcon_workspaces/smarc_ws/install/smarc_mission_msgs/include/smarc_mission_msgs/smarc_mission_msgs/srv/dubins_plan.h
[5.846s] -- Up-to-date symlink: /home/nacho/colcon_workspaces/smarc_ws/install/smarc_mission_msgs/include/smarc_mission_msgs/smarc_mission_msgs/srv/utm_lat_lon.h
[5.846s] -- Up-to-date symlink: /home/nacho/colcon_workspaces/smarc_ws/install/smarc_mission_msgs/share/smarc_mission_msgs/environment/library_path.sh
[5.846s] -- Up-to-date symlink: /home/nacho/colcon_workspaces/smarc_ws/install/smarc_mission_msgs/share/smarc_mission_msgs/environment/library_path.dsv
[5.847s] -- Up-to-date symlink: /home/nacho/colcon_workspaces/smarc_ws/install/smarc_mission_msgs/include/smarc_mission_msgs/smarc_mission_msgs/action/detail/empty__rosidl_typesupport_fastrtps_c.h
[5.847s] -- Up-to-date symlink: /home/nacho/colcon_workspaces/smarc_ws/install/smarc_mission_msgs/include/smarc_mission_msgs/smarc_mission_msgs/action/detail/goto_waypoint__rosidl_typesupport_fastrtps_c.h
[5.847s] -- Up-to-date symlink: /home/nacho/colcon_workspaces/smarc_ws/install/smarc_mission_msgs/include/smarc_mission_msgs/smarc_mission_msgs/msg/detail/bt_command__rosidl_typesupport_fastrtps_c.h
[5.847s] -- Up-to-date symlink: /home/nacho/colcon_workspaces/smarc_ws/install/smarc_mission_msgs/include/smarc_mission_msgs/smarc_mission_msgs/msg/detail/goto_waypoint__rosidl_typesupport_fastrtps_c.h
[5.847s] -- Up-to-date symlink: /home/nacho/colcon_workspaces/smarc_ws/install/smarc_mission_msgs/include/smarc_mission_msgs/smarc_mission_msgs/msg/detail/mission_control__rosidl_typesupport_fastrtps_c.h
[5.847s] -- Up-to-date symlink: /home/nacho/colcon_workspaces/smarc_ws/install/smarc_mission_msgs/include/smarc_mission_msgs/smarc_mission_msgs/msg/detail/topics__rosidl_typesupport_fastrtps_c.h
[5.847s] -- Up-to-date symlink: /home/nacho/colcon_workspaces/smarc_ws/install/smarc_mission_msgs/include/smarc_mission_msgs/smarc_mission_msgs/msg/rosidl_typesupport_fastrtps_c__visibility_control.h
[5.848s] -- Up-to-date symlink: /home/nacho/colcon_workspaces/smarc_ws/install/smarc_mission_msgs/include/smarc_mission_msgs/smarc_mission_msgs/srv/detail/dubins_plan__rosidl_typesupport_fastrtps_c.h
[5.848s] -- Up-to-date symlink: /home/nacho/colcon_workspaces/smarc_ws/install/smarc_mission_msgs/include/smarc_mission_msgs/smarc_mission_msgs/srv/detail/utm_lat_lon__rosidl_typesupport_fastrtps_c.h
[5.848s] -- Up-to-date symlink: /home/nacho/colcon_workspaces/smarc_ws/install/smarc_mission_msgs/include/smarc_mission_msgs/smarc_mission_msgs/action/detail/empty__rosidl_typesupport_introspection_c.h
[5.848s] -- Up-to-date symlink: /home/nacho/colcon_workspaces/smarc_ws/install/smarc_mission_msgs/include/smarc_mission_msgs/smarc_mission_msgs/action/detail/goto_waypoint__rosidl_typesupport_introspection_c.h
[5.848s] -- Up-to-date symlink: /home/nacho/colcon_workspaces/smarc_ws/install/smarc_mission_msgs/include/smarc_mission_msgs/smarc_mission_msgs/msg/detail/bt_command__rosidl_typesupport_introspection_c.h
[5.848s] -- Up-to-date symlink: /home/nacho/colcon_workspaces/smarc_ws/install/smarc_mission_msgs/include/smarc_mission_msgs/smarc_mission_msgs/msg/detail/goto_waypoint__rosidl_typesupport_introspection_c.h
[5.848s] -- Up-to-date symlink: /home/nacho/colcon_workspaces/smarc_ws/install/smarc_mission_msgs/include/smarc_mission_msgs/smarc_mission_msgs/msg/detail/mission_control__rosidl_typesupport_introspection_c.h
[5.849s] -- Up-to-date symlink: /home/nacho/colcon_workspaces/smarc_ws/install/smarc_mission_msgs/include/smarc_mission_msgs/smarc_mission_msgs/msg/detail/topics__rosidl_typesupport_introspection_c.h
[5.849s] -- Up-to-date symlink: /home/nacho/colcon_workspaces/smarc_ws/install/smarc_mission_msgs/include/smarc_mission_msgs/smarc_mission_msgs/msg/rosidl_typesupport_introspection_c__visibility_control.h
[5.849s] -- Up-to-date symlink: /home/nacho/colcon_workspaces/smarc_ws/install/smarc_mission_msgs/include/smarc_mission_msgs/smarc_mission_msgs/srv/detail/dubins_plan__rosidl_typesupport_introspection_c.h
[5.849s] -- Up-to-date symlink: /home/nacho/colcon_workspaces/smarc_ws/install/smarc_mission_msgs/include/smarc_mission_msgs/smarc_mission_msgs/srv/detail/utm_lat_lon__rosidl_typesupport_introspection_c.h
[5.849s] -- Up-to-date symlink: /home/nacho/colcon_workspaces/smarc_ws/install/smarc_mission_msgs/include/smarc_mission_msgs/smarc_mission_msgs/action/detail/empty__builder.hpp
[5.849s] -- Up-to-date symlink: /home/nacho/colcon_workspaces/smarc_ws/install/smarc_mission_msgs/include/smarc_mission_msgs/smarc_mission_msgs/action/detail/empty__struct.hpp
[5.850s] -- Up-to-date symlink: /home/nacho/colcon_workspaces/smarc_ws/install/smarc_mission_msgs/include/smarc_mission_msgs/smarc_mission_msgs/action/detail/empty__traits.hpp
[5.850s] -- Up-to-date symlink: /home/nacho/colcon_workspaces/smarc_ws/install/smarc_mission_msgs/include/smarc_mission_msgs/smarc_mission_msgs/action/detail/empty__type_support.hpp
[5.850s] -- Up-to-date symlink: /home/nacho/colcon_workspaces/smarc_ws/install/smarc_mission_msgs/include/smarc_mission_msgs/smarc_mission_msgs/action/detail/goto_waypoint__builder.hpp
[5.850s] -- Up-to-date symlink: /home/nacho/colcon_workspaces/smarc_ws/install/smarc_mission_msgs/include/smarc_mission_msgs/smarc_mission_msgs/action/detail/goto_waypoint__struct.hpp
[5.850s] -- Up-to-date symlink: /home/nacho/colcon_workspaces/smarc_ws/install/smarc_mission_msgs/include/smarc_mission_msgs/smarc_mission_msgs/action/detail/goto_waypoint__traits.hpp
[5.850s] -- Up-to-date symlink: /home/nacho/colcon_workspaces/smarc_ws/install/smarc_mission_msgs/include/smarc_mission_msgs/smarc_mission_msgs/action/detail/goto_waypoint__type_support.hpp
[5.851s] -- Up-to-date symlink: /home/nacho/colcon_workspaces/smarc_ws/install/smarc_mission_msgs/include/smarc_mission_msgs/smarc_mission_msgs/action/empty.hpp
[5.851s] -- Up-to-date symlink: /home/nacho/colcon_workspaces/smarc_ws/install/smarc_mission_msgs/include/smarc_mission_msgs/smarc_mission_msgs/action/goto_waypoint.hpp
[5.851s] -- Up-to-date symlink: /home/nacho/colcon_workspaces/smarc_ws/install/smarc_mission_msgs/include/smarc_mission_msgs/smarc_mission_msgs/msg/bt_command.hpp
[5.851s] -- Up-to-date symlink: /home/nacho/colcon_workspaces/smarc_ws/install/smarc_mission_msgs/include/smarc_mission_msgs/smarc_mission_msgs/msg/detail/bt_command__builder.hpp
[5.851s] -- Up-to-date symlink: /home/nacho/colcon_workspaces/smarc_ws/install/smarc_mission_msgs/include/smarc_mission_msgs/smarc_mission_msgs/msg/detail/bt_command__struct.hpp
[5.851s] -- Up-to-date symlink: /home/nacho/colcon_workspaces/smarc_ws/install/smarc_mission_msgs/include/smarc_mission_msgs/smarc_mission_msgs/msg/detail/bt_command__traits.hpp
[5.852s] -- Up-to-date symlink: /home/nacho/colcon_workspaces/smarc_ws/install/smarc_mission_msgs/include/smarc_mission_msgs/smarc_mission_msgs/msg/detail/bt_command__type_support.hpp
[5.852s] -- Up-to-date symlink: /home/nacho/colcon_workspaces/smarc_ws/install/smarc_mission_msgs/include/smarc_mission_msgs/smarc_mission_msgs/msg/detail/goto_waypoint__builder.hpp
[5.852s] -- Up-to-date symlink: /home/nacho/colcon_workspaces/smarc_ws/install/smarc_mission_msgs/include/smarc_mission_msgs/smarc_mission_msgs/msg/detail/goto_waypoint__struct.hpp
[5.852s] -- Up-to-date symlink: /home/nacho/colcon_workspaces/smarc_ws/install/smarc_mission_msgs/include/smarc_mission_msgs/smarc_mission_msgs/msg/detail/goto_waypoint__traits.hpp
[5.852s] -- Up-to-date symlink: /home/nacho/colcon_workspaces/smarc_ws/install/smarc_mission_msgs/include/smarc_mission_msgs/smarc_mission_msgs/msg/detail/goto_waypoint__type_support.hpp
[5.852s] -- Up-to-date symlink: /home/nacho/colcon_workspaces/smarc_ws/install/smarc_mission_msgs/include/smarc_mission_msgs/smarc_mission_msgs/msg/detail/mission_control__builder.hpp
[5.852s] -- Up-to-date symlink: /home/nacho/colcon_workspaces/smarc_ws/install/smarc_mission_msgs/include/smarc_mission_msgs/smarc_mission_msgs/msg/detail/mission_control__struct.hpp
[5.852s] -- Up-to-date symlink: /home/nacho/colcon_workspaces/smarc_ws/install/smarc_mission_msgs/include/smarc_mission_msgs/smarc_mission_msgs/msg/detail/mission_control__traits.hpp
[5.852s] -- Up-to-date symlink: /home/nacho/colcon_workspaces/smarc_ws/install/smarc_mission_msgs/include/smarc_mission_msgs/smarc_mission_msgs/msg/detail/mission_control__type_support.hpp
[5.852s] -- Up-to-date symlink: /home/nacho/colcon_workspaces/smarc_ws/install/smarc_mission_msgs/include/smarc_mission_msgs/smarc_mission_msgs/msg/detail/topics__builder.hpp
[5.853s] -- Up-to-date symlink: /home/nacho/colcon_workspaces/smarc_ws/install/smarc_mission_msgs/include/smarc_mission_msgs/smarc_mission_msgs/msg/detail/topics__struct.hpp
[5.853s] -- Up-to-date symlink: /home/nacho/colcon_workspaces/smarc_ws/install/smarc_mission_msgs/include/smarc_mission_msgs/smarc_mission_msgs/msg/detail/topics__traits.hpp
[5.853s] -- Up-to-date symlink: /home/nacho/colcon_workspaces/smarc_ws/install/smarc_mission_msgs/include/smarc_mission_msgs/smarc_mission_msgs/msg/detail/topics__type_support.hpp
[5.853s] -- Up-to-date symlink: /home/nacho/colcon_workspaces/smarc_ws/install/smarc_mission_msgs/include/smarc_mission_msgs/smarc_mission_msgs/msg/goto_waypoint.hpp
[5.853s] -- Up-to-date symlink: /home/nacho/colcon_workspaces/smarc_ws/install/smarc_mission_msgs/include/smarc_mission_msgs/smarc_mission_msgs/msg/mission_control.hpp
[5.853s] -- Up-to-date symlink: /home/nacho/colcon_workspaces/smarc_ws/install/smarc_mission_msgs/include/smarc_mission_msgs/smarc_mission_msgs/msg/rosidl_generator_cpp__visibility_control.hpp
[5.853s] -- Up-to-date symlink: /home/nacho/colcon_workspaces/smarc_ws/install/smarc_mission_msgs/include/smarc_mission_msgs/smarc_mission_msgs/msg/topics.hpp
[5.853s] -- Up-to-date symlink: /home/nacho/colcon_workspaces/smarc_ws/install/smarc_mission_msgs/include/smarc_mission_msgs/smarc_mission_msgs/srv/detail/dubins_plan__builder.hpp
[5.853s] -- Up-to-date symlink: /home/nacho/colcon_workspaces/smarc_ws/install/smarc_mission_msgs/include/smarc_mission_msgs/smarc_mission_msgs/srv/detail/dubins_plan__struct.hpp
[5.853s] -- Up-to-date symlink: /home/nacho/colcon_workspaces/smarc_ws/install/smarc_mission_msgs/include/smarc_mission_msgs/smarc_mission_msgs/srv/detail/dubins_plan__traits.hpp
[5.853s] -- Up-to-date symlink: /home/nacho/colcon_workspaces/smarc_ws/install/smarc_mission_msgs/include/smarc_mission_msgs/smarc_mission_msgs/srv/detail/dubins_plan__type_support.hpp
[5.854s] -- Up-to-date symlink: /home/nacho/colcon_workspaces/smarc_ws/install/smarc_mission_msgs/include/smarc_mission_msgs/smarc_mission_msgs/srv/detail/utm_lat_lon__builder.hpp
[5.854s] -- Up-to-date symlink: /home/nacho/colcon_workspaces/smarc_ws/install/smarc_mission_msgs/include/smarc_mission_msgs/smarc_mission_msgs/srv/detail/utm_lat_lon__struct.hpp
[5.854s] -- Up-to-date symlink: /home/nacho/colcon_workspaces/smarc_ws/install/smarc_mission_msgs/include/smarc_mission_msgs/smarc_mission_msgs/srv/detail/utm_lat_lon__traits.hpp
[5.854s] -- Up-to-date symlink: /home/nacho/colcon_workspaces/smarc_ws/install/smarc_mission_msgs/include/smarc_mission_msgs/smarc_mission_msgs/srv/detail/utm_lat_lon__type_support.hpp
[5.854s] -- Up-to-date symlink: /home/nacho/colcon_workspaces/smarc_ws/install/smarc_mission_msgs/include/smarc_mission_msgs/smarc_mission_msgs/srv/dubins_plan.hpp
[5.854s] -- Up-to-date symlink: /home/nacho/colcon_workspaces/smarc_ws/install/smarc_mission_msgs/include/smarc_mission_msgs/smarc_mission_msgs/srv/utm_lat_lon.hpp
[5.855s] -- Up-to-date symlink: /home/nacho/colcon_workspaces/smarc_ws/install/smarc_mission_msgs/include/smarc_mission_msgs/smarc_mission_msgs/action/detail/empty__rosidl_typesupport_fastrtps_cpp.hpp
[5.855s] -- Up-to-date symlink: /home/nacho/colcon_workspaces/smarc_ws/install/smarc_mission_msgs/include/smarc_mission_msgs/smarc_mission_msgs/action/detail/goto_waypoint__rosidl_typesupport_fastrtps_cpp.hpp
[5.855s] -- Up-to-date symlink: /home/nacho/colcon_workspaces/smarc_ws/install/smarc_mission_msgs/include/smarc_mission_msgs/smarc_mission_msgs/msg/detail/bt_command__rosidl_typesupport_fastrtps_cpp.hpp
[5.855s] -- Up-to-date symlink: /home/nacho/colcon_workspaces/smarc_ws/install/smarc_mission_msgs/include/smarc_mission_msgs/smarc_mission_msgs/msg/detail/goto_waypoint__rosidl_typesupport_fastrtps_cpp.hpp
[5.855s] -- Up-to-date symlink: /home/nacho/colcon_workspaces/smarc_ws/install/smarc_mission_msgs/include/smarc_mission_msgs/smarc_mission_msgs/msg/detail/mission_control__rosidl_typesupport_fastrtps_cpp.hpp
[5.855s] -- Up-to-date symlink: /home/nacho/colcon_workspaces/smarc_ws/install/smarc_mission_msgs/include/smarc_mission_msgs/smarc_mission_msgs/msg/detail/topics__rosidl_typesupport_fastrtps_cpp.hpp
[5.855s] -- Up-to-date symlink: /home/nacho/colcon_workspaces/smarc_ws/install/smarc_mission_msgs/include/smarc_mission_msgs/smarc_mission_msgs/msg/rosidl_typesupport_fastrtps_cpp__visibility_control.h
[5.855s] -- Up-to-date symlink: /home/nacho/colcon_workspaces/smarc_ws/install/smarc_mission_msgs/include/smarc_mission_msgs/smarc_mission_msgs/srv/detail/dubins_plan__rosidl_typesupport_fastrtps_cpp.hpp
[5.856s] -- Up-to-date symlink: /home/nacho/colcon_workspaces/smarc_ws/install/smarc_mission_msgs/include/smarc_mission_msgs/smarc_mission_msgs/srv/detail/utm_lat_lon__rosidl_typesupport_fastrtps_cpp.hpp
[5.856s] -- Up-to-date symlink: /home/nacho/colcon_workspaces/smarc_ws/install/smarc_mission_msgs/include/smarc_mission_msgs/smarc_mission_msgs/action/detail/empty__rosidl_typesupport_introspection_cpp.hpp
[5.856s] -- Up-to-date symlink: /home/nacho/colcon_workspaces/smarc_ws/install/smarc_mission_msgs/include/smarc_mission_msgs/smarc_mission_msgs/action/detail/goto_waypoint__rosidl_typesupport_introspection_cpp.hpp
[5.856s] -- Up-to-date symlink: /home/nacho/colcon_workspaces/smarc_ws/install/smarc_mission_msgs/include/smarc_mission_msgs/smarc_mission_msgs/msg/detail/bt_command__rosidl_typesupport_introspection_cpp.hpp
[5.856s] -- Up-to-date symlink: /home/nacho/colcon_workspaces/smarc_ws/install/smarc_mission_msgs/include/smarc_mission_msgs/smarc_mission_msgs/msg/detail/goto_waypoint__rosidl_typesupport_introspection_cpp.hpp
[5.856s] -- Up-to-date symlink: /home/nacho/colcon_workspaces/smarc_ws/install/smarc_mission_msgs/include/smarc_mission_msgs/smarc_mission_msgs/msg/detail/mission_control__rosidl_typesupport_introspection_cpp.hpp
[5.856s] -- Up-to-date symlink: /home/nacho/colcon_workspaces/smarc_ws/install/smarc_mission_msgs/include/smarc_mission_msgs/smarc_mission_msgs/msg/detail/topics__rosidl_typesupport_introspection_cpp.hpp
[5.856s] -- Up-to-date symlink: /home/nacho/colcon_workspaces/smarc_ws/install/smarc_mission_msgs/include/smarc_mission_msgs/smarc_mission_msgs/srv/detail/dubins_plan__rosidl_typesupport_introspection_cpp.hpp
[5.856s] -- Up-to-date symlink: /home/nacho/colcon_workspaces/smarc_ws/install/smarc_mission_msgs/include/smarc_mission_msgs/smarc_mission_msgs/srv/detail/utm_lat_lon__rosidl_typesupport_introspection_cpp.hpp
[5.856s] -- Up-to-date symlink: /home/nacho/colcon_workspaces/smarc_ws/install/smarc_mission_msgs/share/smarc_mission_msgs/environment/pythonpath.sh
[5.857s] -- Up-to-date symlink: /home/nacho/colcon_workspaces/smarc_ws/install/smarc_mission_msgs/share/smarc_mission_msgs/environment/pythonpath.dsv
[5.857s] -- Up-to-date symlink: /home/nacho/colcon_workspaces/smarc_ws/install/smarc_mission_msgs/local/lib/python3.10/dist-packages/smarc_mission_msgs-0.0.0-py3.10.egg-info/PKG-INFO
[5.857s] -- Up-to-date symlink: /home/nacho/colcon_workspaces/smarc_ws/install/smarc_mission_msgs/local/lib/python3.10/dist-packages/smarc_mission_msgs-0.0.0-py3.10.egg-info/SOURCES.txt
[5.857s] -- Up-to-date symlink: /home/nacho/colcon_workspaces/smarc_ws/install/smarc_mission_msgs/local/lib/python3.10/dist-packages/smarc_mission_msgs-0.0.0-py3.10.egg-info/dependency_links.txt
[5.857s] -- Up-to-date symlink: /home/nacho/colcon_workspaces/smarc_ws/install/smarc_mission_msgs/local/lib/python3.10/dist-packages/smarc_mission_msgs-0.0.0-py3.10.egg-info/top_level.txt
[5.858s] -- Up-to-date symlink: /home/nacho/colcon_workspaces/smarc_ws/install/smarc_mission_msgs/local/lib/python3.10/dist-packages/smarc_mission_msgs/__init__.py
[5.858s] -- Up-to-date symlink: /home/nacho/colcon_workspaces/smarc_ws/install/smarc_mission_msgs/local/lib/python3.10/dist-packages/smarc_mission_msgs/_smarc_mission_msgs_s.ep.rosidl_typesupport_c.c
[5.858s] -- Up-to-date symlink: /home/nacho/colcon_workspaces/smarc_ws/install/smarc_mission_msgs/local/lib/python3.10/dist-packages/smarc_mission_msgs/_smarc_mission_msgs_s.ep.rosidl_typesupport_fastrtps_c.c
[5.858s] -- Up-to-date symlink: /home/nacho/colcon_workspaces/smarc_ws/install/smarc_mission_msgs/local/lib/python3.10/dist-packages/smarc_mission_msgs/_smarc_mission_msgs_s.ep.rosidl_typesupport_introspection_c.c
[5.858s] -- Up-to-date symlink: /home/nacho/colcon_workspaces/smarc_ws/install/smarc_mission_msgs/local/lib/python3.10/dist-packages/smarc_mission_msgs/action/__init__.py
[5.858s] -- Up-to-date symlink: /home/nacho/colcon_workspaces/smarc_ws/install/smarc_mission_msgs/local/lib/python3.10/dist-packages/smarc_mission_msgs/action/_empty.py
[5.858s] -- Up-to-date symlink: /home/nacho/colcon_workspaces/smarc_ws/install/smarc_mission_msgs/local/lib/python3.10/dist-packages/smarc_mission_msgs/action/_empty_s.c
[5.858s] -- Up-to-date symlink: /home/nacho/colcon_workspaces/smarc_ws/install/smarc_mission_msgs/local/lib/python3.10/dist-packages/smarc_mission_msgs/action/_goto_waypoint.py
[5.859s] -- Up-to-date symlink: /home/nacho/colcon_workspaces/smarc_ws/install/smarc_mission_msgs/local/lib/python3.10/dist-packages/smarc_mission_msgs/action/_goto_waypoint_s.c
[5.859s] -- Up-to-date symlink: /home/nacho/colcon_workspaces/smarc_ws/install/smarc_mission_msgs/local/lib/python3.10/dist-packages/smarc_mission_msgs/libsmarc_mission_msgs__rosidl_generator_py.so
[5.859s] -- Up-to-date symlink: /home/nacho/colcon_workspaces/smarc_ws/install/smarc_mission_msgs/local/lib/python3.10/dist-packages/smarc_mission_msgs/msg/__init__.py
[5.859s] -- Up-to-date symlink: /home/nacho/colcon_workspaces/smarc_ws/install/smarc_mission_msgs/local/lib/python3.10/dist-packages/smarc_mission_msgs/msg/_bt_command.py
[5.860s] -- Up-to-date symlink: /home/nacho/colcon_workspaces/smarc_ws/install/smarc_mission_msgs/local/lib/python3.10/dist-packages/smarc_mission_msgs/msg/_bt_command_s.c
[5.860s] -- Up-to-date symlink: /home/nacho/colcon_workspaces/smarc_ws/install/smarc_mission_msgs/local/lib/python3.10/dist-packages/smarc_mission_msgs/msg/_goto_waypoint.py
[5.860s] -- Up-to-date symlink: /home/nacho/colcon_workspaces/smarc_ws/install/smarc_mission_msgs/local/lib/python3.10/dist-packages/smarc_mission_msgs/msg/_goto_waypoint_s.c
[5.860s] -- Up-to-date symlink: /home/nacho/colcon_workspaces/smarc_ws/install/smarc_mission_msgs/local/lib/python3.10/dist-packages/smarc_mission_msgs/msg/_mission_control.py
[5.860s] -- Up-to-date symlink: /home/nacho/colcon_workspaces/smarc_ws/install/smarc_mission_msgs/local/lib/python3.10/dist-packages/smarc_mission_msgs/msg/_mission_control_s.c
[5.860s] -- Up-to-date symlink: /home/nacho/colcon_workspaces/smarc_ws/install/smarc_mission_msgs/local/lib/python3.10/dist-packages/smarc_mission_msgs/msg/_topics.py
[5.861s] -- Up-to-date symlink: /home/nacho/colcon_workspaces/smarc_ws/install/smarc_mission_msgs/local/lib/python3.10/dist-packages/smarc_mission_msgs/msg/_topics_s.c
[5.861s] -- Up-to-date symlink: /home/nacho/colcon_workspaces/smarc_ws/install/smarc_mission_msgs/local/lib/python3.10/dist-packages/smarc_mission_msgs/smarc_mission_msgs_s__rosidl_typesupport_c.cpython-310-x86_64-linux-gnu.so
[5.861s] -- Up-to-date symlink: /home/nacho/colcon_workspaces/smarc_ws/install/smarc_mission_msgs/local/lib/python3.10/dist-packages/smarc_mission_msgs/smarc_mission_msgs_s__rosidl_typesupport_fastrtps_c.cpython-310-x86_64-linux-gnu.so
[5.861s] -- Up-to-date symlink: /home/nacho/colcon_workspaces/smarc_ws/install/smarc_mission_msgs/local/lib/python3.10/dist-packages/smarc_mission_msgs/smarc_mission_msgs_s__rosidl_typesupport_introspection_c.cpython-310-x86_64-linux-gnu.so
[5.861s] -- Up-to-date symlink: /home/nacho/colcon_workspaces/smarc_ws/install/smarc_mission_msgs/local/lib/python3.10/dist-packages/smarc_mission_msgs/srv/__init__.py
[5.862s] -- Up-to-date symlink: /home/nacho/colcon_workspaces/smarc_ws/install/smarc_mission_msgs/local/lib/python3.10/dist-packages/smarc_mission_msgs/srv/_dubins_plan.py
[5.862s] -- Up-to-date symlink: /home/nacho/colcon_workspaces/smarc_ws/install/smarc_mission_msgs/local/lib/python3.10/dist-packages/smarc_mission_msgs/srv/_dubins_plan_s.c
[5.862s] -- Up-to-date symlink: /home/nacho/colcon_workspaces/smarc_ws/install/smarc_mission_msgs/local/lib/python3.10/dist-packages/smarc_mission_msgs/srv/_utm_lat_lon.py
[5.862s] -- Up-to-date symlink: /home/nacho/colcon_workspaces/smarc_ws/install/smarc_mission_msgs/local/lib/python3.10/dist-packages/smarc_mission_msgs/srv/_utm_lat_lon_s.c
[5.862s] -- Up-to-date symlink: /home/nacho/colcon_workspaces/smarc_ws/install/smarc_mission_msgs/local/lib/python3.10/dist-packages/smarc_mission_msgs/smarc_mission_msgs_s__rosidl_typesupport_fastrtps_c.cpython-310-x86_64-linux-gnu.so
[5.863s] -- Up-to-date symlink: /home/nacho/colcon_workspaces/smarc_ws/install/smarc_mission_msgs/local/lib/python3.10/dist-packages/smarc_mission_msgs/smarc_mission_msgs_s__rosidl_typesupport_introspection_c.cpython-310-x86_64-linux-gnu.so
[5.863s] -- Up-to-date symlink: /home/nacho/colcon_workspaces/smarc_ws/install/smarc_mission_msgs/local/lib/python3.10/dist-packages/smarc_mission_msgs/smarc_mission_msgs_s__rosidl_typesupport_c.cpython-310-x86_64-linux-gnu.so
[5.863s] -- Up-to-date symlink: /home/nacho/colcon_workspaces/smarc_ws/install/smarc_mission_msgs/share/smarc_mission_msgs/msg/Topics.idl
[5.863s] -- Up-to-date symlink: /home/nacho/colcon_workspaces/smarc_ws/install/smarc_mission_msgs/share/smarc_mission_msgs/msg/BTCommand.idl
[5.864s] -- Up-to-date symlink: /home/nacho/colcon_workspaces/smarc_ws/install/smarc_mission_msgs/share/smarc_mission_msgs/msg/GotoWaypoint.idl
[5.864s] -- Up-to-date symlink: /home/nacho/colcon_workspaces/smarc_ws/install/smarc_mission_msgs/share/smarc_mission_msgs/msg/MissionControl.idl
[5.864s] -- Up-to-date symlink: /home/nacho/colcon_workspaces/smarc_ws/install/smarc_mission_msgs/share/smarc_mission_msgs/action/Empty.idl
[5.864s] -- Up-to-date symlink: /home/nacho/colcon_workspaces/smarc_ws/install/smarc_mission_msgs/share/smarc_mission_msgs/action/GotoWaypoint.idl
[5.865s] -- Up-to-date symlink: /home/nacho/colcon_workspaces/smarc_ws/install/smarc_mission_msgs/share/smarc_mission_msgs/srv/DubinsPlan.idl
[5.865s] -- Up-to-date symlink: /home/nacho/colcon_workspaces/smarc_ws/install/smarc_mission_msgs/share/smarc_mission_msgs/srv/UTMLatLon.idl
[5.865s] -- Up-to-date symlink: /home/nacho/colcon_workspaces/smarc_ws/install/smarc_mission_msgs/share/smarc_mission_msgs/msg/Topics.msg
[5.865s] -- Up-to-date symlink: /home/nacho/colcon_workspaces/smarc_ws/install/smarc_mission_msgs/share/smarc_mission_msgs/msg/BTCommand.msg
[5.865s] -- Up-to-date symlink: /home/nacho/colcon_workspaces/smarc_ws/install/smarc_mission_msgs/share/smarc_mission_msgs/msg/GotoWaypoint.msg
[5.865s] -- Up-to-date symlink: /home/nacho/colcon_workspaces/smarc_ws/install/smarc_mission_msgs/share/smarc_mission_msgs/msg/MissionControl.msg
[5.866s] -- Up-to-date symlink: /home/nacho/colcon_workspaces/smarc_ws/install/smarc_mission_msgs/share/smarc_mission_msgs/action/Empty.action
[5.866s] -- Up-to-date symlink: /home/nacho/colcon_workspaces/smarc_ws/install/smarc_mission_msgs/share/smarc_mission_msgs/action/GotoWaypoint.action
[5.866s] -- Up-to-date symlink: /home/nacho/colcon_workspaces/smarc_ws/install/smarc_mission_msgs/share/smarc_mission_msgs/srv/DubinsPlan.srv
[5.866s] -- Up-to-date symlink: /home/nacho/colcon_workspaces/smarc_ws/install/smarc_mission_msgs/share/smarc_mission_msgs/srv/DubinsPlan_Request.msg
[5.866s] -- Up-to-date symlink: /home/nacho/colcon_workspaces/smarc_ws/install/smarc_mission_msgs/share/smarc_mission_msgs/srv/DubinsPlan_Response.msg
[5.866s] -- Up-to-date symlink: /home/nacho/colcon_workspaces/smarc_ws/install/smarc_mission_msgs/share/smarc_mission_msgs/srv/UTMLatLon.srv
[5.866s] -- Up-to-date symlink: /home/nacho/colcon_workspaces/smarc_ws/install/smarc_mission_msgs/share/smarc_mission_msgs/srv/UTMLatLon_Request.msg
[5.866s] -- Up-to-date symlink: /home/nacho/colcon_workspaces/smarc_ws/install/smarc_mission_msgs/share/smarc_mission_msgs/srv/UTMLatLon_Response.msg
[5.867s] -- Up-to-date symlink: /home/nacho/colcon_workspaces/smarc_ws/install/smarc_mission_msgs/share/ament_index/resource_index/package_run_dependencies/smarc_mission_msgs
[5.867s] -- Up-to-date symlink: /home/nacho/colcon_workspaces/smarc_ws/install/smarc_mission_msgs/share/ament_index/resource_index/parent_prefix_path/smarc_mission_msgs
[5.867s] -- Up-to-date symlink: /home/nacho/colcon_workspaces/smarc_ws/install/smarc_mission_msgs/share/smarc_mission_msgs/environment/ament_prefix_path.sh
[5.867s] -- Up-to-date symlink: /home/nacho/colcon_workspaces/smarc_ws/install/smarc_mission_msgs/share/smarc_mission_msgs/environment/ament_prefix_path.dsv
[5.867s] -- Up-to-date symlink: /home/nacho/colcon_workspaces/smarc_ws/install/smarc_mission_msgs/share/smarc_mission_msgs/environment/path.sh
[5.867s] -- Up-to-date symlink: /home/nacho/colcon_workspaces/smarc_ws/install/smarc_mission_msgs/share/smarc_mission_msgs/environment/path.dsv
[5.867s] -- Up-to-date symlink: /home/nacho/colcon_workspaces/smarc_ws/install/smarc_mission_msgs/share/smarc_mission_msgs/local_setup.bash
[5.868s] -- Up-to-date symlink: /home/nacho/colcon_workspaces/smarc_ws/install/smarc_mission_msgs/share/smarc_mission_msgs/local_setup.sh
[5.868s] -- Up-to-date symlink: /home/nacho/colcon_workspaces/smarc_ws/install/smarc_mission_msgs/share/smarc_mission_msgs/local_setup.zsh
[5.868s] -- Up-to-date symlink: /home/nacho/colcon_workspaces/smarc_ws/install/smarc_mission_msgs/share/smarc_mission_msgs/local_setup.dsv
[5.868s] -- Symlinking: /home/nacho/colcon_workspaces/smarc_ws/install/smarc_mission_msgs/share/smarc_mission_msgs/package.dsv
[5.876s] -- Up-to-date symlink: /home/nacho/colcon_workspaces/smarc_ws/install/smarc_mission_msgs/share/ament_index/resource_index/packages/smarc_mission_msgs
[5.876s] -- Up-to-date symlink: /home/nacho/colcon_workspaces/smarc_ws/install/smarc_mission_msgs/share/smarc_mission_msgs/cmake/rosidl_cmake-extras.cmake
[5.876s] -- Up-to-date symlink: /home/nacho/colcon_workspaces/smarc_ws/install/smarc_mission_msgs/share/smarc_mission_msgs/cmake/ament_cmake_export_dependencies-extras.cmake
[5.876s] -- Up-to-date symlink: /home/nacho/colcon_workspaces/smarc_ws/install/smarc_mission_msgs/share/smarc_mission_msgs/cmake/ament_cmake_export_include_directories-extras.cmake
[5.876s] -- Up-to-date symlink: /home/nacho/colcon_workspaces/smarc_ws/install/smarc_mission_msgs/share/smarc_mission_msgs/cmake/ament_cmake_export_libraries-extras.cmake
[5.876s] -- Up-to-date symlink: /home/nacho/colcon_workspaces/smarc_ws/install/smarc_mission_msgs/share/smarc_mission_msgs/cmake/ament_cmake_export_targets-extras.cmake
[5.876s] -- Up-to-date symlink: /home/nacho/colcon_workspaces/smarc_ws/install/smarc_mission_msgs/share/smarc_mission_msgs/cmake/rosidl_cmake_export_typesupport_targets-extras.cmake
[5.877s] -- Up-to-date symlink: /home/nacho/colcon_workspaces/smarc_ws/install/smarc_mission_msgs/share/smarc_mission_msgs/cmake/rosidl_cmake_export_typesupport_libraries-extras.cmake
[5.877s] -- Up-to-date symlink: /home/nacho/colcon_workspaces/smarc_ws/install/smarc_mission_msgs/share/smarc_mission_msgs/cmake/smarc_mission_msgsConfig.cmake
[5.877s] -- Up-to-date symlink: /home/nacho/colcon_workspaces/smarc_ws/install/smarc_mission_msgs/share/smarc_mission_msgs/cmake/smarc_mission_msgsConfig-version.cmake
[5.877s] -- Up-to-date symlink: /home/nacho/colcon_workspaces/smarc_ws/install/smarc_mission_msgs/share/smarc_mission_msgs/package.xml
[5.877s] -- Installing: /home/nacho/colcon_workspaces/smarc_ws/install/smarc_mission_msgs/lib/libsmarc_mission_msgs__rosidl_generator_c.so
[5.878s] -- Set runtime path of "/home/nacho/colcon_workspaces/smarc_ws/install/smarc_mission_msgs/lib/libsmarc_mission_msgs__rosidl_generator_c.so" to ""
[5.878s] -- Installing: /home/nacho/colcon_workspaces/smarc_ws/install/smarc_mission_msgs/lib/libsmarc_mission_msgs__rosidl_typesupport_fastrtps_c.so
[5.878s] -- Set runtime path of "/home/nacho/colcon_workspaces/smarc_ws/install/smarc_mission_msgs/lib/libsmarc_mission_msgs__rosidl_typesupport_fastrtps_c.so" to ""
[5.879s] -- Installing: /home/nacho/colcon_workspaces/smarc_ws/install/smarc_mission_msgs/lib/libsmarc_mission_msgs__rosidl_typesupport_introspection_c.so
[5.879s] -- Set runtime path of "/home/nacho/colcon_workspaces/smarc_ws/install/smarc_mission_msgs/lib/libsmarc_mission_msgs__rosidl_typesupport_introspection_c.so" to ""
[5.879s] -- Installing: /home/nacho/colcon_workspaces/smarc_ws/install/smarc_mission_msgs/lib/libsmarc_mission_msgs__rosidl_typesupport_c.so
[5.880s] -- Set runtime path of "/home/nacho/colcon_workspaces/smarc_ws/install/smarc_mission_msgs/lib/libsmarc_mission_msgs__rosidl_typesupport_c.so" to ""
[5.880s] -- Installing: /home/nacho/colcon_workspaces/smarc_ws/install/smarc_mission_msgs/lib/libsmarc_mission_msgs__rosidl_typesupport_fastrtps_cpp.so
[5.881s] -- Set runtime path of "/home/nacho/colcon_workspaces/smarc_ws/install/smarc_mission_msgs/lib/libsmarc_mission_msgs__rosidl_typesupport_fastrtps_cpp.so" to ""
[5.881s] -- Installing: /home/nacho/colcon_workspaces/smarc_ws/install/smarc_mission_msgs/lib/libsmarc_mission_msgs__rosidl_typesupport_introspection_cpp.so
[5.882s] -- Set runtime path of "/home/nacho/colcon_workspaces/smarc_ws/install/smarc_mission_msgs/lib/libsmarc_mission_msgs__rosidl_typesupport_introspection_cpp.so" to ""
[5.882s] -- Installing: /home/nacho/colcon_workspaces/smarc_ws/install/smarc_mission_msgs/lib/libsmarc_mission_msgs__rosidl_typesupport_cpp.so
[5.883s] -- Set runtime path of "/home/nacho/colcon_workspaces/smarc_ws/install/smarc_mission_msgs/lib/libsmarc_mission_msgs__rosidl_typesupport_cpp.so" to ""
[5.909s] Listing '/home/nacho/colcon_workspaces/smarc_ws/install/smarc_mission_msgs/local/lib/python3.10/dist-packages/smarc_mission_msgs'...
[5.909s] Compiling '/home/nacho/colcon_workspaces/smarc_ws/install/smarc_mission_msgs/local/lib/python3.10/dist-packages/smarc_mission_msgs/__init__.py'...
[5.909s] Listing '/home/nacho/colcon_workspaces/smarc_ws/install/smarc_mission_msgs/local/lib/python3.10/dist-packages/smarc_mission_msgs/action'...
[5.909s] Listing '/home/nacho/colcon_workspaces/smarc_ws/install/smarc_mission_msgs/local/lib/python3.10/dist-packages/smarc_mission_msgs/msg'...
[5.909s] Listing '/home/nacho/colcon_workspaces/smarc_ws/install/smarc_mission_msgs/local/lib/python3.10/dist-packages/smarc_mission_msgs/srv'...
[5.914s] -- Installing: /home/nacho/colcon_workspaces/smarc_ws/install/smarc_mission_msgs/lib/libsmarc_mission_msgs__rosidl_generator_py.so
[5.914s] -- Set runtime path of "/home/nacho/colcon_workspaces/smarc_ws/install/smarc_mission_msgs/lib/libsmarc_mission_msgs__rosidl_generator_py.so" to ""
[5.914s] -- Up-to-date: /home/nacho/colcon_workspaces/smarc_ws/install/smarc_mission_msgs/share/smarc_mission_msgs/cmake/export_smarc_mission_msgs__rosidl_generator_cExport.cmake
[5.914s] -- Up-to-date: /home/nacho/colcon_workspaces/smarc_ws/install/smarc_mission_msgs/share/smarc_mission_msgs/cmake/export_smarc_mission_msgs__rosidl_generator_cExport-noconfig.cmake
[5.915s] -- Up-to-date: /home/nacho/colcon_workspaces/smarc_ws/install/smarc_mission_msgs/share/smarc_mission_msgs/cmake/export_smarc_mission_msgs__rosidl_typesupport_fastrtps_cExport.cmake
[5.915s] -- Up-to-date: /home/nacho/colcon_workspaces/smarc_ws/install/smarc_mission_msgs/share/smarc_mission_msgs/cmake/export_smarc_mission_msgs__rosidl_typesupport_fastrtps_cExport-noconfig.cmake
[5.915s] -- Up-to-date: /home/nacho/colcon_workspaces/smarc_ws/install/smarc_mission_msgs/share/smarc_mission_msgs/cmake/smarc_mission_msgs__rosidl_typesupport_introspection_cExport.cmake
[5.915s] -- Up-to-date: /home/nacho/colcon_workspaces/smarc_ws/install/smarc_mission_msgs/share/smarc_mission_msgs/cmake/smarc_mission_msgs__rosidl_typesupport_introspection_cExport-noconfig.cmake
[5.915s] -- Up-to-date: /home/nacho/colcon_workspaces/smarc_ws/install/smarc_mission_msgs/share/smarc_mission_msgs/cmake/smarc_mission_msgs__rosidl_typesupport_cExport.cmake
[5.915s] -- Up-to-date: /home/nacho/colcon_workspaces/smarc_ws/install/smarc_mission_msgs/share/smarc_mission_msgs/cmake/smarc_mission_msgs__rosidl_typesupport_cExport-noconfig.cmake
[5.915s] -- Up-to-date: /home/nacho/colcon_workspaces/smarc_ws/install/smarc_mission_msgs/share/smarc_mission_msgs/cmake/export_smarc_mission_msgs__rosidl_generator_cppExport.cmake
[5.915s] -- Up-to-date: /home/nacho/colcon_workspaces/smarc_ws/install/smarc_mission_msgs/share/smarc_mission_msgs/cmake/export_smarc_mission_msgs__rosidl_typesupport_fastrtps_cppExport.cmake
[5.915s] -- Up-to-date: /home/nacho/colcon_workspaces/smarc_ws/install/smarc_mission_msgs/share/smarc_mission_msgs/cmake/export_smarc_mission_msgs__rosidl_typesupport_fastrtps_cppExport-noconfig.cmake
[5.916s] -- Up-to-date: /home/nacho/colcon_workspaces/smarc_ws/install/smarc_mission_msgs/share/smarc_mission_msgs/cmake/smarc_mission_msgs__rosidl_typesupport_introspection_cppExport.cmake
[5.916s] -- Up-to-date: /home/nacho/colcon_workspaces/smarc_ws/install/smarc_mission_msgs/share/smarc_mission_msgs/cmake/smarc_mission_msgs__rosidl_typesupport_introspection_cppExport-noconfig.cmake
[5.916s] -- Up-to-date: /home/nacho/colcon_workspaces/smarc_ws/install/smarc_mission_msgs/share/smarc_mission_msgs/cmake/smarc_mission_msgs__rosidl_typesupport_cppExport.cmake
[5.916s] -- Up-to-date: /home/nacho/colcon_workspaces/smarc_ws/install/smarc_mission_msgs/share/smarc_mission_msgs/cmake/smarc_mission_msgs__rosidl_typesupport_cppExport-noconfig.cmake
[5.916s] -- Up-to-date: /home/nacho/colcon_workspaces/smarc_ws/install/smarc_mission_msgs/share/smarc_mission_msgs/cmake/export_smarc_mission_msgs__rosidl_generator_pyExport.cmake
[5.916s] -- Up-to-date: /home/nacho/colcon_workspaces/smarc_ws/install/smarc_mission_msgs/share/smarc_mission_msgs/cmake/export_smarc_mission_msgs__rosidl_generator_pyExport-noconfig.cmake
[5.919s] Invoked command in '/home/nacho/colcon_workspaces/smarc_ws/build/smarc_mission_msgs' returned '0': CMAKE_PREFIX_PATH=/opt/ros/humble /usr/bin/cmake --install /home/nacho/colcon_workspaces/smarc_ws/build/smarc_mission_msgs
