-- Found ament_cmake: 1.3.11 (/opt/ros/humble/share/ament_cmake/cmake)
-- Override CMake install command with custom implementation using symlinks instead of copying resources
-- Found rosidl_default_generators: 1.2.0 (/opt/ros/humble/share/rosidl_default_generators/cmake)
-- Using all available rosidl_typesupport_c: rosidl_typesupport_fastrtps_c;rosidl_typesupport_introspection_c
-- Found rosidl_adapter: 3.1.6 (/opt/ros/humble/share/rosidl_adapter/cmake)
-- Using all available rosidl_typesupport_cpp: rosidl_typesupport_fastrtps_cpp;rosidl_typesupport_introspection_cpp
-- Found geometry_msgs: 4.2.4 (/opt/ros/humble/share/geometry_msgs/cmake)
-- Found geographic_msgs: 1.0.6 (/opt/ros/humble/share/geographic_msgs/cmake)
-- Found nav_msgs: 4.2.4 (/opt/ros/humble/share/nav_msgs/cmake)
-- Found sensor_msgs: 4.2.4 (/opt/ros/humble/share/sensor_msgs/cmake)
-- Found ament_cmake_ros: 0.10.0 (/opt/ros/humble/share/ament_cmake_ros/cmake)
-- Using all available rosidl_typesupport_c: rosidl_typesupport_fastrtps_c;rosidl_typesupport_introspection_c
-- Using all available rosidl_typesupport_cpp: rosidl_typesupport_fastrtps_cpp;rosidl_typesupport_introspection_cpp
-- Found python_cmake_module: 0.10.0 (/opt/ros/humble/share/python_cmake_module/cmake)
-- Using PYTHON_EXECUTABLE: /usr/bin/python3
-- Using PYTHON_INCLUDE_DIRS: /usr/include/python3.10
-- Using PYTHON_LIBRARIES: /usr/lib/x86_64-linux-gnu/libpython3.10.so
-- Found ament_lint_auto: 0.12.11 (/opt/ros/humble/share/ament_lint_auto/cmake)
-- Added test 'lint_cmake' to check CMake code style
-- Added test 'xmllint' to check XML markup files
-- Configuring done
-- Generating done
-- Build files have been written to: /home/nacho/colcon_workspaces/smarc_ws/build/smarc_msgs
[35m[1mConsolidate compiler generated dependencies of target smarc_msgs__rosidl_generator_c[0m
[  0%] Built target smarc_msgs__cpp
[  0%] Built target ament_cmake_python_symlink_smarc_msgs
[  2%] [32mBuilding C object CMakeFiles/smarc_msgs__rosidl_generator_c.dir/rosidl_generator_c/smarc_msgs/msg/detail/float_stamped__functions.c.o[0m
[  2%] [32mBuilding C object CMakeFiles/smarc_msgs__rosidl_generator_c.dir/rosidl_generator_c/smarc_msgs/msg/detail/dvl_beam__functions.c.o[0m
[  3%] [32mBuilding C object CMakeFiles/smarc_msgs__rosidl_generator_c.dir/rosidl_generator_c/smarc_msgs/msg/detail/dvl__functions.c.o[0m
[  4%] [32mBuilding C object CMakeFiles/smarc_msgs__rosidl_generator_c.dir/rosidl_generator_c/smarc_msgs/msg/detail/percent_stamped__functions.c.o[0m
[  5%] [32mBuilding C object CMakeFiles/smarc_msgs__rosidl_generator_c.dir/rosidl_generator_c/smarc_msgs/msg/detail/leak__functions.c.o[0m
[  6%] [32mBuilding C object CMakeFiles/smarc_msgs__rosidl_generator_c.dir/rosidl_generator_c/smarc_msgs/msg/detail/sidescan__functions.c.o[0m
[  7%] [32mBuilding C object CMakeFiles/smarc_msgs__rosidl_generator_c.dir/rosidl_generator_c/smarc_msgs/msg/detail/thruster_dc__functions.c.o[0m
[  7%] [32mBuilding C object CMakeFiles/smarc_msgs__rosidl_generator_c.dir/rosidl_generator_c/smarc_msgs/msg/detail/thruster_feedback__functions.c.o[0m
[  8%] [32mBuilding C object CMakeFiles/smarc_msgs__rosidl_generator_c.dir/rosidl_generator_c/smarc_msgs/msg/detail/thruster_rpm__functions.c.o[0m
[35m[1mConsolidate compiler generated dependencies of target smarc_msgs__rosidl_typesupport_cpp[0m
[  9%] [32mBuilding C object CMakeFiles/smarc_msgs__rosidl_generator_c.dir/rosidl_generator_c/smarc_msgs/msg/detail/topics__functions.c.o[0m
[35m[1mConsolidate compiler generated dependencies of target smarc_msgs__rosidl_typesupport_introspection_cpp[0m
[35m[1mConsolidate compiler generated dependencies of target smarc_msgs__rosidl_typesupport_fastrtps_cpp[0m
[ 10%] [32mBuilding C object CMakeFiles/smarc_msgs__rosidl_generator_c.dir/rosidl_generator_c/smarc_msgs/msg/detail/string_stamped__functions.c.o[0m
[ 11%] [32mBuilding CXX object CMakeFiles/smarc_msgs__rosidl_typesupport_cpp.dir/rosidl_typesupport_cpp/smarc_msgs/msg/dvl_beam__type_support.cpp.o[0m
[ 12%] [32mBuilding CXX object CMakeFiles/smarc_msgs__rosidl_typesupport_cpp.dir/rosidl_typesupport_cpp/smarc_msgs/msg/dvl__type_support.cpp.o[0m
[ 13%] [32mBuilding CXX object CMakeFiles/smarc_msgs__rosidl_typesupport_fastrtps_cpp.dir/rosidl_typesupport_fastrtps_cpp/smarc_msgs/msg/detail/dds_fastrtps/dvl_beam__type_support.cpp.o[0m
[ 13%] [32mBuilding CXX object CMakeFiles/smarc_msgs__rosidl_typesupport_introspection_cpp.dir/rosidl_typesupport_introspection_cpp/smarc_msgs/msg/detail/dvl__type_support.cpp.o[0m
[ 14%] [32mBuilding CXX object CMakeFiles/smarc_msgs__rosidl_typesupport_fastrtps_cpp.dir/rosidl_typesupport_fastrtps_cpp/smarc_msgs/msg/detail/dds_fastrtps/float_stamped__type_support.cpp.o[0m
[ 15%] [32mBuilding CXX object CMakeFiles/smarc_msgs__rosidl_typesupport_fastrtps_cpp.dir/rosidl_typesupport_fastrtps_cpp/smarc_msgs/msg/detail/dds_fastrtps/leak__type_support.cpp.o[0m
[ 16%] [32mBuilding CXX object CMakeFiles/smarc_msgs__rosidl_typesupport_introspection_cpp.dir/rosidl_typesupport_introspection_cpp/smarc_msgs/msg/detail/dvl_beam__type_support.cpp.o[0m
[ 17%] [32mBuilding CXX object CMakeFiles/smarc_msgs__rosidl_typesupport_fastrtps_cpp.dir/rosidl_typesupport_fastrtps_cpp/smarc_msgs/msg/detail/dds_fastrtps/dvl__type_support.cpp.o[0m
[ 18%] [32mBuilding CXX object CMakeFiles/smarc_msgs__rosidl_typesupport_fastrtps_cpp.dir/rosidl_typesupport_fastrtps_cpp/smarc_msgs/msg/detail/dds_fastrtps/percent_stamped__type_support.cpp.o[0m
[ 19%] [32mBuilding CXX object CMakeFiles/smarc_msgs__rosidl_typesupport_introspection_cpp.dir/rosidl_typesupport_introspection_cpp/smarc_msgs/msg/detail/float_stamped__type_support.cpp.o[0m
[ 20%] [32mBuilding CXX object CMakeFiles/smarc_msgs__rosidl_typesupport_introspection_cpp.dir/rosidl_typesupport_introspection_cpp/smarc_msgs/msg/detail/leak__type_support.cpp.o[0m
[ 21%] [32mBuilding CXX object CMakeFiles/smarc_msgs__rosidl_typesupport_cpp.dir/rosidl_typesupport_cpp/smarc_msgs/msg/float_stamped__type_support.cpp.o[0m
[ 22%] [32mBuilding CXX object CMakeFiles/smarc_msgs__rosidl_typesupport_cpp.dir/rosidl_typesupport_cpp/smarc_msgs/msg/leak__type_support.cpp.o[0m
[ 23%] [32mBuilding CXX object CMakeFiles/smarc_msgs__rosidl_typesupport_introspection_cpp.dir/rosidl_typesupport_introspection_cpp/smarc_msgs/msg/detail/percent_stamped__type_support.cpp.o[0m
[ 24%] [32mBuilding CXX object CMakeFiles/smarc_msgs__rosidl_typesupport_cpp.dir/rosidl_typesupport_cpp/smarc_msgs/msg/sidescan__type_support.cpp.o[0m
[ 25%] [32mBuilding CXX object CMakeFiles/smarc_msgs__rosidl_typesupport_cpp.dir/rosidl_typesupport_cpp/smarc_msgs/msg/percent_stamped__type_support.cpp.o[0m
[ 26%] [32mBuilding CXX object CMakeFiles/smarc_msgs__rosidl_typesupport_introspection_cpp.dir/rosidl_typesupport_introspection_cpp/smarc_msgs/msg/detail/sidescan__type_support.cpp.o[0m
[ 27%] [32mBuilding CXX object CMakeFiles/smarc_msgs__rosidl_typesupport_fastrtps_cpp.dir/rosidl_typesupport_fastrtps_cpp/smarc_msgs/msg/detail/dds_fastrtps/sidescan__type_support.cpp.o[0m
[ 28%] [32m[1mLinking C shared library libsmarc_msgs__rosidl_generator_c.so[0m
[ 29%] Built target smarc_msgs__rosidl_generator_c
[ 30%] [32mBuilding CXX object CMakeFiles/smarc_msgs__rosidl_typesupport_fastrtps_cpp.dir/rosidl_typesupport_fastrtps_cpp/smarc_msgs/msg/detail/dds_fastrtps/thruster_dc__type_support.cpp.o[0m
[ 31%] [32mBuilding CXX object CMakeFiles/smarc_msgs__rosidl_typesupport_fastrtps_cpp.dir/rosidl_typesupport_fastrtps_cpp/smarc_msgs/msg/detail/dds_fastrtps/thruster_feedback__type_support.cpp.o[0m
[ 32%] [32mBuilding CXX object CMakeFiles/smarc_msgs__rosidl_typesupport_fastrtps_cpp.dir/rosidl_typesupport_fastrtps_cpp/smarc_msgs/msg/detail/dds_fastrtps/thruster_rpm__type_support.cpp.o[0m
[ 33%] [32mBuilding CXX object CMakeFiles/smarc_msgs__rosidl_typesupport_cpp.dir/rosidl_typesupport_cpp/smarc_msgs/msg/thruster_dc__type_support.cpp.o[0m
running egg_info
writing smarc_msgs.egg-info/PKG-INFO
writing dependency_links to smarc_msgs.egg-info/dependency_links.txt
writing top-level names to smarc_msgs.egg-info/top_level.txt
[ 33%] [32mBuilding CXX object CMakeFiles/smarc_msgs__rosidl_typesupport_cpp.dir/rosidl_typesupport_cpp/smarc_msgs/msg/thruster_feedback__type_support.cpp.o[0m
reading manifest file 'smarc_msgs.egg-info/SOURCES.txt'
writing manifest file 'smarc_msgs.egg-info/SOURCES.txt'
[ 33%] [32mBuilding CXX object CMakeFiles/smarc_msgs__rosidl_typesupport_fastrtps_cpp.dir/rosidl_typesupport_fastrtps_cpp/smarc_msgs/msg/detail/dds_fastrtps/topics__type_support.cpp.o[0m
[ 33%] Built target ament_cmake_python_build_smarc_msgs_egg
[ 34%] [32mBuilding CXX object CMakeFiles/smarc_msgs__rosidl_typesupport_introspection_cpp.dir/rosidl_typesupport_introspection_cpp/smarc_msgs/msg/detail/thruster_dc__type_support.cpp.o[0m
[ 35%] [32mBuilding CXX object CMakeFiles/smarc_msgs__rosidl_typesupport_introspection_cpp.dir/rosidl_typesupport_introspection_cpp/smarc_msgs/msg/detail/thruster_feedback__type_support.cpp.o[0m
[35m[1mConsolidate compiler generated dependencies of target smarc_msgs__rosidl_typesupport_fastrtps_c[0m
[35m[1mConsolidate compiler generated dependencies of target smarc_msgs__rosidl_typesupport_introspection_c[0m
[ 36%] [32mBuilding CXX object CMakeFiles/smarc_msgs__rosidl_typesupport_introspection_cpp.dir/rosidl_typesupport_introspection_cpp/smarc_msgs/msg/detail/thruster_rpm__type_support.cpp.o[0m
[ 37%] [32mBuilding CXX object CMakeFiles/smarc_msgs__rosidl_typesupport_fastrtps_c.dir/rosidl_typesupport_fastrtps_c/smarc_msgs/msg/detail/dvl_beam__type_support_c.cpp.o[0m
[ 38%] [32mBuilding C object CMakeFiles/smarc_msgs__rosidl_typesupport_introspection_c.dir/rosidl_typesupport_introspection_c/smarc_msgs/msg/detail/dvl_beam__type_support.c.o[0m
[ 39%] [32mBuilding C object CMakeFiles/smarc_msgs__rosidl_typesupport_introspection_c.dir/rosidl_typesupport_introspection_c/smarc_msgs/msg/detail/dvl__type_support.c.o[0m
[ 40%] [32mBuilding C object CMakeFiles/smarc_msgs__rosidl_typesupport_introspection_c.dir/rosidl_typesupport_introspection_c/smarc_msgs/msg/detail/float_stamped__type_support.c.o[0m
[ 41%] [32mBuilding C object CMakeFiles/smarc_msgs__rosidl_typesupport_introspection_c.dir/rosidl_typesupport_introspection_c/smarc_msgs/msg/detail/leak__type_support.c.o[0m
[ 42%] [32mBuilding C object CMakeFiles/smarc_msgs__rosidl_typesupport_introspection_c.dir/rosidl_typesupport_introspection_c/smarc_msgs/msg/detail/percent_stamped__type_support.c.o[0m
[35m[1mConsolidate compiler generated dependencies of target smarc_msgs__rosidl_typesupport_c[0m
[ 43%] [32mBuilding C object CMakeFiles/smarc_msgs__rosidl_typesupport_introspection_c.dir/rosidl_typesupport_introspection_c/smarc_msgs/msg/detail/sidescan__type_support.c.o[0m
[ 44%] [32mBuilding CXX object CMakeFiles/smarc_msgs__rosidl_typesupport_fastrtps_cpp.dir/rosidl_typesupport_fastrtps_cpp/smarc_msgs/msg/detail/dds_fastrtps/string_stamped__type_support.cpp.o[0m
[ 45%] [32mBuilding CXX object CMakeFiles/smarc_msgs__rosidl_typesupport_fastrtps_c.dir/rosidl_typesupport_fastrtps_c/smarc_msgs/msg/detail/dvl__type_support_c.cpp.o[0m
[ 46%] [32mBuilding CXX object CMakeFiles/smarc_msgs__rosidl_typesupport_introspection_cpp.dir/rosidl_typesupport_introspection_cpp/smarc_msgs/msg/detail/topics__type_support.cpp.o[0m
[ 47%] [32mBuilding CXX object CMakeFiles/smarc_msgs__rosidl_typesupport_c.dir/rosidl_typesupport_c/smarc_msgs/msg/dvl_beam__type_support.cpp.o[0m
[ 48%] [32mBuilding CXX object CMakeFiles/smarc_msgs__rosidl_typesupport_introspection_cpp.dir/rosidl_typesupport_introspection_cpp/smarc_msgs/msg/detail/string_stamped__type_support.cpp.o[0m
[ 49%] [32mBuilding CXX object CMakeFiles/smarc_msgs__rosidl_typesupport_c.dir/rosidl_typesupport_c/smarc_msgs/msg/dvl__type_support.cpp.o[0m
[ 49%] [32mBuilding CXX object CMakeFiles/smarc_msgs__rosidl_typesupport_c.dir/rosidl_typesupport_c/smarc_msgs/msg/float_stamped__type_support.cpp.o[0m
[ 50%] [32mBuilding CXX object CMakeFiles/smarc_msgs__rosidl_typesupport_fastrtps_c.dir/rosidl_typesupport_fastrtps_c/smarc_msgs/msg/detail/float_stamped__type_support_c.cpp.o[0m
[ 51%] [32mBuilding CXX object CMakeFiles/smarc_msgs__rosidl_typesupport_c.dir/rosidl_typesupport_c/smarc_msgs/msg/leak__type_support.cpp.o[0m
[ 52%] [32mBuilding CXX object CMakeFiles/smarc_msgs__rosidl_typesupport_fastrtps_c.dir/rosidl_typesupport_fastrtps_c/smarc_msgs/msg/detail/leak__type_support_c.cpp.o[0m
[ 53%] [32mBuilding CXX object CMakeFiles/smarc_msgs__rosidl_typesupport_cpp.dir/rosidl_typesupport_cpp/smarc_msgs/msg/thruster_rpm__type_support.cpp.o[0m
[ 53%] [32mBuilding C object CMakeFiles/smarc_msgs__rosidl_typesupport_introspection_c.dir/rosidl_typesupport_introspection_c/smarc_msgs/msg/detail/thruster_dc__type_support.c.o[0m
[ 54%] [32mBuilding CXX object CMakeFiles/smarc_msgs__rosidl_typesupport_cpp.dir/rosidl_typesupport_cpp/smarc_msgs/msg/topics__type_support.cpp.o[0m
[ 55%] [32mBuilding CXX object CMakeFiles/smarc_msgs__rosidl_typesupport_c.dir/rosidl_typesupport_c/smarc_msgs/msg/percent_stamped__type_support.cpp.o[0m
[ 56%] [32mBuilding C object CMakeFiles/smarc_msgs__rosidl_typesupport_introspection_c.dir/rosidl_typesupport_introspection_c/smarc_msgs/msg/detail/thruster_feedback__type_support.c.o[0m
[ 57%] [32mBuilding C object CMakeFiles/smarc_msgs__rosidl_typesupport_introspection_c.dir/rosidl_typesupport_introspection_c/smarc_msgs/msg/detail/thruster_rpm__type_support.c.o[0m
[ 57%] [32mBuilding CXX object CMakeFiles/smarc_msgs__rosidl_typesupport_fastrtps_c.dir/rosidl_typesupport_fastrtps_c/smarc_msgs/msg/detail/percent_stamped__type_support_c.cpp.o[0m
[ 58%] [32mBuilding CXX object CMakeFiles/smarc_msgs__rosidl_typesupport_c.dir/rosidl_typesupport_c/smarc_msgs/msg/sidescan__type_support.cpp.o[0m
[ 59%] [32mBuilding CXX object CMakeFiles/smarc_msgs__rosidl_typesupport_c.dir/rosidl_typesupport_c/smarc_msgs/msg/thruster_dc__type_support.cpp.o[0m
[ 60%] [32mBuilding CXX object CMakeFiles/smarc_msgs__rosidl_typesupport_c.dir/rosidl_typesupport_c/smarc_msgs/msg/thruster_feedback__type_support.cpp.o[0m
[ 61%] [32mBuilding CXX object CMakeFiles/smarc_msgs__rosidl_typesupport_cpp.dir/rosidl_typesupport_cpp/smarc_msgs/msg/string_stamped__type_support.cpp.o[0m
[ 62%] [32mBuilding CXX object CMakeFiles/smarc_msgs__rosidl_typesupport_fastrtps_c.dir/rosidl_typesupport_fastrtps_c/smarc_msgs/msg/detail/sidescan__type_support_c.cpp.o[0m
[ 63%] [32mBuilding C object CMakeFiles/smarc_msgs__rosidl_typesupport_introspection_c.dir/rosidl_typesupport_introspection_c/smarc_msgs/msg/detail/topics__type_support.c.o[0m
[ 64%] [32mBuilding CXX object CMakeFiles/smarc_msgs__rosidl_typesupport_c.dir/rosidl_typesupport_c/smarc_msgs/msg/thruster_rpm__type_support.cpp.o[0m
[ 66%] [32mBuilding CXX object CMakeFiles/smarc_msgs__rosidl_typesupport_fastrtps_c.dir/rosidl_typesupport_fastrtps_c/smarc_msgs/msg/detail/thruster_dc__type_support_c.cpp.o[0m
[ 66%] [32mBuilding C object CMakeFiles/smarc_msgs__rosidl_typesupport_introspection_c.dir/rosidl_typesupport_introspection_c/smarc_msgs/msg/detail/string_stamped__type_support.c.o[0m
[ 67%] [32mBuilding CXX object CMakeFiles/smarc_msgs__rosidl_typesupport_c.dir/rosidl_typesupport_c/smarc_msgs/msg/topics__type_support.cpp.o[0m
[ 68%] [32mBuilding CXX object CMakeFiles/smarc_msgs__rosidl_typesupport_fastrtps_c.dir/rosidl_typesupport_fastrtps_c/smarc_msgs/msg/detail/thruster_feedback__type_support_c.cpp.o[0m
[ 69%] [32mBuilding CXX object CMakeFiles/smarc_msgs__rosidl_typesupport_fastrtps_c.dir/rosidl_typesupport_fastrtps_c/smarc_msgs/msg/detail/thruster_rpm__type_support_c.cpp.o[0m
[ 70%] [32mBuilding CXX object CMakeFiles/smarc_msgs__rosidl_typesupport_c.dir/rosidl_typesupport_c/smarc_msgs/msg/string_stamped__type_support.cpp.o[0m
[ 71%] [32m[1mLinking C shared library libsmarc_msgs__rosidl_typesupport_introspection_c.so[0m
[ 72%] [32mBuilding CXX object CMakeFiles/smarc_msgs__rosidl_typesupport_fastrtps_c.dir/rosidl_typesupport_fastrtps_c/smarc_msgs/msg/detail/topics__type_support_c.cpp.o[0m
[ 73%] [32mBuilding CXX object CMakeFiles/smarc_msgs__rosidl_typesupport_fastrtps_c.dir/rosidl_typesupport_fastrtps_c/smarc_msgs/msg/detail/string_stamped__type_support_c.cpp.o[0m
[ 74%] Built target smarc_msgs__rosidl_typesupport_introspection_c
[ 75%] [32m[1mLinking CXX shared library libsmarc_msgs__rosidl_typesupport_c.so[0m
[ 76%] [32m[1mLinking CXX shared library libsmarc_msgs__rosidl_typesupport_fastrtps_cpp.so[0m
[ 77%] [32m[1mLinking CXX shared library libsmarc_msgs__rosidl_typesupport_introspection_cpp.so[0m
[ 78%] Built target smarc_msgs__rosidl_typesupport_c
[ 79%] [32m[1mLinking CXX shared library libsmarc_msgs__rosidl_typesupport_cpp.so[0m
[ 79%] Built target smarc_msgs__rosidl_typesupport_fastrtps_cpp
[ 80%] [32m[1mLinking CXX shared library libsmarc_msgs__rosidl_typesupport_fastrtps_c.so[0m
[ 81%] Built target smarc_msgs__rosidl_typesupport_cpp
[ 82%] Built target smarc_msgs__rosidl_typesupport_introspection_cpp
[ 83%] Built target smarc_msgs__rosidl_typesupport_fastrtps_c
[ 83%] Built target smarc_msgs
[ 84%] Built target smarc_msgs__py
[35m[1mConsolidate compiler generated dependencies of target smarc_msgs__rosidl_generator_py[0m
[ 85%] [32mBuilding C object CMakeFiles/smarc_msgs__rosidl_generator_py.dir/rosidl_generator_py/smarc_msgs/msg/_dvl_beam_s.c.o[0m
[ 86%] [32mBuilding C object CMakeFiles/smarc_msgs__rosidl_generator_py.dir/rosidl_generator_py/smarc_msgs/msg/_float_stamped_s.c.o[0m
[ 87%] [32mBuilding C object CMakeFiles/smarc_msgs__rosidl_generator_py.dir/rosidl_generator_py/smarc_msgs/msg/_dvl_s.c.o[0m
[ 88%] [32mBuilding C object CMakeFiles/smarc_msgs__rosidl_generator_py.dir/rosidl_generator_py/smarc_msgs/msg/_percent_stamped_s.c.o[0m
[ 89%] [32mBuilding C object CMakeFiles/smarc_msgs__rosidl_generator_py.dir/rosidl_generator_py/smarc_msgs/msg/_leak_s.c.o[0m
[ 90%] [32mBuilding C object CMakeFiles/smarc_msgs__rosidl_generator_py.dir/rosidl_generator_py/smarc_msgs/msg/_thruster_dc_s.c.o[0m
[ 90%] [32mBuilding C object CMakeFiles/smarc_msgs__rosidl_generator_py.dir/rosidl_generator_py/smarc_msgs/msg/_sidescan_s.c.o[0m
[ 91%] [32mBuilding C object CMakeFiles/smarc_msgs__rosidl_generator_py.dir/rosidl_generator_py/smarc_msgs/msg/_thruster_feedback_s.c.o[0m
[ 92%] [32mBuilding C object CMakeFiles/smarc_msgs__rosidl_generator_py.dir/rosidl_generator_py/smarc_msgs/msg/_topics_s.c.o[0m
[ 93%] [32mBuilding C object CMakeFiles/smarc_msgs__rosidl_generator_py.dir/rosidl_generator_py/smarc_msgs/msg/_string_stamped_s.c.o[0m
[ 94%] [32mBuilding C object CMakeFiles/smarc_msgs__rosidl_generator_py.dir/rosidl_generator_py/smarc_msgs/msg/_thruster_rpm_s.c.o[0m
[ 95%] [32m[1mLinking C shared library rosidl_generator_py/smarc_msgs/libsmarc_msgs__rosidl_generator_py.so[0m
[ 95%] Built target smarc_msgs__rosidl_generator_py
[35m[1mConsolidate compiler generated dependencies of target smarc_msgs__rosidl_typesupport_fastrtps_c__pyext[0m
[35m[1mConsolidate compiler generated dependencies of target smarc_msgs__rosidl_typesupport_c__pyext[0m
[35m[1mConsolidate compiler generated dependencies of target smarc_msgs__rosidl_typesupport_introspection_c__pyext[0m
[ 95%] [32mBuilding C object CMakeFiles/smarc_msgs__rosidl_typesupport_c__pyext.dir/rosidl_generator_py/smarc_msgs/_smarc_msgs_s.ep.rosidl_typesupport_c.c.o[0m
[ 96%] [32mBuilding C object CMakeFiles/smarc_msgs__rosidl_typesupport_introspection_c__pyext.dir/rosidl_generator_py/smarc_msgs/_smarc_msgs_s.ep.rosidl_typesupport_introspection_c.c.o[0m
[ 97%] [32mBuilding C object CMakeFiles/smarc_msgs__rosidl_typesupport_fastrtps_c__pyext.dir/rosidl_generator_py/smarc_msgs/_smarc_msgs_s.ep.rosidl_typesupport_fastrtps_c.c.o[0m
[ 98%] [32m[1mLinking C shared library rosidl_generator_py/smarc_msgs/smarc_msgs_s__rosidl_typesupport_introspection_c.cpython-310-x86_64-linux-gnu.so[0m
[ 99%] [32m[1mLinking C shared library rosidl_generator_py/smarc_msgs/smarc_msgs_s__rosidl_typesupport_fastrtps_c.cpython-310-x86_64-linux-gnu.so[0m
[ 99%] Built target smarc_msgs__rosidl_typesupport_introspection_c__pyext
[ 99%] Built target smarc_msgs__rosidl_typesupport_fastrtps_c__pyext
[100%] [32m[1mLinking C shared library rosidl_generator_py/smarc_msgs/smarc_msgs_s__rosidl_typesupport_c.cpython-310-x86_64-linux-gnu.so[0m
[100%] Built target smarc_msgs__rosidl_typesupport_c__pyext
-- Install configuration: ""
-- Execute custom install script
-- Up-to-date symlink: /home/nacho/colcon_workspaces/smarc_ws/install/smarc_msgs/share/ament_index/resource_index/rosidl_interfaces/smarc_msgs
-- Up-to-date symlink: /home/nacho/colcon_workspaces/smarc_ws/install/smarc_msgs/include/smarc_msgs/smarc_msgs/msg/detail/dvl__functions.h
-- Up-to-date symlink: /home/nacho/colcon_workspaces/smarc_ws/install/smarc_msgs/include/smarc_msgs/smarc_msgs/msg/detail/dvl__struct.h
-- Up-to-date symlink: /home/nacho/colcon_workspaces/smarc_ws/install/smarc_msgs/include/smarc_msgs/smarc_msgs/msg/detail/dvl__type_support.h
-- Up-to-date symlink: /home/nacho/colcon_workspaces/smarc_ws/install/smarc_msgs/include/smarc_msgs/smarc_msgs/msg/detail/dvl_beam__functions.h
-- Up-to-date symlink: /home/nacho/colcon_workspaces/smarc_ws/install/smarc_msgs/include/smarc_msgs/smarc_msgs/msg/detail/dvl_beam__struct.h
-- Up-to-date symlink: /home/nacho/colcon_workspaces/smarc_ws/install/smarc_msgs/include/smarc_msgs/smarc_msgs/msg/detail/dvl_beam__type_support.h
-- Up-to-date symlink: /home/nacho/colcon_workspaces/smarc_ws/install/smarc_msgs/include/smarc_msgs/smarc_msgs/msg/detail/float_stamped__functions.h
-- Up-to-date symlink: /home/nacho/colcon_workspaces/smarc_ws/install/smarc_msgs/include/smarc_msgs/smarc_msgs/msg/detail/float_stamped__struct.h
-- Up-to-date symlink: /home/nacho/colcon_workspaces/smarc_ws/install/smarc_msgs/include/smarc_msgs/smarc_msgs/msg/detail/float_stamped__type_support.h
-- Up-to-date symlink: /home/nacho/colcon_workspaces/smarc_ws/install/smarc_msgs/include/smarc_msgs/smarc_msgs/msg/detail/leak__functions.h
-- Up-to-date symlink: /home/nacho/colcon_workspaces/smarc_ws/install/smarc_msgs/include/smarc_msgs/smarc_msgs/msg/detail/leak__struct.h
-- Up-to-date symlink: /home/nacho/colcon_workspaces/smarc_ws/install/smarc_msgs/include/smarc_msgs/smarc_msgs/msg/detail/leak__type_support.h
-- Up-to-date symlink: /home/nacho/colcon_workspaces/smarc_ws/install/smarc_msgs/include/smarc_msgs/smarc_msgs/msg/detail/percent_stamped__functions.h
-- Up-to-date symlink: /home/nacho/colcon_workspaces/smarc_ws/install/smarc_msgs/include/smarc_msgs/smarc_msgs/msg/detail/percent_stamped__struct.h
-- Up-to-date symlink: /home/nacho/colcon_workspaces/smarc_ws/install/smarc_msgs/include/smarc_msgs/smarc_msgs/msg/detail/percent_stamped__type_support.h
-- Up-to-date symlink: /home/nacho/colcon_workspaces/smarc_ws/install/smarc_msgs/include/smarc_msgs/smarc_msgs/msg/detail/sidescan__functions.h
-- Up-to-date symlink: /home/nacho/colcon_workspaces/smarc_ws/install/smarc_msgs/include/smarc_msgs/smarc_msgs/msg/detail/sidescan__struct.h
-- Up-to-date symlink: /home/nacho/colcon_workspaces/smarc_ws/install/smarc_msgs/include/smarc_msgs/smarc_msgs/msg/detail/sidescan__type_support.h
-- Up-to-date symlink: /home/nacho/colcon_workspaces/smarc_ws/install/smarc_msgs/include/smarc_msgs/smarc_msgs/msg/detail/string_stamped__functions.h
-- Up-to-date symlink: /home/nacho/colcon_workspaces/smarc_ws/install/smarc_msgs/include/smarc_msgs/smarc_msgs/msg/detail/string_stamped__struct.h
-- Up-to-date symlink: /home/nacho/colcon_workspaces/smarc_ws/install/smarc_msgs/include/smarc_msgs/smarc_msgs/msg/detail/string_stamped__type_support.h
-- Up-to-date symlink: /home/nacho/colcon_workspaces/smarc_ws/install/smarc_msgs/include/smarc_msgs/smarc_msgs/msg/detail/thruster_dc__functions.h
-- Up-to-date symlink: /home/nacho/colcon_workspaces/smarc_ws/install/smarc_msgs/include/smarc_msgs/smarc_msgs/msg/detail/thruster_dc__struct.h
-- Up-to-date symlink: /home/nacho/colcon_workspaces/smarc_ws/install/smarc_msgs/include/smarc_msgs/smarc_msgs/msg/detail/thruster_dc__type_support.h
-- Up-to-date symlink: /home/nacho/colcon_workspaces/smarc_ws/install/smarc_msgs/include/smarc_msgs/smarc_msgs/msg/detail/thruster_feedback__functions.h
-- Up-to-date symlink: /home/nacho/colcon_workspaces/smarc_ws/install/smarc_msgs/include/smarc_msgs/smarc_msgs/msg/detail/thruster_feedback__struct.h
-- Up-to-date symlink: /home/nacho/colcon_workspaces/smarc_ws/install/smarc_msgs/include/smarc_msgs/smarc_msgs/msg/detail/thruster_feedback__type_support.h
-- Up-to-date symlink: /home/nacho/colcon_workspaces/smarc_ws/install/smarc_msgs/include/smarc_msgs/smarc_msgs/msg/detail/thruster_rpm__functions.h
-- Up-to-date symlink: /home/nacho/colcon_workspaces/smarc_ws/install/smarc_msgs/include/smarc_msgs/smarc_msgs/msg/detail/thruster_rpm__struct.h
-- Up-to-date symlink: /home/nacho/colcon_workspaces/smarc_ws/install/smarc_msgs/include/smarc_msgs/smarc_msgs/msg/detail/thruster_rpm__type_support.h
-- Up-to-date symlink: /home/nacho/colcon_workspaces/smarc_ws/install/smarc_msgs/include/smarc_msgs/smarc_msgs/msg/detail/topics__functions.h
-- Up-to-date symlink: /home/nacho/colcon_workspaces/smarc_ws/install/smarc_msgs/include/smarc_msgs/smarc_msgs/msg/detail/topics__struct.h
-- Up-to-date symlink: /home/nacho/colcon_workspaces/smarc_ws/install/smarc_msgs/include/smarc_msgs/smarc_msgs/msg/detail/topics__type_support.h
-- Up-to-date symlink: /home/nacho/colcon_workspaces/smarc_ws/install/smarc_msgs/include/smarc_msgs/smarc_msgs/msg/dvl.h
-- Up-to-date symlink: /home/nacho/colcon_workspaces/smarc_ws/install/smarc_msgs/include/smarc_msgs/smarc_msgs/msg/dvl_beam.h
-- Up-to-date symlink: /home/nacho/colcon_workspaces/smarc_ws/install/smarc_msgs/include/smarc_msgs/smarc_msgs/msg/float_stamped.h
-- Up-to-date symlink: /home/nacho/colcon_workspaces/smarc_ws/install/smarc_msgs/include/smarc_msgs/smarc_msgs/msg/leak.h
-- Up-to-date symlink: /home/nacho/colcon_workspaces/smarc_ws/install/smarc_msgs/include/smarc_msgs/smarc_msgs/msg/percent_stamped.h
-- Up-to-date symlink: /home/nacho/colcon_workspaces/smarc_ws/install/smarc_msgs/include/smarc_msgs/smarc_msgs/msg/rosidl_generator_c__visibility_control.h
-- Up-to-date symlink: /home/nacho/colcon_workspaces/smarc_ws/install/smarc_msgs/include/smarc_msgs/smarc_msgs/msg/sidescan.h
-- Up-to-date symlink: /home/nacho/colcon_workspaces/smarc_ws/install/smarc_msgs/include/smarc_msgs/smarc_msgs/msg/string_stamped.h
-- Up-to-date symlink: /home/nacho/colcon_workspaces/smarc_ws/install/smarc_msgs/include/smarc_msgs/smarc_msgs/msg/thruster_dc.h
-- Up-to-date symlink: /home/nacho/colcon_workspaces/smarc_ws/install/smarc_msgs/include/smarc_msgs/smarc_msgs/msg/thruster_feedback.h
-- Up-to-date symlink: /home/nacho/colcon_workspaces/smarc_ws/install/smarc_msgs/include/smarc_msgs/smarc_msgs/msg/thruster_rpm.h
-- Up-to-date symlink: /home/nacho/colcon_workspaces/smarc_ws/install/smarc_msgs/include/smarc_msgs/smarc_msgs/msg/topics.h
-- Up-to-date symlink: /home/nacho/colcon_workspaces/smarc_ws/install/smarc_msgs/share/smarc_msgs/environment/library_path.sh
-- Up-to-date symlink: /home/nacho/colcon_workspaces/smarc_ws/install/smarc_msgs/share/smarc_msgs/environment/library_path.dsv
-- Up-to-date symlink: /home/nacho/colcon_workspaces/smarc_ws/install/smarc_msgs/include/smarc_msgs/smarc_msgs/msg/detail/dvl__rosidl_typesupport_fastrtps_c.h
-- Up-to-date symlink: /home/nacho/colcon_workspaces/smarc_ws/install/smarc_msgs/include/smarc_msgs/smarc_msgs/msg/detail/dvl_beam__rosidl_typesupport_fastrtps_c.h
-- Up-to-date symlink: /home/nacho/colcon_workspaces/smarc_ws/install/smarc_msgs/include/smarc_msgs/smarc_msgs/msg/detail/float_stamped__rosidl_typesupport_fastrtps_c.h
-- Up-to-date symlink: /home/nacho/colcon_workspaces/smarc_ws/install/smarc_msgs/include/smarc_msgs/smarc_msgs/msg/detail/leak__rosidl_typesupport_fastrtps_c.h
-- Up-to-date symlink: /home/nacho/colcon_workspaces/smarc_ws/install/smarc_msgs/include/smarc_msgs/smarc_msgs/msg/detail/percent_stamped__rosidl_typesupport_fastrtps_c.h
-- Up-to-date symlink: /home/nacho/colcon_workspaces/smarc_ws/install/smarc_msgs/include/smarc_msgs/smarc_msgs/msg/detail/sidescan__rosidl_typesupport_fastrtps_c.h
-- Up-to-date symlink: /home/nacho/colcon_workspaces/smarc_ws/install/smarc_msgs/include/smarc_msgs/smarc_msgs/msg/detail/string_stamped__rosidl_typesupport_fastrtps_c.h
-- Up-to-date symlink: /home/nacho/colcon_workspaces/smarc_ws/install/smarc_msgs/include/smarc_msgs/smarc_msgs/msg/detail/thruster_dc__rosidl_typesupport_fastrtps_c.h
-- Up-to-date symlink: /home/nacho/colcon_workspaces/smarc_ws/install/smarc_msgs/include/smarc_msgs/smarc_msgs/msg/detail/thruster_feedback__rosidl_typesupport_fastrtps_c.h
-- Up-to-date symlink: /home/nacho/colcon_workspaces/smarc_ws/install/smarc_msgs/include/smarc_msgs/smarc_msgs/msg/detail/thruster_rpm__rosidl_typesupport_fastrtps_c.h
-- Up-to-date symlink: /home/nacho/colcon_workspaces/smarc_ws/install/smarc_msgs/include/smarc_msgs/smarc_msgs/msg/detail/topics__rosidl_typesupport_fastrtps_c.h
-- Up-to-date symlink: /home/nacho/colcon_workspaces/smarc_ws/install/smarc_msgs/include/smarc_msgs/smarc_msgs/msg/rosidl_typesupport_fastrtps_c__visibility_control.h
-- Up-to-date symlink: /home/nacho/colcon_workspaces/smarc_ws/install/smarc_msgs/include/smarc_msgs/smarc_msgs/msg/detail/dvl__rosidl_typesupport_introspection_c.h
-- Up-to-date symlink: /home/nacho/colcon_workspaces/smarc_ws/install/smarc_msgs/include/smarc_msgs/smarc_msgs/msg/detail/dvl_beam__rosidl_typesupport_introspection_c.h
-- Up-to-date symlink: /home/nacho/colcon_workspaces/smarc_ws/install/smarc_msgs/include/smarc_msgs/smarc_msgs/msg/detail/float_stamped__rosidl_typesupport_introspection_c.h
-- Up-to-date symlink: /home/nacho/colcon_workspaces/smarc_ws/install/smarc_msgs/include/smarc_msgs/smarc_msgs/msg/detail/leak__rosidl_typesupport_introspection_c.h
-- Up-to-date symlink: /home/nacho/colcon_workspaces/smarc_ws/install/smarc_msgs/include/smarc_msgs/smarc_msgs/msg/detail/percent_stamped__rosidl_typesupport_introspection_c.h
-- Up-to-date symlink: /home/nacho/colcon_workspaces/smarc_ws/install/smarc_msgs/include/smarc_msgs/smarc_msgs/msg/detail/sidescan__rosidl_typesupport_introspection_c.h
-- Up-to-date symlink: /home/nacho/colcon_workspaces/smarc_ws/install/smarc_msgs/include/smarc_msgs/smarc_msgs/msg/detail/string_stamped__rosidl_typesupport_introspection_c.h
-- Up-to-date symlink: /home/nacho/colcon_workspaces/smarc_ws/install/smarc_msgs/include/smarc_msgs/smarc_msgs/msg/detail/thruster_dc__rosidl_typesupport_introspection_c.h
-- Up-to-date symlink: /home/nacho/colcon_workspaces/smarc_ws/install/smarc_msgs/include/smarc_msgs/smarc_msgs/msg/detail/thruster_feedback__rosidl_typesupport_introspection_c.h
-- Up-to-date symlink: /home/nacho/colcon_workspaces/smarc_ws/install/smarc_msgs/include/smarc_msgs/smarc_msgs/msg/detail/thruster_rpm__rosidl_typesupport_introspection_c.h
-- Up-to-date symlink: /home/nacho/colcon_workspaces/smarc_ws/install/smarc_msgs/include/smarc_msgs/smarc_msgs/msg/detail/topics__rosidl_typesupport_introspection_c.h
-- Up-to-date symlink: /home/nacho/colcon_workspaces/smarc_ws/install/smarc_msgs/include/smarc_msgs/smarc_msgs/msg/rosidl_typesupport_introspection_c__visibility_control.h
-- Up-to-date symlink: /home/nacho/colcon_workspaces/smarc_ws/install/smarc_msgs/include/smarc_msgs/smarc_msgs/msg/detail/dvl__builder.hpp
-- Up-to-date symlink: /home/nacho/colcon_workspaces/smarc_ws/install/smarc_msgs/include/smarc_msgs/smarc_msgs/msg/detail/dvl__struct.hpp
-- Up-to-date symlink: /home/nacho/colcon_workspaces/smarc_ws/install/smarc_msgs/include/smarc_msgs/smarc_msgs/msg/detail/dvl__traits.hpp
-- Up-to-date symlink: /home/nacho/colcon_workspaces/smarc_ws/install/smarc_msgs/include/smarc_msgs/smarc_msgs/msg/detail/dvl__type_support.hpp
-- Up-to-date symlink: /home/nacho/colcon_workspaces/smarc_ws/install/smarc_msgs/include/smarc_msgs/smarc_msgs/msg/detail/dvl_beam__builder.hpp
-- Up-to-date symlink: /home/nacho/colcon_workspaces/smarc_ws/install/smarc_msgs/include/smarc_msgs/smarc_msgs/msg/detail/dvl_beam__struct.hpp
-- Up-to-date symlink: /home/nacho/colcon_workspaces/smarc_ws/install/smarc_msgs/include/smarc_msgs/smarc_msgs/msg/detail/dvl_beam__traits.hpp
-- Up-to-date symlink: /home/nacho/colcon_workspaces/smarc_ws/install/smarc_msgs/include/smarc_msgs/smarc_msgs/msg/detail/dvl_beam__type_support.hpp
-- Up-to-date symlink: /home/nacho/colcon_workspaces/smarc_ws/install/smarc_msgs/include/smarc_msgs/smarc_msgs/msg/detail/float_stamped__builder.hpp
-- Up-to-date symlink: /home/nacho/colcon_workspaces/smarc_ws/install/smarc_msgs/include/smarc_msgs/smarc_msgs/msg/detail/float_stamped__struct.hpp
-- Up-to-date symlink: /home/nacho/colcon_workspaces/smarc_ws/install/smarc_msgs/include/smarc_msgs/smarc_msgs/msg/detail/float_stamped__traits.hpp
-- Up-to-date symlink: /home/nacho/colcon_workspaces/smarc_ws/install/smarc_msgs/include/smarc_msgs/smarc_msgs/msg/detail/float_stamped__type_support.hpp
-- Up-to-date symlink: /home/nacho/colcon_workspaces/smarc_ws/install/smarc_msgs/include/smarc_msgs/smarc_msgs/msg/detail/leak__builder.hpp
-- Up-to-date symlink: /home/nacho/colcon_workspaces/smarc_ws/install/smarc_msgs/include/smarc_msgs/smarc_msgs/msg/detail/leak__struct.hpp
-- Up-to-date symlink: /home/nacho/colcon_workspaces/smarc_ws/install/smarc_msgs/include/smarc_msgs/smarc_msgs/msg/detail/leak__traits.hpp
-- Up-to-date symlink: /home/nacho/colcon_workspaces/smarc_ws/install/smarc_msgs/include/smarc_msgs/smarc_msgs/msg/detail/leak__type_support.hpp
-- Up-to-date symlink: /home/nacho/colcon_workspaces/smarc_ws/install/smarc_msgs/include/smarc_msgs/smarc_msgs/msg/detail/percent_stamped__builder.hpp
-- Up-to-date symlink: /home/nacho/colcon_workspaces/smarc_ws/install/smarc_msgs/include/smarc_msgs/smarc_msgs/msg/detail/percent_stamped__struct.hpp
-- Up-to-date symlink: /home/nacho/colcon_workspaces/smarc_ws/install/smarc_msgs/include/smarc_msgs/smarc_msgs/msg/detail/percent_stamped__traits.hpp
-- Up-to-date symlink: /home/nacho/colcon_workspaces/smarc_ws/install/smarc_msgs/include/smarc_msgs/smarc_msgs/msg/detail/percent_stamped__type_support.hpp
-- Up-to-date symlink: /home/nacho/colcon_workspaces/smarc_ws/install/smarc_msgs/include/smarc_msgs/smarc_msgs/msg/detail/sidescan__builder.hpp
-- Up-to-date symlink: /home/nacho/colcon_workspaces/smarc_ws/install/smarc_msgs/include/smarc_msgs/smarc_msgs/msg/detail/sidescan__struct.hpp
-- Up-to-date symlink: /home/nacho/colcon_workspaces/smarc_ws/install/smarc_msgs/include/smarc_msgs/smarc_msgs/msg/detail/sidescan__traits.hpp
-- Up-to-date symlink: /home/nacho/colcon_workspaces/smarc_ws/install/smarc_msgs/include/smarc_msgs/smarc_msgs/msg/detail/sidescan__type_support.hpp
-- Up-to-date symlink: /home/nacho/colcon_workspaces/smarc_ws/install/smarc_msgs/include/smarc_msgs/smarc_msgs/msg/detail/string_stamped__builder.hpp
-- Up-to-date symlink: /home/nacho/colcon_workspaces/smarc_ws/install/smarc_msgs/include/smarc_msgs/smarc_msgs/msg/detail/string_stamped__struct.hpp
-- Up-to-date symlink: /home/nacho/colcon_workspaces/smarc_ws/install/smarc_msgs/include/smarc_msgs/smarc_msgs/msg/detail/string_stamped__traits.hpp
-- Up-to-date symlink: /home/nacho/colcon_workspaces/smarc_ws/install/smarc_msgs/include/smarc_msgs/smarc_msgs/msg/detail/string_stamped__type_support.hpp
-- Up-to-date symlink: /home/nacho/colcon_workspaces/smarc_ws/install/smarc_msgs/include/smarc_msgs/smarc_msgs/msg/detail/thruster_dc__builder.hpp
-- Up-to-date symlink: /home/nacho/colcon_workspaces/smarc_ws/install/smarc_msgs/include/smarc_msgs/smarc_msgs/msg/detail/thruster_dc__struct.hpp
-- Up-to-date symlink: /home/nacho/colcon_workspaces/smarc_ws/install/smarc_msgs/include/smarc_msgs/smarc_msgs/msg/detail/thruster_dc__traits.hpp
-- Up-to-date symlink: /home/nacho/colcon_workspaces/smarc_ws/install/smarc_msgs/include/smarc_msgs/smarc_msgs/msg/detail/thruster_dc__type_support.hpp
-- Up-to-date symlink: /home/nacho/colcon_workspaces/smarc_ws/install/smarc_msgs/include/smarc_msgs/smarc_msgs/msg/detail/thruster_feedback__builder.hpp
-- Up-to-date symlink: /home/nacho/colcon_workspaces/smarc_ws/install/smarc_msgs/include/smarc_msgs/smarc_msgs/msg/detail/thruster_feedback__struct.hpp
-- Up-to-date symlink: /home/nacho/colcon_workspaces/smarc_ws/install/smarc_msgs/include/smarc_msgs/smarc_msgs/msg/detail/thruster_feedback__traits.hpp
-- Up-to-date symlink: /home/nacho/colcon_workspaces/smarc_ws/install/smarc_msgs/include/smarc_msgs/smarc_msgs/msg/detail/thruster_feedback__type_support.hpp
-- Up-to-date symlink: /home/nacho/colcon_workspaces/smarc_ws/install/smarc_msgs/include/smarc_msgs/smarc_msgs/msg/detail/thruster_rpm__builder.hpp
-- Up-to-date symlink: /home/nacho/colcon_workspaces/smarc_ws/install/smarc_msgs/include/smarc_msgs/smarc_msgs/msg/detail/thruster_rpm__struct.hpp
-- Up-to-date symlink: /home/nacho/colcon_workspaces/smarc_ws/install/smarc_msgs/include/smarc_msgs/smarc_msgs/msg/detail/thruster_rpm__traits.hpp
-- Up-to-date symlink: /home/nacho/colcon_workspaces/smarc_ws/install/smarc_msgs/include/smarc_msgs/smarc_msgs/msg/detail/thruster_rpm__type_support.hpp
-- Up-to-date symlink: /home/nacho/colcon_workspaces/smarc_ws/install/smarc_msgs/include/smarc_msgs/smarc_msgs/msg/detail/topics__builder.hpp
-- Up-to-date symlink: /home/nacho/colcon_workspaces/smarc_ws/install/smarc_msgs/include/smarc_msgs/smarc_msgs/msg/detail/topics__struct.hpp
-- Up-to-date symlink: /home/nacho/colcon_workspaces/smarc_ws/install/smarc_msgs/include/smarc_msgs/smarc_msgs/msg/detail/topics__traits.hpp
-- Up-to-date symlink: /home/nacho/colcon_workspaces/smarc_ws/install/smarc_msgs/include/smarc_msgs/smarc_msgs/msg/detail/topics__type_support.hpp
-- Up-to-date symlink: /home/nacho/colcon_workspaces/smarc_ws/install/smarc_msgs/include/smarc_msgs/smarc_msgs/msg/dvl.hpp
-- Up-to-date symlink: /home/nacho/colcon_workspaces/smarc_ws/install/smarc_msgs/include/smarc_msgs/smarc_msgs/msg/dvl_beam.hpp
-- Up-to-date symlink: /home/nacho/colcon_workspaces/smarc_ws/install/smarc_msgs/include/smarc_msgs/smarc_msgs/msg/float_stamped.hpp
-- Up-to-date symlink: /home/nacho/colcon_workspaces/smarc_ws/install/smarc_msgs/include/smarc_msgs/smarc_msgs/msg/leak.hpp
-- Up-to-date symlink: /home/nacho/colcon_workspaces/smarc_ws/install/smarc_msgs/include/smarc_msgs/smarc_msgs/msg/percent_stamped.hpp
-- Up-to-date symlink: /home/nacho/colcon_workspaces/smarc_ws/install/smarc_msgs/include/smarc_msgs/smarc_msgs/msg/rosidl_generator_cpp__visibility_control.hpp
-- Up-to-date symlink: /home/nacho/colcon_workspaces/smarc_ws/install/smarc_msgs/include/smarc_msgs/smarc_msgs/msg/sidescan.hpp
-- Up-to-date symlink: /home/nacho/colcon_workspaces/smarc_ws/install/smarc_msgs/include/smarc_msgs/smarc_msgs/msg/string_stamped.hpp
-- Up-to-date symlink: /home/nacho/colcon_workspaces/smarc_ws/install/smarc_msgs/include/smarc_msgs/smarc_msgs/msg/thruster_dc.hpp
-- Up-to-date symlink: /home/nacho/colcon_workspaces/smarc_ws/install/smarc_msgs/include/smarc_msgs/smarc_msgs/msg/thruster_feedback.hpp
-- Up-to-date symlink: /home/nacho/colcon_workspaces/smarc_ws/install/smarc_msgs/include/smarc_msgs/smarc_msgs/msg/thruster_rpm.hpp
-- Up-to-date symlink: /home/nacho/colcon_workspaces/smarc_ws/install/smarc_msgs/include/smarc_msgs/smarc_msgs/msg/topics.hpp
-- Up-to-date symlink: /home/nacho/colcon_workspaces/smarc_ws/install/smarc_msgs/include/smarc_msgs/smarc_msgs/msg/detail/dvl__rosidl_typesupport_fastrtps_cpp.hpp
-- Up-to-date symlink: /home/nacho/colcon_workspaces/smarc_ws/install/smarc_msgs/include/smarc_msgs/smarc_msgs/msg/detail/dvl_beam__rosidl_typesupport_fastrtps_cpp.hpp
-- Up-to-date symlink: /home/nacho/colcon_workspaces/smarc_ws/install/smarc_msgs/include/smarc_msgs/smarc_msgs/msg/detail/float_stamped__rosidl_typesupport_fastrtps_cpp.hpp
-- Up-to-date symlink: /home/nacho/colcon_workspaces/smarc_ws/install/smarc_msgs/include/smarc_msgs/smarc_msgs/msg/detail/leak__rosidl_typesupport_fastrtps_cpp.hpp
-- Up-to-date symlink: /home/nacho/colcon_workspaces/smarc_ws/install/smarc_msgs/include/smarc_msgs/smarc_msgs/msg/detail/percent_stamped__rosidl_typesupport_fastrtps_cpp.hpp
-- Up-to-date symlink: /home/nacho/colcon_workspaces/smarc_ws/install/smarc_msgs/include/smarc_msgs/smarc_msgs/msg/detail/sidescan__rosidl_typesupport_fastrtps_cpp.hpp
-- Up-to-date symlink: /home/nacho/colcon_workspaces/smarc_ws/install/smarc_msgs/include/smarc_msgs/smarc_msgs/msg/detail/string_stamped__rosidl_typesupport_fastrtps_cpp.hpp
-- Up-to-date symlink: /home/nacho/colcon_workspaces/smarc_ws/install/smarc_msgs/include/smarc_msgs/smarc_msgs/msg/detail/thruster_dc__rosidl_typesupport_fastrtps_cpp.hpp
-- Up-to-date symlink: /home/nacho/colcon_workspaces/smarc_ws/install/smarc_msgs/include/smarc_msgs/smarc_msgs/msg/detail/thruster_feedback__rosidl_typesupport_fastrtps_cpp.hpp
-- Up-to-date symlink: /home/nacho/colcon_workspaces/smarc_ws/install/smarc_msgs/include/smarc_msgs/smarc_msgs/msg/detail/thruster_rpm__rosidl_typesupport_fastrtps_cpp.hpp
-- Up-to-date symlink: /home/nacho/colcon_workspaces/smarc_ws/install/smarc_msgs/include/smarc_msgs/smarc_msgs/msg/detail/topics__rosidl_typesupport_fastrtps_cpp.hpp
-- Up-to-date symlink: /home/nacho/colcon_workspaces/smarc_ws/install/smarc_msgs/include/smarc_msgs/smarc_msgs/msg/rosidl_typesupport_fastrtps_cpp__visibility_control.h
-- Up-to-date symlink: /home/nacho/colcon_workspaces/smarc_ws/install/smarc_msgs/include/smarc_msgs/smarc_msgs/msg/detail/dvl__rosidl_typesupport_introspection_cpp.hpp
-- Up-to-date symlink: /home/nacho/colcon_workspaces/smarc_ws/install/smarc_msgs/include/smarc_msgs/smarc_msgs/msg/detail/dvl_beam__rosidl_typesupport_introspection_cpp.hpp
-- Up-to-date symlink: /home/nacho/colcon_workspaces/smarc_ws/install/smarc_msgs/include/smarc_msgs/smarc_msgs/msg/detail/float_stamped__rosidl_typesupport_introspection_cpp.hpp
-- Up-to-date symlink: /home/nacho/colcon_workspaces/smarc_ws/install/smarc_msgs/include/smarc_msgs/smarc_msgs/msg/detail/leak__rosidl_typesupport_introspection_cpp.hpp
-- Up-to-date symlink: /home/nacho/colcon_workspaces/smarc_ws/install/smarc_msgs/include/smarc_msgs/smarc_msgs/msg/detail/percent_stamped__rosidl_typesupport_introspection_cpp.hpp
-- Up-to-date symlink: /home/nacho/colcon_workspaces/smarc_ws/install/smarc_msgs/include/smarc_msgs/smarc_msgs/msg/detail/sidescan__rosidl_typesupport_introspection_cpp.hpp
-- Up-to-date symlink: /home/nacho/colcon_workspaces/smarc_ws/install/smarc_msgs/include/smarc_msgs/smarc_msgs/msg/detail/string_stamped__rosidl_typesupport_introspection_cpp.hpp
-- Up-to-date symlink: /home/nacho/colcon_workspaces/smarc_ws/install/smarc_msgs/include/smarc_msgs/smarc_msgs/msg/detail/thruster_dc__rosidl_typesupport_introspection_cpp.hpp
-- Up-to-date symlink: /home/nacho/colcon_workspaces/smarc_ws/install/smarc_msgs/include/smarc_msgs/smarc_msgs/msg/detail/thruster_feedback__rosidl_typesupport_introspection_cpp.hpp
-- Up-to-date symlink: /home/nacho/colcon_workspaces/smarc_ws/install/smarc_msgs/include/smarc_msgs/smarc_msgs/msg/detail/thruster_rpm__rosidl_typesupport_introspection_cpp.hpp
-- Up-to-date symlink: /home/nacho/colcon_workspaces/smarc_ws/install/smarc_msgs/include/smarc_msgs/smarc_msgs/msg/detail/topics__rosidl_typesupport_introspection_cpp.hpp
-- Up-to-date symlink: /home/nacho/colcon_workspaces/smarc_ws/install/smarc_msgs/share/smarc_msgs/environment/pythonpath.sh
-- Up-to-date symlink: /home/nacho/colcon_workspaces/smarc_ws/install/smarc_msgs/share/smarc_msgs/environment/pythonpath.dsv
-- Up-to-date symlink: /home/nacho/colcon_workspaces/smarc_ws/install/smarc_msgs/local/lib/python3.10/dist-packages/smarc_msgs-0.1.0-py3.10.egg-info/PKG-INFO
-- Up-to-date symlink: /home/nacho/colcon_workspaces/smarc_ws/install/smarc_msgs/local/lib/python3.10/dist-packages/smarc_msgs-0.1.0-py3.10.egg-info/SOURCES.txt
-- Up-to-date symlink: /home/nacho/colcon_workspaces/smarc_ws/install/smarc_msgs/local/lib/python3.10/dist-packages/smarc_msgs-0.1.0-py3.10.egg-info/dependency_links.txt
-- Up-to-date symlink: /home/nacho/colcon_workspaces/smarc_ws/install/smarc_msgs/local/lib/python3.10/dist-packages/smarc_msgs-0.1.0-py3.10.egg-info/top_level.txt
-- Up-to-date symlink: /home/nacho/colcon_workspaces/smarc_ws/install/smarc_msgs/local/lib/python3.10/dist-packages/smarc_msgs/__init__.py
-- Up-to-date symlink: /home/nacho/colcon_workspaces/smarc_ws/install/smarc_msgs/local/lib/python3.10/dist-packages/smarc_msgs/_smarc_msgs_s.ep.rosidl_typesupport_c.c
-- Up-to-date symlink: /home/nacho/colcon_workspaces/smarc_ws/install/smarc_msgs/local/lib/python3.10/dist-packages/smarc_msgs/_smarc_msgs_s.ep.rosidl_typesupport_fastrtps_c.c
-- Up-to-date symlink: /home/nacho/colcon_workspaces/smarc_ws/install/smarc_msgs/local/lib/python3.10/dist-packages/smarc_msgs/_smarc_msgs_s.ep.rosidl_typesupport_introspection_c.c
-- Up-to-date symlink: /home/nacho/colcon_workspaces/smarc_ws/install/smarc_msgs/local/lib/python3.10/dist-packages/smarc_msgs/libsmarc_msgs__rosidl_generator_py.so
-- Up-to-date symlink: /home/nacho/colcon_workspaces/smarc_ws/install/smarc_msgs/local/lib/python3.10/dist-packages/smarc_msgs/msg/__init__.py
-- Up-to-date symlink: /home/nacho/colcon_workspaces/smarc_ws/install/smarc_msgs/local/lib/python3.10/dist-packages/smarc_msgs/msg/_dvl.py
-- Up-to-date symlink: /home/nacho/colcon_workspaces/smarc_ws/install/smarc_msgs/local/lib/python3.10/dist-packages/smarc_msgs/msg/_dvl_beam.py
-- Up-to-date symlink: /home/nacho/colcon_workspaces/smarc_ws/install/smarc_msgs/local/lib/python3.10/dist-packages/smarc_msgs/msg/_dvl_beam_s.c
-- Up-to-date symlink: /home/nacho/colcon_workspaces/smarc_ws/install/smarc_msgs/local/lib/python3.10/dist-packages/smarc_msgs/msg/_dvl_s.c
-- Up-to-date symlink: /home/nacho/colcon_workspaces/smarc_ws/install/smarc_msgs/local/lib/python3.10/dist-packages/smarc_msgs/msg/_float_stamped.py
-- Up-to-date symlink: /home/nacho/colcon_workspaces/smarc_ws/install/smarc_msgs/local/lib/python3.10/dist-packages/smarc_msgs/msg/_float_stamped_s.c
-- Up-to-date symlink: /home/nacho/colcon_workspaces/smarc_ws/install/smarc_msgs/local/lib/python3.10/dist-packages/smarc_msgs/msg/_leak.py
-- Up-to-date symlink: /home/nacho/colcon_workspaces/smarc_ws/install/smarc_msgs/local/lib/python3.10/dist-packages/smarc_msgs/msg/_leak_s.c
-- Up-to-date symlink: /home/nacho/colcon_workspaces/smarc_ws/install/smarc_msgs/local/lib/python3.10/dist-packages/smarc_msgs/msg/_percent_stamped.py
-- Up-to-date symlink: /home/nacho/colcon_workspaces/smarc_ws/install/smarc_msgs/local/lib/python3.10/dist-packages/smarc_msgs/msg/_percent_stamped_s.c
-- Up-to-date symlink: /home/nacho/colcon_workspaces/smarc_ws/install/smarc_msgs/local/lib/python3.10/dist-packages/smarc_msgs/msg/_sidescan.py
-- Up-to-date symlink: /home/nacho/colcon_workspaces/smarc_ws/install/smarc_msgs/local/lib/python3.10/dist-packages/smarc_msgs/msg/_sidescan_s.c
-- Up-to-date symlink: /home/nacho/colcon_workspaces/smarc_ws/install/smarc_msgs/local/lib/python3.10/dist-packages/smarc_msgs/msg/_string_stamped.py
-- Up-to-date symlink: /home/nacho/colcon_workspaces/smarc_ws/install/smarc_msgs/local/lib/python3.10/dist-packages/smarc_msgs/msg/_string_stamped_s.c
-- Up-to-date symlink: /home/nacho/colcon_workspaces/smarc_ws/install/smarc_msgs/local/lib/python3.10/dist-packages/smarc_msgs/msg/_thruster_dc.py
-- Up-to-date symlink: /home/nacho/colcon_workspaces/smarc_ws/install/smarc_msgs/local/lib/python3.10/dist-packages/smarc_msgs/msg/_thruster_dc_s.c
-- Up-to-date symlink: /home/nacho/colcon_workspaces/smarc_ws/install/smarc_msgs/local/lib/python3.10/dist-packages/smarc_msgs/msg/_thruster_feedback.py
-- Up-to-date symlink: /home/nacho/colcon_workspaces/smarc_ws/install/smarc_msgs/local/lib/python3.10/dist-packages/smarc_msgs/msg/_thruster_feedback_s.c
-- Up-to-date symlink: /home/nacho/colcon_workspaces/smarc_ws/install/smarc_msgs/local/lib/python3.10/dist-packages/smarc_msgs/msg/_thruster_rpm.py
-- Up-to-date symlink: /home/nacho/colcon_workspaces/smarc_ws/install/smarc_msgs/local/lib/python3.10/dist-packages/smarc_msgs/msg/_thruster_rpm_s.c
-- Up-to-date symlink: /home/nacho/colcon_workspaces/smarc_ws/install/smarc_msgs/local/lib/python3.10/dist-packages/smarc_msgs/msg/_topics.py
-- Up-to-date symlink: /home/nacho/colcon_workspaces/smarc_ws/install/smarc_msgs/local/lib/python3.10/dist-packages/smarc_msgs/msg/_topics_s.c
-- Up-to-date symlink: /home/nacho/colcon_workspaces/smarc_ws/install/smarc_msgs/local/lib/python3.10/dist-packages/smarc_msgs/smarc_msgs_s__rosidl_typesupport_c.cpython-310-x86_64-linux-gnu.so
-- Up-to-date symlink: /home/nacho/colcon_workspaces/smarc_ws/install/smarc_msgs/local/lib/python3.10/dist-packages/smarc_msgs/smarc_msgs_s__rosidl_typesupport_fastrtps_c.cpython-310-x86_64-linux-gnu.so
-- Up-to-date symlink: /home/nacho/colcon_workspaces/smarc_ws/install/smarc_msgs/local/lib/python3.10/dist-packages/smarc_msgs/smarc_msgs_s__rosidl_typesupport_introspection_c.cpython-310-x86_64-linux-gnu.so
-- Up-to-date symlink: /home/nacho/colcon_workspaces/smarc_ws/install/smarc_msgs/local/lib/python3.10/dist-packages/smarc_msgs/smarc_msgs_s__rosidl_typesupport_fastrtps_c.cpython-310-x86_64-linux-gnu.so
-- Up-to-date symlink: /home/nacho/colcon_workspaces/smarc_ws/install/smarc_msgs/local/lib/python3.10/dist-packages/smarc_msgs/smarc_msgs_s__rosidl_typesupport_introspection_c.cpython-310-x86_64-linux-gnu.so
-- Up-to-date symlink: /home/nacho/colcon_workspaces/smarc_ws/install/smarc_msgs/local/lib/python3.10/dist-packages/smarc_msgs/smarc_msgs_s__rosidl_typesupport_c.cpython-310-x86_64-linux-gnu.so
-- Up-to-date symlink: /home/nacho/colcon_workspaces/smarc_ws/install/smarc_msgs/share/smarc_msgs/msg/DVLBeam.idl
-- Up-to-date symlink: /home/nacho/colcon_workspaces/smarc_ws/install/smarc_msgs/share/smarc_msgs/msg/DVL.idl
-- Up-to-date symlink: /home/nacho/colcon_workspaces/smarc_ws/install/smarc_msgs/share/smarc_msgs/msg/FloatStamped.idl
-- Up-to-date symlink: /home/nacho/colcon_workspaces/smarc_ws/install/smarc_msgs/share/smarc_msgs/msg/Leak.idl
-- Up-to-date symlink: /home/nacho/colcon_workspaces/smarc_ws/install/smarc_msgs/share/smarc_msgs/msg/PercentStamped.idl
-- Up-to-date symlink: /home/nacho/colcon_workspaces/smarc_ws/install/smarc_msgs/share/smarc_msgs/msg/Sidescan.idl
-- Up-to-date symlink: /home/nacho/colcon_workspaces/smarc_ws/install/smarc_msgs/share/smarc_msgs/msg/ThrusterDC.idl
-- Up-to-date symlink: /home/nacho/colcon_workspaces/smarc_ws/install/smarc_msgs/share/smarc_msgs/msg/ThrusterFeedback.idl
-- Up-to-date symlink: /home/nacho/colcon_workspaces/smarc_ws/install/smarc_msgs/share/smarc_msgs/msg/ThrusterRPM.idl
-- Up-to-date symlink: /home/nacho/colcon_workspaces/smarc_ws/install/smarc_msgs/share/smarc_msgs/msg/Topics.idl
-- Up-to-date symlink: /home/nacho/colcon_workspaces/smarc_ws/install/smarc_msgs/share/smarc_msgs/msg/StringStamped.idl
-- Up-to-date symlink: /home/nacho/colcon_workspaces/smarc_ws/install/smarc_msgs/share/smarc_msgs/msg/DVLBeam.msg
-- Up-to-date symlink: /home/nacho/colcon_workspaces/smarc_ws/install/smarc_msgs/share/smarc_msgs/msg/DVL.msg
-- Up-to-date symlink: /home/nacho/colcon_workspaces/smarc_ws/install/smarc_msgs/share/smarc_msgs/msg/FloatStamped.msg
-- Up-to-date symlink: /home/nacho/colcon_workspaces/smarc_ws/install/smarc_msgs/share/smarc_msgs/msg/Leak.msg
-- Up-to-date symlink: /home/nacho/colcon_workspaces/smarc_ws/install/smarc_msgs/share/smarc_msgs/msg/PercentStamped.msg
-- Up-to-date symlink: /home/nacho/colcon_workspaces/smarc_ws/install/smarc_msgs/share/smarc_msgs/msg/Sidescan.msg
-- Up-to-date symlink: /home/nacho/colcon_workspaces/smarc_ws/install/smarc_msgs/share/smarc_msgs/msg/ThrusterDC.msg
-- Up-to-date symlink: /home/nacho/colcon_workspaces/smarc_ws/install/smarc_msgs/share/smarc_msgs/msg/ThrusterFeedback.msg
-- Up-to-date symlink: /home/nacho/colcon_workspaces/smarc_ws/install/smarc_msgs/share/smarc_msgs/msg/ThrusterRPM.msg
-- Up-to-date symlink: /home/nacho/colcon_workspaces/smarc_ws/install/smarc_msgs/share/smarc_msgs/msg/Topics.msg
-- Up-to-date symlink: /home/nacho/colcon_workspaces/smarc_ws/install/smarc_msgs/share/smarc_msgs/msg/StringStamped.msg
-- Up-to-date symlink: /home/nacho/colcon_workspaces/smarc_ws/install/smarc_msgs/share/ament_index/resource_index/package_run_dependencies/smarc_msgs
-- Up-to-date symlink: /home/nacho/colcon_workspaces/smarc_ws/install/smarc_msgs/share/ament_index/resource_index/parent_prefix_path/smarc_msgs
-- Up-to-date symlink: /home/nacho/colcon_workspaces/smarc_ws/install/smarc_msgs/share/smarc_msgs/environment/ament_prefix_path.sh
-- Up-to-date symlink: /home/nacho/colcon_workspaces/smarc_ws/install/smarc_msgs/share/smarc_msgs/environment/ament_prefix_path.dsv
-- Up-to-date symlink: /home/nacho/colcon_workspaces/smarc_ws/install/smarc_msgs/share/smarc_msgs/environment/path.sh
-- Up-to-date symlink: /home/nacho/colcon_workspaces/smarc_ws/install/smarc_msgs/share/smarc_msgs/environment/path.dsv
-- Up-to-date symlink: /home/nacho/colcon_workspaces/smarc_ws/install/smarc_msgs/share/smarc_msgs/local_setup.bash
-- Up-to-date symlink: /home/nacho/colcon_workspaces/smarc_ws/install/smarc_msgs/share/smarc_msgs/local_setup.sh
-- Up-to-date symlink: /home/nacho/colcon_workspaces/smarc_ws/install/smarc_msgs/share/smarc_msgs/local_setup.zsh
-- Up-to-date symlink: /home/nacho/colcon_workspaces/smarc_ws/install/smarc_msgs/share/smarc_msgs/local_setup.dsv
-- Symlinking: /home/nacho/colcon_workspaces/smarc_ws/install/smarc_msgs/share/smarc_msgs/package.dsv
-- Up-to-date symlink: /home/nacho/colcon_workspaces/smarc_ws/install/smarc_msgs/share/ament_index/resource_index/packages/smarc_msgs
-- Up-to-date symlink: /home/nacho/colcon_workspaces/smarc_ws/install/smarc_msgs/share/smarc_msgs/cmake/rosidl_cmake-extras.cmake
-- Up-to-date symlink: /home/nacho/colcon_workspaces/smarc_ws/install/smarc_msgs/share/smarc_msgs/cmake/ament_cmake_export_dependencies-extras.cmake
-- Up-to-date symlink: /home/nacho/colcon_workspaces/smarc_ws/install/smarc_msgs/share/smarc_msgs/cmake/ament_cmake_export_include_directories-extras.cmake
-- Up-to-date symlink: /home/nacho/colcon_workspaces/smarc_ws/install/smarc_msgs/share/smarc_msgs/cmake/ament_cmake_export_libraries-extras.cmake
-- Up-to-date symlink: /home/nacho/colcon_workspaces/smarc_ws/install/smarc_msgs/share/smarc_msgs/cmake/ament_cmake_export_targets-extras.cmake
-- Up-to-date symlink: /home/nacho/colcon_workspaces/smarc_ws/install/smarc_msgs/share/smarc_msgs/cmake/rosidl_cmake_export_typesupport_targets-extras.cmake
-- Up-to-date symlink: /home/nacho/colcon_workspaces/smarc_ws/install/smarc_msgs/share/smarc_msgs/cmake/rosidl_cmake_export_typesupport_libraries-extras.cmake
-- Up-to-date symlink: /home/nacho/colcon_workspaces/smarc_ws/install/smarc_msgs/share/smarc_msgs/cmake/smarc_msgsConfig.cmake
-- Up-to-date symlink: /home/nacho/colcon_workspaces/smarc_ws/install/smarc_msgs/share/smarc_msgs/cmake/smarc_msgsConfig-version.cmake
-- Up-to-date symlink: /home/nacho/colcon_workspaces/smarc_ws/install/smarc_msgs/share/smarc_msgs/package.xml
-- Installing: /home/nacho/colcon_workspaces/smarc_ws/install/smarc_msgs/lib/libsmarc_msgs__rosidl_generator_c.so
-- Set runtime path of "/home/nacho/colcon_workspaces/smarc_ws/install/smarc_msgs/lib/libsmarc_msgs__rosidl_generator_c.so" to ""
-- Installing: /home/nacho/colcon_workspaces/smarc_ws/install/smarc_msgs/lib/libsmarc_msgs__rosidl_typesupport_fastrtps_c.so
-- Set runtime path of "/home/nacho/colcon_workspaces/smarc_ws/install/smarc_msgs/lib/libsmarc_msgs__rosidl_typesupport_fastrtps_c.so" to ""
-- Installing: /home/nacho/colcon_workspaces/smarc_ws/install/smarc_msgs/lib/libsmarc_msgs__rosidl_typesupport_introspection_c.so
-- Set runtime path of "/home/nacho/colcon_workspaces/smarc_ws/install/smarc_msgs/lib/libsmarc_msgs__rosidl_typesupport_introspection_c.so" to ""
-- Installing: /home/nacho/colcon_workspaces/smarc_ws/install/smarc_msgs/lib/libsmarc_msgs__rosidl_typesupport_c.so
-- Set runtime path of "/home/nacho/colcon_workspaces/smarc_ws/install/smarc_msgs/lib/libsmarc_msgs__rosidl_typesupport_c.so" to ""
-- Installing: /home/nacho/colcon_workspaces/smarc_ws/install/smarc_msgs/lib/libsmarc_msgs__rosidl_typesupport_fastrtps_cpp.so
-- Set runtime path of "/home/nacho/colcon_workspaces/smarc_ws/install/smarc_msgs/lib/libsmarc_msgs__rosidl_typesupport_fastrtps_cpp.so" to ""
-- Installing: /home/nacho/colcon_workspaces/smarc_ws/install/smarc_msgs/lib/libsmarc_msgs__rosidl_typesupport_introspection_cpp.so
-- Set runtime path of "/home/nacho/colcon_workspaces/smarc_ws/install/smarc_msgs/lib/libsmarc_msgs__rosidl_typesupport_introspection_cpp.so" to ""
-- Installing: /home/nacho/colcon_workspaces/smarc_ws/install/smarc_msgs/lib/libsmarc_msgs__rosidl_typesupport_cpp.so
-- Set runtime path of "/home/nacho/colcon_workspaces/smarc_ws/install/smarc_msgs/lib/libsmarc_msgs__rosidl_typesupport_cpp.so" to ""
Listing '/home/nacho/colcon_workspaces/smarc_ws/install/smarc_msgs/local/lib/python3.10/dist-packages/smarc_msgs'...
Compiling '/home/nacho/colcon_workspaces/smarc_ws/install/smarc_msgs/local/lib/python3.10/dist-packages/smarc_msgs/__init__.py'...
Listing '/home/nacho/colcon_workspaces/smarc_ws/install/smarc_msgs/local/lib/python3.10/dist-packages/smarc_msgs/msg'...
-- Installing: /home/nacho/colcon_workspaces/smarc_ws/install/smarc_msgs/lib/libsmarc_msgs__rosidl_generator_py.so
-- Set runtime path of "/home/nacho/colcon_workspaces/smarc_ws/install/smarc_msgs/lib/libsmarc_msgs__rosidl_generator_py.so" to ""
-- Up-to-date: /home/nacho/colcon_workspaces/smarc_ws/install/smarc_msgs/share/smarc_msgs/cmake/export_smarc_msgs__rosidl_generator_cExport.cmake
-- Up-to-date: /home/nacho/colcon_workspaces/smarc_ws/install/smarc_msgs/share/smarc_msgs/cmake/export_smarc_msgs__rosidl_generator_cExport-noconfig.cmake
-- Up-to-date: /home/nacho/colcon_workspaces/smarc_ws/install/smarc_msgs/share/smarc_msgs/cmake/export_smarc_msgs__rosidl_typesupport_fastrtps_cExport.cmake
-- Up-to-date: /home/nacho/colcon_workspaces/smarc_ws/install/smarc_msgs/share/smarc_msgs/cmake/export_smarc_msgs__rosidl_typesupport_fastrtps_cExport-noconfig.cmake
-- Up-to-date: /home/nacho/colcon_workspaces/smarc_ws/install/smarc_msgs/share/smarc_msgs/cmake/smarc_msgs__rosidl_typesupport_introspection_cExport.cmake
-- Up-to-date: /home/nacho/colcon_workspaces/smarc_ws/install/smarc_msgs/share/smarc_msgs/cmake/smarc_msgs__rosidl_typesupport_introspection_cExport-noconfig.cmake
-- Up-to-date: /home/nacho/colcon_workspaces/smarc_ws/install/smarc_msgs/share/smarc_msgs/cmake/smarc_msgs__rosidl_typesupport_cExport.cmake
-- Up-to-date: /home/nacho/colcon_workspaces/smarc_ws/install/smarc_msgs/share/smarc_msgs/cmake/smarc_msgs__rosidl_typesupport_cExport-noconfig.cmake
-- Up-to-date: /home/nacho/colcon_workspaces/smarc_ws/install/smarc_msgs/share/smarc_msgs/cmake/export_smarc_msgs__rosidl_generator_cppExport.cmake
-- Up-to-date: /home/nacho/colcon_workspaces/smarc_ws/install/smarc_msgs/share/smarc_msgs/cmake/export_smarc_msgs__rosidl_typesupport_fastrtps_cppExport.cmake
-- Up-to-date: /home/nacho/colcon_workspaces/smarc_ws/install/smarc_msgs/share/smarc_msgs/cmake/export_smarc_msgs__rosidl_typesupport_fastrtps_cppExport-noconfig.cmake
-- Up-to-date: /home/nacho/colcon_workspaces/smarc_ws/install/smarc_msgs/share/smarc_msgs/cmake/smarc_msgs__rosidl_typesupport_introspection_cppExport.cmake
-- Up-to-date: /home/nacho/colcon_workspaces/smarc_ws/install/smarc_msgs/share/smarc_msgs/cmake/smarc_msgs__rosidl_typesupport_introspection_cppExport-noconfig.cmake
-- Up-to-date: /home/nacho/colcon_workspaces/smarc_ws/install/smarc_msgs/share/smarc_msgs/cmake/smarc_msgs__rosidl_typesupport_cppExport.cmake
-- Up-to-date: /home/nacho/colcon_workspaces/smarc_ws/install/smarc_msgs/share/smarc_msgs/cmake/smarc_msgs__rosidl_typesupport_cppExport-noconfig.cmake
-- Up-to-date: /home/nacho/colcon_workspaces/smarc_ws/install/smarc_msgs/share/smarc_msgs/cmake/export_smarc_msgs__rosidl_generator_pyExport.cmake
-- Up-to-date: /home/nacho/colcon_workspaces/smarc_ws/install/smarc_msgs/share/smarc_msgs/cmake/export_smarc_msgs__rosidl_generator_pyExport-noconfig.cmake
