[0.049s] Invoking command in '/home/nacho/colcon_workspaces/smarc_ws/build/smarc_msgs': CMAKE_PREFIX_PATH=/opt/ros/humble /usr/bin/cmake --build /home/nacho/colcon_workspaces/smarc_ws/build/smarc_msgs -- -j20 -l20
[2.948s] -- Found ament_cmake: 1.3.11 (/opt/ros/humble/share/ament_cmake/cmake)
[2.948s] -- Override CMake install command with custom implementation using symlinks instead of copying resources
[2.948s] -- Found rosidl_default_generators: 1.2.0 (/opt/ros/humble/share/rosidl_default_generators/cmake)
[2.949s] -- Using all available rosidl_typesupport_c: rosidl_typesupport_fastrtps_c;rosidl_typesupport_introspection_c
[2.949s] -- Found rosidl_adapter: 3.1.6 (/opt/ros/humble/share/rosidl_adapter/cmake)
[2.949s] -- Using all available rosidl_typesupport_cpp: rosidl_typesupport_fastrtps_cpp;rosidl_typesupport_introspection_cpp
[2.949s] -- Found geometry_msgs: 4.2.4 (/opt/ros/humble/share/geometry_msgs/cmake)
[2.949s] -- Found geographic_msgs: 1.0.6 (/opt/ros/humble/share/geographic_msgs/cmake)
[2.949s] -- Found nav_msgs: 4.2.4 (/opt/ros/humble/share/nav_msgs/cmake)
[2.949s] -- Found sensor_msgs: 4.2.4 (/opt/ros/humble/share/sensor_msgs/cmake)
[2.949s] -- Found ament_cmake_ros: 0.10.0 (/opt/ros/humble/share/ament_cmake_ros/cmake)
[2.949s] -- Using all available rosidl_typesupport_c: rosidl_typesupport_fastrtps_c;rosidl_typesupport_introspection_c
[2.949s] -- Using all available rosidl_typesupport_cpp: rosidl_typesupport_fastrtps_cpp;rosidl_typesupport_introspection_cpp
[2.949s] -- Found python_cmake_module: 0.10.0 (/opt/ros/humble/share/python_cmake_module/cmake)
[2.949s] -- Using PYTHON_EXECUTABLE: /usr/bin/python3
[2.950s] -- Using PYTHON_INCLUDE_DIRS: /usr/include/python3.10
[2.950s] -- Using PYTHON_LIBRARIES: /usr/lib/x86_64-linux-gnu/libpython3.10.so
[2.950s] -- Found ament_lint_auto: 0.12.11 (/opt/ros/humble/share/ament_lint_auto/cmake)
[2.950s] -- Added test 'lint_cmake' to check CMake code style
[2.950s] -- Added test 'xmllint' to check XML markup files
[2.950s] -- Configuring done
[2.950s] -- Generating done
[2.950s] -- Build files have been written to: /home/nacho/colcon_workspaces/smarc_ws/build/smarc_msgs
[2.951s] [35m[1mConsolidate compiler generated dependencies of target smarc_msgs__rosidl_generator_c[0m
[2.952s] [  0%] Built target smarc_msgs__cpp
[2.952s] [  0%] Built target ament_cmake_python_symlink_smarc_msgs
[2.953s] [  2%] [32mBuilding C object CMakeFiles/smarc_msgs__rosidl_generator_c.dir/rosidl_generator_c/smarc_msgs/msg/detail/float_stamped__functions.c.o[0m
[2.953s] [  2%] [32mBuilding C object CMakeFiles/smarc_msgs__rosidl_generator_c.dir/rosidl_generator_c/smarc_msgs/msg/detail/dvl_beam__functions.c.o[0m
[2.953s] [  3%] [32mBuilding C object CMakeFiles/smarc_msgs__rosidl_generator_c.dir/rosidl_generator_c/smarc_msgs/msg/detail/dvl__functions.c.o[0m
[2.953s] [  4%] [32mBuilding C object CMakeFiles/smarc_msgs__rosidl_generator_c.dir/rosidl_generator_c/smarc_msgs/msg/detail/percent_stamped__functions.c.o[0m
[2.953s] [  5%] [32mBuilding C object CMakeFiles/smarc_msgs__rosidl_generator_c.dir/rosidl_generator_c/smarc_msgs/msg/detail/leak__functions.c.o[0m
[2.953s] [  6%] [32mBuilding C object CMakeFiles/smarc_msgs__rosidl_generator_c.dir/rosidl_generator_c/smarc_msgs/msg/detail/sidescan__functions.c.o[0m
[2.953s] [  7%] [32mBuilding C object CMakeFiles/smarc_msgs__rosidl_generator_c.dir/rosidl_generator_c/smarc_msgs/msg/detail/thruster_dc__functions.c.o[0m
[2.954s] [  7%] [32mBuilding C object CMakeFiles/smarc_msgs__rosidl_generator_c.dir/rosidl_generator_c/smarc_msgs/msg/detail/thruster_feedback__functions.c.o[0m
[2.954s] [  8%] [32mBuilding C object CMakeFiles/smarc_msgs__rosidl_generator_c.dir/rosidl_generator_c/smarc_msgs/msg/detail/thruster_rpm__functions.c.o[0m
[2.954s] [35m[1mConsolidate compiler generated dependencies of target smarc_msgs__rosidl_typesupport_cpp[0m
[2.954s] [  9%] [32mBuilding C object CMakeFiles/smarc_msgs__rosidl_generator_c.dir/rosidl_generator_c/smarc_msgs/msg/detail/topics__functions.c.o[0m
[2.954s] [35m[1mConsolidate compiler generated dependencies of target smarc_msgs__rosidl_typesupport_introspection_cpp[0m
[2.954s] [35m[1mConsolidate compiler generated dependencies of target smarc_msgs__rosidl_typesupport_fastrtps_cpp[0m
[2.955s] [ 10%] [32mBuilding C object CMakeFiles/smarc_msgs__rosidl_generator_c.dir/rosidl_generator_c/smarc_msgs/msg/detail/string_stamped__functions.c.o[0m
[2.955s] [ 11%] [32mBuilding CXX object CMakeFiles/smarc_msgs__rosidl_typesupport_cpp.dir/rosidl_typesupport_cpp/smarc_msgs/msg/dvl_beam__type_support.cpp.o[0m
[2.955s] [ 12%] [32mBuilding CXX object CMakeFiles/smarc_msgs__rosidl_typesupport_cpp.dir/rosidl_typesupport_cpp/smarc_msgs/msg/dvl__type_support.cpp.o[0m
[2.955s] [ 13%] [32mBuilding CXX object CMakeFiles/smarc_msgs__rosidl_typesupport_fastrtps_cpp.dir/rosidl_typesupport_fastrtps_cpp/smarc_msgs/msg/detail/dds_fastrtps/dvl_beam__type_support.cpp.o[0m
[2.955s] [ 13%] [32mBuilding CXX object CMakeFiles/smarc_msgs__rosidl_typesupport_introspection_cpp.dir/rosidl_typesupport_introspection_cpp/smarc_msgs/msg/detail/dvl__type_support.cpp.o[0m
[2.955s] [ 14%] [32mBuilding CXX object CMakeFiles/smarc_msgs__rosidl_typesupport_fastrtps_cpp.dir/rosidl_typesupport_fastrtps_cpp/smarc_msgs/msg/detail/dds_fastrtps/float_stamped__type_support.cpp.o[0m
[2.955s] [ 15%] [32mBuilding CXX object CMakeFiles/smarc_msgs__rosidl_typesupport_fastrtps_cpp.dir/rosidl_typesupport_fastrtps_cpp/smarc_msgs/msg/detail/dds_fastrtps/leak__type_support.cpp.o[0m
[2.956s] [ 16%] [32mBuilding CXX object CMakeFiles/smarc_msgs__rosidl_typesupport_introspection_cpp.dir/rosidl_typesupport_introspection_cpp/smarc_msgs/msg/detail/dvl_beam__type_support.cpp.o[0m
[2.956s] [ 17%] [32mBuilding CXX object CMakeFiles/smarc_msgs__rosidl_typesupport_fastrtps_cpp.dir/rosidl_typesupport_fastrtps_cpp/smarc_msgs/msg/detail/dds_fastrtps/dvl__type_support.cpp.o[0m
[2.956s] [ 18%] [32mBuilding CXX object CMakeFiles/smarc_msgs__rosidl_typesupport_fastrtps_cpp.dir/rosidl_typesupport_fastrtps_cpp/smarc_msgs/msg/detail/dds_fastrtps/percent_stamped__type_support.cpp.o[0m
[2.956s] [ 19%] [32mBuilding CXX object CMakeFiles/smarc_msgs__rosidl_typesupport_introspection_cpp.dir/rosidl_typesupport_introspection_cpp/smarc_msgs/msg/detail/float_stamped__type_support.cpp.o[0m
[2.956s] [ 20%] [32mBuilding CXX object CMakeFiles/smarc_msgs__rosidl_typesupport_introspection_cpp.dir/rosidl_typesupport_introspection_cpp/smarc_msgs/msg/detail/leak__type_support.cpp.o[0m
[2.956s] [ 21%] [32mBuilding CXX object CMakeFiles/smarc_msgs__rosidl_typesupport_cpp.dir/rosidl_typesupport_cpp/smarc_msgs/msg/float_stamped__type_support.cpp.o[0m
[2.956s] [ 22%] [32mBuilding CXX object CMakeFiles/smarc_msgs__rosidl_typesupport_cpp.dir/rosidl_typesupport_cpp/smarc_msgs/msg/leak__type_support.cpp.o[0m
[2.956s] [ 23%] [32mBuilding CXX object CMakeFiles/smarc_msgs__rosidl_typesupport_introspection_cpp.dir/rosidl_typesupport_introspection_cpp/smarc_msgs/msg/detail/percent_stamped__type_support.cpp.o[0m
[2.956s] [ 24%] [32mBuilding CXX object CMakeFiles/smarc_msgs__rosidl_typesupport_cpp.dir/rosidl_typesupport_cpp/smarc_msgs/msg/sidescan__type_support.cpp.o[0m
[2.956s] [ 25%] [32mBuilding CXX object CMakeFiles/smarc_msgs__rosidl_typesupport_cpp.dir/rosidl_typesupport_cpp/smarc_msgs/msg/percent_stamped__type_support.cpp.o[0m
[2.956s] [ 26%] [32mBuilding CXX object CMakeFiles/smarc_msgs__rosidl_typesupport_introspection_cpp.dir/rosidl_typesupport_introspection_cpp/smarc_msgs/msg/detail/sidescan__type_support.cpp.o[0m
[2.957s] [ 27%] [32mBuilding CXX object CMakeFiles/smarc_msgs__rosidl_typesupport_fastrtps_cpp.dir/rosidl_typesupport_fastrtps_cpp/smarc_msgs/msg/detail/dds_fastrtps/sidescan__type_support.cpp.o[0m
[2.957s] [ 28%] [32m[1mLinking C shared library libsmarc_msgs__rosidl_generator_c.so[0m
[2.957s] [ 29%] Built target smarc_msgs__rosidl_generator_c
[2.957s] [ 30%] [32mBuilding CXX object CMakeFiles/smarc_msgs__rosidl_typesupport_fastrtps_cpp.dir/rosidl_typesupport_fastrtps_cpp/smarc_msgs/msg/detail/dds_fastrtps/thruster_dc__type_support.cpp.o[0m
[2.957s] [ 31%] [32mBuilding CXX object CMakeFiles/smarc_msgs__rosidl_typesupport_fastrtps_cpp.dir/rosidl_typesupport_fastrtps_cpp/smarc_msgs/msg/detail/dds_fastrtps/thruster_feedback__type_support.cpp.o[0m
[2.957s] [ 32%] [32mBuilding CXX object CMakeFiles/smarc_msgs__rosidl_typesupport_fastrtps_cpp.dir/rosidl_typesupport_fastrtps_cpp/smarc_msgs/msg/detail/dds_fastrtps/thruster_rpm__type_support.cpp.o[0m
[2.957s] [ 33%] [32mBuilding CXX object CMakeFiles/smarc_msgs__rosidl_typesupport_cpp.dir/rosidl_typesupport_cpp/smarc_msgs/msg/thruster_dc__type_support.cpp.o[0m
[2.957s] running egg_info
[2.957s] writing smarc_msgs.egg-info/PKG-INFO
[2.957s] writing dependency_links to smarc_msgs.egg-info/dependency_links.txt
[2.957s] writing top-level names to smarc_msgs.egg-info/top_level.txt
[2.958s] [ 33%] [32mBuilding CXX object CMakeFiles/smarc_msgs__rosidl_typesupport_cpp.dir/rosidl_typesupport_cpp/smarc_msgs/msg/thruster_feedback__type_support.cpp.o[0m
[2.958s] reading manifest file 'smarc_msgs.egg-info/SOURCES.txt'
[2.958s] writing manifest file 'smarc_msgs.egg-info/SOURCES.txt'
[2.958s] [ 33%] [32mBuilding CXX object CMakeFiles/smarc_msgs__rosidl_typesupport_fastrtps_cpp.dir/rosidl_typesupport_fastrtps_cpp/smarc_msgs/msg/detail/dds_fastrtps/topics__type_support.cpp.o[0m
[2.958s] [ 33%] Built target ament_cmake_python_build_smarc_msgs_egg
[2.958s] [ 34%] [32mBuilding CXX object CMakeFiles/smarc_msgs__rosidl_typesupport_introspection_cpp.dir/rosidl_typesupport_introspection_cpp/smarc_msgs/msg/detail/thruster_dc__type_support.cpp.o[0m
[2.958s] [ 35%] [32mBuilding CXX object CMakeFiles/smarc_msgs__rosidl_typesupport_introspection_cpp.dir/rosidl_typesupport_introspection_cpp/smarc_msgs/msg/detail/thruster_feedback__type_support.cpp.o[0m
[2.958s] [35m[1mConsolidate compiler generated dependencies of target smarc_msgs__rosidl_typesupport_fastrtps_c[0m
[2.958s] [35m[1mConsolidate compiler generated dependencies of target smarc_msgs__rosidl_typesupport_introspection_c[0m
[2.958s] [ 36%] [32mBuilding CXX object CMakeFiles/smarc_msgs__rosidl_typesupport_introspection_cpp.dir/rosidl_typesupport_introspection_cpp/smarc_msgs/msg/detail/thruster_rpm__type_support.cpp.o[0m
[2.958s] [ 37%] [32mBuilding CXX object CMakeFiles/smarc_msgs__rosidl_typesupport_fastrtps_c.dir/rosidl_typesupport_fastrtps_c/smarc_msgs/msg/detail/dvl_beam__type_support_c.cpp.o[0m
[2.959s] [ 38%] [32mBuilding C object CMakeFiles/smarc_msgs__rosidl_typesupport_introspection_c.dir/rosidl_typesupport_introspection_c/smarc_msgs/msg/detail/dvl_beam__type_support.c.o[0m
[2.959s] [ 39%] [32mBuilding C object CMakeFiles/smarc_msgs__rosidl_typesupport_introspection_c.dir/rosidl_typesupport_introspection_c/smarc_msgs/msg/detail/dvl__type_support.c.o[0m
[2.959s] [ 40%] [32mBuilding C object CMakeFiles/smarc_msgs__rosidl_typesupport_introspection_c.dir/rosidl_typesupport_introspection_c/smarc_msgs/msg/detail/float_stamped__type_support.c.o[0m
[2.959s] [ 41%] [32mBuilding C object CMakeFiles/smarc_msgs__rosidl_typesupport_introspection_c.dir/rosidl_typesupport_introspection_c/smarc_msgs/msg/detail/leak__type_support.c.o[0m
[2.959s] [ 42%] [32mBuilding C object CMakeFiles/smarc_msgs__rosidl_typesupport_introspection_c.dir/rosidl_typesupport_introspection_c/smarc_msgs/msg/detail/percent_stamped__type_support.c.o[0m
[2.959s] [35m[1mConsolidate compiler generated dependencies of target smarc_msgs__rosidl_typesupport_c[0m
[2.959s] [ 43%] [32mBuilding C object CMakeFiles/smarc_msgs__rosidl_typesupport_introspection_c.dir/rosidl_typesupport_introspection_c/smarc_msgs/msg/detail/sidescan__type_support.c.o[0m
[2.959s] [ 44%] [32mBuilding CXX object CMakeFiles/smarc_msgs__rosidl_typesupport_fastrtps_cpp.dir/rosidl_typesupport_fastrtps_cpp/smarc_msgs/msg/detail/dds_fastrtps/string_stamped__type_support.cpp.o[0m
[2.959s] [ 45%] [32mBuilding CXX object CMakeFiles/smarc_msgs__rosidl_typesupport_fastrtps_c.dir/rosidl_typesupport_fastrtps_c/smarc_msgs/msg/detail/dvl__type_support_c.cpp.o[0m
[2.959s] [ 46%] [32mBuilding CXX object CMakeFiles/smarc_msgs__rosidl_typesupport_introspection_cpp.dir/rosidl_typesupport_introspection_cpp/smarc_msgs/msg/detail/topics__type_support.cpp.o[0m
[2.960s] [ 47%] [32mBuilding CXX object CMakeFiles/smarc_msgs__rosidl_typesupport_c.dir/rosidl_typesupport_c/smarc_msgs/msg/dvl_beam__type_support.cpp.o[0m
[2.960s] [ 48%] [32mBuilding CXX object CMakeFiles/smarc_msgs__rosidl_typesupport_introspection_cpp.dir/rosidl_typesupport_introspection_cpp/smarc_msgs/msg/detail/string_stamped__type_support.cpp.o[0m
[2.960s] [ 49%] [32mBuilding CXX object CMakeFiles/smarc_msgs__rosidl_typesupport_c.dir/rosidl_typesupport_c/smarc_msgs/msg/dvl__type_support.cpp.o[0m
[2.960s] [ 49%] [32mBuilding CXX object CMakeFiles/smarc_msgs__rosidl_typesupport_c.dir/rosidl_typesupport_c/smarc_msgs/msg/float_stamped__type_support.cpp.o[0m
[2.961s] [ 50%] [32mBuilding CXX object CMakeFiles/smarc_msgs__rosidl_typesupport_fastrtps_c.dir/rosidl_typesupport_fastrtps_c/smarc_msgs/msg/detail/float_stamped__type_support_c.cpp.o[0m
[2.961s] [ 51%] [32mBuilding CXX object CMakeFiles/smarc_msgs__rosidl_typesupport_c.dir/rosidl_typesupport_c/smarc_msgs/msg/leak__type_support.cpp.o[0m
[2.961s] [ 52%] [32mBuilding CXX object CMakeFiles/smarc_msgs__rosidl_typesupport_fastrtps_c.dir/rosidl_typesupport_fastrtps_c/smarc_msgs/msg/detail/leak__type_support_c.cpp.o[0m
[2.961s] [ 53%] [32mBuilding CXX object CMakeFiles/smarc_msgs__rosidl_typesupport_cpp.dir/rosidl_typesupport_cpp/smarc_msgs/msg/thruster_rpm__type_support.cpp.o[0m
[2.961s] [ 53%] [32mBuilding C object CMakeFiles/smarc_msgs__rosidl_typesupport_introspection_c.dir/rosidl_typesupport_introspection_c/smarc_msgs/msg/detail/thruster_dc__type_support.c.o[0m
[2.961s] [ 54%] [32mBuilding CXX object CMakeFiles/smarc_msgs__rosidl_typesupport_cpp.dir/rosidl_typesupport_cpp/smarc_msgs/msg/topics__type_support.cpp.o[0m
[2.961s] [ 55%] [32mBuilding CXX object CMakeFiles/smarc_msgs__rosidl_typesupport_c.dir/rosidl_typesupport_c/smarc_msgs/msg/percent_stamped__type_support.cpp.o[0m
[2.961s] [ 56%] [32mBuilding C object CMakeFiles/smarc_msgs__rosidl_typesupport_introspection_c.dir/rosidl_typesupport_introspection_c/smarc_msgs/msg/detail/thruster_feedback__type_support.c.o[0m
[2.961s] [ 57%] [32mBuilding C object CMakeFiles/smarc_msgs__rosidl_typesupport_introspection_c.dir/rosidl_typesupport_introspection_c/smarc_msgs/msg/detail/thruster_rpm__type_support.c.o[0m
[2.961s] [ 57%] [32mBuilding CXX object CMakeFiles/smarc_msgs__rosidl_typesupport_fastrtps_c.dir/rosidl_typesupport_fastrtps_c/smarc_msgs/msg/detail/percent_stamped__type_support_c.cpp.o[0m
[2.962s] [ 58%] [32mBuilding CXX object CMakeFiles/smarc_msgs__rosidl_typesupport_c.dir/rosidl_typesupport_c/smarc_msgs/msg/sidescan__type_support.cpp.o[0m
[2.962s] [ 59%] [32mBuilding CXX object CMakeFiles/smarc_msgs__rosidl_typesupport_c.dir/rosidl_typesupport_c/smarc_msgs/msg/thruster_dc__type_support.cpp.o[0m
[2.962s] [ 60%] [32mBuilding CXX object CMakeFiles/smarc_msgs__rosidl_typesupport_c.dir/rosidl_typesupport_c/smarc_msgs/msg/thruster_feedback__type_support.cpp.o[0m
[2.962s] [ 61%] [32mBuilding CXX object CMakeFiles/smarc_msgs__rosidl_typesupport_cpp.dir/rosidl_typesupport_cpp/smarc_msgs/msg/string_stamped__type_support.cpp.o[0m
[2.962s] [ 62%] [32mBuilding CXX object CMakeFiles/smarc_msgs__rosidl_typesupport_fastrtps_c.dir/rosidl_typesupport_fastrtps_c/smarc_msgs/msg/detail/sidescan__type_support_c.cpp.o[0m
[2.962s] [ 63%] [32mBuilding C object CMakeFiles/smarc_msgs__rosidl_typesupport_introspection_c.dir/rosidl_typesupport_introspection_c/smarc_msgs/msg/detail/topics__type_support.c.o[0m
[2.962s] [ 64%] [32mBuilding CXX object CMakeFiles/smarc_msgs__rosidl_typesupport_c.dir/rosidl_typesupport_c/smarc_msgs/msg/thruster_rpm__type_support.cpp.o[0m
[2.962s] [ 66%] [32mBuilding CXX object CMakeFiles/smarc_msgs__rosidl_typesupport_fastrtps_c.dir/rosidl_typesupport_fastrtps_c/smarc_msgs/msg/detail/thruster_dc__type_support_c.cpp.o[0m
[2.962s] [ 66%] [32mBuilding C object CMakeFiles/smarc_msgs__rosidl_typesupport_introspection_c.dir/rosidl_typesupport_introspection_c/smarc_msgs/msg/detail/string_stamped__type_support.c.o[0m
[2.962s] [ 67%] [32mBuilding CXX object CMakeFiles/smarc_msgs__rosidl_typesupport_c.dir/rosidl_typesupport_c/smarc_msgs/msg/topics__type_support.cpp.o[0m
[2.962s] [ 68%] [32mBuilding CXX object CMakeFiles/smarc_msgs__rosidl_typesupport_fastrtps_c.dir/rosidl_typesupport_fastrtps_c/smarc_msgs/msg/detail/thruster_feedback__type_support_c.cpp.o[0m
[2.963s] [ 69%] [32mBuilding CXX object CMakeFiles/smarc_msgs__rosidl_typesupport_fastrtps_c.dir/rosidl_typesupport_fastrtps_c/smarc_msgs/msg/detail/thruster_rpm__type_support_c.cpp.o[0m
[2.963s] [ 70%] [32mBuilding CXX object CMakeFiles/smarc_msgs__rosidl_typesupport_c.dir/rosidl_typesupport_c/smarc_msgs/msg/string_stamped__type_support.cpp.o[0m
[2.963s] [ 71%] [32m[1mLinking C shared library libsmarc_msgs__rosidl_typesupport_introspection_c.so[0m
[2.963s] [ 72%] [32mBuilding CXX object CMakeFiles/smarc_msgs__rosidl_typesupport_fastrtps_c.dir/rosidl_typesupport_fastrtps_c/smarc_msgs/msg/detail/topics__type_support_c.cpp.o[0m
[2.963s] [ 73%] [32mBuilding CXX object CMakeFiles/smarc_msgs__rosidl_typesupport_fastrtps_c.dir/rosidl_typesupport_fastrtps_c/smarc_msgs/msg/detail/string_stamped__type_support_c.cpp.o[0m
[2.963s] [ 74%] Built target smarc_msgs__rosidl_typesupport_introspection_c
[2.963s] [ 75%] [32m[1mLinking CXX shared library libsmarc_msgs__rosidl_typesupport_c.so[0m
[2.963s] [ 76%] [32m[1mLinking CXX shared library libsmarc_msgs__rosidl_typesupport_fastrtps_cpp.so[0m
[2.963s] [ 77%] [32m[1mLinking CXX shared library libsmarc_msgs__rosidl_typesupport_introspection_cpp.so[0m
[2.963s] [ 78%] Built target smarc_msgs__rosidl_typesupport_c
[2.963s] [ 79%] [32m[1mLinking CXX shared library libsmarc_msgs__rosidl_typesupport_cpp.so[0m
[2.963s] [ 79%] Built target smarc_msgs__rosidl_typesupport_fastrtps_cpp
[2.963s] [ 80%] [32m[1mLinking CXX shared library libsmarc_msgs__rosidl_typesupport_fastrtps_c.so[0m
[2.990s] [ 81%] Built target smarc_msgs__rosidl_typesupport_cpp
[3.003s] [ 82%] Built target smarc_msgs__rosidl_typesupport_introspection_cpp
[3.024s] [ 83%] Built target smarc_msgs__rosidl_typesupport_fastrtps_c
[3.042s] [ 83%] Built target smarc_msgs
[3.097s] [ 84%] Built target smarc_msgs__py
[3.097s] [35m[1mConsolidate compiler generated dependencies of target smarc_msgs__rosidl_generator_py[0m
[3.097s] [ 85%] [32mBuilding C object CMakeFiles/smarc_msgs__rosidl_generator_py.dir/rosidl_generator_py/smarc_msgs/msg/_dvl_beam_s.c.o[0m
[3.100s] [ 86%] [32mBuilding C object CMakeFiles/smarc_msgs__rosidl_generator_py.dir/rosidl_generator_py/smarc_msgs/msg/_float_stamped_s.c.o[0m
[3.100s] [ 87%] [32mBuilding C object CMakeFiles/smarc_msgs__rosidl_generator_py.dir/rosidl_generator_py/smarc_msgs/msg/_dvl_s.c.o[0m
[3.108s] [ 88%] [32mBuilding C object CMakeFiles/smarc_msgs__rosidl_generator_py.dir/rosidl_generator_py/smarc_msgs/msg/_percent_stamped_s.c.o[0m
[3.108s] [ 89%] [32mBuilding C object CMakeFiles/smarc_msgs__rosidl_generator_py.dir/rosidl_generator_py/smarc_msgs/msg/_leak_s.c.o[0m
[3.111s] [ 90%] [32mBuilding C object CMakeFiles/smarc_msgs__rosidl_generator_py.dir/rosidl_generator_py/smarc_msgs/msg/_thruster_dc_s.c.o[0m
[3.112s] [ 90%] [32mBuilding C object CMakeFiles/smarc_msgs__rosidl_generator_py.dir/rosidl_generator_py/smarc_msgs/msg/_sidescan_s.c.o[0m
[3.128s] [ 91%] [32mBuilding C object CMakeFiles/smarc_msgs__rosidl_generator_py.dir/rosidl_generator_py/smarc_msgs/msg/_thruster_feedback_s.c.o[0m
[3.145s] [ 92%] [32mBuilding C object CMakeFiles/smarc_msgs__rosidl_generator_py.dir/rosidl_generator_py/smarc_msgs/msg/_topics_s.c.o[0m
[3.145s] [ 93%] [32mBuilding C object CMakeFiles/smarc_msgs__rosidl_generator_py.dir/rosidl_generator_py/smarc_msgs/msg/_string_stamped_s.c.o[0m
[3.145s] [ 94%] [32mBuilding C object CMakeFiles/smarc_msgs__rosidl_generator_py.dir/rosidl_generator_py/smarc_msgs/msg/_thruster_rpm_s.c.o[0m
[3.444s] [ 95%] [32m[1mLinking C shared library rosidl_generator_py/smarc_msgs/libsmarc_msgs__rosidl_generator_py.so[0m
[3.480s] [ 95%] Built target smarc_msgs__rosidl_generator_py
[3.490s] [35m[1mConsolidate compiler generated dependencies of target smarc_msgs__rosidl_typesupport_fastrtps_c__pyext[0m
[3.490s] [35m[1mConsolidate compiler generated dependencies of target smarc_msgs__rosidl_typesupport_c__pyext[0m
[3.491s] [35m[1mConsolidate compiler generated dependencies of target smarc_msgs__rosidl_typesupport_introspection_c__pyext[0m
[3.502s] [ 95%] [32mBuilding C object CMakeFiles/smarc_msgs__rosidl_typesupport_c__pyext.dir/rosidl_generator_py/smarc_msgs/_smarc_msgs_s.ep.rosidl_typesupport_c.c.o[0m
[3.503s] [ 96%] [32mBuilding C object CMakeFiles/smarc_msgs__rosidl_typesupport_introspection_c__pyext.dir/rosidl_generator_py/smarc_msgs/_smarc_msgs_s.ep.rosidl_typesupport_introspection_c.c.o[0m
[3.503s] [ 97%] [32mBuilding C object CMakeFiles/smarc_msgs__rosidl_typesupport_fastrtps_c__pyext.dir/rosidl_generator_py/smarc_msgs/_smarc_msgs_s.ep.rosidl_typesupport_fastrtps_c.c.o[0m
[3.586s] [ 98%] [32m[1mLinking C shared library rosidl_generator_py/smarc_msgs/smarc_msgs_s__rosidl_typesupport_introspection_c.cpython-310-x86_64-linux-gnu.so[0m
[3.593s] [ 99%] [32m[1mLinking C shared library rosidl_generator_py/smarc_msgs/smarc_msgs_s__rosidl_typesupport_fastrtps_c.cpython-310-x86_64-linux-gnu.so[0m
[3.621s] [ 99%] Built target smarc_msgs__rosidl_typesupport_introspection_c__pyext
[3.630s] [ 99%] Built target smarc_msgs__rosidl_typesupport_fastrtps_c__pyext
[3.635s] [100%] [32m[1mLinking C shared library rosidl_generator_py/smarc_msgs/smarc_msgs_s__rosidl_typesupport_c.cpython-310-x86_64-linux-gnu.so[0m
[3.668s] [100%] Built target smarc_msgs__rosidl_typesupport_c__pyext
[3.820s] Invoked command in '/home/nacho/colcon_workspaces/smarc_ws/build/smarc_msgs' returned '0': CMAKE_PREFIX_PATH=/opt/ros/humble /usr/bin/cmake --build /home/nacho/colcon_workspaces/smarc_ws/build/smarc_msgs -- -j20 -l20
[3.822s] Invoking command in '/home/nacho/colcon_workspaces/smarc_ws/build/smarc_msgs': CMAKE_PREFIX_PATH=/opt/ros/humble /usr/bin/cmake --install /home/nacho/colcon_workspaces/smarc_ws/build/smarc_msgs
[3.886s] -- Install configuration: ""
[3.886s] -- Execute custom install script
[3.886s] -- Up-to-date symlink: /home/nacho/colcon_workspaces/smarc_ws/install/smarc_msgs/share/ament_index/resource_index/rosidl_interfaces/smarc_msgs
[3.886s] -- Up-to-date symlink: /home/nacho/colcon_workspaces/smarc_ws/install/smarc_msgs/include/smarc_msgs/smarc_msgs/msg/detail/dvl__functions.h
[3.886s] -- Up-to-date symlink: /home/nacho/colcon_workspaces/smarc_ws/install/smarc_msgs/include/smarc_msgs/smarc_msgs/msg/detail/dvl__struct.h
[3.886s] -- Up-to-date symlink: /home/nacho/colcon_workspaces/smarc_ws/install/smarc_msgs/include/smarc_msgs/smarc_msgs/msg/detail/dvl__type_support.h
[3.887s] -- Up-to-date symlink: /home/nacho/colcon_workspaces/smarc_ws/install/smarc_msgs/include/smarc_msgs/smarc_msgs/msg/detail/dvl_beam__functions.h
[3.887s] -- Up-to-date symlink: /home/nacho/colcon_workspaces/smarc_ws/install/smarc_msgs/include/smarc_msgs/smarc_msgs/msg/detail/dvl_beam__struct.h
[3.887s] -- Up-to-date symlink: /home/nacho/colcon_workspaces/smarc_ws/install/smarc_msgs/include/smarc_msgs/smarc_msgs/msg/detail/dvl_beam__type_support.h
[3.887s] -- Up-to-date symlink: /home/nacho/colcon_workspaces/smarc_ws/install/smarc_msgs/include/smarc_msgs/smarc_msgs/msg/detail/float_stamped__functions.h
[3.887s] -- Up-to-date symlink: /home/nacho/colcon_workspaces/smarc_ws/install/smarc_msgs/include/smarc_msgs/smarc_msgs/msg/detail/float_stamped__struct.h
[3.887s] -- Up-to-date symlink: /home/nacho/colcon_workspaces/smarc_ws/install/smarc_msgs/include/smarc_msgs/smarc_msgs/msg/detail/float_stamped__type_support.h
[3.887s] -- Up-to-date symlink: /home/nacho/colcon_workspaces/smarc_ws/install/smarc_msgs/include/smarc_msgs/smarc_msgs/msg/detail/leak__functions.h
[3.887s] -- Up-to-date symlink: /home/nacho/colcon_workspaces/smarc_ws/install/smarc_msgs/include/smarc_msgs/smarc_msgs/msg/detail/leak__struct.h
[3.887s] -- Up-to-date symlink: /home/nacho/colcon_workspaces/smarc_ws/install/smarc_msgs/include/smarc_msgs/smarc_msgs/msg/detail/leak__type_support.h
[3.887s] -- Up-to-date symlink: /home/nacho/colcon_workspaces/smarc_ws/install/smarc_msgs/include/smarc_msgs/smarc_msgs/msg/detail/percent_stamped__functions.h
[3.887s] -- Up-to-date symlink: /home/nacho/colcon_workspaces/smarc_ws/install/smarc_msgs/include/smarc_msgs/smarc_msgs/msg/detail/percent_stamped__struct.h
[3.892s] -- Up-to-date symlink: /home/nacho/colcon_workspaces/smarc_ws/install/smarc_msgs/include/smarc_msgs/smarc_msgs/msg/detail/percent_stamped__type_support.h
[3.893s] -- Up-to-date symlink: /home/nacho/colcon_workspaces/smarc_ws/install/smarc_msgs/include/smarc_msgs/smarc_msgs/msg/detail/sidescan__functions.h
[3.893s] -- Up-to-date symlink: /home/nacho/colcon_workspaces/smarc_ws/install/smarc_msgs/include/smarc_msgs/smarc_msgs/msg/detail/sidescan__struct.h
[3.893s] -- Up-to-date symlink: /home/nacho/colcon_workspaces/smarc_ws/install/smarc_msgs/include/smarc_msgs/smarc_msgs/msg/detail/sidescan__type_support.h
[3.893s] -- Up-to-date symlink: /home/nacho/colcon_workspaces/smarc_ws/install/smarc_msgs/include/smarc_msgs/smarc_msgs/msg/detail/string_stamped__functions.h
[3.893s] -- Up-to-date symlink: /home/nacho/colcon_workspaces/smarc_ws/install/smarc_msgs/include/smarc_msgs/smarc_msgs/msg/detail/string_stamped__struct.h
[3.893s] -- Up-to-date symlink: /home/nacho/colcon_workspaces/smarc_ws/install/smarc_msgs/include/smarc_msgs/smarc_msgs/msg/detail/string_stamped__type_support.h
[3.893s] -- Up-to-date symlink: /home/nacho/colcon_workspaces/smarc_ws/install/smarc_msgs/include/smarc_msgs/smarc_msgs/msg/detail/thruster_dc__functions.h
[3.893s] -- Up-to-date symlink: /home/nacho/colcon_workspaces/smarc_ws/install/smarc_msgs/include/smarc_msgs/smarc_msgs/msg/detail/thruster_dc__struct.h
[3.893s] -- Up-to-date symlink: /home/nacho/colcon_workspaces/smarc_ws/install/smarc_msgs/include/smarc_msgs/smarc_msgs/msg/detail/thruster_dc__type_support.h
[3.893s] -- Up-to-date symlink: /home/nacho/colcon_workspaces/smarc_ws/install/smarc_msgs/include/smarc_msgs/smarc_msgs/msg/detail/thruster_feedback__functions.h
[3.893s] -- Up-to-date symlink: /home/nacho/colcon_workspaces/smarc_ws/install/smarc_msgs/include/smarc_msgs/smarc_msgs/msg/detail/thruster_feedback__struct.h
[3.893s] -- Up-to-date symlink: /home/nacho/colcon_workspaces/smarc_ws/install/smarc_msgs/include/smarc_msgs/smarc_msgs/msg/detail/thruster_feedback__type_support.h
[3.893s] -- Up-to-date symlink: /home/nacho/colcon_workspaces/smarc_ws/install/smarc_msgs/include/smarc_msgs/smarc_msgs/msg/detail/thruster_rpm__functions.h
[3.893s] -- Up-to-date symlink: /home/nacho/colcon_workspaces/smarc_ws/install/smarc_msgs/include/smarc_msgs/smarc_msgs/msg/detail/thruster_rpm__struct.h
[3.893s] -- Up-to-date symlink: /home/nacho/colcon_workspaces/smarc_ws/install/smarc_msgs/include/smarc_msgs/smarc_msgs/msg/detail/thruster_rpm__type_support.h
[3.893s] -- Up-to-date symlink: /home/nacho/colcon_workspaces/smarc_ws/install/smarc_msgs/include/smarc_msgs/smarc_msgs/msg/detail/topics__functions.h
[3.893s] -- Up-to-date symlink: /home/nacho/colcon_workspaces/smarc_ws/install/smarc_msgs/include/smarc_msgs/smarc_msgs/msg/detail/topics__struct.h
[3.893s] -- Up-to-date symlink: /home/nacho/colcon_workspaces/smarc_ws/install/smarc_msgs/include/smarc_msgs/smarc_msgs/msg/detail/topics__type_support.h
[3.893s] -- Up-to-date symlink: /home/nacho/colcon_workspaces/smarc_ws/install/smarc_msgs/include/smarc_msgs/smarc_msgs/msg/dvl.h
[3.893s] -- Up-to-date symlink: /home/nacho/colcon_workspaces/smarc_ws/install/smarc_msgs/include/smarc_msgs/smarc_msgs/msg/dvl_beam.h
[3.893s] -- Up-to-date symlink: /home/nacho/colcon_workspaces/smarc_ws/install/smarc_msgs/include/smarc_msgs/smarc_msgs/msg/float_stamped.h
[3.894s] -- Up-to-date symlink: /home/nacho/colcon_workspaces/smarc_ws/install/smarc_msgs/include/smarc_msgs/smarc_msgs/msg/leak.h
[3.894s] -- Up-to-date symlink: /home/nacho/colcon_workspaces/smarc_ws/install/smarc_msgs/include/smarc_msgs/smarc_msgs/msg/percent_stamped.h
[3.894s] -- Up-to-date symlink: /home/nacho/colcon_workspaces/smarc_ws/install/smarc_msgs/include/smarc_msgs/smarc_msgs/msg/rosidl_generator_c__visibility_control.h
[3.894s] -- Up-to-date symlink: /home/nacho/colcon_workspaces/smarc_ws/install/smarc_msgs/include/smarc_msgs/smarc_msgs/msg/sidescan.h
[3.894s] -- Up-to-date symlink: /home/nacho/colcon_workspaces/smarc_ws/install/smarc_msgs/include/smarc_msgs/smarc_msgs/msg/string_stamped.h
[3.894s] -- Up-to-date symlink: /home/nacho/colcon_workspaces/smarc_ws/install/smarc_msgs/include/smarc_msgs/smarc_msgs/msg/thruster_dc.h
[3.894s] -- Up-to-date symlink: /home/nacho/colcon_workspaces/smarc_ws/install/smarc_msgs/include/smarc_msgs/smarc_msgs/msg/thruster_feedback.h
[3.894s] -- Up-to-date symlink: /home/nacho/colcon_workspaces/smarc_ws/install/smarc_msgs/include/smarc_msgs/smarc_msgs/msg/thruster_rpm.h
[3.894s] -- Up-to-date symlink: /home/nacho/colcon_workspaces/smarc_ws/install/smarc_msgs/include/smarc_msgs/smarc_msgs/msg/topics.h
[3.894s] -- Up-to-date symlink: /home/nacho/colcon_workspaces/smarc_ws/install/smarc_msgs/share/smarc_msgs/environment/library_path.sh
[3.894s] -- Up-to-date symlink: /home/nacho/colcon_workspaces/smarc_ws/install/smarc_msgs/share/smarc_msgs/environment/library_path.dsv
[3.894s] -- Up-to-date symlink: /home/nacho/colcon_workspaces/smarc_ws/install/smarc_msgs/include/smarc_msgs/smarc_msgs/msg/detail/dvl__rosidl_typesupport_fastrtps_c.h
[3.894s] -- Up-to-date symlink: /home/nacho/colcon_workspaces/smarc_ws/install/smarc_msgs/include/smarc_msgs/smarc_msgs/msg/detail/dvl_beam__rosidl_typesupport_fastrtps_c.h
[3.894s] -- Up-to-date symlink: /home/nacho/colcon_workspaces/smarc_ws/install/smarc_msgs/include/smarc_msgs/smarc_msgs/msg/detail/float_stamped__rosidl_typesupport_fastrtps_c.h
[3.894s] -- Up-to-date symlink: /home/nacho/colcon_workspaces/smarc_ws/install/smarc_msgs/include/smarc_msgs/smarc_msgs/msg/detail/leak__rosidl_typesupport_fastrtps_c.h
[3.894s] -- Up-to-date symlink: /home/nacho/colcon_workspaces/smarc_ws/install/smarc_msgs/include/smarc_msgs/smarc_msgs/msg/detail/percent_stamped__rosidl_typesupport_fastrtps_c.h
[3.894s] -- Up-to-date symlink: /home/nacho/colcon_workspaces/smarc_ws/install/smarc_msgs/include/smarc_msgs/smarc_msgs/msg/detail/sidescan__rosidl_typesupport_fastrtps_c.h
[3.894s] -- Up-to-date symlink: /home/nacho/colcon_workspaces/smarc_ws/install/smarc_msgs/include/smarc_msgs/smarc_msgs/msg/detail/string_stamped__rosidl_typesupport_fastrtps_c.h
[3.894s] -- Up-to-date symlink: /home/nacho/colcon_workspaces/smarc_ws/install/smarc_msgs/include/smarc_msgs/smarc_msgs/msg/detail/thruster_dc__rosidl_typesupport_fastrtps_c.h
[3.894s] -- Up-to-date symlink: /home/nacho/colcon_workspaces/smarc_ws/install/smarc_msgs/include/smarc_msgs/smarc_msgs/msg/detail/thruster_feedback__rosidl_typesupport_fastrtps_c.h
[3.894s] -- Up-to-date symlink: /home/nacho/colcon_workspaces/smarc_ws/install/smarc_msgs/include/smarc_msgs/smarc_msgs/msg/detail/thruster_rpm__rosidl_typesupport_fastrtps_c.h
[3.894s] -- Up-to-date symlink: /home/nacho/colcon_workspaces/smarc_ws/install/smarc_msgs/include/smarc_msgs/smarc_msgs/msg/detail/topics__rosidl_typesupport_fastrtps_c.h
[3.895s] -- Up-to-date symlink: /home/nacho/colcon_workspaces/smarc_ws/install/smarc_msgs/include/smarc_msgs/smarc_msgs/msg/rosidl_typesupport_fastrtps_c__visibility_control.h
[3.895s] -- Up-to-date symlink: /home/nacho/colcon_workspaces/smarc_ws/install/smarc_msgs/include/smarc_msgs/smarc_msgs/msg/detail/dvl__rosidl_typesupport_introspection_c.h
[3.895s] -- Up-to-date symlink: /home/nacho/colcon_workspaces/smarc_ws/install/smarc_msgs/include/smarc_msgs/smarc_msgs/msg/detail/dvl_beam__rosidl_typesupport_introspection_c.h
[3.895s] -- Up-to-date symlink: /home/nacho/colcon_workspaces/smarc_ws/install/smarc_msgs/include/smarc_msgs/smarc_msgs/msg/detail/float_stamped__rosidl_typesupport_introspection_c.h
[3.895s] -- Up-to-date symlink: /home/nacho/colcon_workspaces/smarc_ws/install/smarc_msgs/include/smarc_msgs/smarc_msgs/msg/detail/leak__rosidl_typesupport_introspection_c.h
[3.895s] -- Up-to-date symlink: /home/nacho/colcon_workspaces/smarc_ws/install/smarc_msgs/include/smarc_msgs/smarc_msgs/msg/detail/percent_stamped__rosidl_typesupport_introspection_c.h
[3.895s] -- Up-to-date symlink: /home/nacho/colcon_workspaces/smarc_ws/install/smarc_msgs/include/smarc_msgs/smarc_msgs/msg/detail/sidescan__rosidl_typesupport_introspection_c.h
[3.895s] -- Up-to-date symlink: /home/nacho/colcon_workspaces/smarc_ws/install/smarc_msgs/include/smarc_msgs/smarc_msgs/msg/detail/string_stamped__rosidl_typesupport_introspection_c.h
[3.895s] -- Up-to-date symlink: /home/nacho/colcon_workspaces/smarc_ws/install/smarc_msgs/include/smarc_msgs/smarc_msgs/msg/detail/thruster_dc__rosidl_typesupport_introspection_c.h
[3.895s] -- Up-to-date symlink: /home/nacho/colcon_workspaces/smarc_ws/install/smarc_msgs/include/smarc_msgs/smarc_msgs/msg/detail/thruster_feedback__rosidl_typesupport_introspection_c.h
[3.895s] -- Up-to-date symlink: /home/nacho/colcon_workspaces/smarc_ws/install/smarc_msgs/include/smarc_msgs/smarc_msgs/msg/detail/thruster_rpm__rosidl_typesupport_introspection_c.h
[3.895s] -- Up-to-date symlink: /home/nacho/colcon_workspaces/smarc_ws/install/smarc_msgs/include/smarc_msgs/smarc_msgs/msg/detail/topics__rosidl_typesupport_introspection_c.h
[3.895s] -- Up-to-date symlink: /home/nacho/colcon_workspaces/smarc_ws/install/smarc_msgs/include/smarc_msgs/smarc_msgs/msg/rosidl_typesupport_introspection_c__visibility_control.h
[3.895s] -- Up-to-date symlink: /home/nacho/colcon_workspaces/smarc_ws/install/smarc_msgs/include/smarc_msgs/smarc_msgs/msg/detail/dvl__builder.hpp
[3.895s] -- Up-to-date symlink: /home/nacho/colcon_workspaces/smarc_ws/install/smarc_msgs/include/smarc_msgs/smarc_msgs/msg/detail/dvl__struct.hpp
[3.895s] -- Up-to-date symlink: /home/nacho/colcon_workspaces/smarc_ws/install/smarc_msgs/include/smarc_msgs/smarc_msgs/msg/detail/dvl__traits.hpp
[3.895s] -- Up-to-date symlink: /home/nacho/colcon_workspaces/smarc_ws/install/smarc_msgs/include/smarc_msgs/smarc_msgs/msg/detail/dvl__type_support.hpp
[3.895s] -- Up-to-date symlink: /home/nacho/colcon_workspaces/smarc_ws/install/smarc_msgs/include/smarc_msgs/smarc_msgs/msg/detail/dvl_beam__builder.hpp
[3.895s] -- Up-to-date symlink: /home/nacho/colcon_workspaces/smarc_ws/install/smarc_msgs/include/smarc_msgs/smarc_msgs/msg/detail/dvl_beam__struct.hpp
[3.895s] -- Up-to-date symlink: /home/nacho/colcon_workspaces/smarc_ws/install/smarc_msgs/include/smarc_msgs/smarc_msgs/msg/detail/dvl_beam__traits.hpp
[3.895s] -- Up-to-date symlink: /home/nacho/colcon_workspaces/smarc_ws/install/smarc_msgs/include/smarc_msgs/smarc_msgs/msg/detail/dvl_beam__type_support.hpp
[3.895s] -- Up-to-date symlink: /home/nacho/colcon_workspaces/smarc_ws/install/smarc_msgs/include/smarc_msgs/smarc_msgs/msg/detail/float_stamped__builder.hpp
[3.898s] -- Up-to-date symlink: /home/nacho/colcon_workspaces/smarc_ws/install/smarc_msgs/include/smarc_msgs/smarc_msgs/msg/detail/float_stamped__struct.hpp
[3.898s] -- Up-to-date symlink: /home/nacho/colcon_workspaces/smarc_ws/install/smarc_msgs/include/smarc_msgs/smarc_msgs/msg/detail/float_stamped__traits.hpp
[3.898s] -- Up-to-date symlink: /home/nacho/colcon_workspaces/smarc_ws/install/smarc_msgs/include/smarc_msgs/smarc_msgs/msg/detail/float_stamped__type_support.hpp
[3.898s] -- Up-to-date symlink: /home/nacho/colcon_workspaces/smarc_ws/install/smarc_msgs/include/smarc_msgs/smarc_msgs/msg/detail/leak__builder.hpp
[3.898s] -- Up-to-date symlink: /home/nacho/colcon_workspaces/smarc_ws/install/smarc_msgs/include/smarc_msgs/smarc_msgs/msg/detail/leak__struct.hpp
[3.898s] -- Up-to-date symlink: /home/nacho/colcon_workspaces/smarc_ws/install/smarc_msgs/include/smarc_msgs/smarc_msgs/msg/detail/leak__traits.hpp
[3.898s] -- Up-to-date symlink: /home/nacho/colcon_workspaces/smarc_ws/install/smarc_msgs/include/smarc_msgs/smarc_msgs/msg/detail/leak__type_support.hpp
[3.898s] -- Up-to-date symlink: /home/nacho/colcon_workspaces/smarc_ws/install/smarc_msgs/include/smarc_msgs/smarc_msgs/msg/detail/percent_stamped__builder.hpp
[3.898s] -- Up-to-date symlink: /home/nacho/colcon_workspaces/smarc_ws/install/smarc_msgs/include/smarc_msgs/smarc_msgs/msg/detail/percent_stamped__struct.hpp
[3.898s] -- Up-to-date symlink: /home/nacho/colcon_workspaces/smarc_ws/install/smarc_msgs/include/smarc_msgs/smarc_msgs/msg/detail/percent_stamped__traits.hpp
[3.898s] -- Up-to-date symlink: /home/nacho/colcon_workspaces/smarc_ws/install/smarc_msgs/include/smarc_msgs/smarc_msgs/msg/detail/percent_stamped__type_support.hpp
[3.898s] -- Up-to-date symlink: /home/nacho/colcon_workspaces/smarc_ws/install/smarc_msgs/include/smarc_msgs/smarc_msgs/msg/detail/sidescan__builder.hpp
[3.898s] -- Up-to-date symlink: /home/nacho/colcon_workspaces/smarc_ws/install/smarc_msgs/include/smarc_msgs/smarc_msgs/msg/detail/sidescan__struct.hpp
[3.898s] -- Up-to-date symlink: /home/nacho/colcon_workspaces/smarc_ws/install/smarc_msgs/include/smarc_msgs/smarc_msgs/msg/detail/sidescan__traits.hpp
[3.898s] -- Up-to-date symlink: /home/nacho/colcon_workspaces/smarc_ws/install/smarc_msgs/include/smarc_msgs/smarc_msgs/msg/detail/sidescan__type_support.hpp
[3.898s] -- Up-to-date symlink: /home/nacho/colcon_workspaces/smarc_ws/install/smarc_msgs/include/smarc_msgs/smarc_msgs/msg/detail/string_stamped__builder.hpp
[3.898s] -- Up-to-date symlink: /home/nacho/colcon_workspaces/smarc_ws/install/smarc_msgs/include/smarc_msgs/smarc_msgs/msg/detail/string_stamped__struct.hpp
[3.898s] -- Up-to-date symlink: /home/nacho/colcon_workspaces/smarc_ws/install/smarc_msgs/include/smarc_msgs/smarc_msgs/msg/detail/string_stamped__traits.hpp
[3.899s] -- Up-to-date symlink: /home/nacho/colcon_workspaces/smarc_ws/install/smarc_msgs/include/smarc_msgs/smarc_msgs/msg/detail/string_stamped__type_support.hpp
[3.900s] -- Up-to-date symlink: /home/nacho/colcon_workspaces/smarc_ws/install/smarc_msgs/include/smarc_msgs/smarc_msgs/msg/detail/thruster_dc__builder.hpp
[3.900s] -- Up-to-date symlink: /home/nacho/colcon_workspaces/smarc_ws/install/smarc_msgs/include/smarc_msgs/smarc_msgs/msg/detail/thruster_dc__struct.hpp
[3.900s] -- Up-to-date symlink: /home/nacho/colcon_workspaces/smarc_ws/install/smarc_msgs/include/smarc_msgs/smarc_msgs/msg/detail/thruster_dc__traits.hpp
[3.900s] -- Up-to-date symlink: /home/nacho/colcon_workspaces/smarc_ws/install/smarc_msgs/include/smarc_msgs/smarc_msgs/msg/detail/thruster_dc__type_support.hpp
[3.904s] -- Up-to-date symlink: /home/nacho/colcon_workspaces/smarc_ws/install/smarc_msgs/include/smarc_msgs/smarc_msgs/msg/detail/thruster_feedback__builder.hpp
[3.904s] -- Up-to-date symlink: /home/nacho/colcon_workspaces/smarc_ws/install/smarc_msgs/include/smarc_msgs/smarc_msgs/msg/detail/thruster_feedback__struct.hpp
[3.904s] -- Up-to-date symlink: /home/nacho/colcon_workspaces/smarc_ws/install/smarc_msgs/include/smarc_msgs/smarc_msgs/msg/detail/thruster_feedback__traits.hpp
[3.904s] -- Up-to-date symlink: /home/nacho/colcon_workspaces/smarc_ws/install/smarc_msgs/include/smarc_msgs/smarc_msgs/msg/detail/thruster_feedback__type_support.hpp
[3.905s] -- Up-to-date symlink: /home/nacho/colcon_workspaces/smarc_ws/install/smarc_msgs/include/smarc_msgs/smarc_msgs/msg/detail/thruster_rpm__builder.hpp
[3.905s] -- Up-to-date symlink: /home/nacho/colcon_workspaces/smarc_ws/install/smarc_msgs/include/smarc_msgs/smarc_msgs/msg/detail/thruster_rpm__struct.hpp
[3.905s] -- Up-to-date symlink: /home/nacho/colcon_workspaces/smarc_ws/install/smarc_msgs/include/smarc_msgs/smarc_msgs/msg/detail/thruster_rpm__traits.hpp
[3.905s] -- Up-to-date symlink: /home/nacho/colcon_workspaces/smarc_ws/install/smarc_msgs/include/smarc_msgs/smarc_msgs/msg/detail/thruster_rpm__type_support.hpp
[3.905s] -- Up-to-date symlink: /home/nacho/colcon_workspaces/smarc_ws/install/smarc_msgs/include/smarc_msgs/smarc_msgs/msg/detail/topics__builder.hpp
[3.905s] -- Up-to-date symlink: /home/nacho/colcon_workspaces/smarc_ws/install/smarc_msgs/include/smarc_msgs/smarc_msgs/msg/detail/topics__struct.hpp
[3.905s] -- Up-to-date symlink: /home/nacho/colcon_workspaces/smarc_ws/install/smarc_msgs/include/smarc_msgs/smarc_msgs/msg/detail/topics__traits.hpp
[3.905s] -- Up-to-date symlink: /home/nacho/colcon_workspaces/smarc_ws/install/smarc_msgs/include/smarc_msgs/smarc_msgs/msg/detail/topics__type_support.hpp
[3.905s] -- Up-to-date symlink: /home/nacho/colcon_workspaces/smarc_ws/install/smarc_msgs/include/smarc_msgs/smarc_msgs/msg/dvl.hpp
[3.905s] -- Up-to-date symlink: /home/nacho/colcon_workspaces/smarc_ws/install/smarc_msgs/include/smarc_msgs/smarc_msgs/msg/dvl_beam.hpp
[3.905s] -- Up-to-date symlink: /home/nacho/colcon_workspaces/smarc_ws/install/smarc_msgs/include/smarc_msgs/smarc_msgs/msg/float_stamped.hpp
[3.905s] -- Up-to-date symlink: /home/nacho/colcon_workspaces/smarc_ws/install/smarc_msgs/include/smarc_msgs/smarc_msgs/msg/leak.hpp
[3.906s] -- Up-to-date symlink: /home/nacho/colcon_workspaces/smarc_ws/install/smarc_msgs/include/smarc_msgs/smarc_msgs/msg/percent_stamped.hpp
[3.906s] -- Up-to-date symlink: /home/nacho/colcon_workspaces/smarc_ws/install/smarc_msgs/include/smarc_msgs/smarc_msgs/msg/rosidl_generator_cpp__visibility_control.hpp
[3.906s] -- Up-to-date symlink: /home/nacho/colcon_workspaces/smarc_ws/install/smarc_msgs/include/smarc_msgs/smarc_msgs/msg/sidescan.hpp
[3.906s] -- Up-to-date symlink: /home/nacho/colcon_workspaces/smarc_ws/install/smarc_msgs/include/smarc_msgs/smarc_msgs/msg/string_stamped.hpp
[3.906s] -- Up-to-date symlink: /home/nacho/colcon_workspaces/smarc_ws/install/smarc_msgs/include/smarc_msgs/smarc_msgs/msg/thruster_dc.hpp
[3.906s] -- Up-to-date symlink: /home/nacho/colcon_workspaces/smarc_ws/install/smarc_msgs/include/smarc_msgs/smarc_msgs/msg/thruster_feedback.hpp
[3.906s] -- Up-to-date symlink: /home/nacho/colcon_workspaces/smarc_ws/install/smarc_msgs/include/smarc_msgs/smarc_msgs/msg/thruster_rpm.hpp
[3.906s] -- Up-to-date symlink: /home/nacho/colcon_workspaces/smarc_ws/install/smarc_msgs/include/smarc_msgs/smarc_msgs/msg/topics.hpp
[3.906s] -- Up-to-date symlink: /home/nacho/colcon_workspaces/smarc_ws/install/smarc_msgs/include/smarc_msgs/smarc_msgs/msg/detail/dvl__rosidl_typesupport_fastrtps_cpp.hpp
[3.906s] -- Up-to-date symlink: /home/nacho/colcon_workspaces/smarc_ws/install/smarc_msgs/include/smarc_msgs/smarc_msgs/msg/detail/dvl_beam__rosidl_typesupport_fastrtps_cpp.hpp
[3.906s] -- Up-to-date symlink: /home/nacho/colcon_workspaces/smarc_ws/install/smarc_msgs/include/smarc_msgs/smarc_msgs/msg/detail/float_stamped__rosidl_typesupport_fastrtps_cpp.hpp
[3.906s] -- Up-to-date symlink: /home/nacho/colcon_workspaces/smarc_ws/install/smarc_msgs/include/smarc_msgs/smarc_msgs/msg/detail/leak__rosidl_typesupport_fastrtps_cpp.hpp
[3.906s] -- Up-to-date symlink: /home/nacho/colcon_workspaces/smarc_ws/install/smarc_msgs/include/smarc_msgs/smarc_msgs/msg/detail/percent_stamped__rosidl_typesupport_fastrtps_cpp.hpp
[3.906s] -- Up-to-date symlink: /home/nacho/colcon_workspaces/smarc_ws/install/smarc_msgs/include/smarc_msgs/smarc_msgs/msg/detail/sidescan__rosidl_typesupport_fastrtps_cpp.hpp
[3.906s] -- Up-to-date symlink: /home/nacho/colcon_workspaces/smarc_ws/install/smarc_msgs/include/smarc_msgs/smarc_msgs/msg/detail/string_stamped__rosidl_typesupport_fastrtps_cpp.hpp
[3.906s] -- Up-to-date symlink: /home/nacho/colcon_workspaces/smarc_ws/install/smarc_msgs/include/smarc_msgs/smarc_msgs/msg/detail/thruster_dc__rosidl_typesupport_fastrtps_cpp.hpp
[3.910s] -- Up-to-date symlink: /home/nacho/colcon_workspaces/smarc_ws/install/smarc_msgs/include/smarc_msgs/smarc_msgs/msg/detail/thruster_feedback__rosidl_typesupport_fastrtps_cpp.hpp
[3.910s] -- Up-to-date symlink: /home/nacho/colcon_workspaces/smarc_ws/install/smarc_msgs/include/smarc_msgs/smarc_msgs/msg/detail/thruster_rpm__rosidl_typesupport_fastrtps_cpp.hpp
[3.910s] -- Up-to-date symlink: /home/nacho/colcon_workspaces/smarc_ws/install/smarc_msgs/include/smarc_msgs/smarc_msgs/msg/detail/topics__rosidl_typesupport_fastrtps_cpp.hpp
[3.910s] -- Up-to-date symlink: /home/nacho/colcon_workspaces/smarc_ws/install/smarc_msgs/include/smarc_msgs/smarc_msgs/msg/rosidl_typesupport_fastrtps_cpp__visibility_control.h
[3.910s] -- Up-to-date symlink: /home/nacho/colcon_workspaces/smarc_ws/install/smarc_msgs/include/smarc_msgs/smarc_msgs/msg/detail/dvl__rosidl_typesupport_introspection_cpp.hpp
[3.910s] -- Up-to-date symlink: /home/nacho/colcon_workspaces/smarc_ws/install/smarc_msgs/include/smarc_msgs/smarc_msgs/msg/detail/dvl_beam__rosidl_typesupport_introspection_cpp.hpp
[3.910s] -- Up-to-date symlink: /home/nacho/colcon_workspaces/smarc_ws/install/smarc_msgs/include/smarc_msgs/smarc_msgs/msg/detail/float_stamped__rosidl_typesupport_introspection_cpp.hpp
[3.910s] -- Up-to-date symlink: /home/nacho/colcon_workspaces/smarc_ws/install/smarc_msgs/include/smarc_msgs/smarc_msgs/msg/detail/leak__rosidl_typesupport_introspection_cpp.hpp
[3.910s] -- Up-to-date symlink: /home/nacho/colcon_workspaces/smarc_ws/install/smarc_msgs/include/smarc_msgs/smarc_msgs/msg/detail/percent_stamped__rosidl_typesupport_introspection_cpp.hpp
[3.910s] -- Up-to-date symlink: /home/nacho/colcon_workspaces/smarc_ws/install/smarc_msgs/include/smarc_msgs/smarc_msgs/msg/detail/sidescan__rosidl_typesupport_introspection_cpp.hpp
[3.910s] -- Up-to-date symlink: /home/nacho/colcon_workspaces/smarc_ws/install/smarc_msgs/include/smarc_msgs/smarc_msgs/msg/detail/string_stamped__rosidl_typesupport_introspection_cpp.hpp
[3.910s] -- Up-to-date symlink: /home/nacho/colcon_workspaces/smarc_ws/install/smarc_msgs/include/smarc_msgs/smarc_msgs/msg/detail/thruster_dc__rosidl_typesupport_introspection_cpp.hpp
[3.910s] -- Up-to-date symlink: /home/nacho/colcon_workspaces/smarc_ws/install/smarc_msgs/include/smarc_msgs/smarc_msgs/msg/detail/thruster_feedback__rosidl_typesupport_introspection_cpp.hpp
[3.911s] -- Up-to-date symlink: /home/nacho/colcon_workspaces/smarc_ws/install/smarc_msgs/include/smarc_msgs/smarc_msgs/msg/detail/thruster_rpm__rosidl_typesupport_introspection_cpp.hpp
[3.911s] -- Up-to-date symlink: /home/nacho/colcon_workspaces/smarc_ws/install/smarc_msgs/include/smarc_msgs/smarc_msgs/msg/detail/topics__rosidl_typesupport_introspection_cpp.hpp
[3.911s] -- Up-to-date symlink: /home/nacho/colcon_workspaces/smarc_ws/install/smarc_msgs/share/smarc_msgs/environment/pythonpath.sh
[3.911s] -- Up-to-date symlink: /home/nacho/colcon_workspaces/smarc_ws/install/smarc_msgs/share/smarc_msgs/environment/pythonpath.dsv
[3.911s] -- Up-to-date symlink: /home/nacho/colcon_workspaces/smarc_ws/install/smarc_msgs/local/lib/python3.10/dist-packages/smarc_msgs-0.1.0-py3.10.egg-info/PKG-INFO
[3.911s] -- Up-to-date symlink: /home/nacho/colcon_workspaces/smarc_ws/install/smarc_msgs/local/lib/python3.10/dist-packages/smarc_msgs-0.1.0-py3.10.egg-info/SOURCES.txt
[3.911s] -- Up-to-date symlink: /home/nacho/colcon_workspaces/smarc_ws/install/smarc_msgs/local/lib/python3.10/dist-packages/smarc_msgs-0.1.0-py3.10.egg-info/dependency_links.txt
[3.911s] -- Up-to-date symlink: /home/nacho/colcon_workspaces/smarc_ws/install/smarc_msgs/local/lib/python3.10/dist-packages/smarc_msgs-0.1.0-py3.10.egg-info/top_level.txt
[3.911s] -- Up-to-date symlink: /home/nacho/colcon_workspaces/smarc_ws/install/smarc_msgs/local/lib/python3.10/dist-packages/smarc_msgs/__init__.py
[3.911s] -- Up-to-date symlink: /home/nacho/colcon_workspaces/smarc_ws/install/smarc_msgs/local/lib/python3.10/dist-packages/smarc_msgs/_smarc_msgs_s.ep.rosidl_typesupport_c.c
[3.921s] -- Up-to-date symlink: /home/nacho/colcon_workspaces/smarc_ws/install/smarc_msgs/local/lib/python3.10/dist-packages/smarc_msgs/_smarc_msgs_s.ep.rosidl_typesupport_fastrtps_c.c
[3.921s] -- Up-to-date symlink: /home/nacho/colcon_workspaces/smarc_ws/install/smarc_msgs/local/lib/python3.10/dist-packages/smarc_msgs/_smarc_msgs_s.ep.rosidl_typesupport_introspection_c.c
[3.921s] -- Up-to-date symlink: /home/nacho/colcon_workspaces/smarc_ws/install/smarc_msgs/local/lib/python3.10/dist-packages/smarc_msgs/libsmarc_msgs__rosidl_generator_py.so
[3.921s] -- Up-to-date symlink: /home/nacho/colcon_workspaces/smarc_ws/install/smarc_msgs/local/lib/python3.10/dist-packages/smarc_msgs/msg/__init__.py
[3.921s] -- Up-to-date symlink: /home/nacho/colcon_workspaces/smarc_ws/install/smarc_msgs/local/lib/python3.10/dist-packages/smarc_msgs/msg/_dvl.py
[3.921s] -- Up-to-date symlink: /home/nacho/colcon_workspaces/smarc_ws/install/smarc_msgs/local/lib/python3.10/dist-packages/smarc_msgs/msg/_dvl_beam.py
[3.921s] -- Up-to-date symlink: /home/nacho/colcon_workspaces/smarc_ws/install/smarc_msgs/local/lib/python3.10/dist-packages/smarc_msgs/msg/_dvl_beam_s.c
[3.921s] -- Up-to-date symlink: /home/nacho/colcon_workspaces/smarc_ws/install/smarc_msgs/local/lib/python3.10/dist-packages/smarc_msgs/msg/_dvl_s.c
[3.921s] -- Up-to-date symlink: /home/nacho/colcon_workspaces/smarc_ws/install/smarc_msgs/local/lib/python3.10/dist-packages/smarc_msgs/msg/_float_stamped.py
[3.921s] -- Up-to-date symlink: /home/nacho/colcon_workspaces/smarc_ws/install/smarc_msgs/local/lib/python3.10/dist-packages/smarc_msgs/msg/_float_stamped_s.c
[3.921s] -- Up-to-date symlink: /home/nacho/colcon_workspaces/smarc_ws/install/smarc_msgs/local/lib/python3.10/dist-packages/smarc_msgs/msg/_leak.py
[3.921s] -- Up-to-date symlink: /home/nacho/colcon_workspaces/smarc_ws/install/smarc_msgs/local/lib/python3.10/dist-packages/smarc_msgs/msg/_leak_s.c
[3.921s] -- Up-to-date symlink: /home/nacho/colcon_workspaces/smarc_ws/install/smarc_msgs/local/lib/python3.10/dist-packages/smarc_msgs/msg/_percent_stamped.py
[3.921s] -- Up-to-date symlink: /home/nacho/colcon_workspaces/smarc_ws/install/smarc_msgs/local/lib/python3.10/dist-packages/smarc_msgs/msg/_percent_stamped_s.c
[3.921s] -- Up-to-date symlink: /home/nacho/colcon_workspaces/smarc_ws/install/smarc_msgs/local/lib/python3.10/dist-packages/smarc_msgs/msg/_sidescan.py
[3.921s] -- Up-to-date symlink: /home/nacho/colcon_workspaces/smarc_ws/install/smarc_msgs/local/lib/python3.10/dist-packages/smarc_msgs/msg/_sidescan_s.c
[3.922s] -- Up-to-date symlink: /home/nacho/colcon_workspaces/smarc_ws/install/smarc_msgs/local/lib/python3.10/dist-packages/smarc_msgs/msg/_string_stamped.py
[3.922s] -- Up-to-date symlink: /home/nacho/colcon_workspaces/smarc_ws/install/smarc_msgs/local/lib/python3.10/dist-packages/smarc_msgs/msg/_string_stamped_s.c
[3.922s] -- Up-to-date symlink: /home/nacho/colcon_workspaces/smarc_ws/install/smarc_msgs/local/lib/python3.10/dist-packages/smarc_msgs/msg/_thruster_dc.py
[3.922s] -- Up-to-date symlink: /home/nacho/colcon_workspaces/smarc_ws/install/smarc_msgs/local/lib/python3.10/dist-packages/smarc_msgs/msg/_thruster_dc_s.c
[3.922s] -- Up-to-date symlink: /home/nacho/colcon_workspaces/smarc_ws/install/smarc_msgs/local/lib/python3.10/dist-packages/smarc_msgs/msg/_thruster_feedback.py
[3.922s] -- Up-to-date symlink: /home/nacho/colcon_workspaces/smarc_ws/install/smarc_msgs/local/lib/python3.10/dist-packages/smarc_msgs/msg/_thruster_feedback_s.c
[3.922s] -- Up-to-date symlink: /home/nacho/colcon_workspaces/smarc_ws/install/smarc_msgs/local/lib/python3.10/dist-packages/smarc_msgs/msg/_thruster_rpm.py
[3.922s] -- Up-to-date symlink: /home/nacho/colcon_workspaces/smarc_ws/install/smarc_msgs/local/lib/python3.10/dist-packages/smarc_msgs/msg/_thruster_rpm_s.c
[3.922s] -- Up-to-date symlink: /home/nacho/colcon_workspaces/smarc_ws/install/smarc_msgs/local/lib/python3.10/dist-packages/smarc_msgs/msg/_topics.py
[3.922s] -- Up-to-date symlink: /home/nacho/colcon_workspaces/smarc_ws/install/smarc_msgs/local/lib/python3.10/dist-packages/smarc_msgs/msg/_topics_s.c
[3.922s] -- Up-to-date symlink: /home/nacho/colcon_workspaces/smarc_ws/install/smarc_msgs/local/lib/python3.10/dist-packages/smarc_msgs/smarc_msgs_s__rosidl_typesupport_c.cpython-310-x86_64-linux-gnu.so
[3.922s] -- Up-to-date symlink: /home/nacho/colcon_workspaces/smarc_ws/install/smarc_msgs/local/lib/python3.10/dist-packages/smarc_msgs/smarc_msgs_s__rosidl_typesupport_fastrtps_c.cpython-310-x86_64-linux-gnu.so
[3.922s] -- Up-to-date symlink: /home/nacho/colcon_workspaces/smarc_ws/install/smarc_msgs/local/lib/python3.10/dist-packages/smarc_msgs/smarc_msgs_s__rosidl_typesupport_introspection_c.cpython-310-x86_64-linux-gnu.so
[3.922s] -- Up-to-date symlink: /home/nacho/colcon_workspaces/smarc_ws/install/smarc_msgs/local/lib/python3.10/dist-packages/smarc_msgs/smarc_msgs_s__rosidl_typesupport_fastrtps_c.cpython-310-x86_64-linux-gnu.so
[3.922s] -- Up-to-date symlink: /home/nacho/colcon_workspaces/smarc_ws/install/smarc_msgs/local/lib/python3.10/dist-packages/smarc_msgs/smarc_msgs_s__rosidl_typesupport_introspection_c.cpython-310-x86_64-linux-gnu.so
[3.922s] -- Up-to-date symlink: /home/nacho/colcon_workspaces/smarc_ws/install/smarc_msgs/local/lib/python3.10/dist-packages/smarc_msgs/smarc_msgs_s__rosidl_typesupport_c.cpython-310-x86_64-linux-gnu.so
[3.922s] -- Up-to-date symlink: /home/nacho/colcon_workspaces/smarc_ws/install/smarc_msgs/share/smarc_msgs/msg/DVLBeam.idl
[3.922s] -- Up-to-date symlink: /home/nacho/colcon_workspaces/smarc_ws/install/smarc_msgs/share/smarc_msgs/msg/DVL.idl
[3.922s] -- Up-to-date symlink: /home/nacho/colcon_workspaces/smarc_ws/install/smarc_msgs/share/smarc_msgs/msg/FloatStamped.idl
[3.922s] -- Up-to-date symlink: /home/nacho/colcon_workspaces/smarc_ws/install/smarc_msgs/share/smarc_msgs/msg/Leak.idl
[3.922s] -- Up-to-date symlink: /home/nacho/colcon_workspaces/smarc_ws/install/smarc_msgs/share/smarc_msgs/msg/PercentStamped.idl
[3.923s] -- Up-to-date symlink: /home/nacho/colcon_workspaces/smarc_ws/install/smarc_msgs/share/smarc_msgs/msg/Sidescan.idl
[3.923s] -- Up-to-date symlink: /home/nacho/colcon_workspaces/smarc_ws/install/smarc_msgs/share/smarc_msgs/msg/ThrusterDC.idl
[3.930s] -- Up-to-date symlink: /home/nacho/colcon_workspaces/smarc_ws/install/smarc_msgs/share/smarc_msgs/msg/ThrusterFeedback.idl
[3.931s] -- Up-to-date symlink: /home/nacho/colcon_workspaces/smarc_ws/install/smarc_msgs/share/smarc_msgs/msg/ThrusterRPM.idl
[3.933s] -- Up-to-date symlink: /home/nacho/colcon_workspaces/smarc_ws/install/smarc_msgs/share/smarc_msgs/msg/Topics.idl
[3.936s] -- Up-to-date symlink: /home/nacho/colcon_workspaces/smarc_ws/install/smarc_msgs/share/smarc_msgs/msg/StringStamped.idl
[3.936s] -- Up-to-date symlink: /home/nacho/colcon_workspaces/smarc_ws/install/smarc_msgs/share/smarc_msgs/msg/DVLBeam.msg
[3.936s] -- Up-to-date symlink: /home/nacho/colcon_workspaces/smarc_ws/install/smarc_msgs/share/smarc_msgs/msg/DVL.msg
[3.936s] -- Up-to-date symlink: /home/nacho/colcon_workspaces/smarc_ws/install/smarc_msgs/share/smarc_msgs/msg/FloatStamped.msg
[3.936s] -- Up-to-date symlink: /home/nacho/colcon_workspaces/smarc_ws/install/smarc_msgs/share/smarc_msgs/msg/Leak.msg
[3.936s] -- Up-to-date symlink: /home/nacho/colcon_workspaces/smarc_ws/install/smarc_msgs/share/smarc_msgs/msg/PercentStamped.msg
[3.937s] -- Up-to-date symlink: /home/nacho/colcon_workspaces/smarc_ws/install/smarc_msgs/share/smarc_msgs/msg/Sidescan.msg
[3.937s] -- Up-to-date symlink: /home/nacho/colcon_workspaces/smarc_ws/install/smarc_msgs/share/smarc_msgs/msg/ThrusterDC.msg
[3.937s] -- Up-to-date symlink: /home/nacho/colcon_workspaces/smarc_ws/install/smarc_msgs/share/smarc_msgs/msg/ThrusterFeedback.msg
[3.937s] -- Up-to-date symlink: /home/nacho/colcon_workspaces/smarc_ws/install/smarc_msgs/share/smarc_msgs/msg/ThrusterRPM.msg
[3.937s] -- Up-to-date symlink: /home/nacho/colcon_workspaces/smarc_ws/install/smarc_msgs/share/smarc_msgs/msg/Topics.msg
[3.938s] -- Up-to-date symlink: /home/nacho/colcon_workspaces/smarc_ws/install/smarc_msgs/share/smarc_msgs/msg/StringStamped.msg
[3.951s] -- Up-to-date symlink: /home/nacho/colcon_workspaces/smarc_ws/install/smarc_msgs/share/ament_index/resource_index/package_run_dependencies/smarc_msgs
[3.952s] -- Up-to-date symlink: /home/nacho/colcon_workspaces/smarc_ws/install/smarc_msgs/share/ament_index/resource_index/parent_prefix_path/smarc_msgs
[3.952s] -- Up-to-date symlink: /home/nacho/colcon_workspaces/smarc_ws/install/smarc_msgs/share/smarc_msgs/environment/ament_prefix_path.sh
[3.952s] -- Up-to-date symlink: /home/nacho/colcon_workspaces/smarc_ws/install/smarc_msgs/share/smarc_msgs/environment/ament_prefix_path.dsv
[3.952s] -- Up-to-date symlink: /home/nacho/colcon_workspaces/smarc_ws/install/smarc_msgs/share/smarc_msgs/environment/path.sh
[3.952s] -- Up-to-date symlink: /home/nacho/colcon_workspaces/smarc_ws/install/smarc_msgs/share/smarc_msgs/environment/path.dsv
[3.952s] -- Up-to-date symlink: /home/nacho/colcon_workspaces/smarc_ws/install/smarc_msgs/share/smarc_msgs/local_setup.bash
[3.952s] -- Up-to-date symlink: /home/nacho/colcon_workspaces/smarc_ws/install/smarc_msgs/share/smarc_msgs/local_setup.sh
[3.954s] -- Up-to-date symlink: /home/nacho/colcon_workspaces/smarc_ws/install/smarc_msgs/share/smarc_msgs/local_setup.zsh
[3.954s] -- Up-to-date symlink: /home/nacho/colcon_workspaces/smarc_ws/install/smarc_msgs/share/smarc_msgs/local_setup.dsv
[3.954s] -- Symlinking: /home/nacho/colcon_workspaces/smarc_ws/install/smarc_msgs/share/smarc_msgs/package.dsv
[3.979s] -- Up-to-date symlink: /home/nacho/colcon_workspaces/smarc_ws/install/smarc_msgs/share/ament_index/resource_index/packages/smarc_msgs
[3.979s] -- Up-to-date symlink: /home/nacho/colcon_workspaces/smarc_ws/install/smarc_msgs/share/smarc_msgs/cmake/rosidl_cmake-extras.cmake
[3.979s] -- Up-to-date symlink: /home/nacho/colcon_workspaces/smarc_ws/install/smarc_msgs/share/smarc_msgs/cmake/ament_cmake_export_dependencies-extras.cmake
[3.979s] -- Up-to-date symlink: /home/nacho/colcon_workspaces/smarc_ws/install/smarc_msgs/share/smarc_msgs/cmake/ament_cmake_export_include_directories-extras.cmake
[3.980s] -- Up-to-date symlink: /home/nacho/colcon_workspaces/smarc_ws/install/smarc_msgs/share/smarc_msgs/cmake/ament_cmake_export_libraries-extras.cmake
[3.980s] -- Up-to-date symlink: /home/nacho/colcon_workspaces/smarc_ws/install/smarc_msgs/share/smarc_msgs/cmake/ament_cmake_export_targets-extras.cmake
[3.980s] -- Up-to-date symlink: /home/nacho/colcon_workspaces/smarc_ws/install/smarc_msgs/share/smarc_msgs/cmake/rosidl_cmake_export_typesupport_targets-extras.cmake
[3.980s] -- Up-to-date symlink: /home/nacho/colcon_workspaces/smarc_ws/install/smarc_msgs/share/smarc_msgs/cmake/rosidl_cmake_export_typesupport_libraries-extras.cmake
[3.980s] -- Up-to-date symlink: /home/nacho/colcon_workspaces/smarc_ws/install/smarc_msgs/share/smarc_msgs/cmake/smarc_msgsConfig.cmake
[3.980s] -- Up-to-date symlink: /home/nacho/colcon_workspaces/smarc_ws/install/smarc_msgs/share/smarc_msgs/cmake/smarc_msgsConfig-version.cmake
[3.986s] -- Up-to-date symlink: /home/nacho/colcon_workspaces/smarc_ws/install/smarc_msgs/share/smarc_msgs/package.xml
[3.987s] -- Installing: /home/nacho/colcon_workspaces/smarc_ws/install/smarc_msgs/lib/libsmarc_msgs__rosidl_generator_c.so
[3.987s] -- Set runtime path of "/home/nacho/colcon_workspaces/smarc_ws/install/smarc_msgs/lib/libsmarc_msgs__rosidl_generator_c.so" to ""
[3.987s] -- Installing: /home/nacho/colcon_workspaces/smarc_ws/install/smarc_msgs/lib/libsmarc_msgs__rosidl_typesupport_fastrtps_c.so
[3.987s] -- Set runtime path of "/home/nacho/colcon_workspaces/smarc_ws/install/smarc_msgs/lib/libsmarc_msgs__rosidl_typesupport_fastrtps_c.so" to ""
[3.988s] -- Installing: /home/nacho/colcon_workspaces/smarc_ws/install/smarc_msgs/lib/libsmarc_msgs__rosidl_typesupport_introspection_c.so
[3.988s] -- Set runtime path of "/home/nacho/colcon_workspaces/smarc_ws/install/smarc_msgs/lib/libsmarc_msgs__rosidl_typesupport_introspection_c.so" to ""
[3.989s] -- Installing: /home/nacho/colcon_workspaces/smarc_ws/install/smarc_msgs/lib/libsmarc_msgs__rosidl_typesupport_c.so
[3.989s] -- Set runtime path of "/home/nacho/colcon_workspaces/smarc_ws/install/smarc_msgs/lib/libsmarc_msgs__rosidl_typesupport_c.so" to ""
[3.994s] -- Installing: /home/nacho/colcon_workspaces/smarc_ws/install/smarc_msgs/lib/libsmarc_msgs__rosidl_typesupport_fastrtps_cpp.so
[3.994s] -- Set runtime path of "/home/nacho/colcon_workspaces/smarc_ws/install/smarc_msgs/lib/libsmarc_msgs__rosidl_typesupport_fastrtps_cpp.so" to ""
[3.994s] -- Installing: /home/nacho/colcon_workspaces/smarc_ws/install/smarc_msgs/lib/libsmarc_msgs__rosidl_typesupport_introspection_cpp.so
[3.994s] -- Set runtime path of "/home/nacho/colcon_workspaces/smarc_ws/install/smarc_msgs/lib/libsmarc_msgs__rosidl_typesupport_introspection_cpp.so" to ""
[3.995s] -- Installing: /home/nacho/colcon_workspaces/smarc_ws/install/smarc_msgs/lib/libsmarc_msgs__rosidl_typesupport_cpp.so
[3.995s] -- Set runtime path of "/home/nacho/colcon_workspaces/smarc_ws/install/smarc_msgs/lib/libsmarc_msgs__rosidl_typesupport_cpp.so" to ""
[4.045s] Listing '/home/nacho/colcon_workspaces/smarc_ws/install/smarc_msgs/local/lib/python3.10/dist-packages/smarc_msgs'...
[4.045s] Compiling '/home/nacho/colcon_workspaces/smarc_ws/install/smarc_msgs/local/lib/python3.10/dist-packages/smarc_msgs/__init__.py'...
[4.045s] Listing '/home/nacho/colcon_workspaces/smarc_ws/install/smarc_msgs/local/lib/python3.10/dist-packages/smarc_msgs/msg'...
[4.053s] -- Installing: /home/nacho/colcon_workspaces/smarc_ws/install/smarc_msgs/lib/libsmarc_msgs__rosidl_generator_py.so
[4.053s] -- Set runtime path of "/home/nacho/colcon_workspaces/smarc_ws/install/smarc_msgs/lib/libsmarc_msgs__rosidl_generator_py.so" to ""
[4.053s] -- Up-to-date: /home/nacho/colcon_workspaces/smarc_ws/install/smarc_msgs/share/smarc_msgs/cmake/export_smarc_msgs__rosidl_generator_cExport.cmake
[4.053s] -- Up-to-date: /home/nacho/colcon_workspaces/smarc_ws/install/smarc_msgs/share/smarc_msgs/cmake/export_smarc_msgs__rosidl_generator_cExport-noconfig.cmake
[4.053s] -- Up-to-date: /home/nacho/colcon_workspaces/smarc_ws/install/smarc_msgs/share/smarc_msgs/cmake/export_smarc_msgs__rosidl_typesupport_fastrtps_cExport.cmake
[4.054s] -- Up-to-date: /home/nacho/colcon_workspaces/smarc_ws/install/smarc_msgs/share/smarc_msgs/cmake/export_smarc_msgs__rosidl_typesupport_fastrtps_cExport-noconfig.cmake
[4.054s] -- Up-to-date: /home/nacho/colcon_workspaces/smarc_ws/install/smarc_msgs/share/smarc_msgs/cmake/smarc_msgs__rosidl_typesupport_introspection_cExport.cmake
[4.054s] -- Up-to-date: /home/nacho/colcon_workspaces/smarc_ws/install/smarc_msgs/share/smarc_msgs/cmake/smarc_msgs__rosidl_typesupport_introspection_cExport-noconfig.cmake
[4.054s] -- Up-to-date: /home/nacho/colcon_workspaces/smarc_ws/install/smarc_msgs/share/smarc_msgs/cmake/smarc_msgs__rosidl_typesupport_cExport.cmake
[4.054s] -- Up-to-date: /home/nacho/colcon_workspaces/smarc_ws/install/smarc_msgs/share/smarc_msgs/cmake/smarc_msgs__rosidl_typesupport_cExport-noconfig.cmake
[4.054s] -- Up-to-date: /home/nacho/colcon_workspaces/smarc_ws/install/smarc_msgs/share/smarc_msgs/cmake/export_smarc_msgs__rosidl_generator_cppExport.cmake
[4.054s] -- Up-to-date: /home/nacho/colcon_workspaces/smarc_ws/install/smarc_msgs/share/smarc_msgs/cmake/export_smarc_msgs__rosidl_typesupport_fastrtps_cppExport.cmake
[4.054s] -- Up-to-date: /home/nacho/colcon_workspaces/smarc_ws/install/smarc_msgs/share/smarc_msgs/cmake/export_smarc_msgs__rosidl_typesupport_fastrtps_cppExport-noconfig.cmake
[4.055s] -- Up-to-date: /home/nacho/colcon_workspaces/smarc_ws/install/smarc_msgs/share/smarc_msgs/cmake/smarc_msgs__rosidl_typesupport_introspection_cppExport.cmake
[4.055s] -- Up-to-date: /home/nacho/colcon_workspaces/smarc_ws/install/smarc_msgs/share/smarc_msgs/cmake/smarc_msgs__rosidl_typesupport_introspection_cppExport-noconfig.cmake
[4.055s] -- Up-to-date: /home/nacho/colcon_workspaces/smarc_ws/install/smarc_msgs/share/smarc_msgs/cmake/smarc_msgs__rosidl_typesupport_cppExport.cmake
[4.055s] -- Up-to-date: /home/nacho/colcon_workspaces/smarc_ws/install/smarc_msgs/share/smarc_msgs/cmake/smarc_msgs__rosidl_typesupport_cppExport-noconfig.cmake
[4.055s] -- Up-to-date: /home/nacho/colcon_workspaces/smarc_ws/install/smarc_msgs/share/smarc_msgs/cmake/export_smarc_msgs__rosidl_generator_pyExport.cmake
[4.055s] -- Up-to-date: /home/nacho/colcon_workspaces/smarc_ws/install/smarc_msgs/share/smarc_msgs/cmake/export_smarc_msgs__rosidl_generator_pyExport-noconfig.cmake
[4.405s] Invoked command in '/home/nacho/colcon_workspaces/smarc_ws/build/smarc_msgs' returned '0': CMAKE_PREFIX_PATH=/opt/ros/humble /usr/bin/cmake --install /home/nacho/colcon_workspaces/smarc_ws/build/smarc_msgs
