-- The C compiler identification is GNU 11.4.0
-- The CXX compiler identification is GNU 11.4.0
-- Detecting C compiler ABI info
-- Detecting C compiler ABI info - done
-- Check for working C compiler: /usr/bin/cc - skipped
-- Detecting C compile features
-- Detecting C compile features - done
-- Detecting CXX compiler ABI info
-- Detecting CXX compiler ABI info - done
-- Check for working CXX compiler: /usr/bin/c++ - skipped
-- Detecting CXX compile features
-- Detecting CXX compile features - done
-- Found ament_cmake: 1.3.11 (/opt/ros/humble/share/ament_cmake/cmake)
-- Found Python3: /usr/bin/python3 (found version "3.10.12") found components: Interpreter 
-- Override CMake install command with custom implementation using symlinks instead of copying resources
-- Found rosidl_default_generators: 1.2.0 (/opt/ros/humble/share/rosidl_default_generators/cmake)
-- Using all available rosidl_typesupport_c: rosidl_typesupport_fastrtps_c;rosidl_typesupport_introspection_c
-- Found rosidl_adapter: 3.1.6 (/opt/ros/humble/share/rosidl_adapter/cmake)
-- Using all available rosidl_typesupport_cpp: rosidl_typesupport_fastrtps_cpp;rosidl_typesupport_introspection_cpp
-- Found geometry_msgs: 4.2.4 (/opt/ros/humble/share/geometry_msgs/cmake)
-- Found geographic_msgs: 1.0.6 (/opt/ros/humble/share/geographic_msgs/cmake)
-- Found nav_msgs: 4.2.4 (/opt/ros/humble/share/nav_msgs/cmake)
-- Found sensor_msgs: 4.2.4 (/opt/ros/humble/share/sensor_msgs/cmake)
-- Found ament_cmake_ros: 0.10.0 (/opt/ros/humble/share/ament_cmake_ros/cmake)
-- Using all available rosidl_typesupport_c: rosidl_typesupport_fastrtps_c;rosidl_typesupport_introspection_c
-- Using all available rosidl_typesupport_cpp: rosidl_typesupport_fastrtps_cpp;rosidl_typesupport_introspection_cpp
-- Found PythonInterp: /usr/bin/python3 (found suitable version "3.10.12", minimum required is "3.6") 
-- Found python_cmake_module: 0.10.0 (/opt/ros/humble/share/python_cmake_module/cmake)
-- Found PythonLibs: /usr/lib/x86_64-linux-gnu/libpython3.10.so (found suitable version "3.10.12", minimum required is "3.5") 
-- Using PYTHON_EXECUTABLE: /usr/bin/python3
-- Using PYTHON_INCLUDE_DIRS: /usr/include/python3.10
-- Using PYTHON_LIBRARIES: /usr/lib/x86_64-linux-gnu/libpython3.10.so
-- Found PythonExtra: .so  
-- Found ament_lint_auto: 0.12.11 (/opt/ros/humble/share/ament_lint_auto/cmake)
-- Added test 'lint_cmake' to check CMake code style
-- Added test 'xmllint' to check XML markup files
-- Configuring done
-- Generating done
-- Build files have been written to: /home/nacho/colcon_workspaces/smarc_ws/build/uavcan_ros_msgs
[  1%] [34m[1mGenerating C code for ROS interfaces[0m
[  3%] [34m[1mGenerating C++ code for ROS interfaces[0m
[  3%] Built target ament_cmake_python_symlink_uavcan_ros_msgs
running egg_info
creating uavcan_ros_msgs.egg-info
writing uavcan_ros_msgs.egg-info/PKG-INFO
writing dependency_links to uavcan_ros_msgs.egg-info/dependency_links.txt
writing top-level names to uavcan_ros_msgs.egg-info/top_level.txt
writing manifest file 'uavcan_ros_msgs.egg-info/SOURCES.txt'
reading manifest file 'uavcan_ros_msgs.egg-info/SOURCES.txt'
writing manifest file 'uavcan_ros_msgs.egg-info/SOURCES.txt'
[  3%] Built target ament_cmake_python_build_uavcan_ros_msgs_egg
[  3%] Built target uavcan_ros_msgs__cpp
[  6%] [34m[1mGenerating C++ introspection for ROS interfaces[0m
[  7%] [34m[1mGenerating C++ type support for eProsima Fast-RTPS[0m
[  7%] [34m[1mGenerating C++ type support dispatch for ROS interfaces[0m
[  9%] [32mBuilding C object CMakeFiles/uavcan_ros_msgs__rosidl_generator_c.dir/rosidl_generator_c/uavcan_ros_msgs/srv/detail/uavcan_get_transport_stats__functions.c.o[0m
[ 11%] [32mBuilding C object CMakeFiles/uavcan_ros_msgs__rosidl_generator_c.dir/rosidl_generator_c/uavcan_ros_msgs/msg/detail/esc_status__functions.c.o[0m
[ 12%] [32mBuilding C object CMakeFiles/uavcan_ros_msgs__rosidl_generator_c.dir/rosidl_generator_c/uavcan_ros_msgs/srv/detail/uavcan_get_node_info__functions.c.o[0m
[ 14%] [32mBuilding C object CMakeFiles/uavcan_ros_msgs__rosidl_generator_c.dir/rosidl_generator_c/uavcan_ros_msgs/srv/detail/uavcan_restart_node__functions.c.o[0m
[ 15%] [32mBuilding C object CMakeFiles/uavcan_ros_msgs__rosidl_generator_c.dir/rosidl_generator_c/uavcan_ros_msgs/msg/detail/uavcan_node_status__functions.c.o[0m
[ 17%] [32m[1mLinking C shared library libuavcan_ros_msgs__rosidl_generator_c.so[0m
[ 17%] Built target uavcan_ros_msgs__rosidl_generator_c
[ 19%] [34m[1mGenerating C type support for eProsima Fast-RTPS[0m
[ 20%] [34m[1mGenerating C introspection for ROS interfaces[0m
[ 22%] [34m[1mGenerating C type support dispatch for ROS interfaces[0m
[ 23%] [32mBuilding CXX object CMakeFiles/uavcan_ros_msgs__rosidl_typesupport_introspection_cpp.dir/rosidl_typesupport_introspection_cpp/uavcan_ros_msgs/srv/detail/uavcan_get_transport_stats__type_support.cpp.o[0m
[ 25%] [32mBuilding CXX object CMakeFiles/uavcan_ros_msgs__rosidl_typesupport_introspection_cpp.dir/rosidl_typesupport_introspection_cpp/uavcan_ros_msgs/srv/detail/uavcan_restart_node__type_support.cpp.o[0m
[ 26%] [32mBuilding CXX object CMakeFiles/uavcan_ros_msgs__rosidl_typesupport_introspection_cpp.dir/rosidl_typesupport_introspection_cpp/uavcan_ros_msgs/msg/detail/uavcan_node_status__type_support.cpp.o[0m
[ 28%] [32mBuilding CXX object CMakeFiles/uavcan_ros_msgs__rosidl_typesupport_introspection_cpp.dir/rosidl_typesupport_introspection_cpp/uavcan_ros_msgs/srv/detail/uavcan_get_node_info__type_support.cpp.o[0m
[ 30%] [32mBuilding CXX object CMakeFiles/uavcan_ros_msgs__rosidl_typesupport_introspection_cpp.dir/rosidl_typesupport_introspection_cpp/uavcan_ros_msgs/msg/detail/esc_status__type_support.cpp.o[0m
[ 31%] [32mBuilding CXX object CMakeFiles/uavcan_ros_msgs__rosidl_typesupport_cpp.dir/rosidl_typesupport_cpp/uavcan_ros_msgs/srv/uavcan_get_node_info__type_support.cpp.o[0m
[ 33%] [32mBuilding CXX object CMakeFiles/uavcan_ros_msgs__rosidl_typesupport_cpp.dir/rosidl_typesupport_cpp/uavcan_ros_msgs/srv/uavcan_restart_node__type_support.cpp.o[0m
[ 34%] [32mBuilding CXX object CMakeFiles/uavcan_ros_msgs__rosidl_typesupport_cpp.dir/rosidl_typesupport_cpp/uavcan_ros_msgs/srv/uavcan_get_transport_stats__type_support.cpp.o[0m
[ 36%] [32mBuilding CXX object CMakeFiles/uavcan_ros_msgs__rosidl_typesupport_cpp.dir/rosidl_typesupport_cpp/uavcan_ros_msgs/msg/uavcan_node_status__type_support.cpp.o[0m
[ 38%] [32mBuilding CXX object CMakeFiles/uavcan_ros_msgs__rosidl_typesupport_cpp.dir/rosidl_typesupport_cpp/uavcan_ros_msgs/msg/esc_status__type_support.cpp.o[0m
[ 39%] [32mBuilding CXX object CMakeFiles/uavcan_ros_msgs__rosidl_typesupport_fastrtps_cpp.dir/rosidl_typesupport_fastrtps_cpp/uavcan_ros_msgs/srv/detail/dds_fastrtps/uavcan_get_node_info__type_support.cpp.o[0m
[ 41%] [32mBuilding CXX object CMakeFiles/uavcan_ros_msgs__rosidl_typesupport_fastrtps_cpp.dir/rosidl_typesupport_fastrtps_cpp/uavcan_ros_msgs/srv/detail/dds_fastrtps/uavcan_restart_node__type_support.cpp.o[0m
[ 42%] [32mBuilding CXX object CMakeFiles/uavcan_ros_msgs__rosidl_typesupport_fastrtps_cpp.dir/rosidl_typesupport_fastrtps_cpp/uavcan_ros_msgs/srv/detail/dds_fastrtps/uavcan_get_transport_stats__type_support.cpp.o[0m
[ 44%] [32mBuilding CXX object CMakeFiles/uavcan_ros_msgs__rosidl_typesupport_fastrtps_cpp.dir/rosidl_typesupport_fastrtps_cpp/uavcan_ros_msgs/msg/detail/dds_fastrtps/uavcan_node_status__type_support.cpp.o[0m
[ 46%] [32mBuilding CXX object CMakeFiles/uavcan_ros_msgs__rosidl_typesupport_fastrtps_cpp.dir/rosidl_typesupport_fastrtps_cpp/uavcan_ros_msgs/msg/detail/dds_fastrtps/esc_status__type_support.cpp.o[0m
[ 47%] [32mBuilding CXX object CMakeFiles/uavcan_ros_msgs__rosidl_typesupport_c.dir/rosidl_typesupport_c/uavcan_ros_msgs/srv/uavcan_get_node_info__type_support.cpp.o[0m
[ 49%] [32mBuilding CXX object CMakeFiles/uavcan_ros_msgs__rosidl_typesupport_c.dir/rosidl_typesupport_c/uavcan_ros_msgs/srv/uavcan_restart_node__type_support.cpp.o[0m
[ 50%] [32mBuilding CXX object CMakeFiles/uavcan_ros_msgs__rosidl_typesupport_c.dir/rosidl_typesupport_c/uavcan_ros_msgs/srv/uavcan_get_transport_stats__type_support.cpp.o[0m
[ 52%] [32mBuilding CXX object CMakeFiles/uavcan_ros_msgs__rosidl_typesupport_c.dir/rosidl_typesupport_c/uavcan_ros_msgs/msg/uavcan_node_status__type_support.cpp.o[0m
[ 53%] [32mBuilding CXX object CMakeFiles/uavcan_ros_msgs__rosidl_typesupport_c.dir/rosidl_typesupport_c/uavcan_ros_msgs/msg/esc_status__type_support.cpp.o[0m
[ 55%] [32mBuilding C object CMakeFiles/uavcan_ros_msgs__rosidl_typesupport_introspection_c.dir/rosidl_typesupport_introspection_c/uavcan_ros_msgs/srv/detail/uavcan_get_node_info__type_support.c.o[0m
[ 57%] [32mBuilding C object CMakeFiles/uavcan_ros_msgs__rosidl_typesupport_introspection_c.dir/rosidl_typesupport_introspection_c/uavcan_ros_msgs/srv/detail/uavcan_get_transport_stats__type_support.c.o[0m
[ 58%] [32mBuilding C object CMakeFiles/uavcan_ros_msgs__rosidl_typesupport_introspection_c.dir/rosidl_typesupport_introspection_c/uavcan_ros_msgs/srv/detail/uavcan_restart_node__type_support.c.o[0m
[ 60%] [32mBuilding C object CMakeFiles/uavcan_ros_msgs__rosidl_typesupport_introspection_c.dir/rosidl_typesupport_introspection_c/uavcan_ros_msgs/msg/detail/uavcan_node_status__type_support.c.o[0m
[ 61%] [32m[1mLinking CXX shared library libuavcan_ros_msgs__rosidl_typesupport_c.so[0m
[ 63%] [32mBuilding C object CMakeFiles/uavcan_ros_msgs__rosidl_typesupport_introspection_c.dir/rosidl_typesupport_introspection_c/uavcan_ros_msgs/msg/detail/esc_status__type_support.c.o[0m
[ 65%] [32m[1mLinking CXX shared library libuavcan_ros_msgs__rosidl_typesupport_cpp.so[0m
[ 66%] [32mBuilding CXX object CMakeFiles/uavcan_ros_msgs__rosidl_typesupport_fastrtps_c.dir/rosidl_typesupport_fastrtps_c/uavcan_ros_msgs/srv/detail/uavcan_get_node_info__type_support_c.cpp.o[0m
[ 68%] [32mBuilding CXX object CMakeFiles/uavcan_ros_msgs__rosidl_typesupport_fastrtps_c.dir/rosidl_typesupport_fastrtps_c/uavcan_ros_msgs/srv/detail/uavcan_get_transport_stats__type_support_c.cpp.o[0m
[ 69%] [32mBuilding CXX object CMakeFiles/uavcan_ros_msgs__rosidl_typesupport_fastrtps_c.dir/rosidl_typesupport_fastrtps_c/uavcan_ros_msgs/srv/detail/uavcan_restart_node__type_support_c.cpp.o[0m
[ 71%] [32mBuilding CXX object CMakeFiles/uavcan_ros_msgs__rosidl_typesupport_fastrtps_c.dir/rosidl_typesupport_fastrtps_c/uavcan_ros_msgs/msg/detail/esc_status__type_support_c.cpp.o[0m
[ 73%] [32mBuilding CXX object CMakeFiles/uavcan_ros_msgs__rosidl_typesupport_fastrtps_c.dir/rosidl_typesupport_fastrtps_c/uavcan_ros_msgs/msg/detail/uavcan_node_status__type_support_c.cpp.o[0m
[ 74%] [32m[1mLinking C shared library libuavcan_ros_msgs__rosidl_typesupport_introspection_c.so[0m
[ 74%] Built target uavcan_ros_msgs__rosidl_typesupport_cpp
[ 76%] [32m[1mLinking CXX shared library libuavcan_ros_msgs__rosidl_typesupport_introspection_cpp.so[0m
[ 76%] Built target uavcan_ros_msgs__rosidl_typesupport_c
[ 76%] Built target uavcan_ros_msgs__rosidl_typesupport_introspection_c
[ 76%] Built target uavcan_ros_msgs__rosidl_typesupport_introspection_cpp
[ 77%] [32m[1mLinking CXX shared library libuavcan_ros_msgs__rosidl_typesupport_fastrtps_cpp.so[0m
[ 77%] Built target uavcan_ros_msgs__rosidl_typesupport_fastrtps_cpp
[ 79%] [32m[1mLinking CXX shared library libuavcan_ros_msgs__rosidl_typesupport_fastrtps_c.so[0m
[ 79%] Built target uavcan_ros_msgs__rosidl_typesupport_fastrtps_c
[ 79%] Built target uavcan_ros_msgs
[ 80%] [34m[1mGenerating Python code for ROS interfaces[0m
[ 80%] Built target uavcan_ros_msgs__py
[ 82%] [32mBuilding C object CMakeFiles/uavcan_ros_msgs__rosidl_generator_py.dir/rosidl_generator_py/uavcan_ros_msgs/srv/_uavcan_restart_node_s.c.o[0m
[ 84%] [32mBuilding C object CMakeFiles/uavcan_ros_msgs__rosidl_generator_py.dir/rosidl_generator_py/uavcan_ros_msgs/srv/_uavcan_get_node_info_s.c.o[0m
[ 85%] [32mBuilding C object CMakeFiles/uavcan_ros_msgs__rosidl_generator_py.dir/rosidl_generator_py/uavcan_ros_msgs/srv/_uavcan_get_transport_stats_s.c.o[0m
[ 87%] [32mBuilding C object CMakeFiles/uavcan_ros_msgs__rosidl_generator_py.dir/rosidl_generator_py/uavcan_ros_msgs/msg/_uavcan_node_status_s.c.o[0m
[ 88%] [32mBuilding C object CMakeFiles/uavcan_ros_msgs__rosidl_generator_py.dir/rosidl_generator_py/uavcan_ros_msgs/msg/_esc_status_s.c.o[0m
[ 90%] [32m[1mLinking C shared library rosidl_generator_py/uavcan_ros_msgs/libuavcan_ros_msgs__rosidl_generator_py.so[0m
[ 90%] Built target uavcan_ros_msgs__rosidl_generator_py
[ 92%] [32mBuilding C object CMakeFiles/uavcan_ros_msgs__rosidl_typesupport_introspection_c__pyext.dir/rosidl_generator_py/uavcan_ros_msgs/_uavcan_ros_msgs_s.ep.rosidl_typesupport_introspection_c.c.o[0m
[ 93%] [32mBuilding C object CMakeFiles/uavcan_ros_msgs__rosidl_typesupport_fastrtps_c__pyext.dir/rosidl_generator_py/uavcan_ros_msgs/_uavcan_ros_msgs_s.ep.rosidl_typesupport_fastrtps_c.c.o[0m
[ 95%] [32mBuilding C object CMakeFiles/uavcan_ros_msgs__rosidl_typesupport_c__pyext.dir/rosidl_generator_py/uavcan_ros_msgs/_uavcan_ros_msgs_s.ep.rosidl_typesupport_c.c.o[0m
[ 96%] [32m[1mLinking C shared library rosidl_generator_py/uavcan_ros_msgs/uavcan_ros_msgs_s__rosidl_typesupport_introspection_c.cpython-310-x86_64-linux-gnu.so[0m
[ 98%] [32m[1mLinking C shared library rosidl_generator_py/uavcan_ros_msgs/uavcan_ros_msgs_s__rosidl_typesupport_c.cpython-310-x86_64-linux-gnu.so[0m
[ 98%] Built target uavcan_ros_msgs__rosidl_typesupport_introspection_c__pyext
[100%] [32m[1mLinking C shared library rosidl_generator_py/uavcan_ros_msgs/uavcan_ros_msgs_s__rosidl_typesupport_fastrtps_c.cpython-310-x86_64-linux-gnu.so[0m
[100%] Built target uavcan_ros_msgs__rosidl_typesupport_c__pyext
[100%] Built target uavcan_ros_msgs__rosidl_typesupport_fastrtps_c__pyext
-- Install configuration: ""
-- Execute custom install script
-- Symlinking: /home/nacho/colcon_workspaces/smarc_ws/install/uavcan_ros_msgs/share/ament_index/resource_index/rosidl_interfaces/uavcan_ros_msgs
-- Symlinking: /home/nacho/colcon_workspaces/smarc_ws/install/uavcan_ros_msgs/include/uavcan_ros_msgs/uavcan_ros_msgs/msg/detail/esc_status__functions.h
-- Symlinking: /home/nacho/colcon_workspaces/smarc_ws/install/uavcan_ros_msgs/include/uavcan_ros_msgs/uavcan_ros_msgs/msg/detail/esc_status__struct.h
-- Symlinking: /home/nacho/colcon_workspaces/smarc_ws/install/uavcan_ros_msgs/include/uavcan_ros_msgs/uavcan_ros_msgs/msg/detail/esc_status__type_support.h
-- Symlinking: /home/nacho/colcon_workspaces/smarc_ws/install/uavcan_ros_msgs/include/uavcan_ros_msgs/uavcan_ros_msgs/msg/detail/uavcan_node_status__functions.h
-- Symlinking: /home/nacho/colcon_workspaces/smarc_ws/install/uavcan_ros_msgs/include/uavcan_ros_msgs/uavcan_ros_msgs/msg/detail/uavcan_node_status__struct.h
-- Symlinking: /home/nacho/colcon_workspaces/smarc_ws/install/uavcan_ros_msgs/include/uavcan_ros_msgs/uavcan_ros_msgs/msg/detail/uavcan_node_status__type_support.h
-- Symlinking: /home/nacho/colcon_workspaces/smarc_ws/install/uavcan_ros_msgs/include/uavcan_ros_msgs/uavcan_ros_msgs/msg/esc_status.h
-- Symlinking: /home/nacho/colcon_workspaces/smarc_ws/install/uavcan_ros_msgs/include/uavcan_ros_msgs/uavcan_ros_msgs/msg/rosidl_generator_c__visibility_control.h
-- Symlinking: /home/nacho/colcon_workspaces/smarc_ws/install/uavcan_ros_msgs/include/uavcan_ros_msgs/uavcan_ros_msgs/msg/uavcan_node_status.h
-- Symlinking: /home/nacho/colcon_workspaces/smarc_ws/install/uavcan_ros_msgs/include/uavcan_ros_msgs/uavcan_ros_msgs/srv/detail/uavcan_get_node_info__functions.h
-- Symlinking: /home/nacho/colcon_workspaces/smarc_ws/install/uavcan_ros_msgs/include/uavcan_ros_msgs/uavcan_ros_msgs/srv/detail/uavcan_get_node_info__struct.h
-- Symlinking: /home/nacho/colcon_workspaces/smarc_ws/install/uavcan_ros_msgs/include/uavcan_ros_msgs/uavcan_ros_msgs/srv/detail/uavcan_get_node_info__type_support.h
-- Symlinking: /home/nacho/colcon_workspaces/smarc_ws/install/uavcan_ros_msgs/include/uavcan_ros_msgs/uavcan_ros_msgs/srv/detail/uavcan_get_transport_stats__functions.h
-- Symlinking: /home/nacho/colcon_workspaces/smarc_ws/install/uavcan_ros_msgs/include/uavcan_ros_msgs/uavcan_ros_msgs/srv/detail/uavcan_get_transport_stats__struct.h
-- Symlinking: /home/nacho/colcon_workspaces/smarc_ws/install/uavcan_ros_msgs/include/uavcan_ros_msgs/uavcan_ros_msgs/srv/detail/uavcan_get_transport_stats__type_support.h
-- Symlinking: /home/nacho/colcon_workspaces/smarc_ws/install/uavcan_ros_msgs/include/uavcan_ros_msgs/uavcan_ros_msgs/srv/detail/uavcan_restart_node__functions.h
-- Symlinking: /home/nacho/colcon_workspaces/smarc_ws/install/uavcan_ros_msgs/include/uavcan_ros_msgs/uavcan_ros_msgs/srv/detail/uavcan_restart_node__struct.h
-- Symlinking: /home/nacho/colcon_workspaces/smarc_ws/install/uavcan_ros_msgs/include/uavcan_ros_msgs/uavcan_ros_msgs/srv/detail/uavcan_restart_node__type_support.h
-- Symlinking: /home/nacho/colcon_workspaces/smarc_ws/install/uavcan_ros_msgs/include/uavcan_ros_msgs/uavcan_ros_msgs/srv/uavcan_get_node_info.h
-- Symlinking: /home/nacho/colcon_workspaces/smarc_ws/install/uavcan_ros_msgs/include/uavcan_ros_msgs/uavcan_ros_msgs/srv/uavcan_get_transport_stats.h
-- Symlinking: /home/nacho/colcon_workspaces/smarc_ws/install/uavcan_ros_msgs/include/uavcan_ros_msgs/uavcan_ros_msgs/srv/uavcan_restart_node.h
-- Symlinking: /home/nacho/colcon_workspaces/smarc_ws/install/uavcan_ros_msgs/share/uavcan_ros_msgs/environment/library_path.sh
-- Symlinking: /home/nacho/colcon_workspaces/smarc_ws/install/uavcan_ros_msgs/share/uavcan_ros_msgs/environment/library_path.dsv
-- Symlinking: /home/nacho/colcon_workspaces/smarc_ws/install/uavcan_ros_msgs/include/uavcan_ros_msgs/uavcan_ros_msgs/msg/detail/esc_status__rosidl_typesupport_fastrtps_c.h
-- Symlinking: /home/nacho/colcon_workspaces/smarc_ws/install/uavcan_ros_msgs/include/uavcan_ros_msgs/uavcan_ros_msgs/msg/detail/uavcan_node_status__rosidl_typesupport_fastrtps_c.h
-- Symlinking: /home/nacho/colcon_workspaces/smarc_ws/install/uavcan_ros_msgs/include/uavcan_ros_msgs/uavcan_ros_msgs/msg/rosidl_typesupport_fastrtps_c__visibility_control.h
-- Symlinking: /home/nacho/colcon_workspaces/smarc_ws/install/uavcan_ros_msgs/include/uavcan_ros_msgs/uavcan_ros_msgs/srv/detail/uavcan_get_node_info__rosidl_typesupport_fastrtps_c.h
-- Symlinking: /home/nacho/colcon_workspaces/smarc_ws/install/uavcan_ros_msgs/include/uavcan_ros_msgs/uavcan_ros_msgs/srv/detail/uavcan_get_transport_stats__rosidl_typesupport_fastrtps_c.h
-- Symlinking: /home/nacho/colcon_workspaces/smarc_ws/install/uavcan_ros_msgs/include/uavcan_ros_msgs/uavcan_ros_msgs/srv/detail/uavcan_restart_node__rosidl_typesupport_fastrtps_c.h
-- Symlinking: /home/nacho/colcon_workspaces/smarc_ws/install/uavcan_ros_msgs/include/uavcan_ros_msgs/uavcan_ros_msgs/msg/detail/esc_status__rosidl_typesupport_introspection_c.h
-- Symlinking: /home/nacho/colcon_workspaces/smarc_ws/install/uavcan_ros_msgs/include/uavcan_ros_msgs/uavcan_ros_msgs/msg/detail/uavcan_node_status__rosidl_typesupport_introspection_c.h
-- Symlinking: /home/nacho/colcon_workspaces/smarc_ws/install/uavcan_ros_msgs/include/uavcan_ros_msgs/uavcan_ros_msgs/msg/rosidl_typesupport_introspection_c__visibility_control.h
-- Symlinking: /home/nacho/colcon_workspaces/smarc_ws/install/uavcan_ros_msgs/include/uavcan_ros_msgs/uavcan_ros_msgs/srv/detail/uavcan_get_node_info__rosidl_typesupport_introspection_c.h
-- Symlinking: /home/nacho/colcon_workspaces/smarc_ws/install/uavcan_ros_msgs/include/uavcan_ros_msgs/uavcan_ros_msgs/srv/detail/uavcan_get_transport_stats__rosidl_typesupport_introspection_c.h
-- Symlinking: /home/nacho/colcon_workspaces/smarc_ws/install/uavcan_ros_msgs/include/uavcan_ros_msgs/uavcan_ros_msgs/srv/detail/uavcan_restart_node__rosidl_typesupport_introspection_c.h
-- Symlinking: /home/nacho/colcon_workspaces/smarc_ws/install/uavcan_ros_msgs/include/uavcan_ros_msgs/uavcan_ros_msgs/msg/detail/esc_status__builder.hpp
-- Symlinking: /home/nacho/colcon_workspaces/smarc_ws/install/uavcan_ros_msgs/include/uavcan_ros_msgs/uavcan_ros_msgs/msg/detail/esc_status__struct.hpp
-- Symlinking: /home/nacho/colcon_workspaces/smarc_ws/install/uavcan_ros_msgs/include/uavcan_ros_msgs/uavcan_ros_msgs/msg/detail/esc_status__traits.hpp
-- Symlinking: /home/nacho/colcon_workspaces/smarc_ws/install/uavcan_ros_msgs/include/uavcan_ros_msgs/uavcan_ros_msgs/msg/detail/esc_status__type_support.hpp
-- Symlinking: /home/nacho/colcon_workspaces/smarc_ws/install/uavcan_ros_msgs/include/uavcan_ros_msgs/uavcan_ros_msgs/msg/detail/uavcan_node_status__builder.hpp
-- Symlinking: /home/nacho/colcon_workspaces/smarc_ws/install/uavcan_ros_msgs/include/uavcan_ros_msgs/uavcan_ros_msgs/msg/detail/uavcan_node_status__struct.hpp
-- Symlinking: /home/nacho/colcon_workspaces/smarc_ws/install/uavcan_ros_msgs/include/uavcan_ros_msgs/uavcan_ros_msgs/msg/detail/uavcan_node_status__traits.hpp
-- Symlinking: /home/nacho/colcon_workspaces/smarc_ws/install/uavcan_ros_msgs/include/uavcan_ros_msgs/uavcan_ros_msgs/msg/detail/uavcan_node_status__type_support.hpp
-- Symlinking: /home/nacho/colcon_workspaces/smarc_ws/install/uavcan_ros_msgs/include/uavcan_ros_msgs/uavcan_ros_msgs/msg/esc_status.hpp
-- Symlinking: /home/nacho/colcon_workspaces/smarc_ws/install/uavcan_ros_msgs/include/uavcan_ros_msgs/uavcan_ros_msgs/msg/rosidl_generator_cpp__visibility_control.hpp
-- Symlinking: /home/nacho/colcon_workspaces/smarc_ws/install/uavcan_ros_msgs/include/uavcan_ros_msgs/uavcan_ros_msgs/msg/uavcan_node_status.hpp
-- Symlinking: /home/nacho/colcon_workspaces/smarc_ws/install/uavcan_ros_msgs/include/uavcan_ros_msgs/uavcan_ros_msgs/srv/detail/uavcan_get_node_info__builder.hpp
-- Symlinking: /home/nacho/colcon_workspaces/smarc_ws/install/uavcan_ros_msgs/include/uavcan_ros_msgs/uavcan_ros_msgs/srv/detail/uavcan_get_node_info__struct.hpp
-- Symlinking: /home/nacho/colcon_workspaces/smarc_ws/install/uavcan_ros_msgs/include/uavcan_ros_msgs/uavcan_ros_msgs/srv/detail/uavcan_get_node_info__traits.hpp
-- Symlinking: /home/nacho/colcon_workspaces/smarc_ws/install/uavcan_ros_msgs/include/uavcan_ros_msgs/uavcan_ros_msgs/srv/detail/uavcan_get_node_info__type_support.hpp
-- Symlinking: /home/nacho/colcon_workspaces/smarc_ws/install/uavcan_ros_msgs/include/uavcan_ros_msgs/uavcan_ros_msgs/srv/detail/uavcan_get_transport_stats__builder.hpp
-- Symlinking: /home/nacho/colcon_workspaces/smarc_ws/install/uavcan_ros_msgs/include/uavcan_ros_msgs/uavcan_ros_msgs/srv/detail/uavcan_get_transport_stats__struct.hpp
-- Symlinking: /home/nacho/colcon_workspaces/smarc_ws/install/uavcan_ros_msgs/include/uavcan_ros_msgs/uavcan_ros_msgs/srv/detail/uavcan_get_transport_stats__traits.hpp
-- Symlinking: /home/nacho/colcon_workspaces/smarc_ws/install/uavcan_ros_msgs/include/uavcan_ros_msgs/uavcan_ros_msgs/srv/detail/uavcan_get_transport_stats__type_support.hpp
-- Symlinking: /home/nacho/colcon_workspaces/smarc_ws/install/uavcan_ros_msgs/include/uavcan_ros_msgs/uavcan_ros_msgs/srv/detail/uavcan_restart_node__builder.hpp
-- Symlinking: /home/nacho/colcon_workspaces/smarc_ws/install/uavcan_ros_msgs/include/uavcan_ros_msgs/uavcan_ros_msgs/srv/detail/uavcan_restart_node__struct.hpp
-- Symlinking: /home/nacho/colcon_workspaces/smarc_ws/install/uavcan_ros_msgs/include/uavcan_ros_msgs/uavcan_ros_msgs/srv/detail/uavcan_restart_node__traits.hpp
-- Symlinking: /home/nacho/colcon_workspaces/smarc_ws/install/uavcan_ros_msgs/include/uavcan_ros_msgs/uavcan_ros_msgs/srv/detail/uavcan_restart_node__type_support.hpp
-- Symlinking: /home/nacho/colcon_workspaces/smarc_ws/install/uavcan_ros_msgs/include/uavcan_ros_msgs/uavcan_ros_msgs/srv/uavcan_get_node_info.hpp
-- Symlinking: /home/nacho/colcon_workspaces/smarc_ws/install/uavcan_ros_msgs/include/uavcan_ros_msgs/uavcan_ros_msgs/srv/uavcan_get_transport_stats.hpp
-- Symlinking: /home/nacho/colcon_workspaces/smarc_ws/install/uavcan_ros_msgs/include/uavcan_ros_msgs/uavcan_ros_msgs/srv/uavcan_restart_node.hpp
-- Symlinking: /home/nacho/colcon_workspaces/smarc_ws/install/uavcan_ros_msgs/include/uavcan_ros_msgs/uavcan_ros_msgs/msg/detail/esc_status__rosidl_typesupport_fastrtps_cpp.hpp
-- Symlinking: /home/nacho/colcon_workspaces/smarc_ws/install/uavcan_ros_msgs/include/uavcan_ros_msgs/uavcan_ros_msgs/msg/detail/uavcan_node_status__rosidl_typesupport_fastrtps_cpp.hpp
-- Symlinking: /home/nacho/colcon_workspaces/smarc_ws/install/uavcan_ros_msgs/include/uavcan_ros_msgs/uavcan_ros_msgs/msg/rosidl_typesupport_fastrtps_cpp__visibility_control.h
-- Symlinking: /home/nacho/colcon_workspaces/smarc_ws/install/uavcan_ros_msgs/include/uavcan_ros_msgs/uavcan_ros_msgs/srv/detail/uavcan_get_node_info__rosidl_typesupport_fastrtps_cpp.hpp
-- Symlinking: /home/nacho/colcon_workspaces/smarc_ws/install/uavcan_ros_msgs/include/uavcan_ros_msgs/uavcan_ros_msgs/srv/detail/uavcan_get_transport_stats__rosidl_typesupport_fastrtps_cpp.hpp
-- Symlinking: /home/nacho/colcon_workspaces/smarc_ws/install/uavcan_ros_msgs/include/uavcan_ros_msgs/uavcan_ros_msgs/srv/detail/uavcan_restart_node__rosidl_typesupport_fastrtps_cpp.hpp
-- Symlinking: /home/nacho/colcon_workspaces/smarc_ws/install/uavcan_ros_msgs/include/uavcan_ros_msgs/uavcan_ros_msgs/msg/detail/esc_status__rosidl_typesupport_introspection_cpp.hpp
-- Symlinking: /home/nacho/colcon_workspaces/smarc_ws/install/uavcan_ros_msgs/include/uavcan_ros_msgs/uavcan_ros_msgs/msg/detail/uavcan_node_status__rosidl_typesupport_introspection_cpp.hpp
-- Symlinking: /home/nacho/colcon_workspaces/smarc_ws/install/uavcan_ros_msgs/include/uavcan_ros_msgs/uavcan_ros_msgs/srv/detail/uavcan_get_node_info__rosidl_typesupport_introspection_cpp.hpp
-- Symlinking: /home/nacho/colcon_workspaces/smarc_ws/install/uavcan_ros_msgs/include/uavcan_ros_msgs/uavcan_ros_msgs/srv/detail/uavcan_get_transport_stats__rosidl_typesupport_introspection_cpp.hpp
-- Symlinking: /home/nacho/colcon_workspaces/smarc_ws/install/uavcan_ros_msgs/include/uavcan_ros_msgs/uavcan_ros_msgs/srv/detail/uavcan_restart_node__rosidl_typesupport_introspection_cpp.hpp
-- Symlinking: /home/nacho/colcon_workspaces/smarc_ws/install/uavcan_ros_msgs/share/uavcan_ros_msgs/environment/pythonpath.sh
-- Symlinking: /home/nacho/colcon_workspaces/smarc_ws/install/uavcan_ros_msgs/share/uavcan_ros_msgs/environment/pythonpath.dsv
-- Symlinking: /home/nacho/colcon_workspaces/smarc_ws/install/uavcan_ros_msgs/local/lib/python3.10/dist-packages/uavcan_ros_msgs-0.0.0-py3.10.egg-info/PKG-INFO
-- Symlinking: /home/nacho/colcon_workspaces/smarc_ws/install/uavcan_ros_msgs/local/lib/python3.10/dist-packages/uavcan_ros_msgs-0.0.0-py3.10.egg-info/SOURCES.txt
-- Symlinking: /home/nacho/colcon_workspaces/smarc_ws/install/uavcan_ros_msgs/local/lib/python3.10/dist-packages/uavcan_ros_msgs-0.0.0-py3.10.egg-info/dependency_links.txt
-- Symlinking: /home/nacho/colcon_workspaces/smarc_ws/install/uavcan_ros_msgs/local/lib/python3.10/dist-packages/uavcan_ros_msgs-0.0.0-py3.10.egg-info/top_level.txt
-- Symlinking: /home/nacho/colcon_workspaces/smarc_ws/install/uavcan_ros_msgs/local/lib/python3.10/dist-packages/uavcan_ros_msgs/__init__.py
-- Symlinking: /home/nacho/colcon_workspaces/smarc_ws/install/uavcan_ros_msgs/local/lib/python3.10/dist-packages/uavcan_ros_msgs/_uavcan_ros_msgs_s.ep.rosidl_typesupport_c.c
-- Symlinking: /home/nacho/colcon_workspaces/smarc_ws/install/uavcan_ros_msgs/local/lib/python3.10/dist-packages/uavcan_ros_msgs/_uavcan_ros_msgs_s.ep.rosidl_typesupport_fastrtps_c.c
-- Symlinking: /home/nacho/colcon_workspaces/smarc_ws/install/uavcan_ros_msgs/local/lib/python3.10/dist-packages/uavcan_ros_msgs/_uavcan_ros_msgs_s.ep.rosidl_typesupport_introspection_c.c
-- Symlinking: /home/nacho/colcon_workspaces/smarc_ws/install/uavcan_ros_msgs/local/lib/python3.10/dist-packages/uavcan_ros_msgs/libuavcan_ros_msgs__rosidl_generator_py.so
-- Symlinking: /home/nacho/colcon_workspaces/smarc_ws/install/uavcan_ros_msgs/local/lib/python3.10/dist-packages/uavcan_ros_msgs/msg/__init__.py
-- Symlinking: /home/nacho/colcon_workspaces/smarc_ws/install/uavcan_ros_msgs/local/lib/python3.10/dist-packages/uavcan_ros_msgs/msg/_esc_status.py
-- Symlinking: /home/nacho/colcon_workspaces/smarc_ws/install/uavcan_ros_msgs/local/lib/python3.10/dist-packages/uavcan_ros_msgs/msg/_esc_status_s.c
-- Symlinking: /home/nacho/colcon_workspaces/smarc_ws/install/uavcan_ros_msgs/local/lib/python3.10/dist-packages/uavcan_ros_msgs/msg/_uavcan_node_status.py
-- Symlinking: /home/nacho/colcon_workspaces/smarc_ws/install/uavcan_ros_msgs/local/lib/python3.10/dist-packages/uavcan_ros_msgs/msg/_uavcan_node_status_s.c
-- Symlinking: /home/nacho/colcon_workspaces/smarc_ws/install/uavcan_ros_msgs/local/lib/python3.10/dist-packages/uavcan_ros_msgs/srv/__init__.py
-- Symlinking: /home/nacho/colcon_workspaces/smarc_ws/install/uavcan_ros_msgs/local/lib/python3.10/dist-packages/uavcan_ros_msgs/srv/_uavcan_get_node_info.py
-- Symlinking: /home/nacho/colcon_workspaces/smarc_ws/install/uavcan_ros_msgs/local/lib/python3.10/dist-packages/uavcan_ros_msgs/srv/_uavcan_get_node_info_s.c
-- Symlinking: /home/nacho/colcon_workspaces/smarc_ws/install/uavcan_ros_msgs/local/lib/python3.10/dist-packages/uavcan_ros_msgs/srv/_uavcan_get_transport_stats.py
-- Symlinking: /home/nacho/colcon_workspaces/smarc_ws/install/uavcan_ros_msgs/local/lib/python3.10/dist-packages/uavcan_ros_msgs/srv/_uavcan_get_transport_stats_s.c
-- Symlinking: /home/nacho/colcon_workspaces/smarc_ws/install/uavcan_ros_msgs/local/lib/python3.10/dist-packages/uavcan_ros_msgs/srv/_uavcan_restart_node.py
-- Symlinking: /home/nacho/colcon_workspaces/smarc_ws/install/uavcan_ros_msgs/local/lib/python3.10/dist-packages/uavcan_ros_msgs/srv/_uavcan_restart_node_s.c
-- Symlinking: /home/nacho/colcon_workspaces/smarc_ws/install/uavcan_ros_msgs/local/lib/python3.10/dist-packages/uavcan_ros_msgs/uavcan_ros_msgs_s__rosidl_typesupport_c.cpython-310-x86_64-linux-gnu.so
-- Symlinking: /home/nacho/colcon_workspaces/smarc_ws/install/uavcan_ros_msgs/local/lib/python3.10/dist-packages/uavcan_ros_msgs/uavcan_ros_msgs_s__rosidl_typesupport_fastrtps_c.cpython-310-x86_64-linux-gnu.so
-- Symlinking: /home/nacho/colcon_workspaces/smarc_ws/install/uavcan_ros_msgs/local/lib/python3.10/dist-packages/uavcan_ros_msgs/uavcan_ros_msgs_s__rosidl_typesupport_introspection_c.cpython-310-x86_64-linux-gnu.so
-- Up-to-date symlink: /home/nacho/colcon_workspaces/smarc_ws/install/uavcan_ros_msgs/local/lib/python3.10/dist-packages/uavcan_ros_msgs/uavcan_ros_msgs_s__rosidl_typesupport_fastrtps_c.cpython-310-x86_64-linux-gnu.so
-- Up-to-date symlink: /home/nacho/colcon_workspaces/smarc_ws/install/uavcan_ros_msgs/local/lib/python3.10/dist-packages/uavcan_ros_msgs/uavcan_ros_msgs_s__rosidl_typesupport_introspection_c.cpython-310-x86_64-linux-gnu.so
-- Up-to-date symlink: /home/nacho/colcon_workspaces/smarc_ws/install/uavcan_ros_msgs/local/lib/python3.10/dist-packages/uavcan_ros_msgs/uavcan_ros_msgs_s__rosidl_typesupport_c.cpython-310-x86_64-linux-gnu.so
-- Symlinking: /home/nacho/colcon_workspaces/smarc_ws/install/uavcan_ros_msgs/share/uavcan_ros_msgs/srv/UavcanGetNodeInfo.idl
-- Symlinking: /home/nacho/colcon_workspaces/smarc_ws/install/uavcan_ros_msgs/share/uavcan_ros_msgs/srv/UavcanRestartNode.idl
-- Symlinking: /home/nacho/colcon_workspaces/smarc_ws/install/uavcan_ros_msgs/share/uavcan_ros_msgs/srv/UavcanGetTransportStats.idl
-- Symlinking: /home/nacho/colcon_workspaces/smarc_ws/install/uavcan_ros_msgs/share/uavcan_ros_msgs/msg/UavcanNodeStatus.idl
-- Symlinking: /home/nacho/colcon_workspaces/smarc_ws/install/uavcan_ros_msgs/share/uavcan_ros_msgs/msg/ESCStatus.idl
-- Symlinking: /home/nacho/colcon_workspaces/smarc_ws/install/uavcan_ros_msgs/share/uavcan_ros_msgs/srv/UavcanGetNodeInfo.srv
-- Symlinking: /home/nacho/colcon_workspaces/smarc_ws/install/uavcan_ros_msgs/share/uavcan_ros_msgs/srv/UavcanGetNodeInfo_Request.msg
-- Symlinking: /home/nacho/colcon_workspaces/smarc_ws/install/uavcan_ros_msgs/share/uavcan_ros_msgs/srv/UavcanGetNodeInfo_Response.msg
-- Symlinking: /home/nacho/colcon_workspaces/smarc_ws/install/uavcan_ros_msgs/share/uavcan_ros_msgs/srv/UavcanRestartNode.srv
-- Symlinking: /home/nacho/colcon_workspaces/smarc_ws/install/uavcan_ros_msgs/share/uavcan_ros_msgs/srv/UavcanRestartNode_Request.msg
-- Symlinking: /home/nacho/colcon_workspaces/smarc_ws/install/uavcan_ros_msgs/share/uavcan_ros_msgs/srv/UavcanRestartNode_Response.msg
-- Symlinking: /home/nacho/colcon_workspaces/smarc_ws/install/uavcan_ros_msgs/share/uavcan_ros_msgs/srv/UavcanGetTransportStats.srv
-- Symlinking: /home/nacho/colcon_workspaces/smarc_ws/install/uavcan_ros_msgs/share/uavcan_ros_msgs/srv/UavcanGetTransportStats_Request.msg
-- Symlinking: /home/nacho/colcon_workspaces/smarc_ws/install/uavcan_ros_msgs/share/uavcan_ros_msgs/srv/UavcanGetTransportStats_Response.msg
-- Symlinking: /home/nacho/colcon_workspaces/smarc_ws/install/uavcan_ros_msgs/share/uavcan_ros_msgs/msg/UavcanNodeStatus.msg
-- Symlinking: /home/nacho/colcon_workspaces/smarc_ws/install/uavcan_ros_msgs/share/uavcan_ros_msgs/msg/ESCStatus.msg
-- Symlinking: /home/nacho/colcon_workspaces/smarc_ws/install/uavcan_ros_msgs/share/ament_index/resource_index/package_run_dependencies/uavcan_ros_msgs
-- Symlinking: /home/nacho/colcon_workspaces/smarc_ws/install/uavcan_ros_msgs/share/ament_index/resource_index/parent_prefix_path/uavcan_ros_msgs
-- Symlinking: /home/nacho/colcon_workspaces/smarc_ws/install/uavcan_ros_msgs/share/uavcan_ros_msgs/environment/ament_prefix_path.sh
-- Symlinking: /home/nacho/colcon_workspaces/smarc_ws/install/uavcan_ros_msgs/share/uavcan_ros_msgs/environment/ament_prefix_path.dsv
-- Symlinking: /home/nacho/colcon_workspaces/smarc_ws/install/uavcan_ros_msgs/share/uavcan_ros_msgs/environment/path.sh
-- Symlinking: /home/nacho/colcon_workspaces/smarc_ws/install/uavcan_ros_msgs/share/uavcan_ros_msgs/environment/path.dsv
-- Symlinking: /home/nacho/colcon_workspaces/smarc_ws/install/uavcan_ros_msgs/share/uavcan_ros_msgs/local_setup.bash
-- Symlinking: /home/nacho/colcon_workspaces/smarc_ws/install/uavcan_ros_msgs/share/uavcan_ros_msgs/local_setup.sh
-- Symlinking: /home/nacho/colcon_workspaces/smarc_ws/install/uavcan_ros_msgs/share/uavcan_ros_msgs/local_setup.zsh
-- Symlinking: /home/nacho/colcon_workspaces/smarc_ws/install/uavcan_ros_msgs/share/uavcan_ros_msgs/local_setup.dsv
-- Symlinking: /home/nacho/colcon_workspaces/smarc_ws/install/uavcan_ros_msgs/share/uavcan_ros_msgs/package.dsv
-- Symlinking: /home/nacho/colcon_workspaces/smarc_ws/install/uavcan_ros_msgs/share/ament_index/resource_index/packages/uavcan_ros_msgs
-- Symlinking: /home/nacho/colcon_workspaces/smarc_ws/install/uavcan_ros_msgs/share/uavcan_ros_msgs/cmake/rosidl_cmake-extras.cmake
-- Symlinking: /home/nacho/colcon_workspaces/smarc_ws/install/uavcan_ros_msgs/share/uavcan_ros_msgs/cmake/ament_cmake_export_dependencies-extras.cmake
-- Symlinking: /home/nacho/colcon_workspaces/smarc_ws/install/uavcan_ros_msgs/share/uavcan_ros_msgs/cmake/ament_cmake_export_include_directories-extras.cmake
-- Symlinking: /home/nacho/colcon_workspaces/smarc_ws/install/uavcan_ros_msgs/share/uavcan_ros_msgs/cmake/ament_cmake_export_libraries-extras.cmake
-- Symlinking: /home/nacho/colcon_workspaces/smarc_ws/install/uavcan_ros_msgs/share/uavcan_ros_msgs/cmake/ament_cmake_export_targets-extras.cmake
-- Symlinking: /home/nacho/colcon_workspaces/smarc_ws/install/uavcan_ros_msgs/share/uavcan_ros_msgs/cmake/rosidl_cmake_export_typesupport_targets-extras.cmake
-- Symlinking: /home/nacho/colcon_workspaces/smarc_ws/install/uavcan_ros_msgs/share/uavcan_ros_msgs/cmake/rosidl_cmake_export_typesupport_libraries-extras.cmake
-- Symlinking: /home/nacho/colcon_workspaces/smarc_ws/install/uavcan_ros_msgs/share/uavcan_ros_msgs/cmake/uavcan_ros_msgsConfig.cmake
-- Symlinking: /home/nacho/colcon_workspaces/smarc_ws/install/uavcan_ros_msgs/share/uavcan_ros_msgs/cmake/uavcan_ros_msgsConfig-version.cmake
-- Symlinking: /home/nacho/colcon_workspaces/smarc_ws/install/uavcan_ros_msgs/share/uavcan_ros_msgs/package.xml
-- Installing: /home/nacho/colcon_workspaces/smarc_ws/install/uavcan_ros_msgs/lib/libuavcan_ros_msgs__rosidl_generator_c.so
-- Set runtime path of "/home/nacho/colcon_workspaces/smarc_ws/install/uavcan_ros_msgs/lib/libuavcan_ros_msgs__rosidl_generator_c.so" to ""
-- Installing: /home/nacho/colcon_workspaces/smarc_ws/install/uavcan_ros_msgs/lib/libuavcan_ros_msgs__rosidl_typesupport_fastrtps_c.so
-- Set runtime path of "/home/nacho/colcon_workspaces/smarc_ws/install/uavcan_ros_msgs/lib/libuavcan_ros_msgs__rosidl_typesupport_fastrtps_c.so" to ""
-- Installing: /home/nacho/colcon_workspaces/smarc_ws/install/uavcan_ros_msgs/lib/libuavcan_ros_msgs__rosidl_typesupport_introspection_c.so
-- Set runtime path of "/home/nacho/colcon_workspaces/smarc_ws/install/uavcan_ros_msgs/lib/libuavcan_ros_msgs__rosidl_typesupport_introspection_c.so" to ""
-- Installing: /home/nacho/colcon_workspaces/smarc_ws/install/uavcan_ros_msgs/lib/libuavcan_ros_msgs__rosidl_typesupport_c.so
-- Set runtime path of "/home/nacho/colcon_workspaces/smarc_ws/install/uavcan_ros_msgs/lib/libuavcan_ros_msgs__rosidl_typesupport_c.so" to ""
-- Installing: /home/nacho/colcon_workspaces/smarc_ws/install/uavcan_ros_msgs/lib/libuavcan_ros_msgs__rosidl_typesupport_fastrtps_cpp.so
-- Set runtime path of "/home/nacho/colcon_workspaces/smarc_ws/install/uavcan_ros_msgs/lib/libuavcan_ros_msgs__rosidl_typesupport_fastrtps_cpp.so" to ""
-- Installing: /home/nacho/colcon_workspaces/smarc_ws/install/uavcan_ros_msgs/lib/libuavcan_ros_msgs__rosidl_typesupport_introspection_cpp.so
-- Set runtime path of "/home/nacho/colcon_workspaces/smarc_ws/install/uavcan_ros_msgs/lib/libuavcan_ros_msgs__rosidl_typesupport_introspection_cpp.so" to ""
-- Installing: /home/nacho/colcon_workspaces/smarc_ws/install/uavcan_ros_msgs/lib/libuavcan_ros_msgs__rosidl_typesupport_cpp.so
-- Set runtime path of "/home/nacho/colcon_workspaces/smarc_ws/install/uavcan_ros_msgs/lib/libuavcan_ros_msgs__rosidl_typesupport_cpp.so" to ""
Listing '/home/nacho/colcon_workspaces/smarc_ws/install/uavcan_ros_msgs/local/lib/python3.10/dist-packages/uavcan_ros_msgs'...
Compiling '/home/nacho/colcon_workspaces/smarc_ws/install/uavcan_ros_msgs/local/lib/python3.10/dist-packages/uavcan_ros_msgs/__init__.py'...
Listing '/home/nacho/colcon_workspaces/smarc_ws/install/uavcan_ros_msgs/local/lib/python3.10/dist-packages/uavcan_ros_msgs/msg'...
Compiling '/home/nacho/colcon_workspaces/smarc_ws/install/uavcan_ros_msgs/local/lib/python3.10/dist-packages/uavcan_ros_msgs/msg/__init__.py'...
Compiling '/home/nacho/colcon_workspaces/smarc_ws/install/uavcan_ros_msgs/local/lib/python3.10/dist-packages/uavcan_ros_msgs/msg/_esc_status.py'...
Compiling '/home/nacho/colcon_workspaces/smarc_ws/install/uavcan_ros_msgs/local/lib/python3.10/dist-packages/uavcan_ros_msgs/msg/_uavcan_node_status.py'...
Listing '/home/nacho/colcon_workspaces/smarc_ws/install/uavcan_ros_msgs/local/lib/python3.10/dist-packages/uavcan_ros_msgs/srv'...
Compiling '/home/nacho/colcon_workspaces/smarc_ws/install/uavcan_ros_msgs/local/lib/python3.10/dist-packages/uavcan_ros_msgs/srv/__init__.py'...
Compiling '/home/nacho/colcon_workspaces/smarc_ws/install/uavcan_ros_msgs/local/lib/python3.10/dist-packages/uavcan_ros_msgs/srv/_uavcan_get_node_info.py'...
Compiling '/home/nacho/colcon_workspaces/smarc_ws/install/uavcan_ros_msgs/local/lib/python3.10/dist-packages/uavcan_ros_msgs/srv/_uavcan_get_transport_stats.py'...
Compiling '/home/nacho/colcon_workspaces/smarc_ws/install/uavcan_ros_msgs/local/lib/python3.10/dist-packages/uavcan_ros_msgs/srv/_uavcan_restart_node.py'...
-- Installing: /home/nacho/colcon_workspaces/smarc_ws/install/uavcan_ros_msgs/lib/libuavcan_ros_msgs__rosidl_generator_py.so
-- Set runtime path of "/home/nacho/colcon_workspaces/smarc_ws/install/uavcan_ros_msgs/lib/libuavcan_ros_msgs__rosidl_generator_py.so" to ""
-- Installing: /home/nacho/colcon_workspaces/smarc_ws/install/uavcan_ros_msgs/share/uavcan_ros_msgs/cmake/export_uavcan_ros_msgs__rosidl_generator_cExport.cmake
-- Installing: /home/nacho/colcon_workspaces/smarc_ws/install/uavcan_ros_msgs/share/uavcan_ros_msgs/cmake/export_uavcan_ros_msgs__rosidl_generator_cExport-noconfig.cmake
-- Installing: /home/nacho/colcon_workspaces/smarc_ws/install/uavcan_ros_msgs/share/uavcan_ros_msgs/cmake/export_uavcan_ros_msgs__rosidl_typesupport_fastrtps_cExport.cmake
-- Installing: /home/nacho/colcon_workspaces/smarc_ws/install/uavcan_ros_msgs/share/uavcan_ros_msgs/cmake/export_uavcan_ros_msgs__rosidl_typesupport_fastrtps_cExport-noconfig.cmake
-- Installing: /home/nacho/colcon_workspaces/smarc_ws/install/uavcan_ros_msgs/share/uavcan_ros_msgs/cmake/uavcan_ros_msgs__rosidl_typesupport_introspection_cExport.cmake
-- Installing: /home/nacho/colcon_workspaces/smarc_ws/install/uavcan_ros_msgs/share/uavcan_ros_msgs/cmake/uavcan_ros_msgs__rosidl_typesupport_introspection_cExport-noconfig.cmake
-- Installing: /home/nacho/colcon_workspaces/smarc_ws/install/uavcan_ros_msgs/share/uavcan_ros_msgs/cmake/uavcan_ros_msgs__rosidl_typesupport_cExport.cmake
-- Installing: /home/nacho/colcon_workspaces/smarc_ws/install/uavcan_ros_msgs/share/uavcan_ros_msgs/cmake/uavcan_ros_msgs__rosidl_typesupport_cExport-noconfig.cmake
-- Installing: /home/nacho/colcon_workspaces/smarc_ws/install/uavcan_ros_msgs/share/uavcan_ros_msgs/cmake/export_uavcan_ros_msgs__rosidl_generator_cppExport.cmake
-- Installing: /home/nacho/colcon_workspaces/smarc_ws/install/uavcan_ros_msgs/share/uavcan_ros_msgs/cmake/export_uavcan_ros_msgs__rosidl_typesupport_fastrtps_cppExport.cmake
-- Installing: /home/nacho/colcon_workspaces/smarc_ws/install/uavcan_ros_msgs/share/uavcan_ros_msgs/cmake/export_uavcan_ros_msgs__rosidl_typesupport_fastrtps_cppExport-noconfig.cmake
-- Installing: /home/nacho/colcon_workspaces/smarc_ws/install/uavcan_ros_msgs/share/uavcan_ros_msgs/cmake/uavcan_ros_msgs__rosidl_typesupport_introspection_cppExport.cmake
-- Installing: /home/nacho/colcon_workspaces/smarc_ws/install/uavcan_ros_msgs/share/uavcan_ros_msgs/cmake/uavcan_ros_msgs__rosidl_typesupport_introspection_cppExport-noconfig.cmake
-- Installing: /home/nacho/colcon_workspaces/smarc_ws/install/uavcan_ros_msgs/share/uavcan_ros_msgs/cmake/uavcan_ros_msgs__rosidl_typesupport_cppExport.cmake
-- Installing: /home/nacho/colcon_workspaces/smarc_ws/install/uavcan_ros_msgs/share/uavcan_ros_msgs/cmake/uavcan_ros_msgs__rosidl_typesupport_cppExport-noconfig.cmake
-- Installing: /home/nacho/colcon_workspaces/smarc_ws/install/uavcan_ros_msgs/share/uavcan_ros_msgs/cmake/export_uavcan_ros_msgs__rosidl_generator_pyExport.cmake
-- Installing: /home/nacho/colcon_workspaces/smarc_ws/install/uavcan_ros_msgs/share/uavcan_ros_msgs/cmake/export_uavcan_ros_msgs__rosidl_generator_pyExport-noconfig.cmake
