[0.048s] Invoking command in '/home/nacho/colcon_workspaces/smarc_ws/build/uavcan_ros_msgs': CMAKE_PREFIX_PATH=/opt/ros/humble /usr/bin/cmake /home/nacho/colcon_workspaces/smarc_ws/src/smarc2/vehicles/hardware/sam/sam_drivers/uavcan_ros_msgs -DAMENT_CMAKE_SYMLINK_INSTALL=1 -DCMAKE_INSTALL_PREFIX=/home/nacho/colcon_workspaces/smarc_ws/install/uavcan_ros_msgs
[2.969s] -- The C compiler identification is GNU 11.4.0
[2.969s] -- The CXX compiler identification is GNU 11.4.0
[2.969s] -- Detecting C compiler ABI info
[2.969s] -- Detecting C compiler ABI info - done
[2.969s] -- Check for working C compiler: /usr/bin/cc - skipped
[2.970s] -- Detecting C compile features
[2.970s] -- Detecting C compile features - done
[2.970s] -- Detecting CXX compiler ABI info
[2.971s] -- Detecting CXX compiler ABI info - done
[2.971s] -- Check for working CXX compiler: /usr/bin/c++ - skipped
[2.971s] -- Detecting CXX compile features
[2.971s] -- Detecting CXX compile features - done
[2.971s] -- Found ament_cmake: 1.3.11 (/opt/ros/humble/share/ament_cmake/cmake)
[2.971s] -- Found Python3: /usr/bin/python3 (found version "3.10.12") found components: Interpreter 
[2.971s] -- Override CMake install command with custom implementation using symlinks instead of copying resources
[2.971s] -- Found rosidl_default_generators: 1.2.0 (/opt/ros/humble/share/rosidl_default_generators/cmake)
[2.972s] -- Using all available rosidl_typesupport_c: rosidl_typesupport_fastrtps_c;rosidl_typesupport_introspection_c
[2.972s] -- Found rosidl_adapter: 3.1.6 (/opt/ros/humble/share/rosidl_adapter/cmake)
[2.972s] -- Using all available rosidl_typesupport_cpp: rosidl_typesupport_fastrtps_cpp;rosidl_typesupport_introspection_cpp
[2.972s] -- Found geometry_msgs: 4.2.4 (/opt/ros/humble/share/geometry_msgs/cmake)
[2.972s] -- Found geographic_msgs: 1.0.6 (/opt/ros/humble/share/geographic_msgs/cmake)
[2.972s] -- Found nav_msgs: 4.2.4 (/opt/ros/humble/share/nav_msgs/cmake)
[2.972s] -- Found sensor_msgs: 4.2.4 (/opt/ros/humble/share/sensor_msgs/cmake)
[2.972s] -- Found ament_cmake_ros: 0.10.0 (/opt/ros/humble/share/ament_cmake_ros/cmake)
[2.972s] -- Using all available rosidl_typesupport_c: rosidl_typesupport_fastrtps_c;rosidl_typesupport_introspection_c
[2.972s] -- Using all available rosidl_typesupport_cpp: rosidl_typesupport_fastrtps_cpp;rosidl_typesupport_introspection_cpp
[2.972s] -- Found PythonInterp: /usr/bin/python3 (found suitable version "3.10.12", minimum required is "3.6") 
[2.973s] -- Found python_cmake_module: 0.10.0 (/opt/ros/humble/share/python_cmake_module/cmake)
[2.973s] -- Found PythonLibs: /usr/lib/x86_64-linux-gnu/libpython3.10.so (found suitable version "3.10.12", minimum required is "3.5") 
[2.973s] -- Using PYTHON_EXECUTABLE: /usr/bin/python3
[2.973s] -- Using PYTHON_INCLUDE_DIRS: /usr/include/python3.10
[2.973s] -- Using PYTHON_LIBRARIES: /usr/lib/x86_64-linux-gnu/libpython3.10.so
[2.973s] -- Found PythonExtra: .so  
[2.973s] -- Found ament_lint_auto: 0.12.11 (/opt/ros/humble/share/ament_lint_auto/cmake)
[2.973s] -- Added test 'lint_cmake' to check CMake code style
[2.973s] -- Added test 'xmllint' to check XML markup files
[2.973s] -- Configuring done
[2.973s] -- Generating done
[2.974s] -- Build files have been written to: /home/nacho/colcon_workspaces/smarc_ws/build/uavcan_ros_msgs
[2.983s] Invoked command in '/home/nacho/colcon_workspaces/smarc_ws/build/uavcan_ros_msgs' returned '0': CMAKE_PREFIX_PATH=/opt/ros/humble /usr/bin/cmake /home/nacho/colcon_workspaces/smarc_ws/src/smarc2/vehicles/hardware/sam/sam_drivers/uavcan_ros_msgs -DAMENT_CMAKE_SYMLINK_INSTALL=1 -DCMAKE_INSTALL_PREFIX=/home/nacho/colcon_workspaces/smarc_ws/install/uavcan_ros_msgs
[2.984s] Invoking command in '/home/nacho/colcon_workspaces/smarc_ws/build/uavcan_ros_msgs': CMAKE_PREFIX_PATH=/opt/ros/humble /usr/bin/cmake --build /home/nacho/colcon_workspaces/smarc_ws/build/uavcan_ros_msgs -- -j20 -l20
[2.994s] [  1%] [34m[1mGenerating C code for ROS interfaces[0m
[2.999s] [  3%] [34m[1mGenerating C++ code for ROS interfaces[0m
[3.001s] [  3%] Built target ament_cmake_python_symlink_uavcan_ros_msgs
[3.369s] running egg_info
[3.369s] creating uavcan_ros_msgs.egg-info
[3.369s] writing uavcan_ros_msgs.egg-info/PKG-INFO
[3.369s] writing dependency_links to uavcan_ros_msgs.egg-info/dependency_links.txt
[3.369s] writing top-level names to uavcan_ros_msgs.egg-info/top_level.txt
[3.369s] writing manifest file 'uavcan_ros_msgs.egg-info/SOURCES.txt'
[3.370s] reading manifest file 'uavcan_ros_msgs.egg-info/SOURCES.txt'
[3.370s] writing manifest file 'uavcan_ros_msgs.egg-info/SOURCES.txt'
[3.407s] [  3%] Built target ament_cmake_python_build_uavcan_ros_msgs_egg
[3.779s] [  3%] Built target uavcan_ros_msgs__cpp
[3.787s] [  6%] [34m[1mGenerating C++ introspection for ROS interfaces[0m
[3.787s] [  7%] [34m[1mGenerating C++ type support for eProsima Fast-RTPS[0m
[3.787s] [  7%] [34m[1mGenerating C++ type support dispatch for ROS interfaces[0m
[3.947s] [  9%] [32mBuilding C object CMakeFiles/uavcan_ros_msgs__rosidl_generator_c.dir/rosidl_generator_c/uavcan_ros_msgs/srv/detail/uavcan_get_transport_stats__functions.c.o[0m
[3.947s] [ 11%] [32mBuilding C object CMakeFiles/uavcan_ros_msgs__rosidl_generator_c.dir/rosidl_generator_c/uavcan_ros_msgs/msg/detail/esc_status__functions.c.o[0m
[3.950s] [ 12%] [32mBuilding C object CMakeFiles/uavcan_ros_msgs__rosidl_generator_c.dir/rosidl_generator_c/uavcan_ros_msgs/srv/detail/uavcan_get_node_info__functions.c.o[0m
[3.950s] [ 14%] [32mBuilding C object CMakeFiles/uavcan_ros_msgs__rosidl_generator_c.dir/rosidl_generator_c/uavcan_ros_msgs/srv/detail/uavcan_restart_node__functions.c.o[0m
[3.950s] [ 15%] [32mBuilding C object CMakeFiles/uavcan_ros_msgs__rosidl_generator_c.dir/rosidl_generator_c/uavcan_ros_msgs/msg/detail/uavcan_node_status__functions.c.o[0m
[4.076s] [ 17%] [32m[1mLinking C shared library libuavcan_ros_msgs__rosidl_generator_c.so[0m
[4.143s] [ 17%] Built target uavcan_ros_msgs__rosidl_generator_c
[4.166s] [ 19%] [34m[1mGenerating C type support for eProsima Fast-RTPS[0m
[4.166s] [ 20%] [34m[1mGenerating C introspection for ROS interfaces[0m
[4.179s] [ 22%] [34m[1mGenerating C type support dispatch for ROS interfaces[0m
[4.684s] [ 23%] [32mBuilding CXX object CMakeFiles/uavcan_ros_msgs__rosidl_typesupport_introspection_cpp.dir/rosidl_typesupport_introspection_cpp/uavcan_ros_msgs/srv/detail/uavcan_get_transport_stats__type_support.cpp.o[0m
[4.684s] [ 25%] [32mBuilding CXX object CMakeFiles/uavcan_ros_msgs__rosidl_typesupport_introspection_cpp.dir/rosidl_typesupport_introspection_cpp/uavcan_ros_msgs/srv/detail/uavcan_restart_node__type_support.cpp.o[0m
[4.684s] [ 26%] [32mBuilding CXX object CMakeFiles/uavcan_ros_msgs__rosidl_typesupport_introspection_cpp.dir/rosidl_typesupport_introspection_cpp/uavcan_ros_msgs/msg/detail/uavcan_node_status__type_support.cpp.o[0m
[4.685s] [ 28%] [32mBuilding CXX object CMakeFiles/uavcan_ros_msgs__rosidl_typesupport_introspection_cpp.dir/rosidl_typesupport_introspection_cpp/uavcan_ros_msgs/srv/detail/uavcan_get_node_info__type_support.cpp.o[0m
[4.689s] [ 30%] [32mBuilding CXX object CMakeFiles/uavcan_ros_msgs__rosidl_typesupport_introspection_cpp.dir/rosidl_typesupport_introspection_cpp/uavcan_ros_msgs/msg/detail/esc_status__type_support.cpp.o[0m
[4.782s] [ 31%] [32mBuilding CXX object CMakeFiles/uavcan_ros_msgs__rosidl_typesupport_cpp.dir/rosidl_typesupport_cpp/uavcan_ros_msgs/srv/uavcan_get_node_info__type_support.cpp.o[0m
[4.785s] [ 33%] [32mBuilding CXX object CMakeFiles/uavcan_ros_msgs__rosidl_typesupport_cpp.dir/rosidl_typesupport_cpp/uavcan_ros_msgs/srv/uavcan_restart_node__type_support.cpp.o[0m
[4.786s] [ 34%] [32mBuilding CXX object CMakeFiles/uavcan_ros_msgs__rosidl_typesupport_cpp.dir/rosidl_typesupport_cpp/uavcan_ros_msgs/srv/uavcan_get_transport_stats__type_support.cpp.o[0m
[4.788s] [ 36%] [32mBuilding CXX object CMakeFiles/uavcan_ros_msgs__rosidl_typesupport_cpp.dir/rosidl_typesupport_cpp/uavcan_ros_msgs/msg/uavcan_node_status__type_support.cpp.o[0m
[4.800s] [ 38%] [32mBuilding CXX object CMakeFiles/uavcan_ros_msgs__rosidl_typesupport_cpp.dir/rosidl_typesupport_cpp/uavcan_ros_msgs/msg/esc_status__type_support.cpp.o[0m
[4.857s] [ 39%] [32mBuilding CXX object CMakeFiles/uavcan_ros_msgs__rosidl_typesupport_fastrtps_cpp.dir/rosidl_typesupport_fastrtps_cpp/uavcan_ros_msgs/srv/detail/dds_fastrtps/uavcan_get_node_info__type_support.cpp.o[0m
[4.860s] [ 41%] [32mBuilding CXX object CMakeFiles/uavcan_ros_msgs__rosidl_typesupport_fastrtps_cpp.dir/rosidl_typesupport_fastrtps_cpp/uavcan_ros_msgs/srv/detail/dds_fastrtps/uavcan_restart_node__type_support.cpp.o[0m
[4.862s] [ 42%] [32mBuilding CXX object CMakeFiles/uavcan_ros_msgs__rosidl_typesupport_fastrtps_cpp.dir/rosidl_typesupport_fastrtps_cpp/uavcan_ros_msgs/srv/detail/dds_fastrtps/uavcan_get_transport_stats__type_support.cpp.o[0m
[4.864s] [ 44%] [32mBuilding CXX object CMakeFiles/uavcan_ros_msgs__rosidl_typesupport_fastrtps_cpp.dir/rosidl_typesupport_fastrtps_cpp/uavcan_ros_msgs/msg/detail/dds_fastrtps/uavcan_node_status__type_support.cpp.o[0m
[4.868s] [ 46%] [32mBuilding CXX object CMakeFiles/uavcan_ros_msgs__rosidl_typesupport_fastrtps_cpp.dir/rosidl_typesupport_fastrtps_cpp/uavcan_ros_msgs/msg/detail/dds_fastrtps/esc_status__type_support.cpp.o[0m
[5.093s] [ 47%] [32mBuilding CXX object CMakeFiles/uavcan_ros_msgs__rosidl_typesupport_c.dir/rosidl_typesupport_c/uavcan_ros_msgs/srv/uavcan_get_node_info__type_support.cpp.o[0m
[5.095s] [ 49%] [32mBuilding CXX object CMakeFiles/uavcan_ros_msgs__rosidl_typesupport_c.dir/rosidl_typesupport_c/uavcan_ros_msgs/srv/uavcan_restart_node__type_support.cpp.o[0m
[5.099s] [ 50%] [32mBuilding CXX object CMakeFiles/uavcan_ros_msgs__rosidl_typesupport_c.dir/rosidl_typesupport_c/uavcan_ros_msgs/srv/uavcan_get_transport_stats__type_support.cpp.o[0m
[5.101s] [ 52%] [32mBuilding CXX object CMakeFiles/uavcan_ros_msgs__rosidl_typesupport_c.dir/rosidl_typesupport_c/uavcan_ros_msgs/msg/uavcan_node_status__type_support.cpp.o[0m
[5.106s] [ 53%] [32mBuilding CXX object CMakeFiles/uavcan_ros_msgs__rosidl_typesupport_c.dir/rosidl_typesupport_c/uavcan_ros_msgs/msg/esc_status__type_support.cpp.o[0m
[5.173s] [ 55%] [32mBuilding C object CMakeFiles/uavcan_ros_msgs__rosidl_typesupport_introspection_c.dir/rosidl_typesupport_introspection_c/uavcan_ros_msgs/srv/detail/uavcan_get_node_info__type_support.c.o[0m
[5.173s] [ 57%] [32mBuilding C object CMakeFiles/uavcan_ros_msgs__rosidl_typesupport_introspection_c.dir/rosidl_typesupport_introspection_c/uavcan_ros_msgs/srv/detail/uavcan_get_transport_stats__type_support.c.o[0m
[5.173s] [ 58%] [32mBuilding C object CMakeFiles/uavcan_ros_msgs__rosidl_typesupport_introspection_c.dir/rosidl_typesupport_introspection_c/uavcan_ros_msgs/srv/detail/uavcan_restart_node__type_support.c.o[0m
[5.173s] [ 60%] [32mBuilding C object CMakeFiles/uavcan_ros_msgs__rosidl_typesupport_introspection_c.dir/rosidl_typesupport_introspection_c/uavcan_ros_msgs/msg/detail/uavcan_node_status__type_support.c.o[0m
[5.174s] [ 61%] [32m[1mLinking CXX shared library libuavcan_ros_msgs__rosidl_typesupport_c.so[0m
[5.178s] [ 63%] [32mBuilding C object CMakeFiles/uavcan_ros_msgs__rosidl_typesupport_introspection_c.dir/rosidl_typesupport_introspection_c/uavcan_ros_msgs/msg/detail/esc_status__type_support.c.o[0m
[5.187s] [ 65%] [32m[1mLinking CXX shared library libuavcan_ros_msgs__rosidl_typesupport_cpp.so[0m
[5.231s] [ 66%] [32mBuilding CXX object CMakeFiles/uavcan_ros_msgs__rosidl_typesupport_fastrtps_c.dir/rosidl_typesupport_fastrtps_c/uavcan_ros_msgs/srv/detail/uavcan_get_node_info__type_support_c.cpp.o[0m
[5.231s] [ 68%] [32mBuilding CXX object CMakeFiles/uavcan_ros_msgs__rosidl_typesupport_fastrtps_c.dir/rosidl_typesupport_fastrtps_c/uavcan_ros_msgs/srv/detail/uavcan_get_transport_stats__type_support_c.cpp.o[0m
[5.231s] [ 69%] [32mBuilding CXX object CMakeFiles/uavcan_ros_msgs__rosidl_typesupport_fastrtps_c.dir/rosidl_typesupport_fastrtps_c/uavcan_ros_msgs/srv/detail/uavcan_restart_node__type_support_c.cpp.o[0m
[5.231s] [ 71%] [32mBuilding CXX object CMakeFiles/uavcan_ros_msgs__rosidl_typesupport_fastrtps_c.dir/rosidl_typesupport_fastrtps_c/uavcan_ros_msgs/msg/detail/esc_status__type_support_c.cpp.o[0m
[5.235s] [ 73%] [32mBuilding CXX object CMakeFiles/uavcan_ros_msgs__rosidl_typesupport_fastrtps_c.dir/rosidl_typesupport_fastrtps_c/uavcan_ros_msgs/msg/detail/uavcan_node_status__type_support_c.cpp.o[0m
[5.242s] [ 74%] [32m[1mLinking C shared library libuavcan_ros_msgs__rosidl_typesupport_introspection_c.so[0m
[5.247s] [ 74%] Built target uavcan_ros_msgs__rosidl_typesupport_cpp
[5.250s] [ 76%] [32m[1mLinking CXX shared library libuavcan_ros_msgs__rosidl_typesupport_introspection_cpp.so[0m
[5.260s] [ 76%] Built target uavcan_ros_msgs__rosidl_typesupport_c
[5.295s] [ 76%] Built target uavcan_ros_msgs__rosidl_typesupport_introspection_c
[5.346s] [ 76%] Built target uavcan_ros_msgs__rosidl_typesupport_introspection_cpp
[5.496s] [ 77%] [32m[1mLinking CXX shared library libuavcan_ros_msgs__rosidl_typesupport_fastrtps_cpp.so[0m
[5.576s] [ 77%] Built target uavcan_ros_msgs__rosidl_typesupport_fastrtps_cpp
[5.690s] [ 79%] [32m[1mLinking CXX shared library libuavcan_ros_msgs__rosidl_typesupport_fastrtps_c.so[0m
[5.766s] [ 79%] Built target uavcan_ros_msgs__rosidl_typesupport_fastrtps_c
[5.778s] [ 79%] Built target uavcan_ros_msgs
[5.791s] [ 80%] [34m[1mGenerating Python code for ROS interfaces[0m
[8.478s] [ 80%] Built target uavcan_ros_msgs__py
[8.529s] [ 82%] [32mBuilding C object CMakeFiles/uavcan_ros_msgs__rosidl_generator_py.dir/rosidl_generator_py/uavcan_ros_msgs/srv/_uavcan_restart_node_s.c.o[0m
[8.550s] [ 84%] [32mBuilding C object CMakeFiles/uavcan_ros_msgs__rosidl_generator_py.dir/rosidl_generator_py/uavcan_ros_msgs/srv/_uavcan_get_node_info_s.c.o[0m
[8.550s] [ 85%] [32mBuilding C object CMakeFiles/uavcan_ros_msgs__rosidl_generator_py.dir/rosidl_generator_py/uavcan_ros_msgs/srv/_uavcan_get_transport_stats_s.c.o[0m
[8.554s] [ 87%] [32mBuilding C object CMakeFiles/uavcan_ros_msgs__rosidl_generator_py.dir/rosidl_generator_py/uavcan_ros_msgs/msg/_uavcan_node_status_s.c.o[0m
[8.554s] [ 88%] [32mBuilding C object CMakeFiles/uavcan_ros_msgs__rosidl_generator_py.dir/rosidl_generator_py/uavcan_ros_msgs/msg/_esc_status_s.c.o[0m
[8.875s] [ 90%] [32m[1mLinking C shared library rosidl_generator_py/uavcan_ros_msgs/libuavcan_ros_msgs__rosidl_generator_py.so[0m
[8.971s] [ 90%] Built target uavcan_ros_msgs__rosidl_generator_py
[9.016s] [ 92%] [32mBuilding C object CMakeFiles/uavcan_ros_msgs__rosidl_typesupport_introspection_c__pyext.dir/rosidl_generator_py/uavcan_ros_msgs/_uavcan_ros_msgs_s.ep.rosidl_typesupport_introspection_c.c.o[0m
[9.030s] [ 93%] [32mBuilding C object CMakeFiles/uavcan_ros_msgs__rosidl_typesupport_fastrtps_c__pyext.dir/rosidl_generator_py/uavcan_ros_msgs/_uavcan_ros_msgs_s.ep.rosidl_typesupport_fastrtps_c.c.o[0m
[9.055s] [ 95%] [32mBuilding C object CMakeFiles/uavcan_ros_msgs__rosidl_typesupport_c__pyext.dir/rosidl_generator_py/uavcan_ros_msgs/_uavcan_ros_msgs_s.ep.rosidl_typesupport_c.c.o[0m
[9.213s] [ 96%] [32m[1mLinking C shared library rosidl_generator_py/uavcan_ros_msgs/uavcan_ros_msgs_s__rosidl_typesupport_introspection_c.cpython-310-x86_64-linux-gnu.so[0m
[9.277s] [ 98%] [32m[1mLinking C shared library rosidl_generator_py/uavcan_ros_msgs/uavcan_ros_msgs_s__rosidl_typesupport_c.cpython-310-x86_64-linux-gnu.so[0m
[9.332s] [ 98%] Built target uavcan_ros_msgs__rosidl_typesupport_introspection_c__pyext
[9.349s] [100%] [32m[1mLinking C shared library rosidl_generator_py/uavcan_ros_msgs/uavcan_ros_msgs_s__rosidl_typesupport_fastrtps_c.cpython-310-x86_64-linux-gnu.so[0m
[9.377s] [100%] Built target uavcan_ros_msgs__rosidl_typesupport_c__pyext
[9.433s] [100%] Built target uavcan_ros_msgs__rosidl_typesupport_fastrtps_c__pyext
[9.480s] Invoked command in '/home/nacho/colcon_workspaces/smarc_ws/build/uavcan_ros_msgs' returned '0': CMAKE_PREFIX_PATH=/opt/ros/humble /usr/bin/cmake --build /home/nacho/colcon_workspaces/smarc_ws/build/uavcan_ros_msgs -- -j20 -l20
[9.485s] Invoking command in '/home/nacho/colcon_workspaces/smarc_ws/build/uavcan_ros_msgs': CMAKE_PREFIX_PATH=/opt/ros/humble /usr/bin/cmake --install /home/nacho/colcon_workspaces/smarc_ws/build/uavcan_ros_msgs
[9.498s] -- Install configuration: ""
[9.499s] -- Execute custom install script
[9.499s] -- Symlinking: /home/nacho/colcon_workspaces/smarc_ws/install/uavcan_ros_msgs/share/ament_index/resource_index/rosidl_interfaces/uavcan_ros_msgs
[9.509s] -- Symlinking: /home/nacho/colcon_workspaces/smarc_ws/install/uavcan_ros_msgs/include/uavcan_ros_msgs/uavcan_ros_msgs/msg/detail/esc_status__functions.h
[9.530s] -- Symlinking: /home/nacho/colcon_workspaces/smarc_ws/install/uavcan_ros_msgs/include/uavcan_ros_msgs/uavcan_ros_msgs/msg/detail/esc_status__struct.h
[9.552s] -- Symlinking: /home/nacho/colcon_workspaces/smarc_ws/install/uavcan_ros_msgs/include/uavcan_ros_msgs/uavcan_ros_msgs/msg/detail/esc_status__type_support.h
[9.568s] -- Symlinking: /home/nacho/colcon_workspaces/smarc_ws/install/uavcan_ros_msgs/include/uavcan_ros_msgs/uavcan_ros_msgs/msg/detail/uavcan_node_status__functions.h
[9.580s] -- Symlinking: /home/nacho/colcon_workspaces/smarc_ws/install/uavcan_ros_msgs/include/uavcan_ros_msgs/uavcan_ros_msgs/msg/detail/uavcan_node_status__struct.h
[9.588s] -- Symlinking: /home/nacho/colcon_workspaces/smarc_ws/install/uavcan_ros_msgs/include/uavcan_ros_msgs/uavcan_ros_msgs/msg/detail/uavcan_node_status__type_support.h
[9.597s] -- Symlinking: /home/nacho/colcon_workspaces/smarc_ws/install/uavcan_ros_msgs/include/uavcan_ros_msgs/uavcan_ros_msgs/msg/esc_status.h
[9.612s] -- Symlinking: /home/nacho/colcon_workspaces/smarc_ws/install/uavcan_ros_msgs/include/uavcan_ros_msgs/uavcan_ros_msgs/msg/rosidl_generator_c__visibility_control.h
[9.620s] -- Symlinking: /home/nacho/colcon_workspaces/smarc_ws/install/uavcan_ros_msgs/include/uavcan_ros_msgs/uavcan_ros_msgs/msg/uavcan_node_status.h
[9.631s] -- Symlinking: /home/nacho/colcon_workspaces/smarc_ws/install/uavcan_ros_msgs/include/uavcan_ros_msgs/uavcan_ros_msgs/srv/detail/uavcan_get_node_info__functions.h
[9.648s] -- Symlinking: /home/nacho/colcon_workspaces/smarc_ws/install/uavcan_ros_msgs/include/uavcan_ros_msgs/uavcan_ros_msgs/srv/detail/uavcan_get_node_info__struct.h
[9.659s] -- Symlinking: /home/nacho/colcon_workspaces/smarc_ws/install/uavcan_ros_msgs/include/uavcan_ros_msgs/uavcan_ros_msgs/srv/detail/uavcan_get_node_info__type_support.h
[9.673s] -- Symlinking: /home/nacho/colcon_workspaces/smarc_ws/install/uavcan_ros_msgs/include/uavcan_ros_msgs/uavcan_ros_msgs/srv/detail/uavcan_get_transport_stats__functions.h
[9.694s] -- Symlinking: /home/nacho/colcon_workspaces/smarc_ws/install/uavcan_ros_msgs/include/uavcan_ros_msgs/uavcan_ros_msgs/srv/detail/uavcan_get_transport_stats__struct.h
[9.708s] -- Symlinking: /home/nacho/colcon_workspaces/smarc_ws/install/uavcan_ros_msgs/include/uavcan_ros_msgs/uavcan_ros_msgs/srv/detail/uavcan_get_transport_stats__type_support.h
[9.726s] -- Symlinking: /home/nacho/colcon_workspaces/smarc_ws/install/uavcan_ros_msgs/include/uavcan_ros_msgs/uavcan_ros_msgs/srv/detail/uavcan_restart_node__functions.h
[9.743s] -- Symlinking: /home/nacho/colcon_workspaces/smarc_ws/install/uavcan_ros_msgs/include/uavcan_ros_msgs/uavcan_ros_msgs/srv/detail/uavcan_restart_node__struct.h
[9.766s] -- Symlinking: /home/nacho/colcon_workspaces/smarc_ws/install/uavcan_ros_msgs/include/uavcan_ros_msgs/uavcan_ros_msgs/srv/detail/uavcan_restart_node__type_support.h
[9.772s] -- Symlinking: /home/nacho/colcon_workspaces/smarc_ws/install/uavcan_ros_msgs/include/uavcan_ros_msgs/uavcan_ros_msgs/srv/uavcan_get_node_info.h
[9.791s] -- Symlinking: /home/nacho/colcon_workspaces/smarc_ws/install/uavcan_ros_msgs/include/uavcan_ros_msgs/uavcan_ros_msgs/srv/uavcan_get_transport_stats.h
[9.809s] -- Symlinking: /home/nacho/colcon_workspaces/smarc_ws/install/uavcan_ros_msgs/include/uavcan_ros_msgs/uavcan_ros_msgs/srv/uavcan_restart_node.h
[9.820s] -- Symlinking: /home/nacho/colcon_workspaces/smarc_ws/install/uavcan_ros_msgs/share/uavcan_ros_msgs/environment/library_path.sh
[9.838s] -- Symlinking: /home/nacho/colcon_workspaces/smarc_ws/install/uavcan_ros_msgs/share/uavcan_ros_msgs/environment/library_path.dsv
[9.853s] -- Symlinking: /home/nacho/colcon_workspaces/smarc_ws/install/uavcan_ros_msgs/include/uavcan_ros_msgs/uavcan_ros_msgs/msg/detail/esc_status__rosidl_typesupport_fastrtps_c.h
[9.867s] -- Symlinking: /home/nacho/colcon_workspaces/smarc_ws/install/uavcan_ros_msgs/include/uavcan_ros_msgs/uavcan_ros_msgs/msg/detail/uavcan_node_status__rosidl_typesupport_fastrtps_c.h
[9.882s] -- Symlinking: /home/nacho/colcon_workspaces/smarc_ws/install/uavcan_ros_msgs/include/uavcan_ros_msgs/uavcan_ros_msgs/msg/rosidl_typesupport_fastrtps_c__visibility_control.h
[9.895s] -- Symlinking: /home/nacho/colcon_workspaces/smarc_ws/install/uavcan_ros_msgs/include/uavcan_ros_msgs/uavcan_ros_msgs/srv/detail/uavcan_get_node_info__rosidl_typesupport_fastrtps_c.h
[9.910s] -- Symlinking: /home/nacho/colcon_workspaces/smarc_ws/install/uavcan_ros_msgs/include/uavcan_ros_msgs/uavcan_ros_msgs/srv/detail/uavcan_get_transport_stats__rosidl_typesupport_fastrtps_c.h
[9.926s] -- Symlinking: /home/nacho/colcon_workspaces/smarc_ws/install/uavcan_ros_msgs/include/uavcan_ros_msgs/uavcan_ros_msgs/srv/detail/uavcan_restart_node__rosidl_typesupport_fastrtps_c.h
[9.939s] -- Symlinking: /home/nacho/colcon_workspaces/smarc_ws/install/uavcan_ros_msgs/include/uavcan_ros_msgs/uavcan_ros_msgs/msg/detail/esc_status__rosidl_typesupport_introspection_c.h
[9.955s] -- Symlinking: /home/nacho/colcon_workspaces/smarc_ws/install/uavcan_ros_msgs/include/uavcan_ros_msgs/uavcan_ros_msgs/msg/detail/uavcan_node_status__rosidl_typesupport_introspection_c.h
[9.969s] -- Symlinking: /home/nacho/colcon_workspaces/smarc_ws/install/uavcan_ros_msgs/include/uavcan_ros_msgs/uavcan_ros_msgs/msg/rosidl_typesupport_introspection_c__visibility_control.h
[9.988s] -- Symlinking: /home/nacho/colcon_workspaces/smarc_ws/install/uavcan_ros_msgs/include/uavcan_ros_msgs/uavcan_ros_msgs/srv/detail/uavcan_get_node_info__rosidl_typesupport_introspection_c.h
[9.994s] -- Symlinking: /home/nacho/colcon_workspaces/smarc_ws/install/uavcan_ros_msgs/include/uavcan_ros_msgs/uavcan_ros_msgs/srv/detail/uavcan_get_transport_stats__rosidl_typesupport_introspection_c.h
[10.007s] -- Symlinking: /home/nacho/colcon_workspaces/smarc_ws/install/uavcan_ros_msgs/include/uavcan_ros_msgs/uavcan_ros_msgs/srv/detail/uavcan_restart_node__rosidl_typesupport_introspection_c.h
[10.016s] -- Symlinking: /home/nacho/colcon_workspaces/smarc_ws/install/uavcan_ros_msgs/include/uavcan_ros_msgs/uavcan_ros_msgs/msg/detail/esc_status__builder.hpp
[10.025s] -- Symlinking: /home/nacho/colcon_workspaces/smarc_ws/install/uavcan_ros_msgs/include/uavcan_ros_msgs/uavcan_ros_msgs/msg/detail/esc_status__struct.hpp
[10.033s] -- Symlinking: /home/nacho/colcon_workspaces/smarc_ws/install/uavcan_ros_msgs/include/uavcan_ros_msgs/uavcan_ros_msgs/msg/detail/esc_status__traits.hpp
[10.047s] -- Symlinking: /home/nacho/colcon_workspaces/smarc_ws/install/uavcan_ros_msgs/include/uavcan_ros_msgs/uavcan_ros_msgs/msg/detail/esc_status__type_support.hpp
[10.053s] -- Symlinking: /home/nacho/colcon_workspaces/smarc_ws/install/uavcan_ros_msgs/include/uavcan_ros_msgs/uavcan_ros_msgs/msg/detail/uavcan_node_status__builder.hpp
[10.066s] -- Symlinking: /home/nacho/colcon_workspaces/smarc_ws/install/uavcan_ros_msgs/include/uavcan_ros_msgs/uavcan_ros_msgs/msg/detail/uavcan_node_status__struct.hpp
[10.075s] -- Symlinking: /home/nacho/colcon_workspaces/smarc_ws/install/uavcan_ros_msgs/include/uavcan_ros_msgs/uavcan_ros_msgs/msg/detail/uavcan_node_status__traits.hpp
[10.080s] -- Symlinking: /home/nacho/colcon_workspaces/smarc_ws/install/uavcan_ros_msgs/include/uavcan_ros_msgs/uavcan_ros_msgs/msg/detail/uavcan_node_status__type_support.hpp
[10.091s] -- Symlinking: /home/nacho/colcon_workspaces/smarc_ws/install/uavcan_ros_msgs/include/uavcan_ros_msgs/uavcan_ros_msgs/msg/esc_status.hpp
[10.099s] -- Symlinking: /home/nacho/colcon_workspaces/smarc_ws/install/uavcan_ros_msgs/include/uavcan_ros_msgs/uavcan_ros_msgs/msg/rosidl_generator_cpp__visibility_control.hpp
[10.110s] -- Symlinking: /home/nacho/colcon_workspaces/smarc_ws/install/uavcan_ros_msgs/include/uavcan_ros_msgs/uavcan_ros_msgs/msg/uavcan_node_status.hpp
[10.116s] -- Symlinking: /home/nacho/colcon_workspaces/smarc_ws/install/uavcan_ros_msgs/include/uavcan_ros_msgs/uavcan_ros_msgs/srv/detail/uavcan_get_node_info__builder.hpp
[10.124s] -- Symlinking: /home/nacho/colcon_workspaces/smarc_ws/install/uavcan_ros_msgs/include/uavcan_ros_msgs/uavcan_ros_msgs/srv/detail/uavcan_get_node_info__struct.hpp
[10.134s] -- Symlinking: /home/nacho/colcon_workspaces/smarc_ws/install/uavcan_ros_msgs/include/uavcan_ros_msgs/uavcan_ros_msgs/srv/detail/uavcan_get_node_info__traits.hpp
[10.142s] -- Symlinking: /home/nacho/colcon_workspaces/smarc_ws/install/uavcan_ros_msgs/include/uavcan_ros_msgs/uavcan_ros_msgs/srv/detail/uavcan_get_node_info__type_support.hpp
[10.150s] -- Symlinking: /home/nacho/colcon_workspaces/smarc_ws/install/uavcan_ros_msgs/include/uavcan_ros_msgs/uavcan_ros_msgs/srv/detail/uavcan_get_transport_stats__builder.hpp
[10.155s] -- Symlinking: /home/nacho/colcon_workspaces/smarc_ws/install/uavcan_ros_msgs/include/uavcan_ros_msgs/uavcan_ros_msgs/srv/detail/uavcan_get_transport_stats__struct.hpp
[10.160s] -- Symlinking: /home/nacho/colcon_workspaces/smarc_ws/install/uavcan_ros_msgs/include/uavcan_ros_msgs/uavcan_ros_msgs/srv/detail/uavcan_get_transport_stats__traits.hpp
[10.167s] -- Symlinking: /home/nacho/colcon_workspaces/smarc_ws/install/uavcan_ros_msgs/include/uavcan_ros_msgs/uavcan_ros_msgs/srv/detail/uavcan_get_transport_stats__type_support.hpp
[10.174s] -- Symlinking: /home/nacho/colcon_workspaces/smarc_ws/install/uavcan_ros_msgs/include/uavcan_ros_msgs/uavcan_ros_msgs/srv/detail/uavcan_restart_node__builder.hpp
[10.179s] -- Symlinking: /home/nacho/colcon_workspaces/smarc_ws/install/uavcan_ros_msgs/include/uavcan_ros_msgs/uavcan_ros_msgs/srv/detail/uavcan_restart_node__struct.hpp
[10.185s] -- Symlinking: /home/nacho/colcon_workspaces/smarc_ws/install/uavcan_ros_msgs/include/uavcan_ros_msgs/uavcan_ros_msgs/srv/detail/uavcan_restart_node__traits.hpp
[10.192s] -- Symlinking: /home/nacho/colcon_workspaces/smarc_ws/install/uavcan_ros_msgs/include/uavcan_ros_msgs/uavcan_ros_msgs/srv/detail/uavcan_restart_node__type_support.hpp
[10.200s] -- Symlinking: /home/nacho/colcon_workspaces/smarc_ws/install/uavcan_ros_msgs/include/uavcan_ros_msgs/uavcan_ros_msgs/srv/uavcan_get_node_info.hpp
[10.207s] -- Symlinking: /home/nacho/colcon_workspaces/smarc_ws/install/uavcan_ros_msgs/include/uavcan_ros_msgs/uavcan_ros_msgs/srv/uavcan_get_transport_stats.hpp
[10.216s] -- Symlinking: /home/nacho/colcon_workspaces/smarc_ws/install/uavcan_ros_msgs/include/uavcan_ros_msgs/uavcan_ros_msgs/srv/uavcan_restart_node.hpp
[10.222s] -- Symlinking: /home/nacho/colcon_workspaces/smarc_ws/install/uavcan_ros_msgs/include/uavcan_ros_msgs/uavcan_ros_msgs/msg/detail/esc_status__rosidl_typesupport_fastrtps_cpp.hpp
[10.230s] -- Symlinking: /home/nacho/colcon_workspaces/smarc_ws/install/uavcan_ros_msgs/include/uavcan_ros_msgs/uavcan_ros_msgs/msg/detail/uavcan_node_status__rosidl_typesupport_fastrtps_cpp.hpp
[10.236s] -- Symlinking: /home/nacho/colcon_workspaces/smarc_ws/install/uavcan_ros_msgs/include/uavcan_ros_msgs/uavcan_ros_msgs/msg/rosidl_typesupport_fastrtps_cpp__visibility_control.h
[10.244s] -- Symlinking: /home/nacho/colcon_workspaces/smarc_ws/install/uavcan_ros_msgs/include/uavcan_ros_msgs/uavcan_ros_msgs/srv/detail/uavcan_get_node_info__rosidl_typesupport_fastrtps_cpp.hpp
[10.249s] -- Symlinking: /home/nacho/colcon_workspaces/smarc_ws/install/uavcan_ros_msgs/include/uavcan_ros_msgs/uavcan_ros_msgs/srv/detail/uavcan_get_transport_stats__rosidl_typesupport_fastrtps_cpp.hpp
[10.254s] -- Symlinking: /home/nacho/colcon_workspaces/smarc_ws/install/uavcan_ros_msgs/include/uavcan_ros_msgs/uavcan_ros_msgs/srv/detail/uavcan_restart_node__rosidl_typesupport_fastrtps_cpp.hpp
[10.259s] -- Symlinking: /home/nacho/colcon_workspaces/smarc_ws/install/uavcan_ros_msgs/include/uavcan_ros_msgs/uavcan_ros_msgs/msg/detail/esc_status__rosidl_typesupport_introspection_cpp.hpp
[10.265s] -- Symlinking: /home/nacho/colcon_workspaces/smarc_ws/install/uavcan_ros_msgs/include/uavcan_ros_msgs/uavcan_ros_msgs/msg/detail/uavcan_node_status__rosidl_typesupport_introspection_cpp.hpp
[10.274s] -- Symlinking: /home/nacho/colcon_workspaces/smarc_ws/install/uavcan_ros_msgs/include/uavcan_ros_msgs/uavcan_ros_msgs/srv/detail/uavcan_get_node_info__rosidl_typesupport_introspection_cpp.hpp
[10.280s] -- Symlinking: /home/nacho/colcon_workspaces/smarc_ws/install/uavcan_ros_msgs/include/uavcan_ros_msgs/uavcan_ros_msgs/srv/detail/uavcan_get_transport_stats__rosidl_typesupport_introspection_cpp.hpp
[10.286s] -- Symlinking: /home/nacho/colcon_workspaces/smarc_ws/install/uavcan_ros_msgs/include/uavcan_ros_msgs/uavcan_ros_msgs/srv/detail/uavcan_restart_node__rosidl_typesupport_introspection_cpp.hpp
[10.292s] -- Symlinking: /home/nacho/colcon_workspaces/smarc_ws/install/uavcan_ros_msgs/share/uavcan_ros_msgs/environment/pythonpath.sh
[10.299s] -- Symlinking: /home/nacho/colcon_workspaces/smarc_ws/install/uavcan_ros_msgs/share/uavcan_ros_msgs/environment/pythonpath.dsv
[10.308s] -- Symlinking: /home/nacho/colcon_workspaces/smarc_ws/install/uavcan_ros_msgs/local/lib/python3.10/dist-packages/uavcan_ros_msgs-0.0.0-py3.10.egg-info/PKG-INFO
[10.313s] -- Symlinking: /home/nacho/colcon_workspaces/smarc_ws/install/uavcan_ros_msgs/local/lib/python3.10/dist-packages/uavcan_ros_msgs-0.0.0-py3.10.egg-info/SOURCES.txt
[10.320s] -- Symlinking: /home/nacho/colcon_workspaces/smarc_ws/install/uavcan_ros_msgs/local/lib/python3.10/dist-packages/uavcan_ros_msgs-0.0.0-py3.10.egg-info/dependency_links.txt
[10.325s] -- Symlinking: /home/nacho/colcon_workspaces/smarc_ws/install/uavcan_ros_msgs/local/lib/python3.10/dist-packages/uavcan_ros_msgs-0.0.0-py3.10.egg-info/top_level.txt
[10.333s] -- Symlinking: /home/nacho/colcon_workspaces/smarc_ws/install/uavcan_ros_msgs/local/lib/python3.10/dist-packages/uavcan_ros_msgs/__init__.py
[10.341s] -- Symlinking: /home/nacho/colcon_workspaces/smarc_ws/install/uavcan_ros_msgs/local/lib/python3.10/dist-packages/uavcan_ros_msgs/_uavcan_ros_msgs_s.ep.rosidl_typesupport_c.c
[10.347s] -- Symlinking: /home/nacho/colcon_workspaces/smarc_ws/install/uavcan_ros_msgs/local/lib/python3.10/dist-packages/uavcan_ros_msgs/_uavcan_ros_msgs_s.ep.rosidl_typesupport_fastrtps_c.c
[10.352s] -- Symlinking: /home/nacho/colcon_workspaces/smarc_ws/install/uavcan_ros_msgs/local/lib/python3.10/dist-packages/uavcan_ros_msgs/_uavcan_ros_msgs_s.ep.rosidl_typesupport_introspection_c.c
[10.359s] -- Symlinking: /home/nacho/colcon_workspaces/smarc_ws/install/uavcan_ros_msgs/local/lib/python3.10/dist-packages/uavcan_ros_msgs/libuavcan_ros_msgs__rosidl_generator_py.so
[10.367s] -- Symlinking: /home/nacho/colcon_workspaces/smarc_ws/install/uavcan_ros_msgs/local/lib/python3.10/dist-packages/uavcan_ros_msgs/msg/__init__.py
[10.374s] -- Symlinking: /home/nacho/colcon_workspaces/smarc_ws/install/uavcan_ros_msgs/local/lib/python3.10/dist-packages/uavcan_ros_msgs/msg/_esc_status.py
[10.381s] -- Symlinking: /home/nacho/colcon_workspaces/smarc_ws/install/uavcan_ros_msgs/local/lib/python3.10/dist-packages/uavcan_ros_msgs/msg/_esc_status_s.c
[10.390s] -- Symlinking: /home/nacho/colcon_workspaces/smarc_ws/install/uavcan_ros_msgs/local/lib/python3.10/dist-packages/uavcan_ros_msgs/msg/_uavcan_node_status.py
[10.398s] -- Symlinking: /home/nacho/colcon_workspaces/smarc_ws/install/uavcan_ros_msgs/local/lib/python3.10/dist-packages/uavcan_ros_msgs/msg/_uavcan_node_status_s.c
[10.409s] -- Symlinking: /home/nacho/colcon_workspaces/smarc_ws/install/uavcan_ros_msgs/local/lib/python3.10/dist-packages/uavcan_ros_msgs/srv/__init__.py
[10.420s] -- Symlinking: /home/nacho/colcon_workspaces/smarc_ws/install/uavcan_ros_msgs/local/lib/python3.10/dist-packages/uavcan_ros_msgs/srv/_uavcan_get_node_info.py
[10.433s] -- Symlinking: /home/nacho/colcon_workspaces/smarc_ws/install/uavcan_ros_msgs/local/lib/python3.10/dist-packages/uavcan_ros_msgs/srv/_uavcan_get_node_info_s.c
[10.444s] -- Symlinking: /home/nacho/colcon_workspaces/smarc_ws/install/uavcan_ros_msgs/local/lib/python3.10/dist-packages/uavcan_ros_msgs/srv/_uavcan_get_transport_stats.py
[10.455s] -- Symlinking: /home/nacho/colcon_workspaces/smarc_ws/install/uavcan_ros_msgs/local/lib/python3.10/dist-packages/uavcan_ros_msgs/srv/_uavcan_get_transport_stats_s.c
[10.466s] -- Symlinking: /home/nacho/colcon_workspaces/smarc_ws/install/uavcan_ros_msgs/local/lib/python3.10/dist-packages/uavcan_ros_msgs/srv/_uavcan_restart_node.py
[10.477s] -- Symlinking: /home/nacho/colcon_workspaces/smarc_ws/install/uavcan_ros_msgs/local/lib/python3.10/dist-packages/uavcan_ros_msgs/srv/_uavcan_restart_node_s.c
[10.490s] -- Symlinking: /home/nacho/colcon_workspaces/smarc_ws/install/uavcan_ros_msgs/local/lib/python3.10/dist-packages/uavcan_ros_msgs/uavcan_ros_msgs_s__rosidl_typesupport_c.cpython-310-x86_64-linux-gnu.so
[10.502s] -- Symlinking: /home/nacho/colcon_workspaces/smarc_ws/install/uavcan_ros_msgs/local/lib/python3.10/dist-packages/uavcan_ros_msgs/uavcan_ros_msgs_s__rosidl_typesupport_fastrtps_c.cpython-310-x86_64-linux-gnu.so
[10.512s] -- Symlinking: /home/nacho/colcon_workspaces/smarc_ws/install/uavcan_ros_msgs/local/lib/python3.10/dist-packages/uavcan_ros_msgs/uavcan_ros_msgs_s__rosidl_typesupport_introspection_c.cpython-310-x86_64-linux-gnu.so
[10.527s] -- Up-to-date symlink: /home/nacho/colcon_workspaces/smarc_ws/install/uavcan_ros_msgs/local/lib/python3.10/dist-packages/uavcan_ros_msgs/uavcan_ros_msgs_s__rosidl_typesupport_fastrtps_c.cpython-310-x86_64-linux-gnu.so
[10.528s] -- Up-to-date symlink: /home/nacho/colcon_workspaces/smarc_ws/install/uavcan_ros_msgs/local/lib/python3.10/dist-packages/uavcan_ros_msgs/uavcan_ros_msgs_s__rosidl_typesupport_introspection_c.cpython-310-x86_64-linux-gnu.so
[10.528s] -- Up-to-date symlink: /home/nacho/colcon_workspaces/smarc_ws/install/uavcan_ros_msgs/local/lib/python3.10/dist-packages/uavcan_ros_msgs/uavcan_ros_msgs_s__rosidl_typesupport_c.cpython-310-x86_64-linux-gnu.so
[10.528s] -- Symlinking: /home/nacho/colcon_workspaces/smarc_ws/install/uavcan_ros_msgs/share/uavcan_ros_msgs/srv/UavcanGetNodeInfo.idl
[10.542s] -- Symlinking: /home/nacho/colcon_workspaces/smarc_ws/install/uavcan_ros_msgs/share/uavcan_ros_msgs/srv/UavcanRestartNode.idl
[10.551s] -- Symlinking: /home/nacho/colcon_workspaces/smarc_ws/install/uavcan_ros_msgs/share/uavcan_ros_msgs/srv/UavcanGetTransportStats.idl
[10.559s] -- Symlinking: /home/nacho/colcon_workspaces/smarc_ws/install/uavcan_ros_msgs/share/uavcan_ros_msgs/msg/UavcanNodeStatus.idl
[10.568s] -- Symlinking: /home/nacho/colcon_workspaces/smarc_ws/install/uavcan_ros_msgs/share/uavcan_ros_msgs/msg/ESCStatus.idl
[10.577s] -- Symlinking: /home/nacho/colcon_workspaces/smarc_ws/install/uavcan_ros_msgs/share/uavcan_ros_msgs/srv/UavcanGetNodeInfo.srv
[10.584s] -- Symlinking: /home/nacho/colcon_workspaces/smarc_ws/install/uavcan_ros_msgs/share/uavcan_ros_msgs/srv/UavcanGetNodeInfo_Request.msg
[10.596s] -- Symlinking: /home/nacho/colcon_workspaces/smarc_ws/install/uavcan_ros_msgs/share/uavcan_ros_msgs/srv/UavcanGetNodeInfo_Response.msg
[10.605s] -- Symlinking: /home/nacho/colcon_workspaces/smarc_ws/install/uavcan_ros_msgs/share/uavcan_ros_msgs/srv/UavcanRestartNode.srv
[10.614s] -- Symlinking: /home/nacho/colcon_workspaces/smarc_ws/install/uavcan_ros_msgs/share/uavcan_ros_msgs/srv/UavcanRestartNode_Request.msg
[10.622s] -- Symlinking: /home/nacho/colcon_workspaces/smarc_ws/install/uavcan_ros_msgs/share/uavcan_ros_msgs/srv/UavcanRestartNode_Response.msg
[10.628s] -- Symlinking: /home/nacho/colcon_workspaces/smarc_ws/install/uavcan_ros_msgs/share/uavcan_ros_msgs/srv/UavcanGetTransportStats.srv
[10.636s] -- Symlinking: /home/nacho/colcon_workspaces/smarc_ws/install/uavcan_ros_msgs/share/uavcan_ros_msgs/srv/UavcanGetTransportStats_Request.msg
[10.643s] -- Symlinking: /home/nacho/colcon_workspaces/smarc_ws/install/uavcan_ros_msgs/share/uavcan_ros_msgs/srv/UavcanGetTransportStats_Response.msg
[10.649s] -- Symlinking: /home/nacho/colcon_workspaces/smarc_ws/install/uavcan_ros_msgs/share/uavcan_ros_msgs/msg/UavcanNodeStatus.msg
[10.655s] -- Symlinking: /home/nacho/colcon_workspaces/smarc_ws/install/uavcan_ros_msgs/share/uavcan_ros_msgs/msg/ESCStatus.msg
[10.663s] -- Symlinking: /home/nacho/colcon_workspaces/smarc_ws/install/uavcan_ros_msgs/share/ament_index/resource_index/package_run_dependencies/uavcan_ros_msgs
[10.669s] -- Symlinking: /home/nacho/colcon_workspaces/smarc_ws/install/uavcan_ros_msgs/share/ament_index/resource_index/parent_prefix_path/uavcan_ros_msgs
[10.675s] -- Symlinking: /home/nacho/colcon_workspaces/smarc_ws/install/uavcan_ros_msgs/share/uavcan_ros_msgs/environment/ament_prefix_path.sh
[10.680s] -- Symlinking: /home/nacho/colcon_workspaces/smarc_ws/install/uavcan_ros_msgs/share/uavcan_ros_msgs/environment/ament_prefix_path.dsv
[10.691s] -- Symlinking: /home/nacho/colcon_workspaces/smarc_ws/install/uavcan_ros_msgs/share/uavcan_ros_msgs/environment/path.sh
[10.708s] -- Symlinking: /home/nacho/colcon_workspaces/smarc_ws/install/uavcan_ros_msgs/share/uavcan_ros_msgs/environment/path.dsv
[10.709s] -- Symlinking: /home/nacho/colcon_workspaces/smarc_ws/install/uavcan_ros_msgs/share/uavcan_ros_msgs/local_setup.bash
[10.723s] -- Symlinking: /home/nacho/colcon_workspaces/smarc_ws/install/uavcan_ros_msgs/share/uavcan_ros_msgs/local_setup.sh
[10.744s] -- Symlinking: /home/nacho/colcon_workspaces/smarc_ws/install/uavcan_ros_msgs/share/uavcan_ros_msgs/local_setup.zsh
[10.752s] -- Symlinking: /home/nacho/colcon_workspaces/smarc_ws/install/uavcan_ros_msgs/share/uavcan_ros_msgs/local_setup.dsv
[10.761s] -- Symlinking: /home/nacho/colcon_workspaces/smarc_ws/install/uavcan_ros_msgs/share/uavcan_ros_msgs/package.dsv
[10.773s] -- Symlinking: /home/nacho/colcon_workspaces/smarc_ws/install/uavcan_ros_msgs/share/ament_index/resource_index/packages/uavcan_ros_msgs
[10.784s] -- Symlinking: /home/nacho/colcon_workspaces/smarc_ws/install/uavcan_ros_msgs/share/uavcan_ros_msgs/cmake/rosidl_cmake-extras.cmake
[10.798s] -- Symlinking: /home/nacho/colcon_workspaces/smarc_ws/install/uavcan_ros_msgs/share/uavcan_ros_msgs/cmake/ament_cmake_export_dependencies-extras.cmake
[10.815s] -- Symlinking: /home/nacho/colcon_workspaces/smarc_ws/install/uavcan_ros_msgs/share/uavcan_ros_msgs/cmake/ament_cmake_export_include_directories-extras.cmake
[10.830s] -- Symlinking: /home/nacho/colcon_workspaces/smarc_ws/install/uavcan_ros_msgs/share/uavcan_ros_msgs/cmake/ament_cmake_export_libraries-extras.cmake
[10.837s] -- Symlinking: /home/nacho/colcon_workspaces/smarc_ws/install/uavcan_ros_msgs/share/uavcan_ros_msgs/cmake/ament_cmake_export_targets-extras.cmake
[10.851s] -- Symlinking: /home/nacho/colcon_workspaces/smarc_ws/install/uavcan_ros_msgs/share/uavcan_ros_msgs/cmake/rosidl_cmake_export_typesupport_targets-extras.cmake
[10.865s] -- Symlinking: /home/nacho/colcon_workspaces/smarc_ws/install/uavcan_ros_msgs/share/uavcan_ros_msgs/cmake/rosidl_cmake_export_typesupport_libraries-extras.cmake
[10.875s] -- Symlinking: /home/nacho/colcon_workspaces/smarc_ws/install/uavcan_ros_msgs/share/uavcan_ros_msgs/cmake/uavcan_ros_msgsConfig.cmake
[10.885s] -- Symlinking: /home/nacho/colcon_workspaces/smarc_ws/install/uavcan_ros_msgs/share/uavcan_ros_msgs/cmake/uavcan_ros_msgsConfig-version.cmake
[10.892s] -- Symlinking: /home/nacho/colcon_workspaces/smarc_ws/install/uavcan_ros_msgs/share/uavcan_ros_msgs/package.xml
[10.898s] -- Installing: /home/nacho/colcon_workspaces/smarc_ws/install/uavcan_ros_msgs/lib/libuavcan_ros_msgs__rosidl_generator_c.so
[10.898s] -- Set runtime path of "/home/nacho/colcon_workspaces/smarc_ws/install/uavcan_ros_msgs/lib/libuavcan_ros_msgs__rosidl_generator_c.so" to ""
[10.898s] -- Installing: /home/nacho/colcon_workspaces/smarc_ws/install/uavcan_ros_msgs/lib/libuavcan_ros_msgs__rosidl_typesupport_fastrtps_c.so
[10.898s] -- Set runtime path of "/home/nacho/colcon_workspaces/smarc_ws/install/uavcan_ros_msgs/lib/libuavcan_ros_msgs__rosidl_typesupport_fastrtps_c.so" to ""
[10.898s] -- Installing: /home/nacho/colcon_workspaces/smarc_ws/install/uavcan_ros_msgs/lib/libuavcan_ros_msgs__rosidl_typesupport_introspection_c.so
[10.898s] -- Set runtime path of "/home/nacho/colcon_workspaces/smarc_ws/install/uavcan_ros_msgs/lib/libuavcan_ros_msgs__rosidl_typesupport_introspection_c.so" to ""
[10.898s] -- Installing: /home/nacho/colcon_workspaces/smarc_ws/install/uavcan_ros_msgs/lib/libuavcan_ros_msgs__rosidl_typesupport_c.so
[10.899s] -- Set runtime path of "/home/nacho/colcon_workspaces/smarc_ws/install/uavcan_ros_msgs/lib/libuavcan_ros_msgs__rosidl_typesupport_c.so" to ""
[10.899s] -- Installing: /home/nacho/colcon_workspaces/smarc_ws/install/uavcan_ros_msgs/lib/libuavcan_ros_msgs__rosidl_typesupport_fastrtps_cpp.so
[10.899s] -- Set runtime path of "/home/nacho/colcon_workspaces/smarc_ws/install/uavcan_ros_msgs/lib/libuavcan_ros_msgs__rosidl_typesupport_fastrtps_cpp.so" to ""
[10.899s] -- Installing: /home/nacho/colcon_workspaces/smarc_ws/install/uavcan_ros_msgs/lib/libuavcan_ros_msgs__rosidl_typesupport_introspection_cpp.so
[10.899s] -- Set runtime path of "/home/nacho/colcon_workspaces/smarc_ws/install/uavcan_ros_msgs/lib/libuavcan_ros_msgs__rosidl_typesupport_introspection_cpp.so" to ""
[10.899s] -- Installing: /home/nacho/colcon_workspaces/smarc_ws/install/uavcan_ros_msgs/lib/libuavcan_ros_msgs__rosidl_typesupport_cpp.so
[10.899s] -- Set runtime path of "/home/nacho/colcon_workspaces/smarc_ws/install/uavcan_ros_msgs/lib/libuavcan_ros_msgs__rosidl_typesupport_cpp.so" to ""
[10.925s] Listing '/home/nacho/colcon_workspaces/smarc_ws/install/uavcan_ros_msgs/local/lib/python3.10/dist-packages/uavcan_ros_msgs'...
[10.925s] Compiling '/home/nacho/colcon_workspaces/smarc_ws/install/uavcan_ros_msgs/local/lib/python3.10/dist-packages/uavcan_ros_msgs/__init__.py'...
[10.925s] Listing '/home/nacho/colcon_workspaces/smarc_ws/install/uavcan_ros_msgs/local/lib/python3.10/dist-packages/uavcan_ros_msgs/msg'...
[10.925s] Compiling '/home/nacho/colcon_workspaces/smarc_ws/install/uavcan_ros_msgs/local/lib/python3.10/dist-packages/uavcan_ros_msgs/msg/__init__.py'...
[10.925s] Compiling '/home/nacho/colcon_workspaces/smarc_ws/install/uavcan_ros_msgs/local/lib/python3.10/dist-packages/uavcan_ros_msgs/msg/_esc_status.py'...
[10.925s] Compiling '/home/nacho/colcon_workspaces/smarc_ws/install/uavcan_ros_msgs/local/lib/python3.10/dist-packages/uavcan_ros_msgs/msg/_uavcan_node_status.py'...
[10.925s] Listing '/home/nacho/colcon_workspaces/smarc_ws/install/uavcan_ros_msgs/local/lib/python3.10/dist-packages/uavcan_ros_msgs/srv'...
[10.925s] Compiling '/home/nacho/colcon_workspaces/smarc_ws/install/uavcan_ros_msgs/local/lib/python3.10/dist-packages/uavcan_ros_msgs/srv/__init__.py'...
[10.925s] Compiling '/home/nacho/colcon_workspaces/smarc_ws/install/uavcan_ros_msgs/local/lib/python3.10/dist-packages/uavcan_ros_msgs/srv/_uavcan_get_node_info.py'...
[10.925s] Compiling '/home/nacho/colcon_workspaces/smarc_ws/install/uavcan_ros_msgs/local/lib/python3.10/dist-packages/uavcan_ros_msgs/srv/_uavcan_get_transport_stats.py'...
[10.925s] Compiling '/home/nacho/colcon_workspaces/smarc_ws/install/uavcan_ros_msgs/local/lib/python3.10/dist-packages/uavcan_ros_msgs/srv/_uavcan_restart_node.py'...
[10.928s] -- Installing: /home/nacho/colcon_workspaces/smarc_ws/install/uavcan_ros_msgs/lib/libuavcan_ros_msgs__rosidl_generator_py.so
[10.928s] -- Set runtime path of "/home/nacho/colcon_workspaces/smarc_ws/install/uavcan_ros_msgs/lib/libuavcan_ros_msgs__rosidl_generator_py.so" to ""
[10.929s] -- Installing: /home/nacho/colcon_workspaces/smarc_ws/install/uavcan_ros_msgs/share/uavcan_ros_msgs/cmake/export_uavcan_ros_msgs__rosidl_generator_cExport.cmake
[10.929s] -- Installing: /home/nacho/colcon_workspaces/smarc_ws/install/uavcan_ros_msgs/share/uavcan_ros_msgs/cmake/export_uavcan_ros_msgs__rosidl_generator_cExport-noconfig.cmake
[10.929s] -- Installing: /home/nacho/colcon_workspaces/smarc_ws/install/uavcan_ros_msgs/share/uavcan_ros_msgs/cmake/export_uavcan_ros_msgs__rosidl_typesupport_fastrtps_cExport.cmake
[10.929s] -- Installing: /home/nacho/colcon_workspaces/smarc_ws/install/uavcan_ros_msgs/share/uavcan_ros_msgs/cmake/export_uavcan_ros_msgs__rosidl_typesupport_fastrtps_cExport-noconfig.cmake
[10.929s] -- Installing: /home/nacho/colcon_workspaces/smarc_ws/install/uavcan_ros_msgs/share/uavcan_ros_msgs/cmake/uavcan_ros_msgs__rosidl_typesupport_introspection_cExport.cmake
[10.929s] -- Installing: /home/nacho/colcon_workspaces/smarc_ws/install/uavcan_ros_msgs/share/uavcan_ros_msgs/cmake/uavcan_ros_msgs__rosidl_typesupport_introspection_cExport-noconfig.cmake
[10.930s] -- Installing: /home/nacho/colcon_workspaces/smarc_ws/install/uavcan_ros_msgs/share/uavcan_ros_msgs/cmake/uavcan_ros_msgs__rosidl_typesupport_cExport.cmake
[10.930s] -- Installing: /home/nacho/colcon_workspaces/smarc_ws/install/uavcan_ros_msgs/share/uavcan_ros_msgs/cmake/uavcan_ros_msgs__rosidl_typesupport_cExport-noconfig.cmake
[10.930s] -- Installing: /home/nacho/colcon_workspaces/smarc_ws/install/uavcan_ros_msgs/share/uavcan_ros_msgs/cmake/export_uavcan_ros_msgs__rosidl_generator_cppExport.cmake
[10.930s] -- Installing: /home/nacho/colcon_workspaces/smarc_ws/install/uavcan_ros_msgs/share/uavcan_ros_msgs/cmake/export_uavcan_ros_msgs__rosidl_typesupport_fastrtps_cppExport.cmake
[10.930s] -- Installing: /home/nacho/colcon_workspaces/smarc_ws/install/uavcan_ros_msgs/share/uavcan_ros_msgs/cmake/export_uavcan_ros_msgs__rosidl_typesupport_fastrtps_cppExport-noconfig.cmake
[10.930s] -- Installing: /home/nacho/colcon_workspaces/smarc_ws/install/uavcan_ros_msgs/share/uavcan_ros_msgs/cmake/uavcan_ros_msgs__rosidl_typesupport_introspection_cppExport.cmake
[10.930s] -- Installing: /home/nacho/colcon_workspaces/smarc_ws/install/uavcan_ros_msgs/share/uavcan_ros_msgs/cmake/uavcan_ros_msgs__rosidl_typesupport_introspection_cppExport-noconfig.cmake
[10.930s] -- Installing: /home/nacho/colcon_workspaces/smarc_ws/install/uavcan_ros_msgs/share/uavcan_ros_msgs/cmake/uavcan_ros_msgs__rosidl_typesupport_cppExport.cmake
[10.930s] -- Installing: /home/nacho/colcon_workspaces/smarc_ws/install/uavcan_ros_msgs/share/uavcan_ros_msgs/cmake/uavcan_ros_msgs__rosidl_typesupport_cppExport-noconfig.cmake
[10.930s] -- Installing: /home/nacho/colcon_workspaces/smarc_ws/install/uavcan_ros_msgs/share/uavcan_ros_msgs/cmake/export_uavcan_ros_msgs__rosidl_generator_pyExport.cmake
[10.930s] -- Installing: /home/nacho/colcon_workspaces/smarc_ws/install/uavcan_ros_msgs/share/uavcan_ros_msgs/cmake/export_uavcan_ros_msgs__rosidl_generator_pyExport-noconfig.cmake
[10.934s] Invoked command in '/home/nacho/colcon_workspaces/smarc_ws/build/uavcan_ros_msgs' returned '0': CMAKE_PREFIX_PATH=/opt/ros/humble /usr/bin/cmake --install /home/nacho/colcon_workspaces/smarc_ws/build/uavcan_ros_msgs
