[0.872s] Invoking command in '/home/nacho/colcon_workspaces/smarc_ws/build/tf_convenience_topics': AMENT_PREFIX_PATH=/home/nacho/colcon_workspaces/smarc_ws/install/smarc_msgs:/home/nacho/colcon_workspaces/smarc_ws/install/sam_msgs:/home/nacho/colcon_workspaces/smarc_ws/install/dead_reckoning_msgs:${AMENT_PREFIX_PATH} CMAKE_PREFIX_PATH=/home/nacho/colcon_workspaces/smarc_ws/install/smarc_msgs:/home/nacho/colcon_workspaces/smarc_ws/install/sam_msgs:/home/nacho/colcon_workspaces/smarc_ws/install/dead_reckoning_msgs:/opt/ros/humble LD_LIBRARY_PATH=/home/nacho/colcon_workspaces/smarc_ws/install/smarc_msgs/lib:/home/nacho/colcon_workspaces/smarc_ws/install/sam_msgs/lib:/home/nacho/colcon_workspaces/smarc_ws/install/dead_reckoning_msgs/lib:${LD_LIBRARY_PATH} PYTHONPATH=/home/nacho/colcon_workspaces/smarc_ws/install/smarc_msgs/local/lib/python3.10/dist-packages:/home/nacho/colcon_workspaces/smarc_ws/install/sam_msgs/local/lib/python3.10/dist-packages:/home/nacho/colcon_workspaces/smarc_ws/install/dead_reckoning_msgs/local/lib/python3.10/dist-packages:${PYTHONPATH} /usr/bin/cmake --build /home/nacho/colcon_workspaces/smarc_ws/build/tf_convenience_topics -- -j20 -l20
[0.894s] -- Found ament_cmake: 1.3.11 (/opt/ros/humble/share/ament_cmake/cmake)
[0.997s] -- Override CMake install command with custom implementation using symlinks instead of copying resources
[1.007s] -- Found rclcpp: 16.0.11 (/opt/ros/humble/share/rclcpp/cmake)
[1.032s] -- Found rosidl_generator_c: 3.1.6 (/opt/ros/humble/share/rosidl_generator_c/cmake)
[1.035s] -- Found rosidl_adapter: 3.1.6 (/opt/ros/humble/share/rosidl_adapter/cmake)
[1.041s] -- Found rosidl_generator_cpp: 3.1.6 (/opt/ros/humble/share/rosidl_generator_cpp/cmake)
[1.056s] -- Using all available rosidl_typesupport_c: rosidl_typesupport_fastrtps_c;rosidl_typesupport_introspection_c
[1.087s] -- Using all available rosidl_typesupport_cpp: rosidl_typesupport_fastrtps_cpp;rosidl_typesupport_introspection_cpp
[1.135s] -- Found rmw_implementation_cmake: 6.1.2 (/opt/ros/humble/share/rmw_implementation_cmake/cmake)
[1.137s] -- Found rmw_fastrtps_cpp: 6.2.7 (/opt/ros/humble/share/rmw_fastrtps_cpp/cmake)
[1.387s] -- Using RMW implementation 'rmw_fastrtps_cpp' as default
[1.493s] -- Found smarc_msgs: 0.1.0 (/home/nacho/colcon_workspaces/smarc_ws/install/smarc_msgs/share/smarc_msgs/cmake)
[1.637s] -- Found tf2: 0.25.12 (/opt/ros/humble/share/tf2/cmake)
[1.646s] -- Found dead_reckoning_msgs: 0.0.0 (/home/nacho/colcon_workspaces/smarc_ws/install/dead_reckoning_msgs/share/dead_reckoning_msgs/cmake)
[1.695s] -- Found tf2_geometry_msgs: 0.25.12 (/opt/ros/humble/share/tf2_geometry_msgs/cmake)
[1.703s] -- Found eigen3_cmake_module: 0.1.1 (/opt/ros/humble/share/eigen3_cmake_module/cmake)
[1.712s] -- Ensuring Eigen3 include directory is part of orocos-kdl CMake target
[1.945s] -- Found sam_msgs: 0.1.0 (/home/nacho/colcon_workspaces/smarc_ws/install/sam_msgs/share/sam_msgs/cmake)
[1.996s] -- Found ament_lint_auto: 0.12.11 (/opt/ros/humble/share/ament_lint_auto/cmake)
[2.093s] -- Added test 'cppcheck' to perform static code analysis on C / C++ code
[2.093s] -- Configured cppcheck include dirs: 
[2.093s] -- Configured cppcheck exclude dirs and/or files: 
[2.093s] -- Added test 'lint_cmake' to check CMake code style
[2.099s] -- Added test 'uncrustify' to check C / C++ code style
[2.099s] -- Configured uncrustify additional arguments: 
[2.099s] -- Added test 'xmllint' to check XML markup files
[2.102s] -- Configuring done
[2.132s] -- Generating done
[2.145s] -- Build files have been written to: /home/nacho/colcon_workspaces/smarc_ws/build/tf_convenience_topics
[2.179s] [35m[1mConsolidate compiler generated dependencies of target odom_listener[0m
[2.216s] [ 50%] [32mBuilding CXX object CMakeFiles/odom_listener.dir/src/odom_listener.cpp.o[0m
[12.924s] [100%] [32m[1mLinking CXX executable odom_listener[0m
[13.589s] [100%] Built target odom_listener
