[3.798s] Invoking command in '/home/nacho/colcon_workspaces/smarc_ws/build/sam_dead_reckoning': PYTHONPATH=/home/nacho/colcon_workspaces/smarc_ws/build/sam_dead_reckoning/prefix_override:/usr/lib/python3/dist-packages/colcon_core/task/python/colcon_distutils_commands:/home/nacho/colcon_workspaces/smarc_ws/install/sam_dead_reckoning/lib/python3.10/site-packages:${PYTHONPATH} /usr/bin/python3 -W ignore:setup.py install is deprecated -W ignore:easy_install command is deprecated setup.py develop --editable --build-directory /home/nacho/colcon_workspaces/smarc_ws/build/sam_dead_reckoning/build --no-deps symlink_data
[4.175s] running develop
[4.539s] running egg_info
[4.539s] writing sam_dead_reckoning.egg-info/PKG-INFO
[4.540s] writing dependency_links to sam_dead_reckoning.egg-info/dependency_links.txt
[4.540s] writing entry points to sam_dead_reckoning.egg-info/entry_points.txt
[4.540s] writing requirements to sam_dead_reckoning.egg-info/requires.txt
[4.540s] writing top-level names to sam_dead_reckoning.egg-info/top_level.txt
[4.540s] reading manifest file 'sam_dead_reckoning.egg-info/SOURCES.txt'
[4.540s] writing manifest file 'sam_dead_reckoning.egg-info/SOURCES.txt'
[4.544s] running build_ext
[4.544s] Creating /home/nacho/colcon_workspaces/smarc_ws/install/sam_dead_reckoning/lib/python3.10/site-packages/sam-dead-reckoning.egg-link (link to .)
[4.545s] Installing compass_heading_node script to /home/nacho/colcon_workspaces/smarc_ws/install/sam_dead_reckoning/lib/sam_dead_reckoning
[4.545s] Installing depth_node script to /home/nacho/colcon_workspaces/smarc_ws/install/sam_dead_reckoning/lib/sam_dead_reckoning
[4.545s] Installing dr_lat_lon_node script to /home/nacho/colcon_workspaces/smarc_ws/install/sam_dead_reckoning/lib/sam_dead_reckoning
[4.546s] Installing dr_node script to /home/nacho/colcon_workspaces/smarc_ws/install/sam_dead_reckoning/lib/sam_dead_reckoning
[4.546s] Installing gps_node script to /home/nacho/colcon_workspaces/smarc_ws/install/sam_dead_reckoning/lib/sam_dead_reckoning
[4.546s] Installing rpy_node script to /home/nacho/colcon_workspaces/smarc_ws/install/sam_dead_reckoning/lib/sam_dead_reckoning
[4.546s] Installing sam_dr script to /home/nacho/colcon_workspaces/smarc_ws/install/sam_dead_reckoning/lib/sam_dead_reckoning
[4.546s] 
[4.546s] Installed /home/nacho/colcon_workspaces/smarc_ws/build/sam_dead_reckoning
[4.550s] running symlink_data
[5.391s] Invoked command in '/home/nacho/colcon_workspaces/smarc_ws/build/sam_dead_reckoning' returned '0': PYTHONPATH=/home/nacho/colcon_workspaces/smarc_ws/build/sam_dead_reckoning/prefix_override:/usr/lib/python3/dist-packages/colcon_core/task/python/colcon_distutils_commands:/home/nacho/colcon_workspaces/smarc_ws/install/sam_dead_reckoning/lib/python3.10/site-packages:${PYTHONPATH} /usr/bin/python3 -W ignore:setup.py install is deprecated -W ignore:easy_install command is deprecated setup.py develop --editable --build-directory /home/nacho/colcon_workspaces/smarc_ws/build/sam_dead_reckoning/build --no-deps symlink_data
