[0.026s] Invoking command in '/home/orin/colcon_ws/build/smarc_control_msgs': CMAKE_PREFIX_PATH=${CMAKE_PREFIX_PATH}:/home/orin/colcon_ws/install/workshopfun:/home/orin/colcon_ws/install/utm_latlon_converter:/home/orin/colcon_ws/install/smarc_nodered:/home/orin/colcon_ws/install/sam_drivers:/home/orin/colcon_ws/install/smarc_bt:/home/orin/colcon_ws/install/smarc_bringups:/home/orin/colcon_ws/install/sam_joy_xbox:/home/orin/colcon_ws/install/sam_joy_teleop:/home/orin/colcon_ws/install/sam_diving_controller:/home/orin/colcon_ws/install/sam_dead_reckoning:/home/orin/colcon_ws/install/ros_tcp_endpoint:/home/orin/colcon_ws/install/ros2_python_examples:/home/orin/colcon_ws/install/nmea_navsat_driver:/home/orin/colcon_ws/install/mqtt_bridge:/home/orin/colcon_ws/install/dvl_driver:/home/orin/colcon_ws/install/dubins_planner:/home/orin/colcon_ws/install/drone_dr:/home/orin/colcon_ws/install/basic_go_to_waypoint:/home/orin/colcon_ws/install/basic_depth_pitch_control:/home/orin/colcon_ws/install/auv_detector:/opt/ros/humble /usr/bin/cmake --build /home/orin/colcon_ws/build/smarc_control_msgs -- -j8 -l8
[0.088s] -- Found ament_cmake: 1.3.11 (/opt/ros/humble/share/ament_cmake/cmake)
[0.445s] -- Override CMake install command with custom implementation using symlinks instead of copying resources
[0.464s] -- Found rosidl_default_generators: 1.2.0 (/opt/ros/humble/share/rosidl_default_generators/cmake)
[0.483s] -- Using all available rosidl_typesupport_c: rosidl_typesupport_fastrtps_c;rosidl_typesupport_introspection_c
[0.491s] -- Found rosidl_adapter: 3.1.6 (/opt/ros/humble/share/rosidl_adapter/cmake)
[0.550s] -- Using all available rosidl_typesupport_cpp: rosidl_typesupport_fastrtps_cpp;rosidl_typesupport_introspection_cpp
[0.591s] -- Found std_msgs: 4.2.4 (/opt/ros/humble/share/std_msgs/cmake)
[1.393s] -- Found ament_cmake_ros: 0.10.0 (/opt/ros/humble/share/ament_cmake_ros/cmake)
[1.975s] -- Using all available rosidl_typesupport_c: rosidl_typesupport_fastrtps_c;rosidl_typesupport_introspection_c
[2.733s] -- Using all available rosidl_typesupport_cpp: rosidl_typesupport_fastrtps_cpp;rosidl_typesupport_introspection_cpp
[2.797s] -- Found python_cmake_module: 0.10.0 (/opt/ros/humble/share/python_cmake_module/cmake)
[2.860s] -- Using PYTHON_EXECUTABLE: /usr/bin/python3
[2.860s] -- Using PYTHON_INCLUDE_DIRS: /usr/include/python3.10
[2.860s] -- Using PYTHON_LIBRARIES: /usr/lib/aarch64-linux-gnu/libpython3.10.so
[2.944s] -- Found ament_lint_auto: 0.12.11 (/opt/ros/humble/share/ament_lint_auto/cmake)
[2.963s] -- Added test 'lint_cmake' to check CMake code style
[2.964s] -- Added test 'xmllint' to check XML markup files
[2.969s] -- Configuring done
[3.045s] -- Generating done
[3.068s] -- Build files have been written to: /home/orin/colcon_ws/build/smarc_control_msgs
[3.128s] [  1%] [34m[1mGenerating C code for ROS interfaces[0m
[3.148s] [  2%] [34m[1mGenerating C++ code for ROS interfaces[0m
[3.167s] [  2%] Built target ament_cmake_python_symlink_smarc_control_msgs
[3.823s] running egg_info
[3.824s] writing smarc_control_msgs.egg-info/PKG-INFO
[3.825s] writing dependency_links to smarc_control_msgs.egg-info/dependency_links.txt
[3.825s] writing top-level names to smarc_control_msgs.egg-info/top_level.txt
[3.830s] reading manifest file 'smarc_control_msgs.egg-info/SOURCES.txt'
[3.831s] writing manifest file 'smarc_control_msgs.egg-info/SOURCES.txt'
[3.915s] [  2%] Built target ament_cmake_python_build_smarc_control_msgs_egg
[4.513s] [  2%] Built target smarc_control_msgs__cpp
[4.533s] [  4%] [34m[1mGenerating C++ type support dispatch for ROS interfaces[0m
[4.564s] [  5%] [34m[1mGenerating C++ introspection for ROS interfaces[0m
[4.567s] [  7%] [34m[1mGenerating C++ type support for eProsima Fast-RTPS[0m
[4.685s] [35m[1mConsolidate compiler generated dependencies of target smarc_control_msgs__rosidl_generator_c[0m
[4.722s] [  8%] [32mBuilding C object CMakeFiles/smarc_control_msgs__rosidl_generator_c.dir/rosidl_generator_c/smarc_control_msgs/msg/detail/topics__functions.c.o[0m
[4.727s] [  9%] [32mBuilding C object CMakeFiles/smarc_control_msgs__rosidl_generator_c.dir/rosidl_generator_c/smarc_control_msgs/msg/detail/control_error__functions.c.o[0m
[4.750s] [ 11%] [32mBuilding C object CMakeFiles/smarc_control_msgs__rosidl_generator_c.dir/rosidl_generator_c/smarc_control_msgs/msg/detail/control_input__functions.c.o[0m
[4.756s] [ 12%] [32mBuilding C object CMakeFiles/smarc_control_msgs__rosidl_generator_c.dir/rosidl_generator_c/smarc_control_msgs/msg/detail/control_state__functions.c.o[0m
[4.764s] [ 14%] [32mBuilding C object CMakeFiles/smarc_control_msgs__rosidl_generator_c.dir/rosidl_generator_c/smarc_control_msgs/msg/detail/control_reference__functions.c.o[0m
[4.884s] [ 15%] [32mBuilding C object CMakeFiles/smarc_control_msgs__rosidl_generator_c.dir/rosidl_generator_c/smarc_control_msgs/msg/detail/state__functions.c.o[0m
[5.013s] [ 16%] [32m[1mLinking C shared library libsmarc_control_msgs__rosidl_generator_c.so[0m
[5.110s] [ 16%] Built target smarc_control_msgs__rosidl_generator_c
[5.136s] [ 18%] [34m[1mGenerating C introspection for ROS interfaces[0m
[5.152s] [ 19%] [34m[1mGenerating C type support for eProsima Fast-RTPS[0m
[5.153s] [ 21%] [34m[1mGenerating C type support dispatch for ROS interfaces[0m
[5.777s] [35m[1mConsolidate compiler generated dependencies of target smarc_control_msgs__rosidl_typesupport_cpp[0m
[5.829s] [ 22%] [32mBuilding CXX object CMakeFiles/smarc_control_msgs__rosidl_typesupport_cpp.dir/rosidl_typesupport_cpp/smarc_control_msgs/msg/topics__type_support.cpp.o[0m
[5.829s] [ 23%] [32mBuilding CXX object CMakeFiles/smarc_control_msgs__rosidl_typesupport_cpp.dir/rosidl_typesupport_cpp/smarc_control_msgs/msg/control_error__type_support.cpp.o[0m
[5.856s] [ 25%] [32mBuilding CXX object CMakeFiles/smarc_control_msgs__rosidl_typesupport_cpp.dir/rosidl_typesupport_cpp/smarc_control_msgs/msg/control_input__type_support.cpp.o[0m
[6.276s] [35m[1mConsolidate compiler generated dependencies of target smarc_control_msgs__rosidl_typesupport_fastrtps_cpp[0m
[6.313s] [ 26%] [32mBuilding CXX object CMakeFiles/smarc_control_msgs__rosidl_typesupport_fastrtps_cpp.dir/rosidl_typesupport_fastrtps_cpp/smarc_control_msgs/msg/detail/dds_fastrtps/topics__type_support.cpp.o[0m
[6.349s] [35m[1mConsolidate compiler generated dependencies of target smarc_control_msgs__rosidl_typesupport_introspection_cpp[0m
[6.380s] [ 28%] [32mBuilding CXX object CMakeFiles/smarc_control_msgs__rosidl_typesupport_introspection_cpp.dir/rosidl_typesupport_introspection_cpp/smarc_control_msgs/msg/detail/topics__type_support.cpp.o[0m
[6.405s] [35m[1mConsolidate compiler generated dependencies of target smarc_control_msgs__rosidl_typesupport_c[0m
[6.417s] [ 29%] [32mBuilding CXX object CMakeFiles/smarc_control_msgs__rosidl_typesupport_cpp.dir/rosidl_typesupport_cpp/smarc_control_msgs/msg/control_reference__type_support.cpp.o[0m
[6.442s] [ 30%] [32mBuilding CXX object CMakeFiles/smarc_control_msgs__rosidl_typesupport_c.dir/rosidl_typesupport_c/smarc_control_msgs/msg/topics__type_support.cpp.o[0m
[6.537s] [ 32%] [32mBuilding CXX object CMakeFiles/smarc_control_msgs__rosidl_typesupport_c.dir/rosidl_typesupport_c/smarc_control_msgs/msg/control_error__type_support.cpp.o[0m
[6.677s] [ 33%] [32mBuilding CXX object CMakeFiles/smarc_control_msgs__rosidl_typesupport_c.dir/rosidl_typesupport_c/smarc_control_msgs/msg/control_input__type_support.cpp.o[0m
[6.789s] [ 35%] [32mBuilding CXX object CMakeFiles/smarc_control_msgs__rosidl_typesupport_c.dir/rosidl_typesupport_c/smarc_control_msgs/msg/control_reference__type_support.cpp.o[0m
[6.846s] [35m[1mConsolidate compiler generated dependencies of target smarc_control_msgs__rosidl_typesupport_introspection_c[0m
[6.870s] [ 36%] [32mBuilding CXX object CMakeFiles/smarc_control_msgs__rosidl_typesupport_introspection_cpp.dir/rosidl_typesupport_introspection_cpp/smarc_control_msgs/msg/detail/control_error__type_support.cpp.o[0m
[6.885s] [ 38%] [32mBuilding C object CMakeFiles/smarc_control_msgs__rosidl_typesupport_introspection_c.dir/rosidl_typesupport_introspection_c/smarc_control_msgs/msg/detail/topics__type_support.c.o[0m
[6.904s] [ 39%] [32mBuilding CXX object CMakeFiles/smarc_control_msgs__rosidl_typesupport_introspection_cpp.dir/rosidl_typesupport_introspection_cpp/smarc_control_msgs/msg/detail/control_input__type_support.cpp.o[0m
[6.920s] [ 40%] [32mBuilding CXX object CMakeFiles/smarc_control_msgs__rosidl_typesupport_c.dir/rosidl_typesupport_c/smarc_control_msgs/msg/control_state__type_support.cpp.o[0m
[6.978s] [ 42%] [32mBuilding CXX object CMakeFiles/smarc_control_msgs__rosidl_typesupport_cpp.dir/rosidl_typesupport_cpp/smarc_control_msgs/msg/control_state__type_support.cpp.o[0m
[7.046s] [ 43%] [32mBuilding C object CMakeFiles/smarc_control_msgs__rosidl_typesupport_introspection_c.dir/rosidl_typesupport_introspection_c/smarc_control_msgs/msg/detail/control_error__type_support.c.o[0m
[7.086s] [ 45%] [32mBuilding CXX object CMakeFiles/smarc_control_msgs__rosidl_typesupport_c.dir/rosidl_typesupport_c/smarc_control_msgs/msg/state__type_support.cpp.o[0m
[7.156s] [ 46%] [32mBuilding C object CMakeFiles/smarc_control_msgs__rosidl_typesupport_introspection_c.dir/rosidl_typesupport_introspection_c/smarc_control_msgs/msg/detail/control_input__type_support.c.o[0m
[7.197s] [ 47%] [32mBuilding CXX object CMakeFiles/smarc_control_msgs__rosidl_typesupport_cpp.dir/rosidl_typesupport_cpp/smarc_control_msgs/msg/state__type_support.cpp.o[0m
[7.216s] [35m[1mConsolidate compiler generated dependencies of target smarc_control_msgs__rosidl_typesupport_fastrtps_c[0m
[7.243s] [ 49%] [32mBuilding C object CMakeFiles/smarc_control_msgs__rosidl_typesupport_introspection_c.dir/rosidl_typesupport_introspection_c/smarc_control_msgs/msg/detail/control_reference__type_support.c.o[0m
[7.251s] [ 50%] [32mBuilding CXX object CMakeFiles/smarc_control_msgs__rosidl_typesupport_fastrtps_c.dir/rosidl_typesupport_fastrtps_c/smarc_control_msgs/msg/detail/topics__type_support_c.cpp.o[0m
[7.256s] [ 52%] [32m[1mLinking CXX shared library libsmarc_control_msgs__rosidl_typesupport_c.so[0m
[7.419s] [ 52%] Built target smarc_control_msgs__rosidl_typesupport_c
[7.432s] [ 53%] [32mBuilding C object CMakeFiles/smarc_control_msgs__rosidl_typesupport_introspection_c.dir/rosidl_typesupport_introspection_c/smarc_control_msgs/msg/detail/control_state__type_support.c.o[0m
[7.470s] [ 54%] [32mBuilding C object CMakeFiles/smarc_control_msgs__rosidl_typesupport_introspection_c.dir/rosidl_typesupport_introspection_c/smarc_control_msgs/msg/detail/state__type_support.c.o[0m
[7.517s] [ 56%] [32mBuilding CXX object CMakeFiles/smarc_control_msgs__rosidl_typesupport_fastrtps_cpp.dir/rosidl_typesupport_fastrtps_cpp/smarc_control_msgs/msg/detail/dds_fastrtps/control_error__type_support.cpp.o[0m
[7.593s] [ 57%] [32mBuilding CXX object CMakeFiles/smarc_control_msgs__rosidl_typesupport_fastrtps_cpp.dir/rosidl_typesupport_fastrtps_cpp/smarc_control_msgs/msg/detail/dds_fastrtps/control_input__type_support.cpp.o[0m
[7.634s] [ 59%] [32mBuilding CXX object CMakeFiles/smarc_control_msgs__rosidl_typesupport_fastrtps_c.dir/rosidl_typesupport_fastrtps_c/smarc_control_msgs/msg/detail/control_error__type_support_c.cpp.o[0m
[7.653s] [ 60%] [32m[1mLinking C shared library libsmarc_control_msgs__rosidl_typesupport_introspection_c.so[0m
[7.713s] [ 61%] [32mBuilding CXX object CMakeFiles/smarc_control_msgs__rosidl_typesupport_introspection_cpp.dir/rosidl_typesupport_introspection_cpp/smarc_control_msgs/msg/detail/control_reference__type_support.cpp.o[0m
[7.812s] [ 61%] Built target smarc_control_msgs__rosidl_typesupport_introspection_c
[7.885s] [ 63%] [32m[1mLinking CXX shared library libsmarc_control_msgs__rosidl_typesupport_cpp.so[0m
[7.898s] [ 64%] [32mBuilding CXX object CMakeFiles/smarc_control_msgs__rosidl_typesupport_fastrtps_cpp.dir/rosidl_typesupport_fastrtps_cpp/smarc_control_msgs/msg/detail/dds_fastrtps/control_reference__type_support.cpp.o[0m
[8.029s] [ 66%] [32mBuilding CXX object CMakeFiles/smarc_control_msgs__rosidl_typesupport_fastrtps_c.dir/rosidl_typesupport_fastrtps_c/smarc_control_msgs/msg/detail/control_input__type_support_c.cpp.o[0m
[8.044s] [ 67%] [32mBuilding CXX object CMakeFiles/smarc_control_msgs__rosidl_typesupport_introspection_cpp.dir/rosidl_typesupport_introspection_cpp/smarc_control_msgs/msg/detail/control_state__type_support.cpp.o[0m
[8.088s] [ 67%] Built target smarc_control_msgs__rosidl_typesupport_cpp
[8.127s] [ 69%] [32mBuilding CXX object CMakeFiles/smarc_control_msgs__rosidl_typesupport_introspection_cpp.dir/rosidl_typesupport_introspection_cpp/smarc_control_msgs/msg/detail/state__type_support.cpp.o[0m
[8.465s] [ 70%] [32mBuilding CXX object CMakeFiles/smarc_control_msgs__rosidl_typesupport_fastrtps_c.dir/rosidl_typesupport_fastrtps_c/smarc_control_msgs/msg/detail/control_reference__type_support_c.cpp.o[0m
[8.601s] [ 71%] [32mBuilding CXX object CMakeFiles/smarc_control_msgs__rosidl_typesupport_fastrtps_cpp.dir/rosidl_typesupport_fastrtps_cpp/smarc_control_msgs/msg/detail/dds_fastrtps/control_state__type_support.cpp.o[0m
[8.617s] [ 73%] [32mBuilding CXX object CMakeFiles/smarc_control_msgs__rosidl_typesupport_fastrtps_cpp.dir/rosidl_typesupport_fastrtps_cpp/smarc_control_msgs/msg/detail/dds_fastrtps/state__type_support.cpp.o[0m
[8.784s] [ 74%] [32mBuilding CXX object CMakeFiles/smarc_control_msgs__rosidl_typesupport_fastrtps_c.dir/rosidl_typesupport_fastrtps_c/smarc_control_msgs/msg/detail/control_state__type_support_c.cpp.o[0m
[9.076s] [ 76%] [32mBuilding CXX object CMakeFiles/smarc_control_msgs__rosidl_typesupport_fastrtps_c.dir/rosidl_typesupport_fastrtps_c/smarc_control_msgs/msg/detail/state__type_support_c.cpp.o[0m
[9.420s] [ 77%] [32m[1mLinking CXX shared library libsmarc_control_msgs__rosidl_typesupport_introspection_cpp.so[0m
[9.625s] [ 77%] Built target smarc_control_msgs__rosidl_typesupport_introspection_cpp
[9.680s] [ 78%] [32m[1mLinking CXX shared library libsmarc_control_msgs__rosidl_typesupport_fastrtps_cpp.so[0m
[9.757s] [ 80%] [32m[1mLinking CXX shared library libsmarc_control_msgs__rosidl_typesupport_fastrtps_c.so[0m
[9.822s] [ 80%] Built target smarc_control_msgs__rosidl_typesupport_fastrtps_cpp
[9.893s] [ 80%] Built target smarc_control_msgs__rosidl_typesupport_fastrtps_c
[9.938s] [ 80%] Built target smarc_control_msgs
[9.979s] [ 81%] [34m[1mGenerating Python code for ROS interfaces[0m
[11.967s] [ 81%] Built target smarc_control_msgs__py
[11.993s] [35m[1mConsolidate compiler generated dependencies of target smarc_control_msgs__rosidl_generator_py[0m
[12.026s] [ 84%] [32mBuilding C object CMakeFiles/smarc_control_msgs__rosidl_generator_py.dir/rosidl_generator_py/smarc_control_msgs/msg/_control_input_s.c.o[0m
[12.026s] [ 84%] [32mBuilding C object CMakeFiles/smarc_control_msgs__rosidl_generator_py.dir/rosidl_generator_py/smarc_control_msgs/msg/_control_error_s.c.o[0m
[12.027s] [ 85%] [32mBuilding C object CMakeFiles/smarc_control_msgs__rosidl_generator_py.dir/rosidl_generator_py/smarc_control_msgs/msg/_topics_s.c.o[0m
[12.031s] [ 87%] [32mBuilding C object CMakeFiles/smarc_control_msgs__rosidl_generator_py.dir/rosidl_generator_py/smarc_control_msgs/msg/_control_state_s.c.o[0m
[12.042s] [ 88%] [32mBuilding C object CMakeFiles/smarc_control_msgs__rosidl_generator_py.dir/rosidl_generator_py/smarc_control_msgs/msg/_state_s.c.o[0m
[12.047s] [ 90%] [32mBuilding C object CMakeFiles/smarc_control_msgs__rosidl_generator_py.dir/rosidl_generator_py/smarc_control_msgs/msg/_control_reference_s.c.o[0m
[12.289s] [ 91%] [32m[1mLinking C shared library rosidl_generator_py/smarc_control_msgs/libsmarc_control_msgs__rosidl_generator_py.so[0m
[12.367s] [ 91%] Built target smarc_control_msgs__rosidl_generator_py
[12.387s] [35m[1mConsolidate compiler generated dependencies of target smarc_control_msgs__rosidl_typesupport_fastrtps_c__pyext[0m
[12.388s] [35m[1mConsolidate compiler generated dependencies of target smarc_control_msgs__rosidl_typesupport_introspection_c__pyext[0m
[12.390s] [35m[1mConsolidate compiler generated dependencies of target smarc_control_msgs__rosidl_typesupport_c__pyext[0m
[12.415s] [ 92%] [32mBuilding C object CMakeFiles/smarc_control_msgs__rosidl_typesupport_introspection_c__pyext.dir/rosidl_generator_py/smarc_control_msgs/_smarc_control_msgs_s.ep.rosidl_typesupport_introspection_c.c.o[0m
[12.418s] [ 94%] [32mBuilding C object CMakeFiles/smarc_control_msgs__rosidl_typesupport_fastrtps_c__pyext.dir/rosidl_generator_py/smarc_control_msgs/_smarc_control_msgs_s.ep.rosidl_typesupport_fastrtps_c.c.o[0m
[12.420s] [ 95%] [32mBuilding C object CMakeFiles/smarc_control_msgs__rosidl_typesupport_c__pyext.dir/rosidl_generator_py/smarc_control_msgs/_smarc_control_msgs_s.ep.rosidl_typesupport_c.c.o[0m
[12.628s] [ 97%] [32m[1mLinking C shared library rosidl_generator_py/smarc_control_msgs/smarc_control_msgs_s__rosidl_typesupport_fastrtps_c.cpython-310-aarch64-linux-gnu.so[0m
[12.636s] [ 98%] [32m[1mLinking C shared library rosidl_generator_py/smarc_control_msgs/smarc_control_msgs_s__rosidl_typesupport_introspection_c.cpython-310-aarch64-linux-gnu.so[0m
[12.640s] [100%] [32m[1mLinking C shared library rosidl_generator_py/smarc_control_msgs/smarc_control_msgs_s__rosidl_typesupport_c.cpython-310-aarch64-linux-gnu.so[0m
[12.712s] [100%] Built target smarc_control_msgs__rosidl_typesupport_introspection_c__pyext
[12.712s] [100%] Built target smarc_control_msgs__rosidl_typesupport_c__pyext
[12.716s] [100%] Built target smarc_control_msgs__rosidl_typesupport_fastrtps_c__pyext
[12.741s] Invoked command in '/home/orin/colcon_ws/build/smarc_control_msgs' returned '0': CMAKE_PREFIX_PATH=${CMAKE_PREFIX_PATH}:/home/orin/colcon_ws/install/workshopfun:/home/orin/colcon_ws/install/utm_latlon_converter:/home/orin/colcon_ws/install/smarc_nodered:/home/orin/colcon_ws/install/sam_drivers:/home/orin/colcon_ws/install/smarc_bt:/home/orin/colcon_ws/install/smarc_bringups:/home/orin/colcon_ws/install/sam_joy_xbox:/home/orin/colcon_ws/install/sam_joy_teleop:/home/orin/colcon_ws/install/sam_diving_controller:/home/orin/colcon_ws/install/sam_dead_reckoning:/home/orin/colcon_ws/install/ros_tcp_endpoint:/home/orin/colcon_ws/install/ros2_python_examples:/home/orin/colcon_ws/install/nmea_navsat_driver:/home/orin/colcon_ws/install/mqtt_bridge:/home/orin/colcon_ws/install/dvl_driver:/home/orin/colcon_ws/install/dubins_planner:/home/orin/colcon_ws/install/drone_dr:/home/orin/colcon_ws/install/basic_go_to_waypoint:/home/orin/colcon_ws/install/basic_depth_pitch_control:/home/orin/colcon_ws/install/auv_detector:/opt/ros/humble /usr/bin/cmake --build /home/orin/colcon_ws/build/smarc_control_msgs -- -j8 -l8
[12.761s] Invoking command in '/home/orin/colcon_ws/build/smarc_control_msgs': CMAKE_PREFIX_PATH=${CMAKE_PREFIX_PATH}:/home/orin/colcon_ws/install/workshopfun:/home/orin/colcon_ws/install/utm_latlon_converter:/home/orin/colcon_ws/install/smarc_nodered:/home/orin/colcon_ws/install/sam_drivers:/home/orin/colcon_ws/install/smarc_bt:/home/orin/colcon_ws/install/smarc_bringups:/home/orin/colcon_ws/install/sam_joy_xbox:/home/orin/colcon_ws/install/sam_joy_teleop:/home/orin/colcon_ws/install/sam_diving_controller:/home/orin/colcon_ws/install/sam_dead_reckoning:/home/orin/colcon_ws/install/ros_tcp_endpoint:/home/orin/colcon_ws/install/ros2_python_examples:/home/orin/colcon_ws/install/nmea_navsat_driver:/home/orin/colcon_ws/install/mqtt_bridge:/home/orin/colcon_ws/install/dvl_driver:/home/orin/colcon_ws/install/dubins_planner:/home/orin/colcon_ws/install/drone_dr:/home/orin/colcon_ws/install/basic_go_to_waypoint:/home/orin/colcon_ws/install/basic_depth_pitch_control:/home/orin/colcon_ws/install/auv_detector:/opt/ros/humble /usr/bin/cmake --install /home/orin/colcon_ws/build/smarc_control_msgs
[12.776s] -- Install configuration: ""
[12.777s] -- Execute custom install script
[12.777s] -- Up-to-date symlink: /home/orin/colcon_ws/install/smarc_control_msgs/share/ament_index/resource_index/rosidl_interfaces/smarc_control_msgs
[12.778s] -- Up-to-date symlink: /home/orin/colcon_ws/install/smarc_control_msgs/include/smarc_control_msgs/smarc_control_msgs/msg/control_error.h
[12.779s] -- Up-to-date symlink: /home/orin/colcon_ws/install/smarc_control_msgs/include/smarc_control_msgs/smarc_control_msgs/msg/control_input.h
[12.779s] -- Up-to-date symlink: /home/orin/colcon_ws/install/smarc_control_msgs/include/smarc_control_msgs/smarc_control_msgs/msg/control_reference.h
[12.779s] -- Up-to-date symlink: /home/orin/colcon_ws/install/smarc_control_msgs/include/smarc_control_msgs/smarc_control_msgs/msg/control_state.h
[12.779s] -- Up-to-date symlink: /home/orin/colcon_ws/install/smarc_control_msgs/include/smarc_control_msgs/smarc_control_msgs/msg/detail/control_error__functions.h
[12.779s] -- Up-to-date symlink: /home/orin/colcon_ws/install/smarc_control_msgs/include/smarc_control_msgs/smarc_control_msgs/msg/detail/control_error__struct.h
[12.780s] -- Up-to-date symlink: /home/orin/colcon_ws/install/smarc_control_msgs/include/smarc_control_msgs/smarc_control_msgs/msg/detail/control_error__type_support.h
[12.780s] -- Up-to-date symlink: /home/orin/colcon_ws/install/smarc_control_msgs/include/smarc_control_msgs/smarc_control_msgs/msg/detail/control_input__functions.h
[12.780s] -- Up-to-date symlink: /home/orin/colcon_ws/install/smarc_control_msgs/include/smarc_control_msgs/smarc_control_msgs/msg/detail/control_input__struct.h
[12.780s] -- Up-to-date symlink: /home/orin/colcon_ws/install/smarc_control_msgs/include/smarc_control_msgs/smarc_control_msgs/msg/detail/control_input__type_support.h
[12.780s] -- Up-to-date symlink: /home/orin/colcon_ws/install/smarc_control_msgs/include/smarc_control_msgs/smarc_control_msgs/msg/detail/control_reference__functions.h
[12.781s] -- Up-to-date symlink: /home/orin/colcon_ws/install/smarc_control_msgs/include/smarc_control_msgs/smarc_control_msgs/msg/detail/control_reference__struct.h
[12.781s] -- Up-to-date symlink: /home/orin/colcon_ws/install/smarc_control_msgs/include/smarc_control_msgs/smarc_control_msgs/msg/detail/control_reference__type_support.h
[12.781s] -- Up-to-date symlink: /home/orin/colcon_ws/install/smarc_control_msgs/include/smarc_control_msgs/smarc_control_msgs/msg/detail/control_state__functions.h
[12.781s] -- Up-to-date symlink: /home/orin/colcon_ws/install/smarc_control_msgs/include/smarc_control_msgs/smarc_control_msgs/msg/detail/control_state__struct.h
[12.781s] -- Up-to-date symlink: /home/orin/colcon_ws/install/smarc_control_msgs/include/smarc_control_msgs/smarc_control_msgs/msg/detail/control_state__type_support.h
[12.782s] -- Up-to-date symlink: /home/orin/colcon_ws/install/smarc_control_msgs/include/smarc_control_msgs/smarc_control_msgs/msg/detail/state__functions.h
[12.782s] -- Up-to-date symlink: /home/orin/colcon_ws/install/smarc_control_msgs/include/smarc_control_msgs/smarc_control_msgs/msg/detail/state__struct.h
[12.782s] -- Up-to-date symlink: /home/orin/colcon_ws/install/smarc_control_msgs/include/smarc_control_msgs/smarc_control_msgs/msg/detail/state__type_support.h
[12.782s] -- Up-to-date symlink: /home/orin/colcon_ws/install/smarc_control_msgs/include/smarc_control_msgs/smarc_control_msgs/msg/detail/topics__functions.h
[12.782s] -- Up-to-date symlink: /home/orin/colcon_ws/install/smarc_control_msgs/include/smarc_control_msgs/smarc_control_msgs/msg/detail/topics__struct.h
[12.782s] -- Up-to-date symlink: /home/orin/colcon_ws/install/smarc_control_msgs/include/smarc_control_msgs/smarc_control_msgs/msg/detail/topics__type_support.h
[12.783s] -- Up-to-date symlink: /home/orin/colcon_ws/install/smarc_control_msgs/include/smarc_control_msgs/smarc_control_msgs/msg/rosidl_generator_c__visibility_control.h
[12.783s] -- Up-to-date symlink: /home/orin/colcon_ws/install/smarc_control_msgs/include/smarc_control_msgs/smarc_control_msgs/msg/state.h
[12.783s] -- Up-to-date symlink: /home/orin/colcon_ws/install/smarc_control_msgs/include/smarc_control_msgs/smarc_control_msgs/msg/topics.h
[12.783s] -- Up-to-date symlink: /home/orin/colcon_ws/install/smarc_control_msgs/share/smarc_control_msgs/environment/library_path.sh
[12.783s] -- Up-to-date symlink: /home/orin/colcon_ws/install/smarc_control_msgs/share/smarc_control_msgs/environment/library_path.dsv
[12.784s] -- Up-to-date symlink: /home/orin/colcon_ws/install/smarc_control_msgs/include/smarc_control_msgs/smarc_control_msgs/msg/detail/control_error__rosidl_typesupport_fastrtps_c.h
[12.785s] -- Up-to-date symlink: /home/orin/colcon_ws/install/smarc_control_msgs/include/smarc_control_msgs/smarc_control_msgs/msg/detail/control_input__rosidl_typesupport_fastrtps_c.h
[12.785s] -- Up-to-date symlink: /home/orin/colcon_ws/install/smarc_control_msgs/include/smarc_control_msgs/smarc_control_msgs/msg/detail/control_reference__rosidl_typesupport_fastrtps_c.h
[12.785s] -- Up-to-date symlink: /home/orin/colcon_ws/install/smarc_control_msgs/include/smarc_control_msgs/smarc_control_msgs/msg/detail/control_state__rosidl_typesupport_fastrtps_c.h
[12.785s] -- Up-to-date symlink: /home/orin/colcon_ws/install/smarc_control_msgs/include/smarc_control_msgs/smarc_control_msgs/msg/detail/state__rosidl_typesupport_fastrtps_c.h
[12.785s] -- Up-to-date symlink: /home/orin/colcon_ws/install/smarc_control_msgs/include/smarc_control_msgs/smarc_control_msgs/msg/detail/topics__rosidl_typesupport_fastrtps_c.h
[12.786s] -- Up-to-date symlink: /home/orin/colcon_ws/install/smarc_control_msgs/include/smarc_control_msgs/smarc_control_msgs/msg/rosidl_typesupport_fastrtps_c__visibility_control.h
[12.786s] -- Up-to-date symlink: /home/orin/colcon_ws/install/smarc_control_msgs/include/smarc_control_msgs/smarc_control_msgs/msg/detail/control_error__rosidl_typesupport_introspection_c.h
[12.786s] -- Up-to-date symlink: /home/orin/colcon_ws/install/smarc_control_msgs/include/smarc_control_msgs/smarc_control_msgs/msg/detail/control_input__rosidl_typesupport_introspection_c.h
[12.787s] -- Up-to-date symlink: /home/orin/colcon_ws/install/smarc_control_msgs/include/smarc_control_msgs/smarc_control_msgs/msg/detail/control_reference__rosidl_typesupport_introspection_c.h
[12.787s] -- Up-to-date symlink: /home/orin/colcon_ws/install/smarc_control_msgs/include/smarc_control_msgs/smarc_control_msgs/msg/detail/control_state__rosidl_typesupport_introspection_c.h
[12.787s] -- Up-to-date symlink: /home/orin/colcon_ws/install/smarc_control_msgs/include/smarc_control_msgs/smarc_control_msgs/msg/detail/state__rosidl_typesupport_introspection_c.h
[12.787s] -- Up-to-date symlink: /home/orin/colcon_ws/install/smarc_control_msgs/include/smarc_control_msgs/smarc_control_msgs/msg/detail/topics__rosidl_typesupport_introspection_c.h
[12.787s] -- Up-to-date symlink: /home/orin/colcon_ws/install/smarc_control_msgs/include/smarc_control_msgs/smarc_control_msgs/msg/rosidl_typesupport_introspection_c__visibility_control.h
[12.788s] -- Up-to-date symlink: /home/orin/colcon_ws/install/smarc_control_msgs/include/smarc_control_msgs/smarc_control_msgs/msg/control_error.hpp
[12.788s] -- Up-to-date symlink: /home/orin/colcon_ws/install/smarc_control_msgs/include/smarc_control_msgs/smarc_control_msgs/msg/control_input.hpp
[12.789s] -- Up-to-date symlink: /home/orin/colcon_ws/install/smarc_control_msgs/include/smarc_control_msgs/smarc_control_msgs/msg/control_reference.hpp
[12.789s] -- Up-to-date symlink: /home/orin/colcon_ws/install/smarc_control_msgs/include/smarc_control_msgs/smarc_control_msgs/msg/control_state.hpp
[12.789s] -- Up-to-date symlink: /home/orin/colcon_ws/install/smarc_control_msgs/include/smarc_control_msgs/smarc_control_msgs/msg/detail/control_error__builder.hpp
[12.789s] -- Up-to-date symlink: /home/orin/colcon_ws/install/smarc_control_msgs/include/smarc_control_msgs/smarc_control_msgs/msg/detail/control_error__struct.hpp
[12.789s] -- Up-to-date symlink: /home/orin/colcon_ws/install/smarc_control_msgs/include/smarc_control_msgs/smarc_control_msgs/msg/detail/control_error__traits.hpp
[12.789s] -- Up-to-date symlink: /home/orin/colcon_ws/install/smarc_control_msgs/include/smarc_control_msgs/smarc_control_msgs/msg/detail/control_error__type_support.hpp
[12.790s] -- Up-to-date symlink: /home/orin/colcon_ws/install/smarc_control_msgs/include/smarc_control_msgs/smarc_control_msgs/msg/detail/control_input__builder.hpp
[12.790s] -- Up-to-date symlink: /home/orin/colcon_ws/install/smarc_control_msgs/include/smarc_control_msgs/smarc_control_msgs/msg/detail/control_input__struct.hpp
[12.791s] -- Up-to-date symlink: /home/orin/colcon_ws/install/smarc_control_msgs/include/smarc_control_msgs/smarc_control_msgs/msg/detail/control_input__traits.hpp
[12.791s] -- Up-to-date symlink: /home/orin/colcon_ws/install/smarc_control_msgs/include/smarc_control_msgs/smarc_control_msgs/msg/detail/control_input__type_support.hpp
[12.791s] -- Up-to-date symlink: /home/orin/colcon_ws/install/smarc_control_msgs/include/smarc_control_msgs/smarc_control_msgs/msg/detail/control_reference__builder.hpp
[12.792s] -- Up-to-date symlink: /home/orin/colcon_ws/install/smarc_control_msgs/include/smarc_control_msgs/smarc_control_msgs/msg/detail/control_reference__struct.hpp
[12.792s] -- Up-to-date symlink: /home/orin/colcon_ws/install/smarc_control_msgs/include/smarc_control_msgs/smarc_control_msgs/msg/detail/control_reference__traits.hpp
[12.792s] -- Up-to-date symlink: /home/orin/colcon_ws/install/smarc_control_msgs/include/smarc_control_msgs/smarc_control_msgs/msg/detail/control_reference__type_support.hpp
[12.793s] -- Up-to-date symlink: /home/orin/colcon_ws/install/smarc_control_msgs/include/smarc_control_msgs/smarc_control_msgs/msg/detail/control_state__builder.hpp
[12.793s] -- Up-to-date symlink: /home/orin/colcon_ws/install/smarc_control_msgs/include/smarc_control_msgs/smarc_control_msgs/msg/detail/control_state__struct.hpp
[12.793s] -- Up-to-date symlink: /home/orin/colcon_ws/install/smarc_control_msgs/include/smarc_control_msgs/smarc_control_msgs/msg/detail/control_state__traits.hpp
[12.793s] -- Up-to-date symlink: /home/orin/colcon_ws/install/smarc_control_msgs/include/smarc_control_msgs/smarc_control_msgs/msg/detail/control_state__type_support.hpp
[12.794s] -- Up-to-date symlink: /home/orin/colcon_ws/install/smarc_control_msgs/include/smarc_control_msgs/smarc_control_msgs/msg/detail/state__builder.hpp
[12.794s] -- Up-to-date symlink: /home/orin/colcon_ws/install/smarc_control_msgs/include/smarc_control_msgs/smarc_control_msgs/msg/detail/state__struct.hpp
[12.794s] -- Up-to-date symlink: /home/orin/colcon_ws/install/smarc_control_msgs/include/smarc_control_msgs/smarc_control_msgs/msg/detail/state__traits.hpp
[12.795s] -- Up-to-date symlink: /home/orin/colcon_ws/install/smarc_control_msgs/include/smarc_control_msgs/smarc_control_msgs/msg/detail/state__type_support.hpp
[12.795s] -- Up-to-date symlink: /home/orin/colcon_ws/install/smarc_control_msgs/include/smarc_control_msgs/smarc_control_msgs/msg/detail/topics__builder.hpp
[12.795s] -- Up-to-date symlink: /home/orin/colcon_ws/install/smarc_control_msgs/include/smarc_control_msgs/smarc_control_msgs/msg/detail/topics__struct.hpp
[12.795s] -- Up-to-date symlink: /home/orin/colcon_ws/install/smarc_control_msgs/include/smarc_control_msgs/smarc_control_msgs/msg/detail/topics__traits.hpp
[12.796s] -- Up-to-date symlink: /home/orin/colcon_ws/install/smarc_control_msgs/include/smarc_control_msgs/smarc_control_msgs/msg/detail/topics__type_support.hpp
[12.796s] -- Up-to-date symlink: /home/orin/colcon_ws/install/smarc_control_msgs/include/smarc_control_msgs/smarc_control_msgs/msg/rosidl_generator_cpp__visibility_control.hpp
[12.796s] -- Up-to-date symlink: /home/orin/colcon_ws/install/smarc_control_msgs/include/smarc_control_msgs/smarc_control_msgs/msg/state.hpp
[12.796s] -- Up-to-date symlink: /home/orin/colcon_ws/install/smarc_control_msgs/include/smarc_control_msgs/smarc_control_msgs/msg/topics.hpp
[12.796s] -- Up-to-date symlink: /home/orin/colcon_ws/install/smarc_control_msgs/include/smarc_control_msgs/smarc_control_msgs/msg/detail/control_error__rosidl_typesupport_fastrtps_cpp.hpp
[12.797s] -- Up-to-date symlink: /home/orin/colcon_ws/install/smarc_control_msgs/include/smarc_control_msgs/smarc_control_msgs/msg/detail/control_input__rosidl_typesupport_fastrtps_cpp.hpp
[12.797s] -- Up-to-date symlink: /home/orin/colcon_ws/install/smarc_control_msgs/include/smarc_control_msgs/smarc_control_msgs/msg/detail/control_reference__rosidl_typesupport_fastrtps_cpp.hpp
[12.797s] -- Up-to-date symlink: /home/orin/colcon_ws/install/smarc_control_msgs/include/smarc_control_msgs/smarc_control_msgs/msg/detail/control_state__rosidl_typesupport_fastrtps_cpp.hpp
[12.797s] -- Up-to-date symlink: /home/orin/colcon_ws/install/smarc_control_msgs/include/smarc_control_msgs/smarc_control_msgs/msg/detail/state__rosidl_typesupport_fastrtps_cpp.hpp
[12.797s] -- Up-to-date symlink: /home/orin/colcon_ws/install/smarc_control_msgs/include/smarc_control_msgs/smarc_control_msgs/msg/detail/topics__rosidl_typesupport_fastrtps_cpp.hpp
[12.798s] -- Up-to-date symlink: /home/orin/colcon_ws/install/smarc_control_msgs/include/smarc_control_msgs/smarc_control_msgs/msg/rosidl_typesupport_fastrtps_cpp__visibility_control.h
[12.798s] -- Up-to-date symlink: /home/orin/colcon_ws/install/smarc_control_msgs/include/smarc_control_msgs/smarc_control_msgs/msg/detail/control_error__rosidl_typesupport_introspection_cpp.hpp
[12.798s] -- Up-to-date symlink: /home/orin/colcon_ws/install/smarc_control_msgs/include/smarc_control_msgs/smarc_control_msgs/msg/detail/control_input__rosidl_typesupport_introspection_cpp.hpp
[12.798s] -- Up-to-date symlink: /home/orin/colcon_ws/install/smarc_control_msgs/include/smarc_control_msgs/smarc_control_msgs/msg/detail/control_reference__rosidl_typesupport_introspection_cpp.hpp
[12.798s] -- Up-to-date symlink: /home/orin/colcon_ws/install/smarc_control_msgs/include/smarc_control_msgs/smarc_control_msgs/msg/detail/control_state__rosidl_typesupport_introspection_cpp.hpp
[12.799s] -- Up-to-date symlink: /home/orin/colcon_ws/install/smarc_control_msgs/include/smarc_control_msgs/smarc_control_msgs/msg/detail/state__rosidl_typesupport_introspection_cpp.hpp
[12.799s] -- Up-to-date symlink: /home/orin/colcon_ws/install/smarc_control_msgs/include/smarc_control_msgs/smarc_control_msgs/msg/detail/topics__rosidl_typesupport_introspection_cpp.hpp
[12.799s] -- Up-to-date symlink: /home/orin/colcon_ws/install/smarc_control_msgs/share/smarc_control_msgs/environment/pythonpath.sh
[12.799s] -- Up-to-date symlink: /home/orin/colcon_ws/install/smarc_control_msgs/share/smarc_control_msgs/environment/pythonpath.dsv
[12.799s] -- Up-to-date symlink: /home/orin/colcon_ws/install/smarc_control_msgs/local/lib/python3.10/dist-packages/smarc_control_msgs-0.0.0-py3.10.egg-info/PKG-INFO
[12.799s] -- Up-to-date symlink: /home/orin/colcon_ws/install/smarc_control_msgs/local/lib/python3.10/dist-packages/smarc_control_msgs-0.0.0-py3.10.egg-info/SOURCES.txt
[12.800s] -- Up-to-date symlink: /home/orin/colcon_ws/install/smarc_control_msgs/local/lib/python3.10/dist-packages/smarc_control_msgs-0.0.0-py3.10.egg-info/dependency_links.txt
[12.800s] -- Up-to-date symlink: /home/orin/colcon_ws/install/smarc_control_msgs/local/lib/python3.10/dist-packages/smarc_control_msgs-0.0.0-py3.10.egg-info/top_level.txt
[12.801s] -- Up-to-date symlink: /home/orin/colcon_ws/install/smarc_control_msgs/local/lib/python3.10/dist-packages/smarc_control_msgs/__init__.py
[12.801s] -- Up-to-date symlink: /home/orin/colcon_ws/install/smarc_control_msgs/local/lib/python3.10/dist-packages/smarc_control_msgs/_smarc_control_msgs_s.ep.rosidl_typesupport_c.c
[12.801s] -- Up-to-date symlink: /home/orin/colcon_ws/install/smarc_control_msgs/local/lib/python3.10/dist-packages/smarc_control_msgs/_smarc_control_msgs_s.ep.rosidl_typesupport_fastrtps_c.c
[12.801s] -- Up-to-date symlink: /home/orin/colcon_ws/install/smarc_control_msgs/local/lib/python3.10/dist-packages/smarc_control_msgs/_smarc_control_msgs_s.ep.rosidl_typesupport_introspection_c.c
[12.801s] -- Up-to-date symlink: /home/orin/colcon_ws/install/smarc_control_msgs/local/lib/python3.10/dist-packages/smarc_control_msgs/libsmarc_control_msgs__rosidl_generator_py.so
[12.802s] -- Up-to-date symlink: /home/orin/colcon_ws/install/smarc_control_msgs/local/lib/python3.10/dist-packages/smarc_control_msgs/msg/__init__.py
[12.802s] -- Up-to-date symlink: /home/orin/colcon_ws/install/smarc_control_msgs/local/lib/python3.10/dist-packages/smarc_control_msgs/msg/_control_error.py
[12.802s] -- Up-to-date symlink: /home/orin/colcon_ws/install/smarc_control_msgs/local/lib/python3.10/dist-packages/smarc_control_msgs/msg/_control_error_s.c
[12.802s] -- Up-to-date symlink: /home/orin/colcon_ws/install/smarc_control_msgs/local/lib/python3.10/dist-packages/smarc_control_msgs/msg/_control_input.py
[12.802s] -- Up-to-date symlink: /home/orin/colcon_ws/install/smarc_control_msgs/local/lib/python3.10/dist-packages/smarc_control_msgs/msg/_control_input_s.c
[12.802s] -- Up-to-date symlink: /home/orin/colcon_ws/install/smarc_control_msgs/local/lib/python3.10/dist-packages/smarc_control_msgs/msg/_control_reference.py
[12.803s] -- Up-to-date symlink: /home/orin/colcon_ws/install/smarc_control_msgs/local/lib/python3.10/dist-packages/smarc_control_msgs/msg/_control_reference_s.c
[12.803s] -- Up-to-date symlink: /home/orin/colcon_ws/install/smarc_control_msgs/local/lib/python3.10/dist-packages/smarc_control_msgs/msg/_control_state.py
[12.803s] -- Up-to-date symlink: /home/orin/colcon_ws/install/smarc_control_msgs/local/lib/python3.10/dist-packages/smarc_control_msgs/msg/_control_state_s.c
[12.803s] -- Up-to-date symlink: /home/orin/colcon_ws/install/smarc_control_msgs/local/lib/python3.10/dist-packages/smarc_control_msgs/msg/_state.py
[12.803s] -- Up-to-date symlink: /home/orin/colcon_ws/install/smarc_control_msgs/local/lib/python3.10/dist-packages/smarc_control_msgs/msg/_state_s.c
[12.803s] -- Up-to-date symlink: /home/orin/colcon_ws/install/smarc_control_msgs/local/lib/python3.10/dist-packages/smarc_control_msgs/msg/_topics.py
[12.804s] -- Up-to-date symlink: /home/orin/colcon_ws/install/smarc_control_msgs/local/lib/python3.10/dist-packages/smarc_control_msgs/msg/_topics_s.c
[12.804s] -- Up-to-date symlink: /home/orin/colcon_ws/install/smarc_control_msgs/local/lib/python3.10/dist-packages/smarc_control_msgs/smarc_control_msgs_s__rosidl_typesupport_c.cpython-310-aarch64-linux-gnu.so
[12.804s] -- Up-to-date symlink: /home/orin/colcon_ws/install/smarc_control_msgs/local/lib/python3.10/dist-packages/smarc_control_msgs/smarc_control_msgs_s__rosidl_typesupport_fastrtps_c.cpython-310-aarch64-linux-gnu.so
[12.804s] -- Up-to-date symlink: /home/orin/colcon_ws/install/smarc_control_msgs/local/lib/python3.10/dist-packages/smarc_control_msgs/smarc_control_msgs_s__rosidl_typesupport_introspection_c.cpython-310-aarch64-linux-gnu.so
[12.805s] -- Up-to-date symlink: /home/orin/colcon_ws/install/smarc_control_msgs/local/lib/python3.10/dist-packages/smarc_control_msgs/smarc_control_msgs_s__rosidl_typesupport_fastrtps_c.cpython-310-aarch64-linux-gnu.so
[12.805s] -- Up-to-date symlink: /home/orin/colcon_ws/install/smarc_control_msgs/local/lib/python3.10/dist-packages/smarc_control_msgs/smarc_control_msgs_s__rosidl_typesupport_introspection_c.cpython-310-aarch64-linux-gnu.so
[12.805s] -- Up-to-date symlink: /home/orin/colcon_ws/install/smarc_control_msgs/local/lib/python3.10/dist-packages/smarc_control_msgs/smarc_control_msgs_s__rosidl_typesupport_c.cpython-310-aarch64-linux-gnu.so
[12.806s] -- Up-to-date symlink: /home/orin/colcon_ws/install/smarc_control_msgs/share/smarc_control_msgs/msg/Topics.idl
[12.806s] -- Up-to-date symlink: /home/orin/colcon_ws/install/smarc_control_msgs/share/smarc_control_msgs/msg/ControlError.idl
[12.806s] -- Up-to-date symlink: /home/orin/colcon_ws/install/smarc_control_msgs/share/smarc_control_msgs/msg/ControlInput.idl
[12.806s] -- Up-to-date symlink: /home/orin/colcon_ws/install/smarc_control_msgs/share/smarc_control_msgs/msg/ControlReference.idl
[12.807s] -- Up-to-date symlink: /home/orin/colcon_ws/install/smarc_control_msgs/share/smarc_control_msgs/msg/ControlState.idl
[12.807s] -- Up-to-date symlink: /home/orin/colcon_ws/install/smarc_control_msgs/share/smarc_control_msgs/msg/State.idl
[12.807s] -- Up-to-date symlink: /home/orin/colcon_ws/install/smarc_control_msgs/share/smarc_control_msgs/msg/Topics.msg
[12.807s] -- Up-to-date symlink: /home/orin/colcon_ws/install/smarc_control_msgs/share/smarc_control_msgs/msg/ControlError.msg
[12.808s] -- Up-to-date symlink: /home/orin/colcon_ws/install/smarc_control_msgs/share/smarc_control_msgs/msg/ControlInput.msg
[12.808s] -- Up-to-date symlink: /home/orin/colcon_ws/install/smarc_control_msgs/share/smarc_control_msgs/msg/ControlReference.msg
[12.808s] -- Up-to-date symlink: /home/orin/colcon_ws/install/smarc_control_msgs/share/smarc_control_msgs/msg/ControlState.msg
[12.808s] -- Up-to-date symlink: /home/orin/colcon_ws/install/smarc_control_msgs/share/smarc_control_msgs/msg/State.msg
[12.809s] -- Up-to-date symlink: /home/orin/colcon_ws/install/smarc_control_msgs/share/ament_index/resource_index/package_run_dependencies/smarc_control_msgs
[12.809s] -- Up-to-date symlink: /home/orin/colcon_ws/install/smarc_control_msgs/share/ament_index/resource_index/parent_prefix_path/smarc_control_msgs
[12.809s] -- Up-to-date symlink: /home/orin/colcon_ws/install/smarc_control_msgs/share/smarc_control_msgs/environment/ament_prefix_path.sh
[12.809s] -- Up-to-date symlink: /home/orin/colcon_ws/install/smarc_control_msgs/share/smarc_control_msgs/environment/ament_prefix_path.dsv
[12.809s] -- Up-to-date symlink: /home/orin/colcon_ws/install/smarc_control_msgs/share/smarc_control_msgs/environment/path.sh
[12.810s] -- Up-to-date symlink: /home/orin/colcon_ws/install/smarc_control_msgs/share/smarc_control_msgs/environment/path.dsv
[12.810s] -- Up-to-date symlink: /home/orin/colcon_ws/install/smarc_control_msgs/share/smarc_control_msgs/local_setup.bash
[12.810s] -- Up-to-date symlink: /home/orin/colcon_ws/install/smarc_control_msgs/share/smarc_control_msgs/local_setup.sh
[12.810s] -- Up-to-date symlink: /home/orin/colcon_ws/install/smarc_control_msgs/share/smarc_control_msgs/local_setup.zsh
[12.811s] -- Up-to-date symlink: /home/orin/colcon_ws/install/smarc_control_msgs/share/smarc_control_msgs/local_setup.dsv
[12.813s] -- Symlinking: /home/orin/colcon_ws/install/smarc_control_msgs/share/smarc_control_msgs/package.dsv
[12.829s] -- Up-to-date symlink: /home/orin/colcon_ws/install/smarc_control_msgs/share/ament_index/resource_index/packages/smarc_control_msgs
[12.829s] -- Up-to-date symlink: /home/orin/colcon_ws/install/smarc_control_msgs/share/smarc_control_msgs/cmake/rosidl_cmake-extras.cmake
[12.830s] -- Up-to-date symlink: /home/orin/colcon_ws/install/smarc_control_msgs/share/smarc_control_msgs/cmake/ament_cmake_export_dependencies-extras.cmake
[12.830s] -- Up-to-date symlink: /home/orin/colcon_ws/install/smarc_control_msgs/share/smarc_control_msgs/cmake/ament_cmake_export_include_directories-extras.cmake
[12.830s] -- Up-to-date symlink: /home/orin/colcon_ws/install/smarc_control_msgs/share/smarc_control_msgs/cmake/ament_cmake_export_libraries-extras.cmake
[12.830s] -- Up-to-date symlink: /home/orin/colcon_ws/install/smarc_control_msgs/share/smarc_control_msgs/cmake/ament_cmake_export_targets-extras.cmake
[12.831s] -- Up-to-date symlink: /home/orin/colcon_ws/install/smarc_control_msgs/share/smarc_control_msgs/cmake/rosidl_cmake_export_typesupport_targets-extras.cmake
[12.832s] -- Up-to-date symlink: /home/orin/colcon_ws/install/smarc_control_msgs/share/smarc_control_msgs/cmake/rosidl_cmake_export_typesupport_libraries-extras.cmake
[12.832s] -- Up-to-date symlink: /home/orin/colcon_ws/install/smarc_control_msgs/share/smarc_control_msgs/cmake/smarc_control_msgsConfig.cmake
[12.832s] -- Up-to-date symlink: /home/orin/colcon_ws/install/smarc_control_msgs/share/smarc_control_msgs/cmake/smarc_control_msgsConfig-version.cmake
[12.832s] -- Up-to-date symlink: /home/orin/colcon_ws/install/smarc_control_msgs/share/smarc_control_msgs/package.xml
[12.832s] -- Installing: /home/orin/colcon_ws/install/smarc_control_msgs/lib/libsmarc_control_msgs__rosidl_generator_c.so
[12.833s] -- Set runtime path of "/home/orin/colcon_ws/install/smarc_control_msgs/lib/libsmarc_control_msgs__rosidl_generator_c.so" to ""
[12.833s] -- Installing: /home/orin/colcon_ws/install/smarc_control_msgs/lib/libsmarc_control_msgs__rosidl_typesupport_fastrtps_c.so
[12.835s] -- Set runtime path of "/home/orin/colcon_ws/install/smarc_control_msgs/lib/libsmarc_control_msgs__rosidl_typesupport_fastrtps_c.so" to ""
[12.835s] -- Installing: /home/orin/colcon_ws/install/smarc_control_msgs/lib/libsmarc_control_msgs__rosidl_typesupport_introspection_c.so
[12.835s] -- Set runtime path of "/home/orin/colcon_ws/install/smarc_control_msgs/lib/libsmarc_control_msgs__rosidl_typesupport_introspection_c.so" to ""
[12.835s] -- Installing: /home/orin/colcon_ws/install/smarc_control_msgs/lib/libsmarc_control_msgs__rosidl_typesupport_c.so
[12.836s] -- Set runtime path of "/home/orin/colcon_ws/install/smarc_control_msgs/lib/libsmarc_control_msgs__rosidl_typesupport_c.so" to ""
[12.836s] -- Installing: /home/orin/colcon_ws/install/smarc_control_msgs/lib/libsmarc_control_msgs__rosidl_typesupport_fastrtps_cpp.so
[12.836s] -- Set runtime path of "/home/orin/colcon_ws/install/smarc_control_msgs/lib/libsmarc_control_msgs__rosidl_typesupport_fastrtps_cpp.so" to ""
[12.836s] -- Installing: /home/orin/colcon_ws/install/smarc_control_msgs/lib/libsmarc_control_msgs__rosidl_typesupport_introspection_cpp.so
[12.838s] -- Set runtime path of "/home/orin/colcon_ws/install/smarc_control_msgs/lib/libsmarc_control_msgs__rosidl_typesupport_introspection_cpp.so" to ""
[12.838s] -- Installing: /home/orin/colcon_ws/install/smarc_control_msgs/lib/libsmarc_control_msgs__rosidl_typesupport_cpp.so
[12.838s] -- Set runtime path of "/home/orin/colcon_ws/install/smarc_control_msgs/lib/libsmarc_control_msgs__rosidl_typesupport_cpp.so" to ""
[12.960s] Listing '/home/orin/colcon_ws/install/smarc_control_msgs/local/lib/python3.10/dist-packages/smarc_control_msgs'...
[12.961s] Compiling '/home/orin/colcon_ws/install/smarc_control_msgs/local/lib/python3.10/dist-packages/smarc_control_msgs/__init__.py'...
[12.961s] Listing '/home/orin/colcon_ws/install/smarc_control_msgs/local/lib/python3.10/dist-packages/smarc_control_msgs/msg'...
[12.961s] Compiling '/home/orin/colcon_ws/install/smarc_control_msgs/local/lib/python3.10/dist-packages/smarc_control_msgs/msg/__init__.py'...
[12.961s] Compiling '/home/orin/colcon_ws/install/smarc_control_msgs/local/lib/python3.10/dist-packages/smarc_control_msgs/msg/_control_error.py'...
[12.961s] Compiling '/home/orin/colcon_ws/install/smarc_control_msgs/local/lib/python3.10/dist-packages/smarc_control_msgs/msg/_control_input.py'...
[12.961s] Compiling '/home/orin/colcon_ws/install/smarc_control_msgs/local/lib/python3.10/dist-packages/smarc_control_msgs/msg/_control_reference.py'...
[12.961s] Compiling '/home/orin/colcon_ws/install/smarc_control_msgs/local/lib/python3.10/dist-packages/smarc_control_msgs/msg/_control_state.py'...
[12.962s] Compiling '/home/orin/colcon_ws/install/smarc_control_msgs/local/lib/python3.10/dist-packages/smarc_control_msgs/msg/_state.py'...
[12.962s] Compiling '/home/orin/colcon_ws/install/smarc_control_msgs/local/lib/python3.10/dist-packages/smarc_control_msgs/msg/_topics.py'...
[12.972s] -- Installing: /home/orin/colcon_ws/install/smarc_control_msgs/lib/libsmarc_control_msgs__rosidl_generator_py.so
[12.972s] -- Set runtime path of "/home/orin/colcon_ws/install/smarc_control_msgs/lib/libsmarc_control_msgs__rosidl_generator_py.so" to ""
[12.973s] -- Up-to-date: /home/orin/colcon_ws/install/smarc_control_msgs/share/smarc_control_msgs/cmake/export_smarc_control_msgs__rosidl_generator_cExport.cmake
[12.973s] -- Up-to-date: /home/orin/colcon_ws/install/smarc_control_msgs/share/smarc_control_msgs/cmake/export_smarc_control_msgs__rosidl_generator_cExport-noconfig.cmake
[12.973s] -- Up-to-date: /home/orin/colcon_ws/install/smarc_control_msgs/share/smarc_control_msgs/cmake/export_smarc_control_msgs__rosidl_typesupport_fastrtps_cExport.cmake
[12.973s] -- Up-to-date: /home/orin/colcon_ws/install/smarc_control_msgs/share/smarc_control_msgs/cmake/export_smarc_control_msgs__rosidl_typesupport_fastrtps_cExport-noconfig.cmake
[12.974s] -- Up-to-date: /home/orin/colcon_ws/install/smarc_control_msgs/share/smarc_control_msgs/cmake/smarc_control_msgs__rosidl_typesupport_introspection_cExport.cmake
[12.974s] -- Up-to-date: /home/orin/colcon_ws/install/smarc_control_msgs/share/smarc_control_msgs/cmake/smarc_control_msgs__rosidl_typesupport_introspection_cExport-noconfig.cmake
[12.974s] -- Up-to-date: /home/orin/colcon_ws/install/smarc_control_msgs/share/smarc_control_msgs/cmake/smarc_control_msgs__rosidl_typesupport_cExport.cmake
[12.974s] -- Up-to-date: /home/orin/colcon_ws/install/smarc_control_msgs/share/smarc_control_msgs/cmake/smarc_control_msgs__rosidl_typesupport_cExport-noconfig.cmake
[12.974s] -- Up-to-date: /home/orin/colcon_ws/install/smarc_control_msgs/share/smarc_control_msgs/cmake/export_smarc_control_msgs__rosidl_generator_cppExport.cmake
[12.975s] -- Up-to-date: /home/orin/colcon_ws/install/smarc_control_msgs/share/smarc_control_msgs/cmake/export_smarc_control_msgs__rosidl_typesupport_fastrtps_cppExport.cmake
[12.975s] -- Up-to-date: /home/orin/colcon_ws/install/smarc_control_msgs/share/smarc_control_msgs/cmake/export_smarc_control_msgs__rosidl_typesupport_fastrtps_cppExport-noconfig.cmake
[12.975s] -- Up-to-date: /home/orin/colcon_ws/install/smarc_control_msgs/share/smarc_control_msgs/cmake/smarc_control_msgs__rosidl_typesupport_introspection_cppExport.cmake
[12.975s] -- Up-to-date: /home/orin/colcon_ws/install/smarc_control_msgs/share/smarc_control_msgs/cmake/smarc_control_msgs__rosidl_typesupport_introspection_cppExport-noconfig.cmake
[12.975s] -- Up-to-date: /home/orin/colcon_ws/install/smarc_control_msgs/share/smarc_control_msgs/cmake/smarc_control_msgs__rosidl_typesupport_cppExport.cmake
[12.976s] -- Up-to-date: /home/orin/colcon_ws/install/smarc_control_msgs/share/smarc_control_msgs/cmake/smarc_control_msgs__rosidl_typesupport_cppExport-noconfig.cmake
[12.976s] -- Up-to-date: /home/orin/colcon_ws/install/smarc_control_msgs/share/smarc_control_msgs/cmake/export_smarc_control_msgs__rosidl_generator_pyExport.cmake
[12.976s] -- Up-to-date: /home/orin/colcon_ws/install/smarc_control_msgs/share/smarc_control_msgs/cmake/export_smarc_control_msgs__rosidl_generator_pyExport-noconfig.cmake
[12.980s] Invoked command in '/home/orin/colcon_ws/build/smarc_control_msgs' returned '0': CMAKE_PREFIX_PATH=${CMAKE_PREFIX_PATH}:/home/orin/colcon_ws/install/workshopfun:/home/orin/colcon_ws/install/utm_latlon_converter:/home/orin/colcon_ws/install/smarc_nodered:/home/orin/colcon_ws/install/sam_drivers:/home/orin/colcon_ws/install/smarc_bt:/home/orin/colcon_ws/install/smarc_bringups:/home/orin/colcon_ws/install/sam_joy_xbox:/home/orin/colcon_ws/install/sam_joy_teleop:/home/orin/colcon_ws/install/sam_diving_controller:/home/orin/colcon_ws/install/sam_dead_reckoning:/home/orin/colcon_ws/install/ros_tcp_endpoint:/home/orin/colcon_ws/install/ros2_python_examples:/home/orin/colcon_ws/install/nmea_navsat_driver:/home/orin/colcon_ws/install/mqtt_bridge:/home/orin/colcon_ws/install/dvl_driver:/home/orin/colcon_ws/install/dubins_planner:/home/orin/colcon_ws/install/drone_dr:/home/orin/colcon_ws/install/basic_go_to_waypoint:/home/orin/colcon_ws/install/basic_depth_pitch_control:/home/orin/colcon_ws/install/auv_detector:/opt/ros/humble /usr/bin/cmake --install /home/orin/colcon_ws/build/smarc_control_msgs
