-- Found ament_cmake: 1.3.11 (/opt/ros/humble/share/ament_cmake/cmake)
-- Override CMake install command with custom implementation using symlinks instead of copying resources
-- Found rosidl_default_generators: 1.2.0 (/opt/ros/humble/share/rosidl_default_generators/cmake)
-- Using all available rosidl_typesupport_c: rosidl_typesupport_fastrtps_c;rosidl_typesupport_introspection_c
-- Found rosidl_adapter: 3.1.6 (/opt/ros/humble/share/rosidl_adapter/cmake)
-- Using all available rosidl_typesupport_cpp: rosidl_typesupport_fastrtps_cpp;rosidl_typesupport_introspection_cpp
-- Found geometry_msgs: 4.2.4 (/opt/ros/humble/share/geometry_msgs/cmake)
-- Found sensor_msgs: 4.2.4 (/opt/ros/humble/share/sensor_msgs/cmake)
-- Found ament_cmake_ros: 0.10.0 (/opt/ros/humble/share/ament_cmake_ros/cmake)
-- Using all available rosidl_typesupport_c: rosidl_typesupport_fastrtps_c;rosidl_typesupport_introspection_c
-- Using all available rosidl_typesupport_cpp: rosidl_typesupport_fastrtps_cpp;rosidl_typesupport_introspection_cpp
-- Found python_cmake_module: 0.10.0 (/opt/ros/humble/share/python_cmake_module/cmake)
-- Using PYTHON_EXECUTABLE: /usr/bin/python3
-- Using PYTHON_INCLUDE_DIRS: /usr/include/python3.10
-- Using PYTHON_LIBRARIES: /usr/lib/x86_64-linux-gnu/libpython3.10.so
-- Found ament_lint_auto: 0.12.11 (/opt/ros/humble/share/ament_lint_auto/cmake)
-- Added test 'lint_cmake' to check CMake code style
-- Added test 'xmllint' to check XML markup files
-- Configuring done
-- Generating done
-- Build files have been written to: /home/nacho/colcon_workspaces/smarc_ws/build/sam_msgs
[35m[1mConsolidate compiler generated dependencies of target sam_msgs__rosidl_generator_c[0m
[  3%] [32mBuilding C object CMakeFiles/sam_msgs__rosidl_generator_c.dir/rosidl_generator_c/sam_msgs/msg/detail/topics__functions.c.o[0m
[  3%] [32mBuilding C object CMakeFiles/sam_msgs__rosidl_generator_c.dir/rosidl_generator_c/sam_msgs/msg/detail/thruster_rp_ms__functions.c.o[0m
[  5%] [32mBuilding C object CMakeFiles/sam_msgs__rosidl_generator_c.dir/rosidl_generator_c/sam_msgs/msg/detail/links__functions.c.o[0m
[  7%] [32mBuilding C object CMakeFiles/sam_msgs__rosidl_generator_c.dir/rosidl_generator_c/sam_msgs/msg/detail/thruster_angles__functions.c.o[0m
[  7%] Built target ament_cmake_python_symlink_sam_msgs
[  9%] Built target sam_msgs__cpp
[35m[1mConsolidate compiler generated dependencies of target sam_msgs__rosidl_typesupport_fastrtps_cpp[0m
[35m[1mConsolidate compiler generated dependencies of target sam_msgs__rosidl_typesupport_cpp[0m
[35m[1mConsolidate compiler generated dependencies of target sam_msgs__rosidl_typesupport_introspection_cpp[0m
[ 12%] [32mBuilding CXX object CMakeFiles/sam_msgs__rosidl_typesupport_fastrtps_cpp.dir/rosidl_typesupport_fastrtps_cpp/sam_msgs/msg/detail/dds_fastrtps/thruster_rp_ms__type_support.cpp.o[0m
[ 12%] [32mBuilding CXX object CMakeFiles/sam_msgs__rosidl_typesupport_fastrtps_cpp.dir/rosidl_typesupport_fastrtps_cpp/sam_msgs/msg/detail/dds_fastrtps/thruster_angles__type_support.cpp.o[0m
[ 14%] [32mBuilding CXX object CMakeFiles/sam_msgs__rosidl_typesupport_fastrtps_cpp.dir/rosidl_typesupport_fastrtps_cpp/sam_msgs/msg/detail/dds_fastrtps/topics__type_support.cpp.o[0m
[ 16%] [32mBuilding CXX object CMakeFiles/sam_msgs__rosidl_typesupport_cpp.dir/rosidl_typesupport_cpp/sam_msgs/msg/thruster_rp_ms__type_support.cpp.o[0m
[ 18%] [32mBuilding CXX object CMakeFiles/sam_msgs__rosidl_typesupport_cpp.dir/rosidl_typesupport_cpp/sam_msgs/msg/thruster_angles__type_support.cpp.o[0m
[ 20%] [32mBuilding CXX object CMakeFiles/sam_msgs__rosidl_typesupport_introspection_cpp.dir/rosidl_typesupport_introspection_cpp/sam_msgs/msg/detail/links__type_support.cpp.o[0m
[ 21%] [32mBuilding CXX object CMakeFiles/sam_msgs__rosidl_typesupport_fastrtps_cpp.dir/rosidl_typesupport_fastrtps_cpp/sam_msgs/msg/detail/dds_fastrtps/links__type_support.cpp.o[0m
[ 23%] [32mBuilding CXX object CMakeFiles/sam_msgs__rosidl_typesupport_introspection_cpp.dir/rosidl_typesupport_introspection_cpp/sam_msgs/msg/detail/thruster_angles__type_support.cpp.o[0m
[ 25%] [32mBuilding CXX object CMakeFiles/sam_msgs__rosidl_typesupport_introspection_cpp.dir/rosidl_typesupport_introspection_cpp/sam_msgs/msg/detail/thruster_rp_ms__type_support.cpp.o[0m
[ 29%] [32mBuilding CXX object CMakeFiles/sam_msgs__rosidl_typesupport_cpp.dir/rosidl_typesupport_cpp/sam_msgs/msg/links__type_support.cpp.o[0m
[ 27%] [32mBuilding CXX object CMakeFiles/sam_msgs__rosidl_typesupport_introspection_cpp.dir/rosidl_typesupport_introspection_cpp/sam_msgs/msg/detail/topics__type_support.cpp.o[0m
[ 30%] [32mBuilding CXX object CMakeFiles/sam_msgs__rosidl_typesupport_cpp.dir/rosidl_typesupport_cpp/sam_msgs/msg/topics__type_support.cpp.o[0m
[ 32%] [32m[1mLinking C shared library libsam_msgs__rosidl_generator_c.so[0m
[ 34%] Built target sam_msgs__rosidl_generator_c
[35m[1mConsolidate compiler generated dependencies of target sam_msgs__rosidl_typesupport_fastrtps_c[0m
[35m[1mConsolidate compiler generated dependencies of target sam_msgs__rosidl_typesupport_introspection_c[0m
[35m[1mConsolidate compiler generated dependencies of target sam_msgs__rosidl_typesupport_c[0m
[ 36%] [32mBuilding CXX object CMakeFiles/sam_msgs__rosidl_typesupport_fastrtps_c.dir/rosidl_typesupport_fastrtps_c/sam_msgs/msg/detail/links__type_support_c.cpp.o[0m
[ 38%] [32mBuilding CXX object CMakeFiles/sam_msgs__rosidl_typesupport_fastrtps_c.dir/rosidl_typesupport_fastrtps_c/sam_msgs/msg/detail/thruster_angles__type_support_c.cpp.o[0m
[ 40%] [32mBuilding CXX object CMakeFiles/sam_msgs__rosidl_typesupport_fastrtps_c.dir/rosidl_typesupport_fastrtps_c/sam_msgs/msg/detail/thruster_rp_ms__type_support_c.cpp.o[0m
[ 41%] [32mBuilding CXX object CMakeFiles/sam_msgs__rosidl_typesupport_fastrtps_c.dir/rosidl_typesupport_fastrtps_c/sam_msgs/msg/detail/topics__type_support_c.cpp.o[0m
[ 43%] [32mBuilding C object CMakeFiles/sam_msgs__rosidl_typesupport_introspection_c.dir/rosidl_typesupport_introspection_c/sam_msgs/msg/detail/links__type_support.c.o[0m
[ 45%] [32mBuilding CXX object CMakeFiles/sam_msgs__rosidl_typesupport_c.dir/rosidl_typesupport_c/sam_msgs/msg/links__type_support.cpp.o[0m
[ 47%] [32mBuilding CXX object CMakeFiles/sam_msgs__rosidl_typesupport_c.dir/rosidl_typesupport_c/sam_msgs/msg/thruster_angles__type_support.cpp.o[0m
[ 50%] [32mBuilding CXX object CMakeFiles/sam_msgs__rosidl_typesupport_c.dir/rosidl_typesupport_c/sam_msgs/msg/thruster_rp_ms__type_support.cpp.o[0m
[ 50%] [32mBuilding CXX object CMakeFiles/sam_msgs__rosidl_typesupport_c.dir/rosidl_typesupport_c/sam_msgs/msg/topics__type_support.cpp.o[0m
[ 52%] [32mBuilding C object CMakeFiles/sam_msgs__rosidl_typesupport_introspection_c.dir/rosidl_typesupport_introspection_c/sam_msgs/msg/detail/thruster_angles__type_support.c.o[0m
[ 54%] [32mBuilding C object CMakeFiles/sam_msgs__rosidl_typesupport_introspection_c.dir/rosidl_typesupport_introspection_c/sam_msgs/msg/detail/thruster_rp_ms__type_support.c.o[0m
[ 56%] [32mBuilding C object CMakeFiles/sam_msgs__rosidl_typesupport_introspection_c.dir/rosidl_typesupport_introspection_c/sam_msgs/msg/detail/topics__type_support.c.o[0m
[ 58%] [32m[1mLinking CXX shared library libsam_msgs__rosidl_typesupport_c.so[0m
running egg_info
writing sam_msgs.egg-info/PKG-INFO
writing dependency_links to sam_msgs.egg-info/dependency_links.txt
writing top-level names to sam_msgs.egg-info/top_level.txt
reading manifest file 'sam_msgs.egg-info/SOURCES.txt'
writing manifest file 'sam_msgs.egg-info/SOURCES.txt'
[ 60%] Built target sam_msgs__rosidl_typesupport_c
[ 61%] [32m[1mLinking CXX shared library libsam_msgs__rosidl_typesupport_cpp.so[0m
[ 63%] [32m[1mLinking C shared library libsam_msgs__rosidl_typesupport_introspection_c.so[0m
[ 63%] Built target ament_cmake_python_build_sam_msgs_egg
[ 65%] Built target sam_msgs__rosidl_typesupport_introspection_c
[ 67%] Built target sam_msgs__rosidl_typesupport_cpp
[ 69%] [32m[1mLinking CXX shared library libsam_msgs__rosidl_typesupport_introspection_cpp.so[0m
[ 70%] [32m[1mLinking CXX shared library libsam_msgs__rosidl_typesupport_fastrtps_cpp.so[0m
[ 72%] [32m[1mLinking CXX shared library libsam_msgs__rosidl_typesupport_fastrtps_c.so[0m
[ 74%] Built target sam_msgs__rosidl_typesupport_introspection_cpp
[ 76%] Built target sam_msgs__rosidl_typesupport_fastrtps_cpp
[ 78%] Built target sam_msgs__rosidl_typesupport_fastrtps_c
[ 78%] Built target sam_msgs
[ 80%] Built target sam_msgs__py
[35m[1mConsolidate compiler generated dependencies of target sam_msgs__rosidl_generator_py[0m
[ 81%] [32mBuilding C object CMakeFiles/sam_msgs__rosidl_generator_py.dir/rosidl_generator_py/sam_msgs/msg/_links_s.c.o[0m
[ 83%] [32mBuilding C object CMakeFiles/sam_msgs__rosidl_generator_py.dir/rosidl_generator_py/sam_msgs/msg/_thruster_rp_ms_s.c.o[0m
[ 85%] [32mBuilding C object CMakeFiles/sam_msgs__rosidl_generator_py.dir/rosidl_generator_py/sam_msgs/msg/_thruster_angles_s.c.o[0m
[ 87%] [32mBuilding C object CMakeFiles/sam_msgs__rosidl_generator_py.dir/rosidl_generator_py/sam_msgs/msg/_topics_s.c.o[0m
[ 89%] [32m[1mLinking C shared library rosidl_generator_py/sam_msgs/libsam_msgs__rosidl_generator_py.so[0m
[ 89%] Built target sam_msgs__rosidl_generator_py
[35m[1mConsolidate compiler generated dependencies of target sam_msgs__rosidl_typesupport_fastrtps_c__pyext[0m
[35m[1mConsolidate compiler generated dependencies of target sam_msgs__rosidl_typesupport_c__pyext[0m
[35m[1mConsolidate compiler generated dependencies of target sam_msgs__rosidl_typesupport_introspection_c__pyext[0m
[ 90%] [32mBuilding C object CMakeFiles/sam_msgs__rosidl_typesupport_c__pyext.dir/rosidl_generator_py/sam_msgs/_sam_msgs_s.ep.rosidl_typesupport_c.c.o[0m
[ 92%] [32mBuilding C object CMakeFiles/sam_msgs__rosidl_typesupport_fastrtps_c__pyext.dir/rosidl_generator_py/sam_msgs/_sam_msgs_s.ep.rosidl_typesupport_fastrtps_c.c.o[0m
[ 94%] [32mBuilding C object CMakeFiles/sam_msgs__rosidl_typesupport_introspection_c__pyext.dir/rosidl_generator_py/sam_msgs/_sam_msgs_s.ep.rosidl_typesupport_introspection_c.c.o[0m
[ 96%] [32m[1mLinking C shared library rosidl_generator_py/sam_msgs/sam_msgs_s__rosidl_typesupport_c.cpython-310-x86_64-linux-gnu.so[0m
[ 98%] [32m[1mLinking C shared library rosidl_generator_py/sam_msgs/sam_msgs_s__rosidl_typesupport_fastrtps_c.cpython-310-x86_64-linux-gnu.so[0m
[100%] [32m[1mLinking C shared library rosidl_generator_py/sam_msgs/sam_msgs_s__rosidl_typesupport_introspection_c.cpython-310-x86_64-linux-gnu.so[0m
[100%] Built target sam_msgs__rosidl_typesupport_fastrtps_c__pyext
[100%] Built target sam_msgs__rosidl_typesupport_c__pyext
[100%] Built target sam_msgs__rosidl_typesupport_introspection_c__pyext
-- Install configuration: ""
-- Execute custom install script
-- Up-to-date symlink: /home/nacho/colcon_workspaces/smarc_ws/install/sam_msgs/share/ament_index/resource_index/rosidl_interfaces/sam_msgs
-- Up-to-date symlink: /home/nacho/colcon_workspaces/smarc_ws/install/sam_msgs/include/sam_msgs/sam_msgs/msg/detail/links__functions.h
-- Up-to-date symlink: /home/nacho/colcon_workspaces/smarc_ws/install/sam_msgs/include/sam_msgs/sam_msgs/msg/detail/links__struct.h
-- Up-to-date symlink: /home/nacho/colcon_workspaces/smarc_ws/install/sam_msgs/include/sam_msgs/sam_msgs/msg/detail/links__type_support.h
-- Up-to-date symlink: /home/nacho/colcon_workspaces/smarc_ws/install/sam_msgs/include/sam_msgs/sam_msgs/msg/detail/thruster_angles__functions.h
-- Up-to-date symlink: /home/nacho/colcon_workspaces/smarc_ws/install/sam_msgs/include/sam_msgs/sam_msgs/msg/detail/thruster_angles__struct.h
-- Up-to-date symlink: /home/nacho/colcon_workspaces/smarc_ws/install/sam_msgs/include/sam_msgs/sam_msgs/msg/detail/thruster_angles__type_support.h
-- Up-to-date symlink: /home/nacho/colcon_workspaces/smarc_ws/install/sam_msgs/include/sam_msgs/sam_msgs/msg/detail/thruster_rp_ms__functions.h
-- Up-to-date symlink: /home/nacho/colcon_workspaces/smarc_ws/install/sam_msgs/include/sam_msgs/sam_msgs/msg/detail/thruster_rp_ms__struct.h
-- Up-to-date symlink: /home/nacho/colcon_workspaces/smarc_ws/install/sam_msgs/include/sam_msgs/sam_msgs/msg/detail/thruster_rp_ms__type_support.h
-- Up-to-date symlink: /home/nacho/colcon_workspaces/smarc_ws/install/sam_msgs/include/sam_msgs/sam_msgs/msg/detail/topics__functions.h
-- Up-to-date symlink: /home/nacho/colcon_workspaces/smarc_ws/install/sam_msgs/include/sam_msgs/sam_msgs/msg/detail/topics__struct.h
-- Up-to-date symlink: /home/nacho/colcon_workspaces/smarc_ws/install/sam_msgs/include/sam_msgs/sam_msgs/msg/detail/topics__type_support.h
-- Up-to-date symlink: /home/nacho/colcon_workspaces/smarc_ws/install/sam_msgs/include/sam_msgs/sam_msgs/msg/links.h
-- Up-to-date symlink: /home/nacho/colcon_workspaces/smarc_ws/install/sam_msgs/include/sam_msgs/sam_msgs/msg/rosidl_generator_c__visibility_control.h
-- Up-to-date symlink: /home/nacho/colcon_workspaces/smarc_ws/install/sam_msgs/include/sam_msgs/sam_msgs/msg/thruster_angles.h
-- Up-to-date symlink: /home/nacho/colcon_workspaces/smarc_ws/install/sam_msgs/include/sam_msgs/sam_msgs/msg/thruster_rp_ms.h
-- Up-to-date symlink: /home/nacho/colcon_workspaces/smarc_ws/install/sam_msgs/include/sam_msgs/sam_msgs/msg/topics.h
-- Up-to-date symlink: /home/nacho/colcon_workspaces/smarc_ws/install/sam_msgs/share/sam_msgs/environment/library_path.sh
-- Up-to-date symlink: /home/nacho/colcon_workspaces/smarc_ws/install/sam_msgs/share/sam_msgs/environment/library_path.dsv
-- Up-to-date symlink: /home/nacho/colcon_workspaces/smarc_ws/install/sam_msgs/include/sam_msgs/sam_msgs/msg/detail/links__rosidl_typesupport_fastrtps_c.h
-- Up-to-date symlink: /home/nacho/colcon_workspaces/smarc_ws/install/sam_msgs/include/sam_msgs/sam_msgs/msg/detail/thruster_angles__rosidl_typesupport_fastrtps_c.h
-- Up-to-date symlink: /home/nacho/colcon_workspaces/smarc_ws/install/sam_msgs/include/sam_msgs/sam_msgs/msg/detail/thruster_rp_ms__rosidl_typesupport_fastrtps_c.h
-- Up-to-date symlink: /home/nacho/colcon_workspaces/smarc_ws/install/sam_msgs/include/sam_msgs/sam_msgs/msg/detail/topics__rosidl_typesupport_fastrtps_c.h
-- Up-to-date symlink: /home/nacho/colcon_workspaces/smarc_ws/install/sam_msgs/include/sam_msgs/sam_msgs/msg/rosidl_typesupport_fastrtps_c__visibility_control.h
-- Up-to-date symlink: /home/nacho/colcon_workspaces/smarc_ws/install/sam_msgs/include/sam_msgs/sam_msgs/msg/detail/links__rosidl_typesupport_introspection_c.h
-- Up-to-date symlink: /home/nacho/colcon_workspaces/smarc_ws/install/sam_msgs/include/sam_msgs/sam_msgs/msg/detail/thruster_angles__rosidl_typesupport_introspection_c.h
-- Up-to-date symlink: /home/nacho/colcon_workspaces/smarc_ws/install/sam_msgs/include/sam_msgs/sam_msgs/msg/detail/thruster_rp_ms__rosidl_typesupport_introspection_c.h
-- Up-to-date symlink: /home/nacho/colcon_workspaces/smarc_ws/install/sam_msgs/include/sam_msgs/sam_msgs/msg/detail/topics__rosidl_typesupport_introspection_c.h
-- Up-to-date symlink: /home/nacho/colcon_workspaces/smarc_ws/install/sam_msgs/include/sam_msgs/sam_msgs/msg/rosidl_typesupport_introspection_c__visibility_control.h
-- Up-to-date symlink: /home/nacho/colcon_workspaces/smarc_ws/install/sam_msgs/include/sam_msgs/sam_msgs/msg/detail/links__builder.hpp
-- Up-to-date symlink: /home/nacho/colcon_workspaces/smarc_ws/install/sam_msgs/include/sam_msgs/sam_msgs/msg/detail/links__struct.hpp
-- Up-to-date symlink: /home/nacho/colcon_workspaces/smarc_ws/install/sam_msgs/include/sam_msgs/sam_msgs/msg/detail/links__traits.hpp
-- Up-to-date symlink: /home/nacho/colcon_workspaces/smarc_ws/install/sam_msgs/include/sam_msgs/sam_msgs/msg/detail/links__type_support.hpp
-- Up-to-date symlink: /home/nacho/colcon_workspaces/smarc_ws/install/sam_msgs/include/sam_msgs/sam_msgs/msg/detail/thruster_angles__builder.hpp
-- Up-to-date symlink: /home/nacho/colcon_workspaces/smarc_ws/install/sam_msgs/include/sam_msgs/sam_msgs/msg/detail/thruster_angles__struct.hpp
-- Up-to-date symlink: /home/nacho/colcon_workspaces/smarc_ws/install/sam_msgs/include/sam_msgs/sam_msgs/msg/detail/thruster_angles__traits.hpp
-- Up-to-date symlink: /home/nacho/colcon_workspaces/smarc_ws/install/sam_msgs/include/sam_msgs/sam_msgs/msg/detail/thruster_angles__type_support.hpp
-- Up-to-date symlink: /home/nacho/colcon_workspaces/smarc_ws/install/sam_msgs/include/sam_msgs/sam_msgs/msg/detail/thruster_rp_ms__builder.hpp
-- Up-to-date symlink: /home/nacho/colcon_workspaces/smarc_ws/install/sam_msgs/include/sam_msgs/sam_msgs/msg/detail/thruster_rp_ms__struct.hpp
-- Up-to-date symlink: /home/nacho/colcon_workspaces/smarc_ws/install/sam_msgs/include/sam_msgs/sam_msgs/msg/detail/thruster_rp_ms__traits.hpp
-- Up-to-date symlink: /home/nacho/colcon_workspaces/smarc_ws/install/sam_msgs/include/sam_msgs/sam_msgs/msg/detail/thruster_rp_ms__type_support.hpp
-- Up-to-date symlink: /home/nacho/colcon_workspaces/smarc_ws/install/sam_msgs/include/sam_msgs/sam_msgs/msg/detail/topics__builder.hpp
-- Up-to-date symlink: /home/nacho/colcon_workspaces/smarc_ws/install/sam_msgs/include/sam_msgs/sam_msgs/msg/detail/topics__struct.hpp
-- Up-to-date symlink: /home/nacho/colcon_workspaces/smarc_ws/install/sam_msgs/include/sam_msgs/sam_msgs/msg/detail/topics__traits.hpp
-- Up-to-date symlink: /home/nacho/colcon_workspaces/smarc_ws/install/sam_msgs/include/sam_msgs/sam_msgs/msg/detail/topics__type_support.hpp
-- Up-to-date symlink: /home/nacho/colcon_workspaces/smarc_ws/install/sam_msgs/include/sam_msgs/sam_msgs/msg/links.hpp
-- Up-to-date symlink: /home/nacho/colcon_workspaces/smarc_ws/install/sam_msgs/include/sam_msgs/sam_msgs/msg/rosidl_generator_cpp__visibility_control.hpp
-- Up-to-date symlink: /home/nacho/colcon_workspaces/smarc_ws/install/sam_msgs/include/sam_msgs/sam_msgs/msg/thruster_angles.hpp
-- Up-to-date symlink: /home/nacho/colcon_workspaces/smarc_ws/install/sam_msgs/include/sam_msgs/sam_msgs/msg/thruster_rp_ms.hpp
-- Up-to-date symlink: /home/nacho/colcon_workspaces/smarc_ws/install/sam_msgs/include/sam_msgs/sam_msgs/msg/topics.hpp
-- Up-to-date symlink: /home/nacho/colcon_workspaces/smarc_ws/install/sam_msgs/include/sam_msgs/sam_msgs/msg/detail/links__rosidl_typesupport_fastrtps_cpp.hpp
-- Up-to-date symlink: /home/nacho/colcon_workspaces/smarc_ws/install/sam_msgs/include/sam_msgs/sam_msgs/msg/detail/thruster_angles__rosidl_typesupport_fastrtps_cpp.hpp
-- Up-to-date symlink: /home/nacho/colcon_workspaces/smarc_ws/install/sam_msgs/include/sam_msgs/sam_msgs/msg/detail/thruster_rp_ms__rosidl_typesupport_fastrtps_cpp.hpp
-- Up-to-date symlink: /home/nacho/colcon_workspaces/smarc_ws/install/sam_msgs/include/sam_msgs/sam_msgs/msg/detail/topics__rosidl_typesupport_fastrtps_cpp.hpp
-- Up-to-date symlink: /home/nacho/colcon_workspaces/smarc_ws/install/sam_msgs/include/sam_msgs/sam_msgs/msg/rosidl_typesupport_fastrtps_cpp__visibility_control.h
-- Up-to-date symlink: /home/nacho/colcon_workspaces/smarc_ws/install/sam_msgs/include/sam_msgs/sam_msgs/msg/detail/links__rosidl_typesupport_introspection_cpp.hpp
-- Up-to-date symlink: /home/nacho/colcon_workspaces/smarc_ws/install/sam_msgs/include/sam_msgs/sam_msgs/msg/detail/thruster_angles__rosidl_typesupport_introspection_cpp.hpp
-- Up-to-date symlink: /home/nacho/colcon_workspaces/smarc_ws/install/sam_msgs/include/sam_msgs/sam_msgs/msg/detail/thruster_rp_ms__rosidl_typesupport_introspection_cpp.hpp
-- Up-to-date symlink: /home/nacho/colcon_workspaces/smarc_ws/install/sam_msgs/include/sam_msgs/sam_msgs/msg/detail/topics__rosidl_typesupport_introspection_cpp.hpp
-- Up-to-date symlink: /home/nacho/colcon_workspaces/smarc_ws/install/sam_msgs/share/sam_msgs/environment/pythonpath.sh
-- Up-to-date symlink: /home/nacho/colcon_workspaces/smarc_ws/install/sam_msgs/share/sam_msgs/environment/pythonpath.dsv
-- Up-to-date symlink: /home/nacho/colcon_workspaces/smarc_ws/install/sam_msgs/local/lib/python3.10/dist-packages/sam_msgs-0.1.0-py3.10.egg-info/PKG-INFO
-- Up-to-date symlink: /home/nacho/colcon_workspaces/smarc_ws/install/sam_msgs/local/lib/python3.10/dist-packages/sam_msgs-0.1.0-py3.10.egg-info/SOURCES.txt
-- Up-to-date symlink: /home/nacho/colcon_workspaces/smarc_ws/install/sam_msgs/local/lib/python3.10/dist-packages/sam_msgs-0.1.0-py3.10.egg-info/dependency_links.txt
-- Up-to-date symlink: /home/nacho/colcon_workspaces/smarc_ws/install/sam_msgs/local/lib/python3.10/dist-packages/sam_msgs-0.1.0-py3.10.egg-info/top_level.txt
-- Up-to-date symlink: /home/nacho/colcon_workspaces/smarc_ws/install/sam_msgs/local/lib/python3.10/dist-packages/sam_msgs/__init__.py
-- Up-to-date symlink: /home/nacho/colcon_workspaces/smarc_ws/install/sam_msgs/local/lib/python3.10/dist-packages/sam_msgs/_sam_msgs_s.ep.rosidl_typesupport_c.c
-- Up-to-date symlink: /home/nacho/colcon_workspaces/smarc_ws/install/sam_msgs/local/lib/python3.10/dist-packages/sam_msgs/_sam_msgs_s.ep.rosidl_typesupport_fastrtps_c.c
-- Up-to-date symlink: /home/nacho/colcon_workspaces/smarc_ws/install/sam_msgs/local/lib/python3.10/dist-packages/sam_msgs/_sam_msgs_s.ep.rosidl_typesupport_introspection_c.c
-- Up-to-date symlink: /home/nacho/colcon_workspaces/smarc_ws/install/sam_msgs/local/lib/python3.10/dist-packages/sam_msgs/libsam_msgs__rosidl_generator_py.so
-- Up-to-date symlink: /home/nacho/colcon_workspaces/smarc_ws/install/sam_msgs/local/lib/python3.10/dist-packages/sam_msgs/msg/__init__.py
-- Up-to-date symlink: /home/nacho/colcon_workspaces/smarc_ws/install/sam_msgs/local/lib/python3.10/dist-packages/sam_msgs/msg/_links.py
-- Up-to-date symlink: /home/nacho/colcon_workspaces/smarc_ws/install/sam_msgs/local/lib/python3.10/dist-packages/sam_msgs/msg/_links_s.c
-- Up-to-date symlink: /home/nacho/colcon_workspaces/smarc_ws/install/sam_msgs/local/lib/python3.10/dist-packages/sam_msgs/msg/_thruster_angles.py
-- Up-to-date symlink: /home/nacho/colcon_workspaces/smarc_ws/install/sam_msgs/local/lib/python3.10/dist-packages/sam_msgs/msg/_thruster_angles_s.c
-- Up-to-date symlink: /home/nacho/colcon_workspaces/smarc_ws/install/sam_msgs/local/lib/python3.10/dist-packages/sam_msgs/msg/_thruster_rp_ms.py
-- Up-to-date symlink: /home/nacho/colcon_workspaces/smarc_ws/install/sam_msgs/local/lib/python3.10/dist-packages/sam_msgs/msg/_thruster_rp_ms_s.c
-- Up-to-date symlink: /home/nacho/colcon_workspaces/smarc_ws/install/sam_msgs/local/lib/python3.10/dist-packages/sam_msgs/msg/_topics.py
-- Up-to-date symlink: /home/nacho/colcon_workspaces/smarc_ws/install/sam_msgs/local/lib/python3.10/dist-packages/sam_msgs/msg/_topics_s.c
-- Up-to-date symlink: /home/nacho/colcon_workspaces/smarc_ws/install/sam_msgs/local/lib/python3.10/dist-packages/sam_msgs/sam_msgs_s__rosidl_typesupport_c.cpython-310-x86_64-linux-gnu.so
-- Up-to-date symlink: /home/nacho/colcon_workspaces/smarc_ws/install/sam_msgs/local/lib/python3.10/dist-packages/sam_msgs/sam_msgs_s__rosidl_typesupport_fastrtps_c.cpython-310-x86_64-linux-gnu.so
-- Up-to-date symlink: /home/nacho/colcon_workspaces/smarc_ws/install/sam_msgs/local/lib/python3.10/dist-packages/sam_msgs/sam_msgs_s__rosidl_typesupport_introspection_c.cpython-310-x86_64-linux-gnu.so
-- Up-to-date symlink: /home/nacho/colcon_workspaces/smarc_ws/install/sam_msgs/local/lib/python3.10/dist-packages/sam_msgs/sam_msgs_s__rosidl_typesupport_fastrtps_c.cpython-310-x86_64-linux-gnu.so
-- Up-to-date symlink: /home/nacho/colcon_workspaces/smarc_ws/install/sam_msgs/local/lib/python3.10/dist-packages/sam_msgs/sam_msgs_s__rosidl_typesupport_introspection_c.cpython-310-x86_64-linux-gnu.so
-- Up-to-date symlink: /home/nacho/colcon_workspaces/smarc_ws/install/sam_msgs/local/lib/python3.10/dist-packages/sam_msgs/sam_msgs_s__rosidl_typesupport_c.cpython-310-x86_64-linux-gnu.so
-- Up-to-date symlink: /home/nacho/colcon_workspaces/smarc_ws/install/sam_msgs/share/sam_msgs/msg/Links.idl
-- Up-to-date symlink: /home/nacho/colcon_workspaces/smarc_ws/install/sam_msgs/share/sam_msgs/msg/ThrusterAngles.idl
-- Up-to-date symlink: /home/nacho/colcon_workspaces/smarc_ws/install/sam_msgs/share/sam_msgs/msg/ThrusterRPMs.idl
-- Up-to-date symlink: /home/nacho/colcon_workspaces/smarc_ws/install/sam_msgs/share/sam_msgs/msg/Topics.idl
-- Up-to-date symlink: /home/nacho/colcon_workspaces/smarc_ws/install/sam_msgs/share/sam_msgs/msg/Links.msg
-- Up-to-date symlink: /home/nacho/colcon_workspaces/smarc_ws/install/sam_msgs/share/sam_msgs/msg/ThrusterAngles.msg
-- Up-to-date symlink: /home/nacho/colcon_workspaces/smarc_ws/install/sam_msgs/share/sam_msgs/msg/ThrusterRPMs.msg
-- Up-to-date symlink: /home/nacho/colcon_workspaces/smarc_ws/install/sam_msgs/share/sam_msgs/msg/Topics.msg
-- Up-to-date symlink: /home/nacho/colcon_workspaces/smarc_ws/install/sam_msgs/share/ament_index/resource_index/package_run_dependencies/sam_msgs
-- Up-to-date symlink: /home/nacho/colcon_workspaces/smarc_ws/install/sam_msgs/share/ament_index/resource_index/parent_prefix_path/sam_msgs
-- Up-to-date symlink: /home/nacho/colcon_workspaces/smarc_ws/install/sam_msgs/share/sam_msgs/environment/ament_prefix_path.sh
-- Up-to-date symlink: /home/nacho/colcon_workspaces/smarc_ws/install/sam_msgs/share/sam_msgs/environment/ament_prefix_path.dsv
-- Up-to-date symlink: /home/nacho/colcon_workspaces/smarc_ws/install/sam_msgs/share/sam_msgs/environment/path.sh
-- Up-to-date symlink: /home/nacho/colcon_workspaces/smarc_ws/install/sam_msgs/share/sam_msgs/environment/path.dsv
-- Up-to-date symlink: /home/nacho/colcon_workspaces/smarc_ws/install/sam_msgs/share/sam_msgs/local_setup.bash
-- Up-to-date symlink: /home/nacho/colcon_workspaces/smarc_ws/install/sam_msgs/share/sam_msgs/local_setup.sh
-- Up-to-date symlink: /home/nacho/colcon_workspaces/smarc_ws/install/sam_msgs/share/sam_msgs/local_setup.zsh
-- Up-to-date symlink: /home/nacho/colcon_workspaces/smarc_ws/install/sam_msgs/share/sam_msgs/local_setup.dsv
-- Symlinking: /home/nacho/colcon_workspaces/smarc_ws/install/sam_msgs/share/sam_msgs/package.dsv
-- Up-to-date symlink: /home/nacho/colcon_workspaces/smarc_ws/install/sam_msgs/share/ament_index/resource_index/packages/sam_msgs
-- Up-to-date symlink: /home/nacho/colcon_workspaces/smarc_ws/install/sam_msgs/share/sam_msgs/cmake/rosidl_cmake-extras.cmake
-- Up-to-date symlink: /home/nacho/colcon_workspaces/smarc_ws/install/sam_msgs/share/sam_msgs/cmake/ament_cmake_export_dependencies-extras.cmake
-- Up-to-date symlink: /home/nacho/colcon_workspaces/smarc_ws/install/sam_msgs/share/sam_msgs/cmake/ament_cmake_export_include_directories-extras.cmake
-- Up-to-date symlink: /home/nacho/colcon_workspaces/smarc_ws/install/sam_msgs/share/sam_msgs/cmake/ament_cmake_export_libraries-extras.cmake
-- Up-to-date symlink: /home/nacho/colcon_workspaces/smarc_ws/install/sam_msgs/share/sam_msgs/cmake/ament_cmake_export_targets-extras.cmake
-- Up-to-date symlink: /home/nacho/colcon_workspaces/smarc_ws/install/sam_msgs/share/sam_msgs/cmake/rosidl_cmake_export_typesupport_targets-extras.cmake
-- Up-to-date symlink: /home/nacho/colcon_workspaces/smarc_ws/install/sam_msgs/share/sam_msgs/cmake/rosidl_cmake_export_typesupport_libraries-extras.cmake
-- Up-to-date symlink: /home/nacho/colcon_workspaces/smarc_ws/install/sam_msgs/share/sam_msgs/cmake/sam_msgsConfig.cmake
-- Up-to-date symlink: /home/nacho/colcon_workspaces/smarc_ws/install/sam_msgs/share/sam_msgs/cmake/sam_msgsConfig-version.cmake
-- Up-to-date symlink: /home/nacho/colcon_workspaces/smarc_ws/install/sam_msgs/share/sam_msgs/package.xml
-- Installing: /home/nacho/colcon_workspaces/smarc_ws/install/sam_msgs/lib/libsam_msgs__rosidl_generator_c.so
-- Set runtime path of "/home/nacho/colcon_workspaces/smarc_ws/install/sam_msgs/lib/libsam_msgs__rosidl_generator_c.so" to ""
-- Installing: /home/nacho/colcon_workspaces/smarc_ws/install/sam_msgs/lib/libsam_msgs__rosidl_typesupport_fastrtps_c.so
-- Set runtime path of "/home/nacho/colcon_workspaces/smarc_ws/install/sam_msgs/lib/libsam_msgs__rosidl_typesupport_fastrtps_c.so" to ""
-- Installing: /home/nacho/colcon_workspaces/smarc_ws/install/sam_msgs/lib/libsam_msgs__rosidl_typesupport_introspection_c.so
-- Set runtime path of "/home/nacho/colcon_workspaces/smarc_ws/install/sam_msgs/lib/libsam_msgs__rosidl_typesupport_introspection_c.so" to ""
-- Installing: /home/nacho/colcon_workspaces/smarc_ws/install/sam_msgs/lib/libsam_msgs__rosidl_typesupport_c.so
-- Set runtime path of "/home/nacho/colcon_workspaces/smarc_ws/install/sam_msgs/lib/libsam_msgs__rosidl_typesupport_c.so" to ""
-- Installing: /home/nacho/colcon_workspaces/smarc_ws/install/sam_msgs/lib/libsam_msgs__rosidl_typesupport_fastrtps_cpp.so
-- Set runtime path of "/home/nacho/colcon_workspaces/smarc_ws/install/sam_msgs/lib/libsam_msgs__rosidl_typesupport_fastrtps_cpp.so" to ""
-- Installing: /home/nacho/colcon_workspaces/smarc_ws/install/sam_msgs/lib/libsam_msgs__rosidl_typesupport_introspection_cpp.so
-- Set runtime path of "/home/nacho/colcon_workspaces/smarc_ws/install/sam_msgs/lib/libsam_msgs__rosidl_typesupport_introspection_cpp.so" to ""
-- Installing: /home/nacho/colcon_workspaces/smarc_ws/install/sam_msgs/lib/libsam_msgs__rosidl_typesupport_cpp.so
-- Set runtime path of "/home/nacho/colcon_workspaces/smarc_ws/install/sam_msgs/lib/libsam_msgs__rosidl_typesupport_cpp.so" to ""
Listing '/home/nacho/colcon_workspaces/smarc_ws/install/sam_msgs/local/lib/python3.10/dist-packages/sam_msgs'...
Compiling '/home/nacho/colcon_workspaces/smarc_ws/install/sam_msgs/local/lib/python3.10/dist-packages/sam_msgs/__init__.py'...
Listing '/home/nacho/colcon_workspaces/smarc_ws/install/sam_msgs/local/lib/python3.10/dist-packages/sam_msgs/msg'...
-- Installing: /home/nacho/colcon_workspaces/smarc_ws/install/sam_msgs/lib/libsam_msgs__rosidl_generator_py.so
-- Set runtime path of "/home/nacho/colcon_workspaces/smarc_ws/install/sam_msgs/lib/libsam_msgs__rosidl_generator_py.so" to ""
-- Up-to-date: /home/nacho/colcon_workspaces/smarc_ws/install/sam_msgs/share/sam_msgs/cmake/export_sam_msgs__rosidl_generator_cExport.cmake
-- Up-to-date: /home/nacho/colcon_workspaces/smarc_ws/install/sam_msgs/share/sam_msgs/cmake/export_sam_msgs__rosidl_generator_cExport-noconfig.cmake
-- Up-to-date: /home/nacho/colcon_workspaces/smarc_ws/install/sam_msgs/share/sam_msgs/cmake/export_sam_msgs__rosidl_typesupport_fastrtps_cExport.cmake
-- Up-to-date: /home/nacho/colcon_workspaces/smarc_ws/install/sam_msgs/share/sam_msgs/cmake/export_sam_msgs__rosidl_typesupport_fastrtps_cExport-noconfig.cmake
-- Up-to-date: /home/nacho/colcon_workspaces/smarc_ws/install/sam_msgs/share/sam_msgs/cmake/sam_msgs__rosidl_typesupport_introspection_cExport.cmake
-- Up-to-date: /home/nacho/colcon_workspaces/smarc_ws/install/sam_msgs/share/sam_msgs/cmake/sam_msgs__rosidl_typesupport_introspection_cExport-noconfig.cmake
-- Up-to-date: /home/nacho/colcon_workspaces/smarc_ws/install/sam_msgs/share/sam_msgs/cmake/sam_msgs__rosidl_typesupport_cExport.cmake
-- Up-to-date: /home/nacho/colcon_workspaces/smarc_ws/install/sam_msgs/share/sam_msgs/cmake/sam_msgs__rosidl_typesupport_cExport-noconfig.cmake
-- Up-to-date: /home/nacho/colcon_workspaces/smarc_ws/install/sam_msgs/share/sam_msgs/cmake/export_sam_msgs__rosidl_generator_cppExport.cmake
-- Up-to-date: /home/nacho/colcon_workspaces/smarc_ws/install/sam_msgs/share/sam_msgs/cmake/export_sam_msgs__rosidl_typesupport_fastrtps_cppExport.cmake
-- Up-to-date: /home/nacho/colcon_workspaces/smarc_ws/install/sam_msgs/share/sam_msgs/cmake/export_sam_msgs__rosidl_typesupport_fastrtps_cppExport-noconfig.cmake
-- Up-to-date: /home/nacho/colcon_workspaces/smarc_ws/install/sam_msgs/share/sam_msgs/cmake/sam_msgs__rosidl_typesupport_introspection_cppExport.cmake
-- Up-to-date: /home/nacho/colcon_workspaces/smarc_ws/install/sam_msgs/share/sam_msgs/cmake/sam_msgs__rosidl_typesupport_introspection_cppExport-noconfig.cmake
-- Up-to-date: /home/nacho/colcon_workspaces/smarc_ws/install/sam_msgs/share/sam_msgs/cmake/sam_msgs__rosidl_typesupport_cppExport.cmake
-- Up-to-date: /home/nacho/colcon_workspaces/smarc_ws/install/sam_msgs/share/sam_msgs/cmake/sam_msgs__rosidl_typesupport_cppExport-noconfig.cmake
-- Up-to-date: /home/nacho/colcon_workspaces/smarc_ws/install/sam_msgs/share/sam_msgs/cmake/export_sam_msgs__rosidl_generator_pyExport.cmake
-- Up-to-date: /home/nacho/colcon_workspaces/smarc_ws/install/sam_msgs/share/sam_msgs/cmake/export_sam_msgs__rosidl_generator_pyExport-noconfig.cmake
