[0.051s] Invoking command in '/home/nacho/colcon_workspaces/smarc_ws/build/sam_msgs': CMAKE_PREFIX_PATH=/opt/ros/humble /usr/bin/cmake --build /home/nacho/colcon_workspaces/smarc_ws/build/sam_msgs -- -j20 -l20
[2.935s] -- Found ament_cmake: 1.3.11 (/opt/ros/humble/share/ament_cmake/cmake)
[2.935s] -- Override CMake install command with custom implementation using symlinks instead of copying resources
[2.935s] -- Found rosidl_default_generators: 1.2.0 (/opt/ros/humble/share/rosidl_default_generators/cmake)
[2.936s] -- Using all available rosidl_typesupport_c: rosidl_typesupport_fastrtps_c;rosidl_typesupport_introspection_c
[2.936s] -- Found rosidl_adapter: 3.1.6 (/opt/ros/humble/share/rosidl_adapter/cmake)
[2.936s] -- Using all available rosidl_typesupport_cpp: rosidl_typesupport_fastrtps_cpp;rosidl_typesupport_introspection_cpp
[2.936s] -- Found geometry_msgs: 4.2.4 (/opt/ros/humble/share/geometry_msgs/cmake)
[2.936s] -- Found sensor_msgs: 4.2.4 (/opt/ros/humble/share/sensor_msgs/cmake)
[2.937s] -- Found ament_cmake_ros: 0.10.0 (/opt/ros/humble/share/ament_cmake_ros/cmake)
[2.937s] -- Using all available rosidl_typesupport_c: rosidl_typesupport_fastrtps_c;rosidl_typesupport_introspection_c
[2.937s] -- Using all available rosidl_typesupport_cpp: rosidl_typesupport_fastrtps_cpp;rosidl_typesupport_introspection_cpp
[2.937s] -- Found python_cmake_module: 0.10.0 (/opt/ros/humble/share/python_cmake_module/cmake)
[2.937s] -- Using PYTHON_EXECUTABLE: /usr/bin/python3
[2.937s] -- Using PYTHON_INCLUDE_DIRS: /usr/include/python3.10
[2.937s] -- Using PYTHON_LIBRARIES: /usr/lib/x86_64-linux-gnu/libpython3.10.so
[2.937s] -- Found ament_lint_auto: 0.12.11 (/opt/ros/humble/share/ament_lint_auto/cmake)
[2.937s] -- Added test 'lint_cmake' to check CMake code style
[2.937s] -- Added test 'xmllint' to check XML markup files
[2.938s] -- Configuring done
[2.939s] -- Generating done
[2.940s] -- Build files have been written to: /home/nacho/colcon_workspaces/smarc_ws/build/sam_msgs
[2.940s] [35m[1mConsolidate compiler generated dependencies of target sam_msgs__rosidl_generator_c[0m
[2.941s] [  3%] [32mBuilding C object CMakeFiles/sam_msgs__rosidl_generator_c.dir/rosidl_generator_c/sam_msgs/msg/detail/topics__functions.c.o[0m
[2.941s] [  3%] [32mBuilding C object CMakeFiles/sam_msgs__rosidl_generator_c.dir/rosidl_generator_c/sam_msgs/msg/detail/thruster_rp_ms__functions.c.o[0m
[2.942s] [  5%] [32mBuilding C object CMakeFiles/sam_msgs__rosidl_generator_c.dir/rosidl_generator_c/sam_msgs/msg/detail/links__functions.c.o[0m
[2.942s] [  7%] [32mBuilding C object CMakeFiles/sam_msgs__rosidl_generator_c.dir/rosidl_generator_c/sam_msgs/msg/detail/thruster_angles__functions.c.o[0m
[2.942s] [  7%] Built target ament_cmake_python_symlink_sam_msgs
[2.942s] [  9%] Built target sam_msgs__cpp
[2.942s] [35m[1mConsolidate compiler generated dependencies of target sam_msgs__rosidl_typesupport_fastrtps_cpp[0m
[2.943s] [35m[1mConsolidate compiler generated dependencies of target sam_msgs__rosidl_typesupport_cpp[0m
[2.943s] [35m[1mConsolidate compiler generated dependencies of target sam_msgs__rosidl_typesupport_introspection_cpp[0m
[2.943s] [ 12%] [32mBuilding CXX object CMakeFiles/sam_msgs__rosidl_typesupport_fastrtps_cpp.dir/rosidl_typesupport_fastrtps_cpp/sam_msgs/msg/detail/dds_fastrtps/thruster_rp_ms__type_support.cpp.o[0m
[2.944s] [ 12%] [32mBuilding CXX object CMakeFiles/sam_msgs__rosidl_typesupport_fastrtps_cpp.dir/rosidl_typesupport_fastrtps_cpp/sam_msgs/msg/detail/dds_fastrtps/thruster_angles__type_support.cpp.o[0m
[2.944s] [ 14%] [32mBuilding CXX object CMakeFiles/sam_msgs__rosidl_typesupport_fastrtps_cpp.dir/rosidl_typesupport_fastrtps_cpp/sam_msgs/msg/detail/dds_fastrtps/topics__type_support.cpp.o[0m
[2.944s] [ 16%] [32mBuilding CXX object CMakeFiles/sam_msgs__rosidl_typesupport_cpp.dir/rosidl_typesupport_cpp/sam_msgs/msg/thruster_rp_ms__type_support.cpp.o[0m
[2.944s] [ 18%] [32mBuilding CXX object CMakeFiles/sam_msgs__rosidl_typesupport_cpp.dir/rosidl_typesupport_cpp/sam_msgs/msg/thruster_angles__type_support.cpp.o[0m
[2.944s] [ 20%] [32mBuilding CXX object CMakeFiles/sam_msgs__rosidl_typesupport_introspection_cpp.dir/rosidl_typesupport_introspection_cpp/sam_msgs/msg/detail/links__type_support.cpp.o[0m
[2.945s] [ 21%] [32mBuilding CXX object CMakeFiles/sam_msgs__rosidl_typesupport_fastrtps_cpp.dir/rosidl_typesupport_fastrtps_cpp/sam_msgs/msg/detail/dds_fastrtps/links__type_support.cpp.o[0m
[2.945s] [ 23%] [32mBuilding CXX object CMakeFiles/sam_msgs__rosidl_typesupport_introspection_cpp.dir/rosidl_typesupport_introspection_cpp/sam_msgs/msg/detail/thruster_angles__type_support.cpp.o[0m
[2.945s] [ 25%] [32mBuilding CXX object CMakeFiles/sam_msgs__rosidl_typesupport_introspection_cpp.dir/rosidl_typesupport_introspection_cpp/sam_msgs/msg/detail/thruster_rp_ms__type_support.cpp.o[0m
[2.945s] [ 29%] [32mBuilding CXX object CMakeFiles/sam_msgs__rosidl_typesupport_cpp.dir/rosidl_typesupport_cpp/sam_msgs/msg/links__type_support.cpp.o[0m
[2.945s] [ 27%] [32mBuilding CXX object CMakeFiles/sam_msgs__rosidl_typesupport_introspection_cpp.dir/rosidl_typesupport_introspection_cpp/sam_msgs/msg/detail/topics__type_support.cpp.o[0m
[2.945s] [ 30%] [32mBuilding CXX object CMakeFiles/sam_msgs__rosidl_typesupport_cpp.dir/rosidl_typesupport_cpp/sam_msgs/msg/topics__type_support.cpp.o[0m
[2.945s] [ 32%] [32m[1mLinking C shared library libsam_msgs__rosidl_generator_c.so[0m
[2.945s] [ 34%] Built target sam_msgs__rosidl_generator_c
[2.946s] [35m[1mConsolidate compiler generated dependencies of target sam_msgs__rosidl_typesupport_fastrtps_c[0m
[2.946s] [35m[1mConsolidate compiler generated dependencies of target sam_msgs__rosidl_typesupport_introspection_c[0m
[2.946s] [35m[1mConsolidate compiler generated dependencies of target sam_msgs__rosidl_typesupport_c[0m
[2.946s] [ 36%] [32mBuilding CXX object CMakeFiles/sam_msgs__rosidl_typesupport_fastrtps_c.dir/rosidl_typesupport_fastrtps_c/sam_msgs/msg/detail/links__type_support_c.cpp.o[0m
[2.946s] [ 38%] [32mBuilding CXX object CMakeFiles/sam_msgs__rosidl_typesupport_fastrtps_c.dir/rosidl_typesupport_fastrtps_c/sam_msgs/msg/detail/thruster_angles__type_support_c.cpp.o[0m
[2.946s] [ 40%] [32mBuilding CXX object CMakeFiles/sam_msgs__rosidl_typesupport_fastrtps_c.dir/rosidl_typesupport_fastrtps_c/sam_msgs/msg/detail/thruster_rp_ms__type_support_c.cpp.o[0m
[2.946s] [ 41%] [32mBuilding CXX object CMakeFiles/sam_msgs__rosidl_typesupport_fastrtps_c.dir/rosidl_typesupport_fastrtps_c/sam_msgs/msg/detail/topics__type_support_c.cpp.o[0m
[2.946s] [ 43%] [32mBuilding C object CMakeFiles/sam_msgs__rosidl_typesupport_introspection_c.dir/rosidl_typesupport_introspection_c/sam_msgs/msg/detail/links__type_support.c.o[0m
[2.946s] [ 45%] [32mBuilding CXX object CMakeFiles/sam_msgs__rosidl_typesupport_c.dir/rosidl_typesupport_c/sam_msgs/msg/links__type_support.cpp.o[0m
[2.946s] [ 47%] [32mBuilding CXX object CMakeFiles/sam_msgs__rosidl_typesupport_c.dir/rosidl_typesupport_c/sam_msgs/msg/thruster_angles__type_support.cpp.o[0m
[2.947s] [ 50%] [32mBuilding CXX object CMakeFiles/sam_msgs__rosidl_typesupport_c.dir/rosidl_typesupport_c/sam_msgs/msg/thruster_rp_ms__type_support.cpp.o[0m
[2.947s] [ 50%] [32mBuilding CXX object CMakeFiles/sam_msgs__rosidl_typesupport_c.dir/rosidl_typesupport_c/sam_msgs/msg/topics__type_support.cpp.o[0m
[2.947s] [ 52%] [32mBuilding C object CMakeFiles/sam_msgs__rosidl_typesupport_introspection_c.dir/rosidl_typesupport_introspection_c/sam_msgs/msg/detail/thruster_angles__type_support.c.o[0m
[2.948s] [ 54%] [32mBuilding C object CMakeFiles/sam_msgs__rosidl_typesupport_introspection_c.dir/rosidl_typesupport_introspection_c/sam_msgs/msg/detail/thruster_rp_ms__type_support.c.o[0m
[2.948s] [ 56%] [32mBuilding C object CMakeFiles/sam_msgs__rosidl_typesupport_introspection_c.dir/rosidl_typesupport_introspection_c/sam_msgs/msg/detail/topics__type_support.c.o[0m
[2.948s] [ 58%] [32m[1mLinking CXX shared library libsam_msgs__rosidl_typesupport_c.so[0m
[2.948s] running egg_info
[2.948s] writing sam_msgs.egg-info/PKG-INFO
[2.948s] writing dependency_links to sam_msgs.egg-info/dependency_links.txt
[2.948s] writing top-level names to sam_msgs.egg-info/top_level.txt
[2.948s] reading manifest file 'sam_msgs.egg-info/SOURCES.txt'
[2.948s] writing manifest file 'sam_msgs.egg-info/SOURCES.txt'
[2.948s] [ 60%] Built target sam_msgs__rosidl_typesupport_c
[2.948s] [ 61%] [32m[1mLinking CXX shared library libsam_msgs__rosidl_typesupport_cpp.so[0m
[2.948s] [ 63%] [32m[1mLinking C shared library libsam_msgs__rosidl_typesupport_introspection_c.so[0m
[2.948s] [ 63%] Built target ament_cmake_python_build_sam_msgs_egg
[2.949s] [ 65%] Built target sam_msgs__rosidl_typesupport_introspection_c
[2.949s] [ 67%] Built target sam_msgs__rosidl_typesupport_cpp
[2.949s] [ 69%] [32m[1mLinking CXX shared library libsam_msgs__rosidl_typesupport_introspection_cpp.so[0m
[2.949s] [ 70%] [32m[1mLinking CXX shared library libsam_msgs__rosidl_typesupport_fastrtps_cpp.so[0m
[2.949s] [ 72%] [32m[1mLinking CXX shared library libsam_msgs__rosidl_typesupport_fastrtps_c.so[0m
[2.949s] [ 74%] Built target sam_msgs__rosidl_typesupport_introspection_cpp
[2.949s] [ 76%] Built target sam_msgs__rosidl_typesupport_fastrtps_cpp
[2.949s] [ 78%] Built target sam_msgs__rosidl_typesupport_fastrtps_c
[2.949s] [ 78%] Built target sam_msgs
[2.949s] [ 80%] Built target sam_msgs__py
[2.949s] [35m[1mConsolidate compiler generated dependencies of target sam_msgs__rosidl_generator_py[0m
[2.949s] [ 81%] [32mBuilding C object CMakeFiles/sam_msgs__rosidl_generator_py.dir/rosidl_generator_py/sam_msgs/msg/_links_s.c.o[0m
[2.950s] [ 83%] [32mBuilding C object CMakeFiles/sam_msgs__rosidl_generator_py.dir/rosidl_generator_py/sam_msgs/msg/_thruster_rp_ms_s.c.o[0m
[2.950s] [ 85%] [32mBuilding C object CMakeFiles/sam_msgs__rosidl_generator_py.dir/rosidl_generator_py/sam_msgs/msg/_thruster_angles_s.c.o[0m
[2.950s] [ 87%] [32mBuilding C object CMakeFiles/sam_msgs__rosidl_generator_py.dir/rosidl_generator_py/sam_msgs/msg/_topics_s.c.o[0m
[2.950s] [ 89%] [32m[1mLinking C shared library rosidl_generator_py/sam_msgs/libsam_msgs__rosidl_generator_py.so[0m
[2.950s] [ 89%] Built target sam_msgs__rosidl_generator_py
[2.950s] [35m[1mConsolidate compiler generated dependencies of target sam_msgs__rosidl_typesupport_fastrtps_c__pyext[0m
[2.950s] [35m[1mConsolidate compiler generated dependencies of target sam_msgs__rosidl_typesupport_c__pyext[0m
[2.950s] [35m[1mConsolidate compiler generated dependencies of target sam_msgs__rosidl_typesupport_introspection_c__pyext[0m
[2.950s] [ 90%] [32mBuilding C object CMakeFiles/sam_msgs__rosidl_typesupport_c__pyext.dir/rosidl_generator_py/sam_msgs/_sam_msgs_s.ep.rosidl_typesupport_c.c.o[0m
[2.950s] [ 92%] [32mBuilding C object CMakeFiles/sam_msgs__rosidl_typesupport_fastrtps_c__pyext.dir/rosidl_generator_py/sam_msgs/_sam_msgs_s.ep.rosidl_typesupport_fastrtps_c.c.o[0m
[2.950s] [ 94%] [32mBuilding C object CMakeFiles/sam_msgs__rosidl_typesupport_introspection_c__pyext.dir/rosidl_generator_py/sam_msgs/_sam_msgs_s.ep.rosidl_typesupport_introspection_c.c.o[0m
[2.950s] [ 96%] [32m[1mLinking C shared library rosidl_generator_py/sam_msgs/sam_msgs_s__rosidl_typesupport_c.cpython-310-x86_64-linux-gnu.so[0m
[2.950s] [ 98%] [32m[1mLinking C shared library rosidl_generator_py/sam_msgs/sam_msgs_s__rosidl_typesupport_fastrtps_c.cpython-310-x86_64-linux-gnu.so[0m
[2.951s] [100%] [32m[1mLinking C shared library rosidl_generator_py/sam_msgs/sam_msgs_s__rosidl_typesupport_introspection_c.cpython-310-x86_64-linux-gnu.so[0m
[2.951s] [100%] Built target sam_msgs__rosidl_typesupport_fastrtps_c__pyext
[2.951s] [100%] Built target sam_msgs__rosidl_typesupport_c__pyext
[2.951s] [100%] Built target sam_msgs__rosidl_typesupport_introspection_c__pyext
[2.998s] Invoked command in '/home/nacho/colcon_workspaces/smarc_ws/build/sam_msgs' returned '0': CMAKE_PREFIX_PATH=/opt/ros/humble /usr/bin/cmake --build /home/nacho/colcon_workspaces/smarc_ws/build/sam_msgs -- -j20 -l20
[2.999s] Invoking command in '/home/nacho/colcon_workspaces/smarc_ws/build/sam_msgs': CMAKE_PREFIX_PATH=/opt/ros/humble /usr/bin/cmake --install /home/nacho/colcon_workspaces/smarc_ws/build/sam_msgs
[3.059s] -- Install configuration: ""
[3.059s] -- Execute custom install script
[3.059s] -- Up-to-date symlink: /home/nacho/colcon_workspaces/smarc_ws/install/sam_msgs/share/ament_index/resource_index/rosidl_interfaces/sam_msgs
[3.059s] -- Up-to-date symlink: /home/nacho/colcon_workspaces/smarc_ws/install/sam_msgs/include/sam_msgs/sam_msgs/msg/detail/links__functions.h
[3.059s] -- Up-to-date symlink: /home/nacho/colcon_workspaces/smarc_ws/install/sam_msgs/include/sam_msgs/sam_msgs/msg/detail/links__struct.h
[3.059s] -- Up-to-date symlink: /home/nacho/colcon_workspaces/smarc_ws/install/sam_msgs/include/sam_msgs/sam_msgs/msg/detail/links__type_support.h
[3.059s] -- Up-to-date symlink: /home/nacho/colcon_workspaces/smarc_ws/install/sam_msgs/include/sam_msgs/sam_msgs/msg/detail/thruster_angles__functions.h
[3.060s] -- Up-to-date symlink: /home/nacho/colcon_workspaces/smarc_ws/install/sam_msgs/include/sam_msgs/sam_msgs/msg/detail/thruster_angles__struct.h
[3.060s] -- Up-to-date symlink: /home/nacho/colcon_workspaces/smarc_ws/install/sam_msgs/include/sam_msgs/sam_msgs/msg/detail/thruster_angles__type_support.h
[3.060s] -- Up-to-date symlink: /home/nacho/colcon_workspaces/smarc_ws/install/sam_msgs/include/sam_msgs/sam_msgs/msg/detail/thruster_rp_ms__functions.h
[3.060s] -- Up-to-date symlink: /home/nacho/colcon_workspaces/smarc_ws/install/sam_msgs/include/sam_msgs/sam_msgs/msg/detail/thruster_rp_ms__struct.h
[3.060s] -- Up-to-date symlink: /home/nacho/colcon_workspaces/smarc_ws/install/sam_msgs/include/sam_msgs/sam_msgs/msg/detail/thruster_rp_ms__type_support.h
[3.061s] -- Up-to-date symlink: /home/nacho/colcon_workspaces/smarc_ws/install/sam_msgs/include/sam_msgs/sam_msgs/msg/detail/topics__functions.h
[3.070s] -- Up-to-date symlink: /home/nacho/colcon_workspaces/smarc_ws/install/sam_msgs/include/sam_msgs/sam_msgs/msg/detail/topics__struct.h
[3.070s] -- Up-to-date symlink: /home/nacho/colcon_workspaces/smarc_ws/install/sam_msgs/include/sam_msgs/sam_msgs/msg/detail/topics__type_support.h
[3.071s] -- Up-to-date symlink: /home/nacho/colcon_workspaces/smarc_ws/install/sam_msgs/include/sam_msgs/sam_msgs/msg/links.h
[3.071s] -- Up-to-date symlink: /home/nacho/colcon_workspaces/smarc_ws/install/sam_msgs/include/sam_msgs/sam_msgs/msg/rosidl_generator_c__visibility_control.h
[3.071s] -- Up-to-date symlink: /home/nacho/colcon_workspaces/smarc_ws/install/sam_msgs/include/sam_msgs/sam_msgs/msg/thruster_angles.h
[3.071s] -- Up-to-date symlink: /home/nacho/colcon_workspaces/smarc_ws/install/sam_msgs/include/sam_msgs/sam_msgs/msg/thruster_rp_ms.h
[3.071s] -- Up-to-date symlink: /home/nacho/colcon_workspaces/smarc_ws/install/sam_msgs/include/sam_msgs/sam_msgs/msg/topics.h
[3.071s] -- Up-to-date symlink: /home/nacho/colcon_workspaces/smarc_ws/install/sam_msgs/share/sam_msgs/environment/library_path.sh
[3.073s] -- Up-to-date symlink: /home/nacho/colcon_workspaces/smarc_ws/install/sam_msgs/share/sam_msgs/environment/library_path.dsv
[3.073s] -- Up-to-date symlink: /home/nacho/colcon_workspaces/smarc_ws/install/sam_msgs/include/sam_msgs/sam_msgs/msg/detail/links__rosidl_typesupport_fastrtps_c.h
[3.073s] -- Up-to-date symlink: /home/nacho/colcon_workspaces/smarc_ws/install/sam_msgs/include/sam_msgs/sam_msgs/msg/detail/thruster_angles__rosidl_typesupport_fastrtps_c.h
[3.073s] -- Up-to-date symlink: /home/nacho/colcon_workspaces/smarc_ws/install/sam_msgs/include/sam_msgs/sam_msgs/msg/detail/thruster_rp_ms__rosidl_typesupport_fastrtps_c.h
[3.073s] -- Up-to-date symlink: /home/nacho/colcon_workspaces/smarc_ws/install/sam_msgs/include/sam_msgs/sam_msgs/msg/detail/topics__rosidl_typesupport_fastrtps_c.h
[3.073s] -- Up-to-date symlink: /home/nacho/colcon_workspaces/smarc_ws/install/sam_msgs/include/sam_msgs/sam_msgs/msg/rosidl_typesupport_fastrtps_c__visibility_control.h
[3.073s] -- Up-to-date symlink: /home/nacho/colcon_workspaces/smarc_ws/install/sam_msgs/include/sam_msgs/sam_msgs/msg/detail/links__rosidl_typesupport_introspection_c.h
[3.073s] -- Up-to-date symlink: /home/nacho/colcon_workspaces/smarc_ws/install/sam_msgs/include/sam_msgs/sam_msgs/msg/detail/thruster_angles__rosidl_typesupport_introspection_c.h
[3.073s] -- Up-to-date symlink: /home/nacho/colcon_workspaces/smarc_ws/install/sam_msgs/include/sam_msgs/sam_msgs/msg/detail/thruster_rp_ms__rosidl_typesupport_introspection_c.h
[3.079s] -- Up-to-date symlink: /home/nacho/colcon_workspaces/smarc_ws/install/sam_msgs/include/sam_msgs/sam_msgs/msg/detail/topics__rosidl_typesupport_introspection_c.h
[3.079s] -- Up-to-date symlink: /home/nacho/colcon_workspaces/smarc_ws/install/sam_msgs/include/sam_msgs/sam_msgs/msg/rosidl_typesupport_introspection_c__visibility_control.h
[3.079s] -- Up-to-date symlink: /home/nacho/colcon_workspaces/smarc_ws/install/sam_msgs/include/sam_msgs/sam_msgs/msg/detail/links__builder.hpp
[3.079s] -- Up-to-date symlink: /home/nacho/colcon_workspaces/smarc_ws/install/sam_msgs/include/sam_msgs/sam_msgs/msg/detail/links__struct.hpp
[3.079s] -- Up-to-date symlink: /home/nacho/colcon_workspaces/smarc_ws/install/sam_msgs/include/sam_msgs/sam_msgs/msg/detail/links__traits.hpp
[3.079s] -- Up-to-date symlink: /home/nacho/colcon_workspaces/smarc_ws/install/sam_msgs/include/sam_msgs/sam_msgs/msg/detail/links__type_support.hpp
[3.079s] -- Up-to-date symlink: /home/nacho/colcon_workspaces/smarc_ws/install/sam_msgs/include/sam_msgs/sam_msgs/msg/detail/thruster_angles__builder.hpp
[3.079s] -- Up-to-date symlink: /home/nacho/colcon_workspaces/smarc_ws/install/sam_msgs/include/sam_msgs/sam_msgs/msg/detail/thruster_angles__struct.hpp
[3.080s] -- Up-to-date symlink: /home/nacho/colcon_workspaces/smarc_ws/install/sam_msgs/include/sam_msgs/sam_msgs/msg/detail/thruster_angles__traits.hpp
[3.080s] -- Up-to-date symlink: /home/nacho/colcon_workspaces/smarc_ws/install/sam_msgs/include/sam_msgs/sam_msgs/msg/detail/thruster_angles__type_support.hpp
[3.080s] -- Up-to-date symlink: /home/nacho/colcon_workspaces/smarc_ws/install/sam_msgs/include/sam_msgs/sam_msgs/msg/detail/thruster_rp_ms__builder.hpp
[3.080s] -- Up-to-date symlink: /home/nacho/colcon_workspaces/smarc_ws/install/sam_msgs/include/sam_msgs/sam_msgs/msg/detail/thruster_rp_ms__struct.hpp
[3.080s] -- Up-to-date symlink: /home/nacho/colcon_workspaces/smarc_ws/install/sam_msgs/include/sam_msgs/sam_msgs/msg/detail/thruster_rp_ms__traits.hpp
[3.080s] -- Up-to-date symlink: /home/nacho/colcon_workspaces/smarc_ws/install/sam_msgs/include/sam_msgs/sam_msgs/msg/detail/thruster_rp_ms__type_support.hpp
[3.080s] -- Up-to-date symlink: /home/nacho/colcon_workspaces/smarc_ws/install/sam_msgs/include/sam_msgs/sam_msgs/msg/detail/topics__builder.hpp
[3.080s] -- Up-to-date symlink: /home/nacho/colcon_workspaces/smarc_ws/install/sam_msgs/include/sam_msgs/sam_msgs/msg/detail/topics__struct.hpp
[3.080s] -- Up-to-date symlink: /home/nacho/colcon_workspaces/smarc_ws/install/sam_msgs/include/sam_msgs/sam_msgs/msg/detail/topics__traits.hpp
[3.081s] -- Up-to-date symlink: /home/nacho/colcon_workspaces/smarc_ws/install/sam_msgs/include/sam_msgs/sam_msgs/msg/detail/topics__type_support.hpp
[3.081s] -- Up-to-date symlink: /home/nacho/colcon_workspaces/smarc_ws/install/sam_msgs/include/sam_msgs/sam_msgs/msg/links.hpp
[3.081s] -- Up-to-date symlink: /home/nacho/colcon_workspaces/smarc_ws/install/sam_msgs/include/sam_msgs/sam_msgs/msg/rosidl_generator_cpp__visibility_control.hpp
[3.081s] -- Up-to-date symlink: /home/nacho/colcon_workspaces/smarc_ws/install/sam_msgs/include/sam_msgs/sam_msgs/msg/thruster_angles.hpp
[3.081s] -- Up-to-date symlink: /home/nacho/colcon_workspaces/smarc_ws/install/sam_msgs/include/sam_msgs/sam_msgs/msg/thruster_rp_ms.hpp
[3.081s] -- Up-to-date symlink: /home/nacho/colcon_workspaces/smarc_ws/install/sam_msgs/include/sam_msgs/sam_msgs/msg/topics.hpp
[3.081s] -- Up-to-date symlink: /home/nacho/colcon_workspaces/smarc_ws/install/sam_msgs/include/sam_msgs/sam_msgs/msg/detail/links__rosidl_typesupport_fastrtps_cpp.hpp
[3.081s] -- Up-to-date symlink: /home/nacho/colcon_workspaces/smarc_ws/install/sam_msgs/include/sam_msgs/sam_msgs/msg/detail/thruster_angles__rosidl_typesupport_fastrtps_cpp.hpp
[3.081s] -- Up-to-date symlink: /home/nacho/colcon_workspaces/smarc_ws/install/sam_msgs/include/sam_msgs/sam_msgs/msg/detail/thruster_rp_ms__rosidl_typesupport_fastrtps_cpp.hpp
[3.081s] -- Up-to-date symlink: /home/nacho/colcon_workspaces/smarc_ws/install/sam_msgs/include/sam_msgs/sam_msgs/msg/detail/topics__rosidl_typesupport_fastrtps_cpp.hpp
[3.082s] -- Up-to-date symlink: /home/nacho/colcon_workspaces/smarc_ws/install/sam_msgs/include/sam_msgs/sam_msgs/msg/rosidl_typesupport_fastrtps_cpp__visibility_control.h
[3.082s] -- Up-to-date symlink: /home/nacho/colcon_workspaces/smarc_ws/install/sam_msgs/include/sam_msgs/sam_msgs/msg/detail/links__rosidl_typesupport_introspection_cpp.hpp
[3.082s] -- Up-to-date symlink: /home/nacho/colcon_workspaces/smarc_ws/install/sam_msgs/include/sam_msgs/sam_msgs/msg/detail/thruster_angles__rosidl_typesupport_introspection_cpp.hpp
[3.082s] -- Up-to-date symlink: /home/nacho/colcon_workspaces/smarc_ws/install/sam_msgs/include/sam_msgs/sam_msgs/msg/detail/thruster_rp_ms__rosidl_typesupport_introspection_cpp.hpp
[3.082s] -- Up-to-date symlink: /home/nacho/colcon_workspaces/smarc_ws/install/sam_msgs/include/sam_msgs/sam_msgs/msg/detail/topics__rosidl_typesupport_introspection_cpp.hpp
[3.082s] -- Up-to-date symlink: /home/nacho/colcon_workspaces/smarc_ws/install/sam_msgs/share/sam_msgs/environment/pythonpath.sh
[3.082s] -- Up-to-date symlink: /home/nacho/colcon_workspaces/smarc_ws/install/sam_msgs/share/sam_msgs/environment/pythonpath.dsv
[3.082s] -- Up-to-date symlink: /home/nacho/colcon_workspaces/smarc_ws/install/sam_msgs/local/lib/python3.10/dist-packages/sam_msgs-0.1.0-py3.10.egg-info/PKG-INFO
[3.082s] -- Up-to-date symlink: /home/nacho/colcon_workspaces/smarc_ws/install/sam_msgs/local/lib/python3.10/dist-packages/sam_msgs-0.1.0-py3.10.egg-info/SOURCES.txt
[3.082s] -- Up-to-date symlink: /home/nacho/colcon_workspaces/smarc_ws/install/sam_msgs/local/lib/python3.10/dist-packages/sam_msgs-0.1.0-py3.10.egg-info/dependency_links.txt
[3.082s] -- Up-to-date symlink: /home/nacho/colcon_workspaces/smarc_ws/install/sam_msgs/local/lib/python3.10/dist-packages/sam_msgs-0.1.0-py3.10.egg-info/top_level.txt
[3.082s] -- Up-to-date symlink: /home/nacho/colcon_workspaces/smarc_ws/install/sam_msgs/local/lib/python3.10/dist-packages/sam_msgs/__init__.py
[3.082s] -- Up-to-date symlink: /home/nacho/colcon_workspaces/smarc_ws/install/sam_msgs/local/lib/python3.10/dist-packages/sam_msgs/_sam_msgs_s.ep.rosidl_typesupport_c.c
[3.082s] -- Up-to-date symlink: /home/nacho/colcon_workspaces/smarc_ws/install/sam_msgs/local/lib/python3.10/dist-packages/sam_msgs/_sam_msgs_s.ep.rosidl_typesupport_fastrtps_c.c
[3.083s] -- Up-to-date symlink: /home/nacho/colcon_workspaces/smarc_ws/install/sam_msgs/local/lib/python3.10/dist-packages/sam_msgs/_sam_msgs_s.ep.rosidl_typesupport_introspection_c.c
[3.083s] -- Up-to-date symlink: /home/nacho/colcon_workspaces/smarc_ws/install/sam_msgs/local/lib/python3.10/dist-packages/sam_msgs/libsam_msgs__rosidl_generator_py.so
[3.083s] -- Up-to-date symlink: /home/nacho/colcon_workspaces/smarc_ws/install/sam_msgs/local/lib/python3.10/dist-packages/sam_msgs/msg/__init__.py
[3.083s] -- Up-to-date symlink: /home/nacho/colcon_workspaces/smarc_ws/install/sam_msgs/local/lib/python3.10/dist-packages/sam_msgs/msg/_links.py
[3.083s] -- Up-to-date symlink: /home/nacho/colcon_workspaces/smarc_ws/install/sam_msgs/local/lib/python3.10/dist-packages/sam_msgs/msg/_links_s.c
[3.083s] -- Up-to-date symlink: /home/nacho/colcon_workspaces/smarc_ws/install/sam_msgs/local/lib/python3.10/dist-packages/sam_msgs/msg/_thruster_angles.py
[3.083s] -- Up-to-date symlink: /home/nacho/colcon_workspaces/smarc_ws/install/sam_msgs/local/lib/python3.10/dist-packages/sam_msgs/msg/_thruster_angles_s.c
[3.083s] -- Up-to-date symlink: /home/nacho/colcon_workspaces/smarc_ws/install/sam_msgs/local/lib/python3.10/dist-packages/sam_msgs/msg/_thruster_rp_ms.py
[3.083s] -- Up-to-date symlink: /home/nacho/colcon_workspaces/smarc_ws/install/sam_msgs/local/lib/python3.10/dist-packages/sam_msgs/msg/_thruster_rp_ms_s.c
[3.083s] -- Up-to-date symlink: /home/nacho/colcon_workspaces/smarc_ws/install/sam_msgs/local/lib/python3.10/dist-packages/sam_msgs/msg/_topics.py
[3.083s] -- Up-to-date symlink: /home/nacho/colcon_workspaces/smarc_ws/install/sam_msgs/local/lib/python3.10/dist-packages/sam_msgs/msg/_topics_s.c
[3.083s] -- Up-to-date symlink: /home/nacho/colcon_workspaces/smarc_ws/install/sam_msgs/local/lib/python3.10/dist-packages/sam_msgs/sam_msgs_s__rosidl_typesupport_c.cpython-310-x86_64-linux-gnu.so
[3.083s] -- Up-to-date symlink: /home/nacho/colcon_workspaces/smarc_ws/install/sam_msgs/local/lib/python3.10/dist-packages/sam_msgs/sam_msgs_s__rosidl_typesupport_fastrtps_c.cpython-310-x86_64-linux-gnu.so
[3.084s] -- Up-to-date symlink: /home/nacho/colcon_workspaces/smarc_ws/install/sam_msgs/local/lib/python3.10/dist-packages/sam_msgs/sam_msgs_s__rosidl_typesupport_introspection_c.cpython-310-x86_64-linux-gnu.so
[3.084s] -- Up-to-date symlink: /home/nacho/colcon_workspaces/smarc_ws/install/sam_msgs/local/lib/python3.10/dist-packages/sam_msgs/sam_msgs_s__rosidl_typesupport_fastrtps_c.cpython-310-x86_64-linux-gnu.so
[3.084s] -- Up-to-date symlink: /home/nacho/colcon_workspaces/smarc_ws/install/sam_msgs/local/lib/python3.10/dist-packages/sam_msgs/sam_msgs_s__rosidl_typesupport_introspection_c.cpython-310-x86_64-linux-gnu.so
[3.084s] -- Up-to-date symlink: /home/nacho/colcon_workspaces/smarc_ws/install/sam_msgs/local/lib/python3.10/dist-packages/sam_msgs/sam_msgs_s__rosidl_typesupport_c.cpython-310-x86_64-linux-gnu.so
[3.084s] -- Up-to-date symlink: /home/nacho/colcon_workspaces/smarc_ws/install/sam_msgs/share/sam_msgs/msg/Links.idl
[3.084s] -- Up-to-date symlink: /home/nacho/colcon_workspaces/smarc_ws/install/sam_msgs/share/sam_msgs/msg/ThrusterAngles.idl
[3.084s] -- Up-to-date symlink: /home/nacho/colcon_workspaces/smarc_ws/install/sam_msgs/share/sam_msgs/msg/ThrusterRPMs.idl
[3.084s] -- Up-to-date symlink: /home/nacho/colcon_workspaces/smarc_ws/install/sam_msgs/share/sam_msgs/msg/Topics.idl
[3.084s] -- Up-to-date symlink: /home/nacho/colcon_workspaces/smarc_ws/install/sam_msgs/share/sam_msgs/msg/Links.msg
[3.084s] -- Up-to-date symlink: /home/nacho/colcon_workspaces/smarc_ws/install/sam_msgs/share/sam_msgs/msg/ThrusterAngles.msg
[3.084s] -- Up-to-date symlink: /home/nacho/colcon_workspaces/smarc_ws/install/sam_msgs/share/sam_msgs/msg/ThrusterRPMs.msg
[3.084s] -- Up-to-date symlink: /home/nacho/colcon_workspaces/smarc_ws/install/sam_msgs/share/sam_msgs/msg/Topics.msg
[3.084s] -- Up-to-date symlink: /home/nacho/colcon_workspaces/smarc_ws/install/sam_msgs/share/ament_index/resource_index/package_run_dependencies/sam_msgs
[3.088s] -- Up-to-date symlink: /home/nacho/colcon_workspaces/smarc_ws/install/sam_msgs/share/ament_index/resource_index/parent_prefix_path/sam_msgs
[3.098s] -- Up-to-date symlink: /home/nacho/colcon_workspaces/smarc_ws/install/sam_msgs/share/sam_msgs/environment/ament_prefix_path.sh
[3.098s] -- Up-to-date symlink: /home/nacho/colcon_workspaces/smarc_ws/install/sam_msgs/share/sam_msgs/environment/ament_prefix_path.dsv
[3.098s] -- Up-to-date symlink: /home/nacho/colcon_workspaces/smarc_ws/install/sam_msgs/share/sam_msgs/environment/path.sh
[3.098s] -- Up-to-date symlink: /home/nacho/colcon_workspaces/smarc_ws/install/sam_msgs/share/sam_msgs/environment/path.dsv
[3.098s] -- Up-to-date symlink: /home/nacho/colcon_workspaces/smarc_ws/install/sam_msgs/share/sam_msgs/local_setup.bash
[3.098s] -- Up-to-date symlink: /home/nacho/colcon_workspaces/smarc_ws/install/sam_msgs/share/sam_msgs/local_setup.sh
[3.098s] -- Up-to-date symlink: /home/nacho/colcon_workspaces/smarc_ws/install/sam_msgs/share/sam_msgs/local_setup.zsh
[3.098s] -- Up-to-date symlink: /home/nacho/colcon_workspaces/smarc_ws/install/sam_msgs/share/sam_msgs/local_setup.dsv
[3.098s] -- Symlinking: /home/nacho/colcon_workspaces/smarc_ws/install/sam_msgs/share/sam_msgs/package.dsv
[3.099s] -- Up-to-date symlink: /home/nacho/colcon_workspaces/smarc_ws/install/sam_msgs/share/ament_index/resource_index/packages/sam_msgs
[3.099s] -- Up-to-date symlink: /home/nacho/colcon_workspaces/smarc_ws/install/sam_msgs/share/sam_msgs/cmake/rosidl_cmake-extras.cmake
[3.099s] -- Up-to-date symlink: /home/nacho/colcon_workspaces/smarc_ws/install/sam_msgs/share/sam_msgs/cmake/ament_cmake_export_dependencies-extras.cmake
[3.099s] -- Up-to-date symlink: /home/nacho/colcon_workspaces/smarc_ws/install/sam_msgs/share/sam_msgs/cmake/ament_cmake_export_include_directories-extras.cmake
[3.099s] -- Up-to-date symlink: /home/nacho/colcon_workspaces/smarc_ws/install/sam_msgs/share/sam_msgs/cmake/ament_cmake_export_libraries-extras.cmake
[3.099s] -- Up-to-date symlink: /home/nacho/colcon_workspaces/smarc_ws/install/sam_msgs/share/sam_msgs/cmake/ament_cmake_export_targets-extras.cmake
[3.099s] -- Up-to-date symlink: /home/nacho/colcon_workspaces/smarc_ws/install/sam_msgs/share/sam_msgs/cmake/rosidl_cmake_export_typesupport_targets-extras.cmake
[3.099s] -- Up-to-date symlink: /home/nacho/colcon_workspaces/smarc_ws/install/sam_msgs/share/sam_msgs/cmake/rosidl_cmake_export_typesupport_libraries-extras.cmake
[3.099s] -- Up-to-date symlink: /home/nacho/colcon_workspaces/smarc_ws/install/sam_msgs/share/sam_msgs/cmake/sam_msgsConfig.cmake
[3.099s] -- Up-to-date symlink: /home/nacho/colcon_workspaces/smarc_ws/install/sam_msgs/share/sam_msgs/cmake/sam_msgsConfig-version.cmake
[3.099s] -- Up-to-date symlink: /home/nacho/colcon_workspaces/smarc_ws/install/sam_msgs/share/sam_msgs/package.xml
[3.099s] -- Installing: /home/nacho/colcon_workspaces/smarc_ws/install/sam_msgs/lib/libsam_msgs__rosidl_generator_c.so
[3.099s] -- Set runtime path of "/home/nacho/colcon_workspaces/smarc_ws/install/sam_msgs/lib/libsam_msgs__rosidl_generator_c.so" to ""
[3.099s] -- Installing: /home/nacho/colcon_workspaces/smarc_ws/install/sam_msgs/lib/libsam_msgs__rosidl_typesupport_fastrtps_c.so
[3.099s] -- Set runtime path of "/home/nacho/colcon_workspaces/smarc_ws/install/sam_msgs/lib/libsam_msgs__rosidl_typesupport_fastrtps_c.so" to ""
[3.099s] -- Installing: /home/nacho/colcon_workspaces/smarc_ws/install/sam_msgs/lib/libsam_msgs__rosidl_typesupport_introspection_c.so
[3.099s] -- Set runtime path of "/home/nacho/colcon_workspaces/smarc_ws/install/sam_msgs/lib/libsam_msgs__rosidl_typesupport_introspection_c.so" to ""
[3.100s] -- Installing: /home/nacho/colcon_workspaces/smarc_ws/install/sam_msgs/lib/libsam_msgs__rosidl_typesupport_c.so
[3.100s] -- Set runtime path of "/home/nacho/colcon_workspaces/smarc_ws/install/sam_msgs/lib/libsam_msgs__rosidl_typesupport_c.so" to ""
[3.100s] -- Installing: /home/nacho/colcon_workspaces/smarc_ws/install/sam_msgs/lib/libsam_msgs__rosidl_typesupport_fastrtps_cpp.so
[3.100s] -- Set runtime path of "/home/nacho/colcon_workspaces/smarc_ws/install/sam_msgs/lib/libsam_msgs__rosidl_typesupport_fastrtps_cpp.so" to ""
[3.100s] -- Installing: /home/nacho/colcon_workspaces/smarc_ws/install/sam_msgs/lib/libsam_msgs__rosidl_typesupport_introspection_cpp.so
[3.100s] -- Set runtime path of "/home/nacho/colcon_workspaces/smarc_ws/install/sam_msgs/lib/libsam_msgs__rosidl_typesupport_introspection_cpp.so" to ""
[3.100s] -- Installing: /home/nacho/colcon_workspaces/smarc_ws/install/sam_msgs/lib/libsam_msgs__rosidl_typesupport_cpp.so
[3.100s] -- Set runtime path of "/home/nacho/colcon_workspaces/smarc_ws/install/sam_msgs/lib/libsam_msgs__rosidl_typesupport_cpp.so" to ""
[3.105s] Listing '/home/nacho/colcon_workspaces/smarc_ws/install/sam_msgs/local/lib/python3.10/dist-packages/sam_msgs'...
[3.105s] Compiling '/home/nacho/colcon_workspaces/smarc_ws/install/sam_msgs/local/lib/python3.10/dist-packages/sam_msgs/__init__.py'...
[3.105s] Listing '/home/nacho/colcon_workspaces/smarc_ws/install/sam_msgs/local/lib/python3.10/dist-packages/sam_msgs/msg'...
[3.117s] -- Installing: /home/nacho/colcon_workspaces/smarc_ws/install/sam_msgs/lib/libsam_msgs__rosidl_generator_py.so
[3.117s] -- Set runtime path of "/home/nacho/colcon_workspaces/smarc_ws/install/sam_msgs/lib/libsam_msgs__rosidl_generator_py.so" to ""
[3.117s] -- Up-to-date: /home/nacho/colcon_workspaces/smarc_ws/install/sam_msgs/share/sam_msgs/cmake/export_sam_msgs__rosidl_generator_cExport.cmake
[3.117s] -- Up-to-date: /home/nacho/colcon_workspaces/smarc_ws/install/sam_msgs/share/sam_msgs/cmake/export_sam_msgs__rosidl_generator_cExport-noconfig.cmake
[3.117s] -- Up-to-date: /home/nacho/colcon_workspaces/smarc_ws/install/sam_msgs/share/sam_msgs/cmake/export_sam_msgs__rosidl_typesupport_fastrtps_cExport.cmake
[3.117s] -- Up-to-date: /home/nacho/colcon_workspaces/smarc_ws/install/sam_msgs/share/sam_msgs/cmake/export_sam_msgs__rosidl_typesupport_fastrtps_cExport-noconfig.cmake
[3.118s] -- Up-to-date: /home/nacho/colcon_workspaces/smarc_ws/install/sam_msgs/share/sam_msgs/cmake/sam_msgs__rosidl_typesupport_introspection_cExport.cmake
[3.118s] -- Up-to-date: /home/nacho/colcon_workspaces/smarc_ws/install/sam_msgs/share/sam_msgs/cmake/sam_msgs__rosidl_typesupport_introspection_cExport-noconfig.cmake
[3.118s] -- Up-to-date: /home/nacho/colcon_workspaces/smarc_ws/install/sam_msgs/share/sam_msgs/cmake/sam_msgs__rosidl_typesupport_cExport.cmake
[3.118s] -- Up-to-date: /home/nacho/colcon_workspaces/smarc_ws/install/sam_msgs/share/sam_msgs/cmake/sam_msgs__rosidl_typesupport_cExport-noconfig.cmake
[3.118s] -- Up-to-date: /home/nacho/colcon_workspaces/smarc_ws/install/sam_msgs/share/sam_msgs/cmake/export_sam_msgs__rosidl_generator_cppExport.cmake
[3.118s] -- Up-to-date: /home/nacho/colcon_workspaces/smarc_ws/install/sam_msgs/share/sam_msgs/cmake/export_sam_msgs__rosidl_typesupport_fastrtps_cppExport.cmake
[3.118s] -- Up-to-date: /home/nacho/colcon_workspaces/smarc_ws/install/sam_msgs/share/sam_msgs/cmake/export_sam_msgs__rosidl_typesupport_fastrtps_cppExport-noconfig.cmake
[3.118s] -- Up-to-date: /home/nacho/colcon_workspaces/smarc_ws/install/sam_msgs/share/sam_msgs/cmake/sam_msgs__rosidl_typesupport_introspection_cppExport.cmake
[3.118s] -- Up-to-date: /home/nacho/colcon_workspaces/smarc_ws/install/sam_msgs/share/sam_msgs/cmake/sam_msgs__rosidl_typesupport_introspection_cppExport-noconfig.cmake
[3.118s] -- Up-to-date: /home/nacho/colcon_workspaces/smarc_ws/install/sam_msgs/share/sam_msgs/cmake/sam_msgs__rosidl_typesupport_cppExport.cmake
[3.119s] -- Up-to-date: /home/nacho/colcon_workspaces/smarc_ws/install/sam_msgs/share/sam_msgs/cmake/sam_msgs__rosidl_typesupport_cppExport-noconfig.cmake
[3.119s] -- Up-to-date: /home/nacho/colcon_workspaces/smarc_ws/install/sam_msgs/share/sam_msgs/cmake/export_sam_msgs__rosidl_generator_pyExport.cmake
[3.119s] -- Up-to-date: /home/nacho/colcon_workspaces/smarc_ws/install/sam_msgs/share/sam_msgs/cmake/export_sam_msgs__rosidl_generator_pyExport-noconfig.cmake
[3.789s] Invoked command in '/home/nacho/colcon_workspaces/smarc_ws/build/sam_msgs' returned '0': CMAKE_PREFIX_PATH=/opt/ros/humble /usr/bin/cmake --install /home/nacho/colcon_workspaces/smarc_ws/build/sam_msgs
