[3.848s] Invoking command in '/home/nacho/colcon_workspaces/smarc_ws/build/nmea_navsat_driver': PYTHONPATH=/home/nacho/colcon_workspaces/smarc_ws/build/nmea_navsat_driver/prefix_override:/usr/lib/python3/dist-packages/colcon_core/task/python/colcon_distutils_commands:/home/nacho/colcon_workspaces/smarc_ws/install/nmea_navsat_driver/lib/python3.10/site-packages:${PYTHONPATH} /usr/bin/python3 -W ignore:setup.py install is deprecated -W ignore:easy_install command is deprecated setup.py develop --editable --build-directory /home/nacho/colcon_workspaces/smarc_ws/build/nmea_navsat_driver/build --no-deps symlink_data
[4.471s] running develop
[4.472s] /usr/lib/python3/dist-packages/setuptools/dist.py:723: UserWarning: Usage of dash-separated 'script-dir' will not be supported in future versions. Please use the underscore name 'script_dir' instead
[4.472s]   warnings.warn(
[4.646s] running egg_info
[4.646s] creating src/nmea_navsat_driver.egg-info
[4.646s] writing src/nmea_navsat_driver.egg-info/PKG-INFO
[4.646s] writing dependency_links to src/nmea_navsat_driver.egg-info/dependency_links.txt
[4.647s] writing entry points to src/nmea_navsat_driver.egg-info/entry_points.txt
[4.647s] writing requirements to src/nmea_navsat_driver.egg-info/requires.txt
[4.647s] writing top-level names to src/nmea_navsat_driver.egg-info/top_level.txt
[4.647s] writing manifest file 'src/nmea_navsat_driver.egg-info/SOURCES.txt'
[4.648s] reading manifest file 'src/nmea_navsat_driver.egg-info/SOURCES.txt'
[4.649s] writing manifest file 'src/nmea_navsat_driver.egg-info/SOURCES.txt'
[4.650s] running build_ext
[4.651s] Creating /home/nacho/colcon_workspaces/smarc_ws/install/nmea_navsat_driver/lib/python3.10/site-packages/nmea-navsat-driver.egg-link (link to src)
[4.652s] Installing nmea_serial_driver script to /home/nacho/colcon_workspaces/smarc_ws/install/nmea_navsat_driver/lib/nmea_navsat_driver
[4.652s] Installing nmea_socket_driver script to /home/nacho/colcon_workspaces/smarc_ws/install/nmea_navsat_driver/lib/nmea_navsat_driver
[4.652s] Installing nmea_topic_driver script to /home/nacho/colcon_workspaces/smarc_ws/install/nmea_navsat_driver/lib/nmea_navsat_driver
[4.652s] Installing nmea_topic_serial_reader script to /home/nacho/colcon_workspaces/smarc_ws/install/nmea_navsat_driver/lib/nmea_navsat_driver
[4.652s] 
[4.652s] Installed /home/nacho/colcon_workspaces/smarc_ws/build/nmea_navsat_driver/src
[4.652s] running symlink_data
[4.652s] creating /home/nacho/colcon_workspaces/smarc_ws/install/nmea_navsat_driver/share/nmea_navsat_driver/launch
[4.652s] symbolically linking /home/nacho/colcon_workspaces/smarc_ws/build/nmea_navsat_driver/launch/nmea_serial_driver.launch.py -> /home/nacho/colcon_workspaces/smarc_ws/install/nmea_navsat_driver/share/nmea_navsat_driver/launch
[4.652s] creating /home/nacho/colcon_workspaces/smarc_ws/install/nmea_navsat_driver/share/nmea_navsat_driver/config
[4.653s] symbolically linking /home/nacho/colcon_workspaces/smarc_ws/build/nmea_navsat_driver/config/nmea_serial_driver.yaml -> /home/nacho/colcon_workspaces/smarc_ws/install/nmea_navsat_driver/share/nmea_navsat_driver/config
[5.447s] Invoked command in '/home/nacho/colcon_workspaces/smarc_ws/build/nmea_navsat_driver' returned '0': PYTHONPATH=/home/nacho/colcon_workspaces/smarc_ws/build/nmea_navsat_driver/prefix_override:/usr/lib/python3/dist-packages/colcon_core/task/python/colcon_distutils_commands:/home/nacho/colcon_workspaces/smarc_ws/install/nmea_navsat_driver/lib/python3.10/site-packages:${PYTHONPATH} /usr/bin/python3 -W ignore:setup.py install is deprecated -W ignore:easy_install command is deprecated setup.py develop --editable --build-directory /home/nacho/colcon_workspaces/smarc_ws/build/nmea_navsat_driver/build --no-deps symlink_data
