[3.826s] Invoking command in '/home/nacho/colcon_workspaces/smarc_ws/build/sam_diving_controller': PYTHONPATH=/home/nacho/colcon_workspaces/smarc_ws/build/sam_diving_controller/prefix_override:/usr/lib/python3/dist-packages/colcon_core/task/python/colcon_distutils_commands:/home/nacho/colcon_workspaces/smarc_ws/install/sam_diving_controller/lib/python3.10/site-packages:${PYTHONPATH} /usr/bin/python3 -W ignore:setup.py install is deprecated -W ignore:easy_install command is deprecated setup.py develop --editable --build-directory /home/nacho/colcon_workspaces/smarc_ws/build/sam_diving_controller/build --no-deps symlink_data
[4.454s] running develop
[4.454s] running egg_info
[4.454s] writing sam_diving_controller.egg-info/PKG-INFO
[4.454s] writing dependency_links to sam_diving_controller.egg-info/dependency_links.txt
[4.454s] writing entry points to sam_diving_controller.egg-info/entry_points.txt
[4.454s] writing requirements to sam_diving_controller.egg-info/requires.txt
[4.455s] writing top-level names to sam_diving_controller.egg-info/top_level.txt
[4.455s] reading manifest file 'sam_diving_controller.egg-info/SOURCES.txt'
[4.455s] writing manifest file 'sam_diving_controller.egg-info/SOURCES.txt'
[4.455s] running build_ext
[4.455s] Creating /home/nacho/colcon_workspaces/smarc_ws/install/sam_diving_controller/lib/python3.10/site-packages/sam-diving-controller.egg-link (link to .)
[4.455s] Installing action_client_node script to /home/nacho/colcon_workspaces/smarc_ws/install/sam_diving_controller/lib/sam_diving_controller
[4.455s] Installing action_server_diving script to /home/nacho/colcon_workspaces/smarc_ws/install/sam_diving_controller/lib/sam_diving_controller
[4.455s] Installing action_server_node script to /home/nacho/colcon_workspaces/smarc_ws/install/sam_diving_controller/lib/sam_diving_controller
[4.455s] Installing manual_diving script to /home/nacho/colcon_workspaces/smarc_ws/install/sam_diving_controller/lib/sam_diving_controller
[4.455s] Installing setpoint script to /home/nacho/colcon_workspaces/smarc_ws/install/sam_diving_controller/lib/sam_diving_controller
[4.455s] Installing test_view script to /home/nacho/colcon_workspaces/smarc_ws/install/sam_diving_controller/lib/sam_diving_controller
[4.455s] 
[4.455s] Installed /home/nacho/colcon_workspaces/smarc_ws/build/sam_diving_controller
[4.455s] running symlink_data
[4.604s] Invoked command in '/home/nacho/colcon_workspaces/smarc_ws/build/sam_diving_controller' returned '0': PYTHONPATH=/home/nacho/colcon_workspaces/smarc_ws/build/sam_diving_controller/prefix_override:/usr/lib/python3/dist-packages/colcon_core/task/python/colcon_distutils_commands:/home/nacho/colcon_workspaces/smarc_ws/install/sam_diving_controller/lib/python3.10/site-packages:${PYTHONPATH} /usr/bin/python3 -W ignore:setup.py install is deprecated -W ignore:easy_install command is deprecated setup.py develop --editable --build-directory /home/nacho/colcon_workspaces/smarc_ws/build/sam_diving_controller/build --no-deps symlink_data
