running develop
running egg_info
creating sam_drivers.egg-info
writing sam_drivers.egg-info/PKG-INFO
writing dependency_links to sam_drivers.egg-info/dependency_links.txt
writing entry points to sam_drivers.egg-info/entry_points.txt
writing requirements to sam_drivers.egg-info/requires.txt
writing top-level names to sam_drivers.egg-info/top_level.txt
writing manifest file 'sam_drivers.egg-info/SOURCES.txt'
reading manifest file 'sam_drivers.egg-info/SOURCES.txt'
writing manifest file 'sam_drivers.egg-info/SOURCES.txt'
running build_ext
Creating /home/nacho/colcon_workspaces/smarc_ws/install/sam_drivers/lib/python3.10/site-packages/sam-drivers.egg-link (link to .)
Installing sam_joint_state_converter script to /home/nacho/colcon_workspaces/smarc_ws/install/sam_drivers/lib/sam_drivers
Installing sam_startup_check script to /home/nacho/colcon_workspaces/smarc_ws/install/sam_drivers/lib/sam_drivers

Installed /home/nacho/colcon_workspaces/smarc_ws/build/sam_drivers
running symlink_data
creating /home/nacho/colcon_workspaces/smarc_ws/install/sam_drivers/share/ament_index
creating /home/nacho/colcon_workspaces/smarc_ws/install/sam_drivers/share/ament_index/resource_index
creating /home/nacho/colcon_workspaces/smarc_ws/install/sam_drivers/share/ament_index/resource_index/packages
symbolically linking /home/nacho/colcon_workspaces/smarc_ws/build/sam_drivers/resource/sam_drivers -> /home/nacho/colcon_workspaces/smarc_ws/install/sam_drivers/share/ament_index/resource_index/packages
symbolically linking /home/nacho/colcon_workspaces/smarc_ws/build/sam_drivers/package.xml -> /home/nacho/colcon_workspaces/smarc_ws/install/sam_drivers/share/sam_drivers
creating /home/nacho/colcon_workspaces/smarc_ws/install/sam_drivers/share/sam_drivers/launch
symbolically linking /home/nacho/colcon_workspaces/smarc_ws/build/sam_drivers/launch/sam_payloads.launch -> /home/nacho/colcon_workspaces/smarc_ws/install/sam_drivers/share/sam_drivers/launch
symbolically linking /home/nacho/colcon_workspaces/smarc_ws/build/sam_drivers/launch/sam_core.launch -> /home/nacho/colcon_workspaces/smarc_ws/install/sam_drivers/share/sam_drivers/launch
creating /home/nacho/colcon_workspaces/smarc_ws/install/sam_drivers/share/sam_drivers/config
symbolically linking /home/nacho/colcon_workspaces/smarc_ws/build/sam_drivers/config/cam_down.yml -> /home/nacho/colcon_workspaces/smarc_ws/install/sam_drivers/share/sam_drivers/config
symbolically linking /home/nacho/colcon_workspaces/smarc_ws/build/sam_drivers/config/cam_starboard.yml -> /home/nacho/colcon_workspaces/smarc_ws/install/sam_drivers/share/sam_drivers/config
symbolically linking /home/nacho/colcon_workspaces/smarc_ws/build/sam_drivers/config/cam_port.yml -> /home/nacho/colcon_workspaces/smarc_ws/install/sam_drivers/share/sam_drivers/config
symbolically linking /home/nacho/colcon_workspaces/smarc_ws/build/sam_drivers/config/cam_forward.yml -> /home/nacho/colcon_workspaces/smarc_ws/install/sam_drivers/share/sam_drivers/config
