[1.434s] Invoking command in '/home/nacho/colcon_workspaces/smarc_ws/build/sam_drivers': AMENT_PREFIX_PATH=/home/nacho/colcon_workspaces/smarc_ws/install/sam_msgs:${AMENT_PREFIX_PATH} CMAKE_PREFIX_PATH=/home/nacho/colcon_workspaces/smarc_ws/install/sam_msgs LD_LIBRARY_PATH=/home/nacho/colcon_workspaces/smarc_ws/install/sam_msgs/lib:${LD_LIBRARY_PATH} PYTHONPATH=/home/nacho/colcon_workspaces/smarc_ws/build/sam_drivers/prefix_override:/usr/lib/python3/dist-packages/colcon_core/task/python/colcon_distutils_commands:/home/nacho/colcon_workspaces/smarc_ws/install/sam_drivers/lib/python3.10/site-packages:/home/nacho/colcon_workspaces/smarc_ws/install/sam_msgs/local/lib/python3.10/dist-packages:${PYTHONPATH} /usr/bin/python3 -W ignore:setup.py install is deprecated -W ignore:easy_install command is deprecated setup.py develop --editable --build-directory /home/nacho/colcon_workspaces/smarc_ws/build/sam_drivers/build --no-deps symlink_data
[2.040s] running develop
[2.495s] running egg_info
[2.496s] creating sam_drivers.egg-info
[2.496s] writing sam_drivers.egg-info/PKG-INFO
[2.496s] writing dependency_links to sam_drivers.egg-info/dependency_links.txt
[2.496s] writing entry points to sam_drivers.egg-info/entry_points.txt
[2.496s] writing requirements to sam_drivers.egg-info/requires.txt
[2.499s] writing top-level names to sam_drivers.egg-info/top_level.txt
[2.499s] writing manifest file 'sam_drivers.egg-info/SOURCES.txt'
[2.520s] reading manifest file 'sam_drivers.egg-info/SOURCES.txt'
[2.521s] writing manifest file 'sam_drivers.egg-info/SOURCES.txt'
[2.526s] running build_ext
[2.526s] Creating /home/nacho/colcon_workspaces/smarc_ws/install/sam_drivers/lib/python3.10/site-packages/sam-drivers.egg-link (link to .)
[2.535s] Installing sam_joint_state_converter script to /home/nacho/colcon_workspaces/smarc_ws/install/sam_drivers/lib/sam_drivers
[2.536s] Installing sam_startup_check script to /home/nacho/colcon_workspaces/smarc_ws/install/sam_drivers/lib/sam_drivers
[2.536s] 
[2.536s] Installed /home/nacho/colcon_workspaces/smarc_ws/build/sam_drivers
[2.536s] running symlink_data
[2.536s] creating /home/nacho/colcon_workspaces/smarc_ws/install/sam_drivers/share/ament_index
[2.536s] creating /home/nacho/colcon_workspaces/smarc_ws/install/sam_drivers/share/ament_index/resource_index
[2.536s] creating /home/nacho/colcon_workspaces/smarc_ws/install/sam_drivers/share/ament_index/resource_index/packages
[2.537s] symbolically linking /home/nacho/colcon_workspaces/smarc_ws/build/sam_drivers/resource/sam_drivers -> /home/nacho/colcon_workspaces/smarc_ws/install/sam_drivers/share/ament_index/resource_index/packages
[2.539s] symbolically linking /home/nacho/colcon_workspaces/smarc_ws/build/sam_drivers/package.xml -> /home/nacho/colcon_workspaces/smarc_ws/install/sam_drivers/share/sam_drivers
[2.539s] creating /home/nacho/colcon_workspaces/smarc_ws/install/sam_drivers/share/sam_drivers/launch
[2.539s] symbolically linking /home/nacho/colcon_workspaces/smarc_ws/build/sam_drivers/launch/sam_payloads.launch -> /home/nacho/colcon_workspaces/smarc_ws/install/sam_drivers/share/sam_drivers/launch
[2.539s] symbolically linking /home/nacho/colcon_workspaces/smarc_ws/build/sam_drivers/launch/sam_core.launch -> /home/nacho/colcon_workspaces/smarc_ws/install/sam_drivers/share/sam_drivers/launch
[2.539s] creating /home/nacho/colcon_workspaces/smarc_ws/install/sam_drivers/share/sam_drivers/config
[2.539s] symbolically linking /home/nacho/colcon_workspaces/smarc_ws/build/sam_drivers/config/cam_down.yml -> /home/nacho/colcon_workspaces/smarc_ws/install/sam_drivers/share/sam_drivers/config
[2.539s] symbolically linking /home/nacho/colcon_workspaces/smarc_ws/build/sam_drivers/config/cam_starboard.yml -> /home/nacho/colcon_workspaces/smarc_ws/install/sam_drivers/share/sam_drivers/config
[2.539s] symbolically linking /home/nacho/colcon_workspaces/smarc_ws/build/sam_drivers/config/cam_port.yml -> /home/nacho/colcon_workspaces/smarc_ws/install/sam_drivers/share/sam_drivers/config
[2.539s] symbolically linking /home/nacho/colcon_workspaces/smarc_ws/build/sam_drivers/config/cam_forward.yml -> /home/nacho/colcon_workspaces/smarc_ws/install/sam_drivers/share/sam_drivers/config
[2.781s] Invoked command in '/home/nacho/colcon_workspaces/smarc_ws/build/sam_drivers' returned '0': AMENT_PREFIX_PATH=/home/nacho/colcon_workspaces/smarc_ws/install/sam_msgs:${AMENT_PREFIX_PATH} CMAKE_PREFIX_PATH=/home/nacho/colcon_workspaces/smarc_ws/install/sam_msgs LD_LIBRARY_PATH=/home/nacho/colcon_workspaces/smarc_ws/install/sam_msgs/lib:${LD_LIBRARY_PATH} PYTHONPATH=/home/nacho/colcon_workspaces/smarc_ws/build/sam_drivers/prefix_override:/usr/lib/python3/dist-packages/colcon_core/task/python/colcon_distutils_commands:/home/nacho/colcon_workspaces/smarc_ws/install/sam_drivers/lib/python3.10/site-packages:/home/nacho/colcon_workspaces/smarc_ws/install/sam_msgs/local/lib/python3.10/dist-packages:${PYTHONPATH} /usr/bin/python3 -W ignore:setup.py install is deprecated -W ignore:easy_install command is deprecated setup.py develop --editable --build-directory /home/nacho/colcon_workspaces/smarc_ws/build/sam_drivers/build --no-deps symlink_data
