-- Found ament_cmake_python: 1.3.11 (/opt/ros/humble/share/ament_cmake_python/cmake)
-- Found rclcpp: 16.0.11 (/opt/ros/humble/share/rclcpp/cmake)
-- Override CMake install command with custom implementation using symlinks instead of copying resources
-- Found rosidl_generator_c: 3.1.6 (/opt/ros/humble/share/rosidl_generator_c/cmake)
-- Found rosidl_adapter: 3.1.6 (/opt/ros/humble/share/rosidl_adapter/cmake)
-- Found rosidl_generator_cpp: 3.1.6 (/opt/ros/humble/share/rosidl_generator_cpp/cmake)
-- Using all available rosidl_typesupport_c: rosidl_typesupport_fastrtps_c;rosidl_typesupport_introspection_c
-- Using all available rosidl_typesupport_cpp: rosidl_typesupport_fastrtps_cpp;rosidl_typesupport_introspection_cpp
-- Found rmw_implementation_cmake: 6.1.2 (/opt/ros/humble/share/rmw_implementation_cmake/cmake)
-- Found rmw_fastrtps_cpp: 6.2.7 (/opt/ros/humble/share/rmw_fastrtps_cpp/cmake)
-- Using RMW implementation 'rmw_fastrtps_cpp' as default
-- Found rclpy: 3.3.15 (/opt/ros/humble/share/rclpy/cmake)
-- Found sam_msgs: 0.1.0 (/home/nacho/colcon_workspaces/smarc_ws/install/sam_msgs/share/sam_msgs/cmake)
-- Found smarc_msgs: 0.1.0 (/home/nacho/colcon_workspaces/smarc_ws/install/smarc_msgs/share/smarc_msgs/cmake)
-- Configuring done
-- Generating done
-- Build files have been written to: /home/nacho/colcon_workspaces/smarc_ws/build/sam_basic_controllers
[35m[1mConsolidate compiler generated dependencies of target pid_actuator_trim[0m
[  0%] Built target ament_cmake_python_symlink_sam_basic_controllers
[ 50%] [32mBuilding CXX object CMakeFiles/pid_actuator_trim.dir/src/pid_utils/pid_actuator_trim.cpp.o[0m
running egg_info
writing sam_basic_controllers.egg-info/PKG-INFO
writing dependency_links to sam_basic_controllers.egg-info/dependency_links.txt
writing top-level names to sam_basic_controllers.egg-info/top_level.txt
reading manifest file 'sam_basic_controllers.egg-info/SOURCES.txt'
writing manifest file 'sam_basic_controllers.egg-info/SOURCES.txt'
[ 50%] Built target ament_cmake_python_build_sam_basic_controllers_egg
[100%] [32m[1mLinking CXX executable pid_actuator_trim[0m
[100%] Built target pid_actuator_trim
