[1.010s] Invoking command in '/home/nacho/colcon_workspaces/smarc_ws/build/sam_basic_controllers': AMENT_PREFIX_PATH=/home/nacho/colcon_workspaces/smarc_ws/install/smarc_msgs:/home/nacho/colcon_workspaces/smarc_ws/install/sam_msgs:${AMENT_PREFIX_PATH} CMAKE_PREFIX_PATH=/home/nacho/colcon_workspaces/smarc_ws/install/smarc_msgs:/home/nacho/colcon_workspaces/smarc_ws/install/sam_msgs:/opt/ros/humble LD_LIBRARY_PATH=/home/nacho/colcon_workspaces/smarc_ws/install/smarc_msgs/lib:/home/nacho/colcon_workspaces/smarc_ws/install/sam_msgs/lib:${LD_LIBRARY_PATH} PYTHONPATH=/home/nacho/colcon_workspaces/smarc_ws/install/smarc_msgs/local/lib/python3.10/dist-packages:/home/nacho/colcon_workspaces/smarc_ws/install/sam_msgs/local/lib/python3.10/dist-packages:${PYTHONPATH} /usr/bin/cmake --build /home/nacho/colcon_workspaces/smarc_ws/build/sam_basic_controllers -- -j20 -l20
[1.236s] -- Found ament_cmake_python: 1.3.11 (/opt/ros/humble/share/ament_cmake_python/cmake)
[1.236s] -- Found rclcpp: 16.0.11 (/opt/ros/humble/share/rclcpp/cmake)
[1.236s] -- Override CMake install command with custom implementation using symlinks instead of copying resources
[1.236s] -- Found rosidl_generator_c: 3.1.6 (/opt/ros/humble/share/rosidl_generator_c/cmake)
[1.236s] -- Found rosidl_adapter: 3.1.6 (/opt/ros/humble/share/rosidl_adapter/cmake)
[1.236s] -- Found rosidl_generator_cpp: 3.1.6 (/opt/ros/humble/share/rosidl_generator_cpp/cmake)
[1.236s] -- Using all available rosidl_typesupport_c: rosidl_typesupport_fastrtps_c;rosidl_typesupport_introspection_c
[1.236s] -- Using all available rosidl_typesupport_cpp: rosidl_typesupport_fastrtps_cpp;rosidl_typesupport_introspection_cpp
[1.236s] -- Found rmw_implementation_cmake: 6.1.2 (/opt/ros/humble/share/rmw_implementation_cmake/cmake)
[1.236s] -- Found rmw_fastrtps_cpp: 6.2.7 (/opt/ros/humble/share/rmw_fastrtps_cpp/cmake)
[1.298s] -- Using RMW implementation 'rmw_fastrtps_cpp' as default
[1.350s] -- Found rclpy: 3.3.15 (/opt/ros/humble/share/rclpy/cmake)
[1.350s] -- Found sam_msgs: 0.1.0 (/home/nacho/colcon_workspaces/smarc_ws/install/sam_msgs/share/sam_msgs/cmake)
[1.410s] -- Found smarc_msgs: 0.1.0 (/home/nacho/colcon_workspaces/smarc_ws/install/smarc_msgs/share/smarc_msgs/cmake)
[1.824s] -- Configuring done
[1.867s] -- Generating done
[1.873s] -- Build files have been written to: /home/nacho/colcon_workspaces/smarc_ws/build/sam_basic_controllers
[1.958s] [35m[1mConsolidate compiler generated dependencies of target pid_actuator_trim[0m
[1.987s] [  0%] Built target ament_cmake_python_symlink_sam_basic_controllers
[2.017s] [ 50%] [32mBuilding CXX object CMakeFiles/pid_actuator_trim.dir/src/pid_utils/pid_actuator_trim.cpp.o[0m
[2.413s] running egg_info
[2.413s] writing sam_basic_controllers.egg-info/PKG-INFO
[2.413s] writing dependency_links to sam_basic_controllers.egg-info/dependency_links.txt
[2.413s] writing top-level names to sam_basic_controllers.egg-info/top_level.txt
[2.416s] reading manifest file 'sam_basic_controllers.egg-info/SOURCES.txt'
[2.417s] writing manifest file 'sam_basic_controllers.egg-info/SOURCES.txt'
[2.467s] [ 50%] Built target ament_cmake_python_build_sam_basic_controllers_egg
[10.766s] [100%] [32m[1mLinking CXX executable pid_actuator_trim[0m
[11.341s] [100%] Built target pid_actuator_trim
