-- The C compiler identification is GNU 11.4.0
-- The CXX compiler identification is GNU 11.4.0
-- Detecting C compiler ABI info
-- Detecting C compiler ABI info - done
-- Check for working C compiler: /usr/bin/cc - skipped
-- Detecting C compile features
-- Detecting C compile features - done
-- Detecting CXX compiler ABI info
-- Detecting CXX compiler ABI info - done
-- Check for working CXX compiler: /usr/bin/c++ - skipped
-- Detecting CXX compile features
-- Detecting CXX compile features - done
-- Found ament_cmake: 1.3.11 (/opt/ros/humble/share/ament_cmake/cmake)
-- Found Python3: /usr/bin/python3 (found version "3.10.12") found components: Interpreter 
-- Override CMake install command with custom implementation using symlinks instead of copying resources
-- Found rosidl_default_generators: 1.2.0 (/opt/ros/humble/share/rosidl_default_generators/cmake)
-- Using all available rosidl_typesupport_c: rosidl_typesupport_fastrtps_c;rosidl_typesupport_introspection_c
-- Found rosidl_adapter: 3.1.6 (/opt/ros/humble/share/rosidl_adapter/cmake)
-- Using all available rosidl_typesupport_cpp: rosidl_typesupport_fastrtps_cpp;rosidl_typesupport_introspection_cpp
-- Found geometry_msgs: 4.2.4 (/opt/ros/humble/share/geometry_msgs/cmake)
-- Found sensor_msgs: 4.2.4 (/opt/ros/humble/share/sensor_msgs/cmake)
-- Found ament_cmake_ros: 0.10.0 (/opt/ros/humble/share/ament_cmake_ros/cmake)
-- Using all available rosidl_typesupport_c: rosidl_typesupport_fastrtps_c;rosidl_typesupport_introspection_c
-- Using all available rosidl_typesupport_cpp: rosidl_typesupport_fastrtps_cpp;rosidl_typesupport_introspection_cpp
-- Found PythonInterp: /usr/bin/python3 (found suitable version "3.10.12", minimum required is "3.6") 
-- Found python_cmake_module: 0.10.0 (/opt/ros/humble/share/python_cmake_module/cmake)
-- Found PythonLibs: /usr/lib/x86_64-linux-gnu/libpython3.10.so (found suitable version "3.10.12", minimum required is "3.5") 
-- Using PYTHON_EXECUTABLE: /usr/bin/python3
-- Using PYTHON_INCLUDE_DIRS: /usr/include/python3.10
-- Using PYTHON_LIBRARIES: /usr/lib/x86_64-linux-gnu/libpython3.10.so
-- Found PythonExtra: .so  
-- Found ament_lint_auto: 0.12.11 (/opt/ros/humble/share/ament_lint_auto/cmake)
-- Added test 'lint_cmake' to check CMake code style
-- Added test 'xmllint' to check XML markup files
-- Configuring done
-- Generating done
-- Build files have been written to: /home/nacho/colcon_workspaces/smarc_ws/build/lolo_msgs
[  0%] [34m[1mGenerating C code for ROS interfaces[0m
[  0%] [34m[1mGenerating C++ code for ROS interfaces[0m
[  0%] Built target ament_cmake_python_symlink_lolo_msgs
running egg_info
creating lolo_msgs.egg-info
writing lolo_msgs.egg-info/PKG-INFO
writing dependency_links to lolo_msgs.egg-info/dependency_links.txt
writing top-level names to lolo_msgs.egg-info/top_level.txt
writing manifest file 'lolo_msgs.egg-info/SOURCES.txt'
reading manifest file 'lolo_msgs.egg-info/SOURCES.txt'
writing manifest file 'lolo_msgs.egg-info/SOURCES.txt'
[  0%] Built target ament_cmake_python_build_lolo_msgs_egg
[  0%] Built target lolo_msgs__cpp
[  1%] [34m[1mGenerating C++ type support dispatch for ROS interfaces[0m
[  2%] [34m[1mGenerating C++ type support for eProsima Fast-RTPS[0m
[  2%] [34m[1mGenerating C++ introspection for ROS interfaces[0m
[  3%] [32mBuilding C object CMakeFiles/lolo_msgs__rosidl_generator_c.dir/rosidl_generator_c/lolo_msgs/msg/detail/bottom_track__functions.c.o[0m
[  3%] [32mBuilding C object CMakeFiles/lolo_msgs__rosidl_generator_c.dir/rosidl_generator_c/lolo_msgs/msg/detail/captain_service__functions.c.o[0m
[  4%] [32mBuilding C object CMakeFiles/lolo_msgs__rosidl_generator_c.dir/rosidl_generator_c/lolo_msgs/msg/detail/custom_command__functions.c.o[0m
[  5%] [32mBuilding C object CMakeFiles/lolo_msgs__rosidl_generator_c.dir/rosidl_generator_c/lolo_msgs/msg/detail/hyperion_fluorescence__functions.c.o[0m
[  6%] [32mBuilding C object CMakeFiles/lolo_msgs__rosidl_generator_c.dir/rosidl_generator_c/lolo_msgs/msg/detail/jfe_do__functions.c.o[0m
[  6%] [32mBuilding C object CMakeFiles/lolo_msgs__rosidl_generator_c.dir/rosidl_generator_c/lolo_msgs/msg/detail/hyperion_turbidity__functions.c.o[0m
[  6%] [32mBuilding C object CMakeFiles/lolo_msgs__rosidl_generator_c.dir/rosidl_generator_c/lolo_msgs/msg/detail/pd0_bottom_track__functions.c.o[0m
[  7%] [32mBuilding C object CMakeFiles/lolo_msgs__rosidl_generator_c.dir/rosidl_generator_c/lolo_msgs/msg/detail/pd0_fixed_leader__functions.c.o[0m
[  7%] [32mBuilding C object CMakeFiles/lolo_msgs__rosidl_generator_c.dir/rosidl_generator_c/lolo_msgs/msg/detail/pd0_variable_leader__functions.c.o[0m
[  8%] [32mBuilding C object CMakeFiles/lolo_msgs__rosidl_generator_c.dir/rosidl_generator_c/lolo_msgs/msg/detail/pressures__functions.c.o[0m
[  9%] [32mBuilding C object CMakeFiles/lolo_msgs__rosidl_generator_c.dir/rosidl_generator_c/lolo_msgs/msg/detail/rbr_ctd__functions.c.o[0m
[  9%] [32mBuilding C object CMakeFiles/lolo_msgs__rosidl_generator_c.dir/rosidl_generator_c/lolo_msgs/msg/detail/usbl_topside_correction__functions.c.o[0m
[  9%] [32mBuilding C object CMakeFiles/lolo_msgs__rosidl_generator_c.dir/rosidl_generator_c/lolo_msgs/msg/detail/status__functions.c.o[0m
[ 10%] [32mBuilding C object CMakeFiles/lolo_msgs__rosidl_generator_c.dir/rosidl_generator_c/lolo_msgs/msg/detail/vesc_feedback__functions.c.o[0m
[ 11%] [32mBuilding C object CMakeFiles/lolo_msgs__rosidl_generator_c.dir/rosidl_generator_c/lolo_msgs/msg/detail/vbs_mode__functions.c.o[0m
[ 12%] [32mBuilding C object CMakeFiles/lolo_msgs__rosidl_generator_c.dir/rosidl_generator_c/lolo_msgs/msg/detail/temperatures__functions.c.o[0m
[ 12%] [32mBuilding C object CMakeFiles/lolo_msgs__rosidl_generator_c.dir/rosidl_generator_c/lolo_msgs/msg/detail/vbs_tank__functions.c.o[0m
[ 13%] [32mBuilding C object CMakeFiles/lolo_msgs__rosidl_generator_c.dir/rosidl_generator_c/lolo_msgs/msg/detail/volz_servo__functions.c.o[0m
[ 13%] [32mBuilding C object CMakeFiles/lolo_msgs__rosidl_generator_c.dir/rosidl_generator_c/lolo_msgs/msg/detail/topics__functions.c.o[0m
[ 14%] [32m[1mLinking C shared library liblolo_msgs__rosidl_generator_c.so[0m
[ 14%] Built target lolo_msgs__rosidl_generator_c
[ 15%] [34m[1mGenerating C introspection for ROS interfaces[0m
[ 16%] [34m[1mGenerating C type support dispatch for ROS interfaces[0m
[ 17%] [34m[1mGenerating C type support for eProsima Fast-RTPS[0m
[ 17%] [32mBuilding CXX object CMakeFiles/lolo_msgs__rosidl_typesupport_cpp.dir/rosidl_typesupport_cpp/lolo_msgs/msg/bottom_track__type_support.cpp.o[0m
[ 18%] [32mBuilding CXX object CMakeFiles/lolo_msgs__rosidl_typesupport_cpp.dir/rosidl_typesupport_cpp/lolo_msgs/msg/captain_service__type_support.cpp.o[0m
[ 19%] [32mBuilding CXX object CMakeFiles/lolo_msgs__rosidl_typesupport_cpp.dir/rosidl_typesupport_cpp/lolo_msgs/msg/custom_command__type_support.cpp.o[0m
[ 20%] [32mBuilding CXX object CMakeFiles/lolo_msgs__rosidl_typesupport_cpp.dir/rosidl_typesupport_cpp/lolo_msgs/msg/hyperion_turbidity__type_support.cpp.o[0m
[ 20%] [32mBuilding CXX object CMakeFiles/lolo_msgs__rosidl_typesupport_cpp.dir/rosidl_typesupport_cpp/lolo_msgs/msg/hyperion_fluorescence__type_support.cpp.o[0m
[ 20%] [32mBuilding CXX object CMakeFiles/lolo_msgs__rosidl_typesupport_cpp.dir/rosidl_typesupport_cpp/lolo_msgs/msg/jfe_do__type_support.cpp.o[0m
[ 20%] [32mBuilding CXX object CMakeFiles/lolo_msgs__rosidl_typesupport_cpp.dir/rosidl_typesupport_cpp/lolo_msgs/msg/pd0_fixed_leader__type_support.cpp.o[0m
[ 21%] [32mBuilding CXX object CMakeFiles/lolo_msgs__rosidl_typesupport_cpp.dir/rosidl_typesupport_cpp/lolo_msgs/msg/pd0_bottom_track__type_support.cpp.o[0m
[ 22%] [32mBuilding CXX object CMakeFiles/lolo_msgs__rosidl_typesupport_cpp.dir/rosidl_typesupport_cpp/lolo_msgs/msg/pd0_variable_leader__type_support.cpp.o[0m
[ 22%] [32mBuilding CXX object CMakeFiles/lolo_msgs__rosidl_typesupport_cpp.dir/rosidl_typesupport_cpp/lolo_msgs/msg/rbr_ctd__type_support.cpp.o[0m
[ 22%] [32mBuilding CXX object CMakeFiles/lolo_msgs__rosidl_typesupport_cpp.dir/rosidl_typesupport_cpp/lolo_msgs/msg/temperatures__type_support.cpp.o[0m
[ 23%] [32mBuilding CXX object CMakeFiles/lolo_msgs__rosidl_typesupport_cpp.dir/rosidl_typesupport_cpp/lolo_msgs/msg/pressures__type_support.cpp.o[0m
[ 24%] [32mBuilding CXX object CMakeFiles/lolo_msgs__rosidl_typesupport_cpp.dir/rosidl_typesupport_cpp/lolo_msgs/msg/usbl_topside_correction__type_support.cpp.o[0m
[ 25%] [32mBuilding CXX object CMakeFiles/lolo_msgs__rosidl_typesupport_cpp.dir/rosidl_typesupport_cpp/lolo_msgs/msg/status__type_support.cpp.o[0m
[ 25%] [32mBuilding CXX object CMakeFiles/lolo_msgs__rosidl_typesupport_cpp.dir/rosidl_typesupport_cpp/lolo_msgs/msg/vbs_mode__type_support.cpp.o[0m
[ 26%] [32mBuilding CXX object CMakeFiles/lolo_msgs__rosidl_typesupport_cpp.dir/rosidl_typesupport_cpp/lolo_msgs/msg/vbs_tank__type_support.cpp.o[0m
[ 26%] [32mBuilding CXX object CMakeFiles/lolo_msgs__rosidl_typesupport_c.dir/rosidl_typesupport_c/lolo_msgs/msg/bottom_track__type_support.cpp.o[0m
[ 27%] [32mBuilding CXX object CMakeFiles/lolo_msgs__rosidl_typesupport_c.dir/rosidl_typesupport_c/lolo_msgs/msg/captain_service__type_support.cpp.o[0m
[ 27%] [32mBuilding CXX object CMakeFiles/lolo_msgs__rosidl_typesupport_c.dir/rosidl_typesupport_c/lolo_msgs/msg/custom_command__type_support.cpp.o[0m
[ 28%] [32mBuilding CXX object CMakeFiles/lolo_msgs__rosidl_typesupport_cpp.dir/rosidl_typesupport_cpp/lolo_msgs/msg/vesc_feedback__type_support.cpp.o[0m
[ 29%] [32mBuilding CXX object CMakeFiles/lolo_msgs__rosidl_typesupport_c.dir/rosidl_typesupport_c/lolo_msgs/msg/hyperion_fluorescence__type_support.cpp.o[0m
[ 30%] [32mBuilding CXX object CMakeFiles/lolo_msgs__rosidl_typesupport_c.dir/rosidl_typesupport_c/lolo_msgs/msg/hyperion_turbidity__type_support.cpp.o[0m
[ 31%] [32mBuilding CXX object CMakeFiles/lolo_msgs__rosidl_typesupport_cpp.dir/rosidl_typesupport_cpp/lolo_msgs/msg/topics__type_support.cpp.o[0m
[ 31%] [32mBuilding CXX object CMakeFiles/lolo_msgs__rosidl_typesupport_cpp.dir/rosidl_typesupport_cpp/lolo_msgs/msg/volz_servo__type_support.cpp.o[0m
[ 31%] [32mBuilding CXX object CMakeFiles/lolo_msgs__rosidl_typesupport_c.dir/rosidl_typesupport_c/lolo_msgs/msg/jfe_do__type_support.cpp.o[0m
[ 32%] [32mBuilding CXX object CMakeFiles/lolo_msgs__rosidl_typesupport_c.dir/rosidl_typesupport_c/lolo_msgs/msg/pd0_bottom_track__type_support.cpp.o[0m
[ 32%] [32mBuilding CXX object CMakeFiles/lolo_msgs__rosidl_typesupport_c.dir/rosidl_typesupport_c/lolo_msgs/msg/pd0_fixed_leader__type_support.cpp.o[0m
[ 32%] [32mBuilding CXX object CMakeFiles/lolo_msgs__rosidl_typesupport_c.dir/rosidl_typesupport_c/lolo_msgs/msg/pressures__type_support.cpp.o[0m
[ 33%] [32mBuilding CXX object CMakeFiles/lolo_msgs__rosidl_typesupport_c.dir/rosidl_typesupport_c/lolo_msgs/msg/rbr_ctd__type_support.cpp.o[0m
[ 34%] [32mBuilding CXX object CMakeFiles/lolo_msgs__rosidl_typesupport_c.dir/rosidl_typesupport_c/lolo_msgs/msg/status__type_support.cpp.o[0m
[ 35%] [32mBuilding CXX object CMakeFiles/lolo_msgs__rosidl_typesupport_c.dir/rosidl_typesupport_c/lolo_msgs/msg/pd0_variable_leader__type_support.cpp.o[0m
[ 35%] [32mBuilding CXX object CMakeFiles/lolo_msgs__rosidl_typesupport_c.dir/rosidl_typesupport_c/lolo_msgs/msg/temperatures__type_support.cpp.o[0m
[ 36%] [32mBuilding CXX object CMakeFiles/lolo_msgs__rosidl_typesupport_c.dir/rosidl_typesupport_c/lolo_msgs/msg/usbl_topside_correction__type_support.cpp.o[0m
[ 36%] [32mBuilding CXX object CMakeFiles/lolo_msgs__rosidl_typesupport_c.dir/rosidl_typesupport_c/lolo_msgs/msg/vbs_mode__type_support.cpp.o[0m
[ 37%] [32mBuilding CXX object CMakeFiles/lolo_msgs__rosidl_typesupport_c.dir/rosidl_typesupport_c/lolo_msgs/msg/vbs_tank__type_support.cpp.o[0m
[ 38%] [32mBuilding CXX object CMakeFiles/lolo_msgs__rosidl_typesupport_c.dir/rosidl_typesupport_c/lolo_msgs/msg/volz_servo__type_support.cpp.o[0m
[ 38%] [32mBuilding CXX object CMakeFiles/lolo_msgs__rosidl_typesupport_c.dir/rosidl_typesupport_c/lolo_msgs/msg/vesc_feedback__type_support.cpp.o[0m
[ 39%] [32mBuilding CXX object CMakeFiles/lolo_msgs__rosidl_typesupport_c.dir/rosidl_typesupport_c/lolo_msgs/msg/topics__type_support.cpp.o[0m
[ 39%] [32m[1mLinking CXX shared library liblolo_msgs__rosidl_typesupport_c.so[0m
[ 39%] [32mBuilding CXX object CMakeFiles/lolo_msgs__rosidl_typesupport_introspection_cpp.dir/rosidl_typesupport_introspection_cpp/lolo_msgs/msg/detail/captain_service__type_support.cpp.o[0m
[ 40%] [32mBuilding CXX object CMakeFiles/lolo_msgs__rosidl_typesupport_introspection_cpp.dir/rosidl_typesupport_introspection_cpp/lolo_msgs/msg/detail/bottom_track__type_support.cpp.o[0m
[ 41%] [32mBuilding CXX object CMakeFiles/lolo_msgs__rosidl_typesupport_introspection_cpp.dir/rosidl_typesupport_introspection_cpp/lolo_msgs/msg/detail/custom_command__type_support.cpp.o[0m
[ 41%] [32mBuilding CXX object CMakeFiles/lolo_msgs__rosidl_typesupport_introspection_cpp.dir/rosidl_typesupport_introspection_cpp/lolo_msgs/msg/detail/hyperion_fluorescence__type_support.cpp.o[0m
[ 42%] [32mBuilding CXX object CMakeFiles/lolo_msgs__rosidl_typesupport_introspection_cpp.dir/rosidl_typesupport_introspection_cpp/lolo_msgs/msg/detail/hyperion_turbidity__type_support.cpp.o[0m
[ 43%] [32mBuilding CXX object CMakeFiles/lolo_msgs__rosidl_typesupport_introspection_cpp.dir/rosidl_typesupport_introspection_cpp/lolo_msgs/msg/detail/jfe_do__type_support.cpp.o[0m
[ 43%] [32mBuilding CXX object CMakeFiles/lolo_msgs__rosidl_typesupport_introspection_cpp.dir/rosidl_typesupport_introspection_cpp/lolo_msgs/msg/detail/pd0_bottom_track__type_support.cpp.o[0m
[ 44%] [32mBuilding CXX object CMakeFiles/lolo_msgs__rosidl_typesupport_introspection_cpp.dir/rosidl_typesupport_introspection_cpp/lolo_msgs/msg/detail/pd0_fixed_leader__type_support.cpp.o[0m
[ 44%] [32mBuilding CXX object CMakeFiles/lolo_msgs__rosidl_typesupport_introspection_cpp.dir/rosidl_typesupport_introspection_cpp/lolo_msgs/msg/detail/pd0_variable_leader__type_support.cpp.o[0m
[ 44%] Built target lolo_msgs__rosidl_typesupport_c
[ 45%] [32mBuilding CXX object CMakeFiles/lolo_msgs__rosidl_typesupport_introspection_cpp.dir/rosidl_typesupport_introspection_cpp/lolo_msgs/msg/detail/rbr_ctd__type_support.cpp.o[0m
[ 45%] [32mBuilding CXX object CMakeFiles/lolo_msgs__rosidl_typesupport_introspection_cpp.dir/rosidl_typesupport_introspection_cpp/lolo_msgs/msg/detail/pressures__type_support.cpp.o[0m
[ 45%] [32mBuilding CXX object CMakeFiles/lolo_msgs__rosidl_typesupport_fastrtps_c.dir/rosidl_typesupport_fastrtps_c/lolo_msgs/msg/detail/bottom_track__type_support_c.cpp.o[0m
[ 46%] [32mBuilding CXX object CMakeFiles/lolo_msgs__rosidl_typesupport_introspection_cpp.dir/rosidl_typesupport_introspection_cpp/lolo_msgs/msg/detail/temperatures__type_support.cpp.o[0m
[ 47%] [32mBuilding CXX object CMakeFiles/lolo_msgs__rosidl_typesupport_fastrtps_c.dir/rosidl_typesupport_fastrtps_c/lolo_msgs/msg/detail/captain_service__type_support_c.cpp.o[0m
[ 48%] [32mBuilding CXX object CMakeFiles/lolo_msgs__rosidl_typesupport_introspection_cpp.dir/rosidl_typesupport_introspection_cpp/lolo_msgs/msg/detail/status__type_support.cpp.o[0m
[ 48%] [32mBuilding CXX object CMakeFiles/lolo_msgs__rosidl_typesupport_introspection_cpp.dir/rosidl_typesupport_introspection_cpp/lolo_msgs/msg/detail/usbl_topside_correction__type_support.cpp.o[0m
[ 49%] [32mBuilding CXX object CMakeFiles/lolo_msgs__rosidl_typesupport_fastrtps_cpp.dir/rosidl_typesupport_fastrtps_cpp/lolo_msgs/msg/detail/dds_fastrtps/bottom_track__type_support.cpp.o[0m
[ 50%] [32mBuilding CXX object CMakeFiles/lolo_msgs__rosidl_typesupport_introspection_cpp.dir/rosidl_typesupport_introspection_cpp/lolo_msgs/msg/detail/vbs_mode__type_support.cpp.o[0m
[ 51%] [32mBuilding CXX object CMakeFiles/lolo_msgs__rosidl_typesupport_fastrtps_c.dir/rosidl_typesupport_fastrtps_c/lolo_msgs/msg/detail/custom_command__type_support_c.cpp.o[0m
[ 51%] [32m[1mLinking CXX shared library liblolo_msgs__rosidl_typesupport_cpp.so[0m
[ 51%] [32mBuilding CXX object CMakeFiles/lolo_msgs__rosidl_typesupport_introspection_cpp.dir/rosidl_typesupport_introspection_cpp/lolo_msgs/msg/detail/vbs_tank__type_support.cpp.o[0m
[ 51%] Built target lolo_msgs__rosidl_typesupport_cpp
[ 51%] [32mBuilding CXX object CMakeFiles/lolo_msgs__rosidl_typesupport_fastrtps_cpp.dir/rosidl_typesupport_fastrtps_cpp/lolo_msgs/msg/detail/dds_fastrtps/captain_service__type_support.cpp.o[0m
[ 52%] [32mBuilding CXX object CMakeFiles/lolo_msgs__rosidl_typesupport_fastrtps_cpp.dir/rosidl_typesupport_fastrtps_cpp/lolo_msgs/msg/detail/dds_fastrtps/custom_command__type_support.cpp.o[0m
[ 52%] [32mBuilding CXX object CMakeFiles/lolo_msgs__rosidl_typesupport_fastrtps_c.dir/rosidl_typesupport_fastrtps_c/lolo_msgs/msg/detail/hyperion_fluorescence__type_support_c.cpp.o[0m
[ 53%] [32mBuilding CXX object CMakeFiles/lolo_msgs__rosidl_typesupport_fastrtps_c.dir/rosidl_typesupport_fastrtps_c/lolo_msgs/msg/detail/hyperion_turbidity__type_support_c.cpp.o[0m
[ 53%] [32mBuilding CXX object CMakeFiles/lolo_msgs__rosidl_typesupport_fastrtps_cpp.dir/rosidl_typesupport_fastrtps_cpp/lolo_msgs/msg/detail/dds_fastrtps/hyperion_fluorescence__type_support.cpp.o[0m
[ 54%] [32mBuilding CXX object CMakeFiles/lolo_msgs__rosidl_typesupport_introspection_cpp.dir/rosidl_typesupport_introspection_cpp/lolo_msgs/msg/detail/vesc_feedback__type_support.cpp.o[0m
[ 55%] [32mBuilding C object CMakeFiles/lolo_msgs__rosidl_typesupport_introspection_c.dir/rosidl_typesupport_introspection_c/lolo_msgs/msg/detail/bottom_track__type_support.c.o[0m
[ 55%] [32mBuilding C object CMakeFiles/lolo_msgs__rosidl_typesupport_introspection_c.dir/rosidl_typesupport_introspection_c/lolo_msgs/msg/detail/captain_service__type_support.c.o[0m
[ 56%] [32mBuilding C object CMakeFiles/lolo_msgs__rosidl_typesupport_introspection_c.dir/rosidl_typesupport_introspection_c/lolo_msgs/msg/detail/custom_command__type_support.c.o[0m
[ 56%] [32mBuilding C object CMakeFiles/lolo_msgs__rosidl_typesupport_introspection_c.dir/rosidl_typesupport_introspection_c/lolo_msgs/msg/detail/hyperion_fluorescence__type_support.c.o[0m
[ 57%] [32mBuilding C object CMakeFiles/lolo_msgs__rosidl_typesupport_introspection_c.dir/rosidl_typesupport_introspection_c/lolo_msgs/msg/detail/hyperion_turbidity__type_support.c.o[0m
[ 58%] [32mBuilding CXX object CMakeFiles/lolo_msgs__rosidl_typesupport_fastrtps_cpp.dir/rosidl_typesupport_fastrtps_cpp/lolo_msgs/msg/detail/dds_fastrtps/hyperion_turbidity__type_support.cpp.o[0m
[ 58%] [32mBuilding CXX object CMakeFiles/lolo_msgs__rosidl_typesupport_fastrtps_cpp.dir/rosidl_typesupport_fastrtps_cpp/lolo_msgs/msg/detail/dds_fastrtps/jfe_do__type_support.cpp.o[0m
[ 58%] [32mBuilding CXX object CMakeFiles/lolo_msgs__rosidl_typesupport_introspection_cpp.dir/rosidl_typesupport_introspection_cpp/lolo_msgs/msg/detail/volz_servo__type_support.cpp.o[0m
[ 58%] [32mBuilding C object CMakeFiles/lolo_msgs__rosidl_typesupport_introspection_c.dir/rosidl_typesupport_introspection_c/lolo_msgs/msg/detail/jfe_do__type_support.c.o[0m
[ 59%] [32mBuilding CXX object CMakeFiles/lolo_msgs__rosidl_typesupport_fastrtps_cpp.dir/rosidl_typesupport_fastrtps_cpp/lolo_msgs/msg/detail/dds_fastrtps/pd0_bottom_track__type_support.cpp.o[0m
[ 60%] [32mBuilding CXX object CMakeFiles/lolo_msgs__rosidl_typesupport_introspection_cpp.dir/rosidl_typesupport_introspection_cpp/lolo_msgs/msg/detail/topics__type_support.cpp.o[0m
[ 61%] [32mBuilding C object CMakeFiles/lolo_msgs__rosidl_typesupport_introspection_c.dir/rosidl_typesupport_introspection_c/lolo_msgs/msg/detail/pd0_bottom_track__type_support.c.o[0m
[ 60%] [32mBuilding CXX object CMakeFiles/lolo_msgs__rosidl_typesupport_fastrtps_c.dir/rosidl_typesupport_fastrtps_c/lolo_msgs/msg/detail/jfe_do__type_support_c.cpp.o[0m
[ 62%] [32mBuilding C object CMakeFiles/lolo_msgs__rosidl_typesupport_introspection_c.dir/rosidl_typesupport_introspection_c/lolo_msgs/msg/detail/pd0_fixed_leader__type_support.c.o[0m
[ 62%] [32mBuilding CXX object CMakeFiles/lolo_msgs__rosidl_typesupport_fastrtps_cpp.dir/rosidl_typesupport_fastrtps_cpp/lolo_msgs/msg/detail/dds_fastrtps/pd0_variable_leader__type_support.cpp.o[0m
[ 63%] [32mBuilding CXX object CMakeFiles/lolo_msgs__rosidl_typesupport_fastrtps_cpp.dir/rosidl_typesupport_fastrtps_cpp/lolo_msgs/msg/detail/dds_fastrtps/pd0_fixed_leader__type_support.cpp.o[0m
[ 64%] [32mBuilding CXX object CMakeFiles/lolo_msgs__rosidl_typesupport_fastrtps_c.dir/rosidl_typesupport_fastrtps_c/lolo_msgs/msg/detail/pd0_bottom_track__type_support_c.cpp.o[0m
[ 64%] [32mBuilding CXX object CMakeFiles/lolo_msgs__rosidl_typesupport_fastrtps_c.dir/rosidl_typesupport_fastrtps_c/lolo_msgs/msg/detail/pd0_fixed_leader__type_support_c.cpp.o[0m
[ 65%] [32mBuilding CXX object CMakeFiles/lolo_msgs__rosidl_typesupport_fastrtps_cpp.dir/rosidl_typesupport_fastrtps_cpp/lolo_msgs/msg/detail/dds_fastrtps/pressures__type_support.cpp.o[0m
[ 65%] [32mBuilding C object CMakeFiles/lolo_msgs__rosidl_typesupport_introspection_c.dir/rosidl_typesupport_introspection_c/lolo_msgs/msg/detail/pd0_variable_leader__type_support.c.o[0m
[ 66%] [32mBuilding C object CMakeFiles/lolo_msgs__rosidl_typesupport_introspection_c.dir/rosidl_typesupport_introspection_c/lolo_msgs/msg/detail/pressures__type_support.c.o[0m
[ 67%] [32mBuilding CXX object CMakeFiles/lolo_msgs__rosidl_typesupport_fastrtps_c.dir/rosidl_typesupport_fastrtps_c/lolo_msgs/msg/detail/pd0_variable_leader__type_support_c.cpp.o[0m
[ 67%] [32mBuilding C object CMakeFiles/lolo_msgs__rosidl_typesupport_introspection_c.dir/rosidl_typesupport_introspection_c/lolo_msgs/msg/detail/rbr_ctd__type_support.c.o[0m
[ 68%] [32mBuilding CXX object CMakeFiles/lolo_msgs__rosidl_typesupport_fastrtps_c.dir/rosidl_typesupport_fastrtps_c/lolo_msgs/msg/detail/pressures__type_support_c.cpp.o[0m
[ 68%] [32mBuilding CXX object CMakeFiles/lolo_msgs__rosidl_typesupport_fastrtps_cpp.dir/rosidl_typesupport_fastrtps_cpp/lolo_msgs/msg/detail/dds_fastrtps/rbr_ctd__type_support.cpp.o[0m
[ 69%] [32mBuilding C object CMakeFiles/lolo_msgs__rosidl_typesupport_introspection_c.dir/rosidl_typesupport_introspection_c/lolo_msgs/msg/detail/status__type_support.c.o[0m
[ 69%] [32mBuilding C object CMakeFiles/lolo_msgs__rosidl_typesupport_introspection_c.dir/rosidl_typesupport_introspection_c/lolo_msgs/msg/detail/temperatures__type_support.c.o[0m
[ 70%] [32mBuilding CXX object CMakeFiles/lolo_msgs__rosidl_typesupport_fastrtps_cpp.dir/rosidl_typesupport_fastrtps_cpp/lolo_msgs/msg/detail/dds_fastrtps/status__type_support.cpp.o[0m
[ 71%] [32mBuilding C object CMakeFiles/lolo_msgs__rosidl_typesupport_introspection_c.dir/rosidl_typesupport_introspection_c/lolo_msgs/msg/detail/usbl_topside_correction__type_support.c.o[0m
[ 71%] [32mBuilding CXX object CMakeFiles/lolo_msgs__rosidl_typesupport_fastrtps_c.dir/rosidl_typesupport_fastrtps_c/lolo_msgs/msg/detail/rbr_ctd__type_support_c.cpp.o[0m
[ 71%] [32mBuilding CXX object CMakeFiles/lolo_msgs__rosidl_typesupport_fastrtps_cpp.dir/rosidl_typesupport_fastrtps_cpp/lolo_msgs/msg/detail/dds_fastrtps/temperatures__type_support.cpp.o[0m
[ 72%] [32mBuilding CXX object CMakeFiles/lolo_msgs__rosidl_typesupport_fastrtps_c.dir/rosidl_typesupport_fastrtps_c/lolo_msgs/msg/detail/status__type_support_c.cpp.o[0m
[ 73%] [32mBuilding C object CMakeFiles/lolo_msgs__rosidl_typesupport_introspection_c.dir/rosidl_typesupport_introspection_c/lolo_msgs/msg/detail/vbs_mode__type_support.c.o[0m
[ 73%] [32mBuilding C object CMakeFiles/lolo_msgs__rosidl_typesupport_introspection_c.dir/rosidl_typesupport_introspection_c/lolo_msgs/msg/detail/vbs_tank__type_support.c.o[0m
[ 75%] [32mBuilding CXX object CMakeFiles/lolo_msgs__rosidl_typesupport_fastrtps_cpp.dir/rosidl_typesupport_fastrtps_cpp/lolo_msgs/msg/detail/dds_fastrtps/vbs_mode__type_support.cpp.o[0m
[ 75%] [32mBuilding CXX object CMakeFiles/lolo_msgs__rosidl_typesupport_fastrtps_cpp.dir/rosidl_typesupport_fastrtps_cpp/lolo_msgs/msg/detail/dds_fastrtps/usbl_topside_correction__type_support.cpp.o[0m
[ 75%] [32mBuilding CXX object CMakeFiles/lolo_msgs__rosidl_typesupport_fastrtps_c.dir/rosidl_typesupport_fastrtps_c/lolo_msgs/msg/detail/temperatures__type_support_c.cpp.o[0m
[ 76%] [32mBuilding C object CMakeFiles/lolo_msgs__rosidl_typesupport_introspection_c.dir/rosidl_typesupport_introspection_c/lolo_msgs/msg/detail/vesc_feedback__type_support.c.o[0m
[ 76%] [32mBuilding CXX object CMakeFiles/lolo_msgs__rosidl_typesupport_fastrtps_cpp.dir/rosidl_typesupport_fastrtps_cpp/lolo_msgs/msg/detail/dds_fastrtps/vbs_tank__type_support.cpp.o[0m
[ 76%] [32mBuilding C object CMakeFiles/lolo_msgs__rosidl_typesupport_introspection_c.dir/rosidl_typesupport_introspection_c/lolo_msgs/msg/detail/volz_servo__type_support.c.o[0m
[ 77%] [32mBuilding CXX object CMakeFiles/lolo_msgs__rosidl_typesupport_fastrtps_cpp.dir/rosidl_typesupport_fastrtps_cpp/lolo_msgs/msg/detail/dds_fastrtps/vesc_feedback__type_support.cpp.o[0m
[ 77%] [32mBuilding CXX object CMakeFiles/lolo_msgs__rosidl_typesupport_fastrtps_cpp.dir/rosidl_typesupport_fastrtps_cpp/lolo_msgs/msg/detail/dds_fastrtps/volz_servo__type_support.cpp.o[0m
[ 78%] [32mBuilding C object CMakeFiles/lolo_msgs__rosidl_typesupport_introspection_c.dir/rosidl_typesupport_introspection_c/lolo_msgs/msg/detail/topics__type_support.c.o[0m
[ 78%] [32m[1mLinking C shared library liblolo_msgs__rosidl_typesupport_introspection_c.so[0m
[ 79%] [32mBuilding CXX object CMakeFiles/lolo_msgs__rosidl_typesupport_fastrtps_cpp.dir/rosidl_typesupport_fastrtps_cpp/lolo_msgs/msg/detail/dds_fastrtps/topics__type_support.cpp.o[0m
[ 80%] [32mBuilding CXX object CMakeFiles/lolo_msgs__rosidl_typesupport_fastrtps_c.dir/rosidl_typesupport_fastrtps_c/lolo_msgs/msg/detail/usbl_topside_correction__type_support_c.cpp.o[0m
[ 80%] [32mBuilding CXX object CMakeFiles/lolo_msgs__rosidl_typesupport_fastrtps_c.dir/rosidl_typesupport_fastrtps_c/lolo_msgs/msg/detail/vbs_mode__type_support_c.cpp.o[0m
[ 81%] [32mBuilding CXX object CMakeFiles/lolo_msgs__rosidl_typesupport_fastrtps_c.dir/rosidl_typesupport_fastrtps_c/lolo_msgs/msg/detail/vbs_tank__type_support_c.cpp.o[0m
[ 81%] Built target lolo_msgs__rosidl_typesupport_introspection_c
[ 82%] [32mBuilding CXX object CMakeFiles/lolo_msgs__rosidl_typesupport_fastrtps_c.dir/rosidl_typesupport_fastrtps_c/lolo_msgs/msg/detail/vesc_feedback__type_support_c.cpp.o[0m
[ 83%] [32m[1mLinking CXX shared library liblolo_msgs__rosidl_typesupport_introspection_cpp.so[0m
[ 83%] [32mBuilding CXX object CMakeFiles/lolo_msgs__rosidl_typesupport_fastrtps_c.dir/rosidl_typesupport_fastrtps_c/lolo_msgs/msg/detail/volz_servo__type_support_c.cpp.o[0m
[ 84%] [32mBuilding CXX object CMakeFiles/lolo_msgs__rosidl_typesupport_fastrtps_c.dir/rosidl_typesupport_fastrtps_c/lolo_msgs/msg/detail/topics__type_support_c.cpp.o[0m
[ 84%] Built target lolo_msgs__rosidl_typesupport_introspection_cpp
[ 84%] [32m[1mLinking CXX shared library liblolo_msgs__rosidl_typesupport_fastrtps_cpp.so[0m
[ 84%] Built target lolo_msgs__rosidl_typesupport_fastrtps_cpp
[ 84%] [32m[1mLinking CXX shared library liblolo_msgs__rosidl_typesupport_fastrtps_c.so[0m
[ 84%] Built target lolo_msgs__rosidl_typesupport_fastrtps_c
[ 84%] Built target lolo_msgs
[ 85%] [34m[1mGenerating Python code for ROS interfaces[0m
[ 85%] Built target lolo_msgs__py
[ 86%] [32mBuilding C object CMakeFiles/lolo_msgs__rosidl_generator_py.dir/rosidl_generator_py/lolo_msgs/msg/_hyperion_fluorescence_s.c.o[0m
[ 87%] [32mBuilding C object CMakeFiles/lolo_msgs__rosidl_generator_py.dir/rosidl_generator_py/lolo_msgs/msg/_pd0_variable_leader_s.c.o[0m
[ 88%] [32mBuilding C object CMakeFiles/lolo_msgs__rosidl_generator_py.dir/rosidl_generator_py/lolo_msgs/msg/_pd0_bottom_track_s.c.o[0m
[ 88%] [32mBuilding C object CMakeFiles/lolo_msgs__rosidl_generator_py.dir/rosidl_generator_py/lolo_msgs/msg/_bottom_track_s.c.o[0m
[ 89%] [32mBuilding C object CMakeFiles/lolo_msgs__rosidl_generator_py.dir/rosidl_generator_py/lolo_msgs/msg/_pressures_s.c.o[0m
[ 89%] [32mBuilding C object CMakeFiles/lolo_msgs__rosidl_generator_py.dir/rosidl_generator_py/lolo_msgs/msg/_captain_service_s.c.o[0m
[ 90%] [32mBuilding C object CMakeFiles/lolo_msgs__rosidl_generator_py.dir/rosidl_generator_py/lolo_msgs/msg/_rbr_ctd_s.c.o[0m
[ 90%] [32mBuilding C object CMakeFiles/lolo_msgs__rosidl_generator_py.dir/rosidl_generator_py/lolo_msgs/msg/_custom_command_s.c.o[0m
[ 90%] [32mBuilding C object CMakeFiles/lolo_msgs__rosidl_generator_py.dir/rosidl_generator_py/lolo_msgs/msg/_temperatures_s.c.o[0m
[ 92%] [32mBuilding C object CMakeFiles/lolo_msgs__rosidl_generator_py.dir/rosidl_generator_py/lolo_msgs/msg/_hyperion_turbidity_s.c.o[0m
[ 92%] [32mBuilding C object CMakeFiles/lolo_msgs__rosidl_generator_py.dir/rosidl_generator_py/lolo_msgs/msg/_usbl_topside_correction_s.c.o[0m
[ 92%] [32mBuilding C object CMakeFiles/lolo_msgs__rosidl_generator_py.dir/rosidl_generator_py/lolo_msgs/msg/_vbs_mode_s.c.o[0m
[ 92%] [32mBuilding C object CMakeFiles/lolo_msgs__rosidl_generator_py.dir/rosidl_generator_py/lolo_msgs/msg/_pd0_fixed_leader_s.c.o[0m
[ 92%] [32mBuilding C object CMakeFiles/lolo_msgs__rosidl_generator_py.dir/rosidl_generator_py/lolo_msgs/msg/_jfe_do_s.c.o[0m
[ 93%] [32mBuilding C object CMakeFiles/lolo_msgs__rosidl_generator_py.dir/rosidl_generator_py/lolo_msgs/msg/_status_s.c.o[0m
[ 94%] [32mBuilding C object CMakeFiles/lolo_msgs__rosidl_generator_py.dir/rosidl_generator_py/lolo_msgs/msg/_vesc_feedback_s.c.o[0m
[ 94%] [32mBuilding C object CMakeFiles/lolo_msgs__rosidl_generator_py.dir/rosidl_generator_py/lolo_msgs/msg/_vbs_tank_s.c.o[0m
[ 96%] [32mBuilding C object CMakeFiles/lolo_msgs__rosidl_generator_py.dir/rosidl_generator_py/lolo_msgs/msg/_topics_s.c.o[0m
[ 96%] [32mBuilding C object CMakeFiles/lolo_msgs__rosidl_generator_py.dir/rosidl_generator_py/lolo_msgs/msg/_volz_servo_s.c.o[0m
[ 96%] [32m[1mLinking C shared library rosidl_generator_py/lolo_msgs/liblolo_msgs__rosidl_generator_py.so[0m
[ 96%] Built target lolo_msgs__rosidl_generator_py
[ 97%] [32mBuilding C object CMakeFiles/lolo_msgs__rosidl_typesupport_introspection_c__pyext.dir/rosidl_generator_py/lolo_msgs/_lolo_msgs_s.ep.rosidl_typesupport_introspection_c.c.o[0m
[ 98%] [32mBuilding C object CMakeFiles/lolo_msgs__rosidl_typesupport_fastrtps_c__pyext.dir/rosidl_generator_py/lolo_msgs/_lolo_msgs_s.ep.rosidl_typesupport_fastrtps_c.c.o[0m
[ 99%] [32mBuilding C object CMakeFiles/lolo_msgs__rosidl_typesupport_c__pyext.dir/rosidl_generator_py/lolo_msgs/_lolo_msgs_s.ep.rosidl_typesupport_c.c.o[0m
[100%] [32m[1mLinking C shared library rosidl_generator_py/lolo_msgs/lolo_msgs_s__rosidl_typesupport_introspection_c.cpython-310-x86_64-linux-gnu.so[0m
[100%] [32m[1mLinking C shared library rosidl_generator_py/lolo_msgs/lolo_msgs_s__rosidl_typesupport_fastrtps_c.cpython-310-x86_64-linux-gnu.so[0m
[100%] Built target lolo_msgs__rosidl_typesupport_introspection_c__pyext
[100%] Built target lolo_msgs__rosidl_typesupport_fastrtps_c__pyext
[100%] [32m[1mLinking C shared library rosidl_generator_py/lolo_msgs/lolo_msgs_s__rosidl_typesupport_c.cpython-310-x86_64-linux-gnu.so[0m
[100%] Built target lolo_msgs__rosidl_typesupport_c__pyext
