[0.048s] Invoking command in '/home/nacho/colcon_workspaces/smarc_ws/build/lolo_msgs': CMAKE_PREFIX_PATH=/opt/ros/humble /usr/bin/cmake /home/nacho/colcon_workspaces/smarc_ws/src/smarc2/messages/lolo_msgs -DAMENT_CMAKE_SYMLINK_INSTALL=1 -DCMAKE_INSTALL_PREFIX=/home/nacho/colcon_workspaces/smarc_ws/install/lolo_msgs
[2.963s] -- The C compiler identification is GNU 11.4.0
[2.963s] -- The CXX compiler identification is GNU 11.4.0
[2.963s] -- Detecting C compiler ABI info
[2.963s] -- Detecting C compiler ABI info - done
[2.964s] -- Check for working C compiler: /usr/bin/cc - skipped
[2.964s] -- Detecting C compile features
[2.964s] -- Detecting C compile features - done
[2.964s] -- Detecting CXX compiler ABI info
[2.964s] -- Detecting CXX compiler ABI info - done
[2.964s] -- Check for working CXX compiler: /usr/bin/c++ - skipped
[2.964s] -- Detecting CXX compile features
[2.965s] -- Detecting CXX compile features - done
[2.965s] -- Found ament_cmake: 1.3.11 (/opt/ros/humble/share/ament_cmake/cmake)
[2.965s] -- Found Python3: /usr/bin/python3 (found version "3.10.12") found components: Interpreter 
[2.965s] -- Override CMake install command with custom implementation using symlinks instead of copying resources
[2.965s] -- Found rosidl_default_generators: 1.2.0 (/opt/ros/humble/share/rosidl_default_generators/cmake)
[2.965s] -- Using all available rosidl_typesupport_c: rosidl_typesupport_fastrtps_c;rosidl_typesupport_introspection_c
[2.965s] -- Found rosidl_adapter: 3.1.6 (/opt/ros/humble/share/rosidl_adapter/cmake)
[2.966s] -- Using all available rosidl_typesupport_cpp: rosidl_typesupport_fastrtps_cpp;rosidl_typesupport_introspection_cpp
[2.966s] -- Found geometry_msgs: 4.2.4 (/opt/ros/humble/share/geometry_msgs/cmake)
[2.966s] -- Found sensor_msgs: 4.2.4 (/opt/ros/humble/share/sensor_msgs/cmake)
[2.966s] -- Found ament_cmake_ros: 0.10.0 (/opt/ros/humble/share/ament_cmake_ros/cmake)
[2.966s] -- Using all available rosidl_typesupport_c: rosidl_typesupport_fastrtps_c;rosidl_typesupport_introspection_c
[2.967s] -- Using all available rosidl_typesupport_cpp: rosidl_typesupport_fastrtps_cpp;rosidl_typesupport_introspection_cpp
[2.967s] -- Found PythonInterp: /usr/bin/python3 (found suitable version "3.10.12", minimum required is "3.6") 
[2.967s] -- Found python_cmake_module: 0.10.0 (/opt/ros/humble/share/python_cmake_module/cmake)
[2.967s] -- Found PythonLibs: /usr/lib/x86_64-linux-gnu/libpython3.10.so (found suitable version "3.10.12", minimum required is "3.5") 
[2.967s] -- Using PYTHON_EXECUTABLE: /usr/bin/python3
[2.967s] -- Using PYTHON_INCLUDE_DIRS: /usr/include/python3.10
[2.967s] -- Using PYTHON_LIBRARIES: /usr/lib/x86_64-linux-gnu/libpython3.10.so
[2.967s] -- Found PythonExtra: .so  
[2.967s] -- Found ament_lint_auto: 0.12.11 (/opt/ros/humble/share/ament_lint_auto/cmake)
[2.967s] -- Added test 'lint_cmake' to check CMake code style
[2.967s] -- Added test 'xmllint' to check XML markup files
[2.967s] -- Configuring done
[2.968s] -- Generating done
[2.968s] -- Build files have been written to: /home/nacho/colcon_workspaces/smarc_ws/build/lolo_msgs
[2.982s] Invoked command in '/home/nacho/colcon_workspaces/smarc_ws/build/lolo_msgs' returned '0': CMAKE_PREFIX_PATH=/opt/ros/humble /usr/bin/cmake /home/nacho/colcon_workspaces/smarc_ws/src/smarc2/messages/lolo_msgs -DAMENT_CMAKE_SYMLINK_INSTALL=1 -DCMAKE_INSTALL_PREFIX=/home/nacho/colcon_workspaces/smarc_ws/install/lolo_msgs
[2.984s] Invoking command in '/home/nacho/colcon_workspaces/smarc_ws/build/lolo_msgs': CMAKE_PREFIX_PATH=/opt/ros/humble /usr/bin/cmake --build /home/nacho/colcon_workspaces/smarc_ws/build/lolo_msgs -- -j20 -l20
[2.997s] [  0%] [34m[1mGenerating C code for ROS interfaces[0m
[3.002s] [  0%] [34m[1mGenerating C++ code for ROS interfaces[0m
[3.002s] [  0%] Built target ament_cmake_python_symlink_lolo_msgs
[3.314s] running egg_info
[3.317s] creating lolo_msgs.egg-info
[3.317s] writing lolo_msgs.egg-info/PKG-INFO
[3.317s] writing dependency_links to lolo_msgs.egg-info/dependency_links.txt
[3.317s] writing top-level names to lolo_msgs.egg-info/top_level.txt
[3.317s] writing manifest file 'lolo_msgs.egg-info/SOURCES.txt'
[3.318s] reading manifest file 'lolo_msgs.egg-info/SOURCES.txt'
[3.318s] writing manifest file 'lolo_msgs.egg-info/SOURCES.txt'
[3.351s] [  0%] Built target ament_cmake_python_build_lolo_msgs_egg
[5.361s] [  0%] Built target lolo_msgs__cpp
[5.370s] [  1%] [34m[1mGenerating C++ type support dispatch for ROS interfaces[0m
[5.370s] [  2%] [34m[1mGenerating C++ type support for eProsima Fast-RTPS[0m
[5.371s] [  2%] [34m[1mGenerating C++ introspection for ROS interfaces[0m
[5.380s] [  3%] [32mBuilding C object CMakeFiles/lolo_msgs__rosidl_generator_c.dir/rosidl_generator_c/lolo_msgs/msg/detail/bottom_track__functions.c.o[0m
[5.380s] [  3%] [32mBuilding C object CMakeFiles/lolo_msgs__rosidl_generator_c.dir/rosidl_generator_c/lolo_msgs/msg/detail/captain_service__functions.c.o[0m
[5.384s] [  4%] [32mBuilding C object CMakeFiles/lolo_msgs__rosidl_generator_c.dir/rosidl_generator_c/lolo_msgs/msg/detail/custom_command__functions.c.o[0m
[5.385s] [  5%] [32mBuilding C object CMakeFiles/lolo_msgs__rosidl_generator_c.dir/rosidl_generator_c/lolo_msgs/msg/detail/hyperion_fluorescence__functions.c.o[0m
[5.389s] [  6%] [32mBuilding C object CMakeFiles/lolo_msgs__rosidl_generator_c.dir/rosidl_generator_c/lolo_msgs/msg/detail/jfe_do__functions.c.o[0m
[5.395s] [  6%] [32mBuilding C object CMakeFiles/lolo_msgs__rosidl_generator_c.dir/rosidl_generator_c/lolo_msgs/msg/detail/hyperion_turbidity__functions.c.o[0m
[5.395s] [  6%] [32mBuilding C object CMakeFiles/lolo_msgs__rosidl_generator_c.dir/rosidl_generator_c/lolo_msgs/msg/detail/pd0_bottom_track__functions.c.o[0m
[5.395s] [  7%] [32mBuilding C object CMakeFiles/lolo_msgs__rosidl_generator_c.dir/rosidl_generator_c/lolo_msgs/msg/detail/pd0_fixed_leader__functions.c.o[0m
[5.401s] [  7%] [32mBuilding C object CMakeFiles/lolo_msgs__rosidl_generator_c.dir/rosidl_generator_c/lolo_msgs/msg/detail/pd0_variable_leader__functions.c.o[0m
[5.406s] [  8%] [32mBuilding C object CMakeFiles/lolo_msgs__rosidl_generator_c.dir/rosidl_generator_c/lolo_msgs/msg/detail/pressures__functions.c.o[0m
[5.417s] [  9%] [32mBuilding C object CMakeFiles/lolo_msgs__rosidl_generator_c.dir/rosidl_generator_c/lolo_msgs/msg/detail/rbr_ctd__functions.c.o[0m
[5.422s] [  9%] [32mBuilding C object CMakeFiles/lolo_msgs__rosidl_generator_c.dir/rosidl_generator_c/lolo_msgs/msg/detail/usbl_topside_correction__functions.c.o[0m
[5.422s] [  9%] [32mBuilding C object CMakeFiles/lolo_msgs__rosidl_generator_c.dir/rosidl_generator_c/lolo_msgs/msg/detail/status__functions.c.o[0m
[5.436s] [ 10%] [32mBuilding C object CMakeFiles/lolo_msgs__rosidl_generator_c.dir/rosidl_generator_c/lolo_msgs/msg/detail/vesc_feedback__functions.c.o[0m
[5.437s] [ 11%] [32mBuilding C object CMakeFiles/lolo_msgs__rosidl_generator_c.dir/rosidl_generator_c/lolo_msgs/msg/detail/vbs_mode__functions.c.o[0m
[5.437s] [ 12%] [32mBuilding C object CMakeFiles/lolo_msgs__rosidl_generator_c.dir/rosidl_generator_c/lolo_msgs/msg/detail/temperatures__functions.c.o[0m
[5.438s] [ 12%] [32mBuilding C object CMakeFiles/lolo_msgs__rosidl_generator_c.dir/rosidl_generator_c/lolo_msgs/msg/detail/vbs_tank__functions.c.o[0m
[5.449s] [ 13%] [32mBuilding C object CMakeFiles/lolo_msgs__rosidl_generator_c.dir/rosidl_generator_c/lolo_msgs/msg/detail/volz_servo__functions.c.o[0m
[5.451s] [ 13%] [32mBuilding C object CMakeFiles/lolo_msgs__rosidl_generator_c.dir/rosidl_generator_c/lolo_msgs/msg/detail/topics__functions.c.o[0m
[5.504s] [ 14%] [32m[1mLinking C shared library liblolo_msgs__rosidl_generator_c.so[0m
[5.534s] [ 14%] Built target lolo_msgs__rosidl_generator_c
[5.541s] [ 15%] [34m[1mGenerating C introspection for ROS interfaces[0m
[5.542s] [ 16%] [34m[1mGenerating C type support dispatch for ROS interfaces[0m
[5.544s] [ 17%] [34m[1mGenerating C type support for eProsima Fast-RTPS[0m
[7.216s] [ 17%] [32mBuilding CXX object CMakeFiles/lolo_msgs__rosidl_typesupport_cpp.dir/rosidl_typesupport_cpp/lolo_msgs/msg/bottom_track__type_support.cpp.o[0m
[7.222s] [ 18%] [32mBuilding CXX object CMakeFiles/lolo_msgs__rosidl_typesupport_cpp.dir/rosidl_typesupport_cpp/lolo_msgs/msg/captain_service__type_support.cpp.o[0m
[7.222s] [ 19%] [32mBuilding CXX object CMakeFiles/lolo_msgs__rosidl_typesupport_cpp.dir/rosidl_typesupport_cpp/lolo_msgs/msg/custom_command__type_support.cpp.o[0m
[7.225s] [ 20%] [32mBuilding CXX object CMakeFiles/lolo_msgs__rosidl_typesupport_cpp.dir/rosidl_typesupport_cpp/lolo_msgs/msg/hyperion_turbidity__type_support.cpp.o[0m
[7.226s] [ 20%] [32mBuilding CXX object CMakeFiles/lolo_msgs__rosidl_typesupport_cpp.dir/rosidl_typesupport_cpp/lolo_msgs/msg/hyperion_fluorescence__type_support.cpp.o[0m
[7.235s] [ 20%] [32mBuilding CXX object CMakeFiles/lolo_msgs__rosidl_typesupport_cpp.dir/rosidl_typesupport_cpp/lolo_msgs/msg/jfe_do__type_support.cpp.o[0m
[7.235s] [ 20%] [32mBuilding CXX object CMakeFiles/lolo_msgs__rosidl_typesupport_cpp.dir/rosidl_typesupport_cpp/lolo_msgs/msg/pd0_fixed_leader__type_support.cpp.o[0m
[7.243s] [ 21%] [32mBuilding CXX object CMakeFiles/lolo_msgs__rosidl_typesupport_cpp.dir/rosidl_typesupport_cpp/lolo_msgs/msg/pd0_bottom_track__type_support.cpp.o[0m
[7.270s] [ 22%] [32mBuilding CXX object CMakeFiles/lolo_msgs__rosidl_typesupport_cpp.dir/rosidl_typesupport_cpp/lolo_msgs/msg/pd0_variable_leader__type_support.cpp.o[0m
[7.273s] [ 22%] [32mBuilding CXX object CMakeFiles/lolo_msgs__rosidl_typesupport_cpp.dir/rosidl_typesupport_cpp/lolo_msgs/msg/rbr_ctd__type_support.cpp.o[0m
[7.277s] [ 22%] [32mBuilding CXX object CMakeFiles/lolo_msgs__rosidl_typesupport_cpp.dir/rosidl_typesupport_cpp/lolo_msgs/msg/temperatures__type_support.cpp.o[0m
[7.278s] [ 23%] [32mBuilding CXX object CMakeFiles/lolo_msgs__rosidl_typesupport_cpp.dir/rosidl_typesupport_cpp/lolo_msgs/msg/pressures__type_support.cpp.o[0m
[7.279s] [ 24%] [32mBuilding CXX object CMakeFiles/lolo_msgs__rosidl_typesupport_cpp.dir/rosidl_typesupport_cpp/lolo_msgs/msg/usbl_topside_correction__type_support.cpp.o[0m
[7.285s] [ 25%] [32mBuilding CXX object CMakeFiles/lolo_msgs__rosidl_typesupport_cpp.dir/rosidl_typesupport_cpp/lolo_msgs/msg/status__type_support.cpp.o[0m
[7.290s] [ 25%] [32mBuilding CXX object CMakeFiles/lolo_msgs__rosidl_typesupport_cpp.dir/rosidl_typesupport_cpp/lolo_msgs/msg/vbs_mode__type_support.cpp.o[0m
[7.729s] [ 26%] [32mBuilding CXX object CMakeFiles/lolo_msgs__rosidl_typesupport_cpp.dir/rosidl_typesupport_cpp/lolo_msgs/msg/vbs_tank__type_support.cpp.o[0m
[7.853s] [ 26%] [32mBuilding CXX object CMakeFiles/lolo_msgs__rosidl_typesupport_c.dir/rosidl_typesupport_c/lolo_msgs/msg/bottom_track__type_support.cpp.o[0m
[7.893s] [ 27%] [32mBuilding CXX object CMakeFiles/lolo_msgs__rosidl_typesupport_c.dir/rosidl_typesupport_c/lolo_msgs/msg/captain_service__type_support.cpp.o[0m
[7.918s] [ 27%] [32mBuilding CXX object CMakeFiles/lolo_msgs__rosidl_typesupport_c.dir/rosidl_typesupport_c/lolo_msgs/msg/custom_command__type_support.cpp.o[0m
[7.922s] [ 28%] [32mBuilding CXX object CMakeFiles/lolo_msgs__rosidl_typesupport_cpp.dir/rosidl_typesupport_cpp/lolo_msgs/msg/vesc_feedback__type_support.cpp.o[0m
[7.953s] [ 29%] [32mBuilding CXX object CMakeFiles/lolo_msgs__rosidl_typesupport_c.dir/rosidl_typesupport_c/lolo_msgs/msg/hyperion_fluorescence__type_support.cpp.o[0m
[7.976s] [ 30%] [32mBuilding CXX object CMakeFiles/lolo_msgs__rosidl_typesupport_c.dir/rosidl_typesupport_c/lolo_msgs/msg/hyperion_turbidity__type_support.cpp.o[0m
[8.008s] [ 31%] [32mBuilding CXX object CMakeFiles/lolo_msgs__rosidl_typesupport_cpp.dir/rosidl_typesupport_cpp/lolo_msgs/msg/topics__type_support.cpp.o[0m
[8.008s] [ 31%] [32mBuilding CXX object CMakeFiles/lolo_msgs__rosidl_typesupport_cpp.dir/rosidl_typesupport_cpp/lolo_msgs/msg/volz_servo__type_support.cpp.o[0m
[8.013s] [ 31%] [32mBuilding CXX object CMakeFiles/lolo_msgs__rosidl_typesupport_c.dir/rosidl_typesupport_c/lolo_msgs/msg/jfe_do__type_support.cpp.o[0m
[8.024s] [ 32%] [32mBuilding CXX object CMakeFiles/lolo_msgs__rosidl_typesupport_c.dir/rosidl_typesupport_c/lolo_msgs/msg/pd0_bottom_track__type_support.cpp.o[0m
[8.034s] [ 32%] [32mBuilding CXX object CMakeFiles/lolo_msgs__rosidl_typesupport_c.dir/rosidl_typesupport_c/lolo_msgs/msg/pd0_fixed_leader__type_support.cpp.o[0m
[8.065s] [ 32%] [32mBuilding CXX object CMakeFiles/lolo_msgs__rosidl_typesupport_c.dir/rosidl_typesupport_c/lolo_msgs/msg/pressures__type_support.cpp.o[0m
[8.075s] [ 33%] [32mBuilding CXX object CMakeFiles/lolo_msgs__rosidl_typesupport_c.dir/rosidl_typesupport_c/lolo_msgs/msg/rbr_ctd__type_support.cpp.o[0m
[8.076s] [ 34%] [32mBuilding CXX object CMakeFiles/lolo_msgs__rosidl_typesupport_c.dir/rosidl_typesupport_c/lolo_msgs/msg/status__type_support.cpp.o[0m
[8.077s] [ 35%] [32mBuilding CXX object CMakeFiles/lolo_msgs__rosidl_typesupport_c.dir/rosidl_typesupport_c/lolo_msgs/msg/pd0_variable_leader__type_support.cpp.o[0m
[8.138s] [ 35%] [32mBuilding CXX object CMakeFiles/lolo_msgs__rosidl_typesupport_c.dir/rosidl_typesupport_c/lolo_msgs/msg/temperatures__type_support.cpp.o[0m
[8.139s] [ 36%] [32mBuilding CXX object CMakeFiles/lolo_msgs__rosidl_typesupport_c.dir/rosidl_typesupport_c/lolo_msgs/msg/usbl_topside_correction__type_support.cpp.o[0m
[8.146s] [ 36%] [32mBuilding CXX object CMakeFiles/lolo_msgs__rosidl_typesupport_c.dir/rosidl_typesupport_c/lolo_msgs/msg/vbs_mode__type_support.cpp.o[0m
[8.152s] [ 37%] [32mBuilding CXX object CMakeFiles/lolo_msgs__rosidl_typesupport_c.dir/rosidl_typesupport_c/lolo_msgs/msg/vbs_tank__type_support.cpp.o[0m
[8.158s] [ 38%] [32mBuilding CXX object CMakeFiles/lolo_msgs__rosidl_typesupport_c.dir/rosidl_typesupport_c/lolo_msgs/msg/volz_servo__type_support.cpp.o[0m
[8.168s] [ 38%] [32mBuilding CXX object CMakeFiles/lolo_msgs__rosidl_typesupport_c.dir/rosidl_typesupport_c/lolo_msgs/msg/vesc_feedback__type_support.cpp.o[0m
[8.180s] [ 39%] [32mBuilding CXX object CMakeFiles/lolo_msgs__rosidl_typesupport_c.dir/rosidl_typesupport_c/lolo_msgs/msg/topics__type_support.cpp.o[0m
[8.255s] [ 39%] [32m[1mLinking CXX shared library liblolo_msgs__rosidl_typesupport_c.so[0m
[8.273s] [ 39%] [32mBuilding CXX object CMakeFiles/lolo_msgs__rosidl_typesupport_introspection_cpp.dir/rosidl_typesupport_introspection_cpp/lolo_msgs/msg/detail/captain_service__type_support.cpp.o[0m
[8.273s] [ 40%] [32mBuilding CXX object CMakeFiles/lolo_msgs__rosidl_typesupport_introspection_cpp.dir/rosidl_typesupport_introspection_cpp/lolo_msgs/msg/detail/bottom_track__type_support.cpp.o[0m
[8.274s] [ 41%] [32mBuilding CXX object CMakeFiles/lolo_msgs__rosidl_typesupport_introspection_cpp.dir/rosidl_typesupport_introspection_cpp/lolo_msgs/msg/detail/custom_command__type_support.cpp.o[0m
[8.298s] [ 41%] [32mBuilding CXX object CMakeFiles/lolo_msgs__rosidl_typesupport_introspection_cpp.dir/rosidl_typesupport_introspection_cpp/lolo_msgs/msg/detail/hyperion_fluorescence__type_support.cpp.o[0m
[8.303s] [ 42%] [32mBuilding CXX object CMakeFiles/lolo_msgs__rosidl_typesupport_introspection_cpp.dir/rosidl_typesupport_introspection_cpp/lolo_msgs/msg/detail/hyperion_turbidity__type_support.cpp.o[0m
[8.311s] [ 43%] [32mBuilding CXX object CMakeFiles/lolo_msgs__rosidl_typesupport_introspection_cpp.dir/rosidl_typesupport_introspection_cpp/lolo_msgs/msg/detail/jfe_do__type_support.cpp.o[0m
[8.322s] [ 43%] [32mBuilding CXX object CMakeFiles/lolo_msgs__rosidl_typesupport_introspection_cpp.dir/rosidl_typesupport_introspection_cpp/lolo_msgs/msg/detail/pd0_bottom_track__type_support.cpp.o[0m
[8.333s] [ 44%] [32mBuilding CXX object CMakeFiles/lolo_msgs__rosidl_typesupport_introspection_cpp.dir/rosidl_typesupport_introspection_cpp/lolo_msgs/msg/detail/pd0_fixed_leader__type_support.cpp.o[0m
[8.341s] [ 44%] [32mBuilding CXX object CMakeFiles/lolo_msgs__rosidl_typesupport_introspection_cpp.dir/rosidl_typesupport_introspection_cpp/lolo_msgs/msg/detail/pd0_variable_leader__type_support.cpp.o[0m
[8.356s] [ 44%] Built target lolo_msgs__rosidl_typesupport_c
[8.360s] [ 45%] [32mBuilding CXX object CMakeFiles/lolo_msgs__rosidl_typesupport_introspection_cpp.dir/rosidl_typesupport_introspection_cpp/lolo_msgs/msg/detail/rbr_ctd__type_support.cpp.o[0m
[8.365s] [ 45%] [32mBuilding CXX object CMakeFiles/lolo_msgs__rosidl_typesupport_introspection_cpp.dir/rosidl_typesupport_introspection_cpp/lolo_msgs/msg/detail/pressures__type_support.cpp.o[0m
[8.385s] [ 45%] [32mBuilding CXX object CMakeFiles/lolo_msgs__rosidl_typesupport_fastrtps_c.dir/rosidl_typesupport_fastrtps_c/lolo_msgs/msg/detail/bottom_track__type_support_c.cpp.o[0m
[8.389s] [ 46%] [32mBuilding CXX object CMakeFiles/lolo_msgs__rosidl_typesupport_introspection_cpp.dir/rosidl_typesupport_introspection_cpp/lolo_msgs/msg/detail/temperatures__type_support.cpp.o[0m
[8.393s] [ 47%] [32mBuilding CXX object CMakeFiles/lolo_msgs__rosidl_typesupport_fastrtps_c.dir/rosidl_typesupport_fastrtps_c/lolo_msgs/msg/detail/captain_service__type_support_c.cpp.o[0m
[8.393s] [ 48%] [32mBuilding CXX object CMakeFiles/lolo_msgs__rosidl_typesupport_introspection_cpp.dir/rosidl_typesupport_introspection_cpp/lolo_msgs/msg/detail/status__type_support.cpp.o[0m
[8.446s] [ 48%] [32mBuilding CXX object CMakeFiles/lolo_msgs__rosidl_typesupport_introspection_cpp.dir/rosidl_typesupport_introspection_cpp/lolo_msgs/msg/detail/usbl_topside_correction__type_support.cpp.o[0m
[8.482s] [ 49%] [32mBuilding CXX object CMakeFiles/lolo_msgs__rosidl_typesupport_fastrtps_cpp.dir/rosidl_typesupport_fastrtps_cpp/lolo_msgs/msg/detail/dds_fastrtps/bottom_track__type_support.cpp.o[0m
[8.678s] [ 50%] [32mBuilding CXX object CMakeFiles/lolo_msgs__rosidl_typesupport_introspection_cpp.dir/rosidl_typesupport_introspection_cpp/lolo_msgs/msg/detail/vbs_mode__type_support.cpp.o[0m
[8.834s] [ 51%] [32mBuilding CXX object CMakeFiles/lolo_msgs__rosidl_typesupport_fastrtps_c.dir/rosidl_typesupport_fastrtps_c/lolo_msgs/msg/detail/custom_command__type_support_c.cpp.o[0m
[8.843s] [ 51%] [32m[1mLinking CXX shared library liblolo_msgs__rosidl_typesupport_cpp.so[0m
[8.922s] [ 51%] [32mBuilding CXX object CMakeFiles/lolo_msgs__rosidl_typesupport_introspection_cpp.dir/rosidl_typesupport_introspection_cpp/lolo_msgs/msg/detail/vbs_tank__type_support.cpp.o[0m
[8.933s] [ 51%] Built target lolo_msgs__rosidl_typesupport_cpp
[8.958s] [ 51%] [32mBuilding CXX object CMakeFiles/lolo_msgs__rosidl_typesupport_fastrtps_cpp.dir/rosidl_typesupport_fastrtps_cpp/lolo_msgs/msg/detail/dds_fastrtps/captain_service__type_support.cpp.o[0m
[9.065s] [ 52%] [32mBuilding CXX object CMakeFiles/lolo_msgs__rosidl_typesupport_fastrtps_cpp.dir/rosidl_typesupport_fastrtps_cpp/lolo_msgs/msg/detail/dds_fastrtps/custom_command__type_support.cpp.o[0m
[9.065s] [ 52%] [32mBuilding CXX object CMakeFiles/lolo_msgs__rosidl_typesupport_fastrtps_c.dir/rosidl_typesupport_fastrtps_c/lolo_msgs/msg/detail/hyperion_fluorescence__type_support_c.cpp.o[0m
[9.077s] [ 53%] [32mBuilding CXX object CMakeFiles/lolo_msgs__rosidl_typesupport_fastrtps_c.dir/rosidl_typesupport_fastrtps_c/lolo_msgs/msg/detail/hyperion_turbidity__type_support_c.cpp.o[0m
[9.101s] [ 53%] [32mBuilding CXX object CMakeFiles/lolo_msgs__rosidl_typesupport_fastrtps_cpp.dir/rosidl_typesupport_fastrtps_cpp/lolo_msgs/msg/detail/dds_fastrtps/hyperion_fluorescence__type_support.cpp.o[0m
[9.106s] [ 54%] [32mBuilding CXX object CMakeFiles/lolo_msgs__rosidl_typesupport_introspection_cpp.dir/rosidl_typesupport_introspection_cpp/lolo_msgs/msg/detail/vesc_feedback__type_support.cpp.o[0m
[9.117s] [ 55%] [32mBuilding C object CMakeFiles/lolo_msgs__rosidl_typesupport_introspection_c.dir/rosidl_typesupport_introspection_c/lolo_msgs/msg/detail/bottom_track__type_support.c.o[0m
[9.192s] [ 55%] [32mBuilding C object CMakeFiles/lolo_msgs__rosidl_typesupport_introspection_c.dir/rosidl_typesupport_introspection_c/lolo_msgs/msg/detail/captain_service__type_support.c.o[0m
[9.201s] [ 56%] [32mBuilding C object CMakeFiles/lolo_msgs__rosidl_typesupport_introspection_c.dir/rosidl_typesupport_introspection_c/lolo_msgs/msg/detail/custom_command__type_support.c.o[0m
[9.222s] [ 56%] [32mBuilding C object CMakeFiles/lolo_msgs__rosidl_typesupport_introspection_c.dir/rosidl_typesupport_introspection_c/lolo_msgs/msg/detail/hyperion_fluorescence__type_support.c.o[0m
[9.228s] [ 57%] [32mBuilding C object CMakeFiles/lolo_msgs__rosidl_typesupport_introspection_c.dir/rosidl_typesupport_introspection_c/lolo_msgs/msg/detail/hyperion_turbidity__type_support.c.o[0m
[9.234s] [ 58%] [32mBuilding CXX object CMakeFiles/lolo_msgs__rosidl_typesupport_fastrtps_cpp.dir/rosidl_typesupport_fastrtps_cpp/lolo_msgs/msg/detail/dds_fastrtps/hyperion_turbidity__type_support.cpp.o[0m
[9.240s] [ 58%] [32mBuilding CXX object CMakeFiles/lolo_msgs__rosidl_typesupport_fastrtps_cpp.dir/rosidl_typesupport_fastrtps_cpp/lolo_msgs/msg/detail/dds_fastrtps/jfe_do__type_support.cpp.o[0m
[9.245s] [ 58%] [32mBuilding CXX object CMakeFiles/lolo_msgs__rosidl_typesupport_introspection_cpp.dir/rosidl_typesupport_introspection_cpp/lolo_msgs/msg/detail/volz_servo__type_support.cpp.o[0m
[9.252s] [ 58%] [32mBuilding C object CMakeFiles/lolo_msgs__rosidl_typesupport_introspection_c.dir/rosidl_typesupport_introspection_c/lolo_msgs/msg/detail/jfe_do__type_support.c.o[0m
[9.260s] [ 59%] [32mBuilding CXX object CMakeFiles/lolo_msgs__rosidl_typesupport_fastrtps_cpp.dir/rosidl_typesupport_fastrtps_cpp/lolo_msgs/msg/detail/dds_fastrtps/pd0_bottom_track__type_support.cpp.o[0m
[9.266s] [ 60%] [32mBuilding CXX object CMakeFiles/lolo_msgs__rosidl_typesupport_introspection_cpp.dir/rosidl_typesupport_introspection_cpp/lolo_msgs/msg/detail/topics__type_support.cpp.o[0m
[9.268s] [ 61%] [32mBuilding C object CMakeFiles/lolo_msgs__rosidl_typesupport_introspection_c.dir/rosidl_typesupport_introspection_c/lolo_msgs/msg/detail/pd0_bottom_track__type_support.c.o[0m
[9.269s] [ 60%] [32mBuilding CXX object CMakeFiles/lolo_msgs__rosidl_typesupport_fastrtps_c.dir/rosidl_typesupport_fastrtps_c/lolo_msgs/msg/detail/jfe_do__type_support_c.cpp.o[0m
[9.278s] [ 62%] [32mBuilding C object CMakeFiles/lolo_msgs__rosidl_typesupport_introspection_c.dir/rosidl_typesupport_introspection_c/lolo_msgs/msg/detail/pd0_fixed_leader__type_support.c.o[0m
[9.281s] [ 62%] [32mBuilding CXX object CMakeFiles/lolo_msgs__rosidl_typesupport_fastrtps_cpp.dir/rosidl_typesupport_fastrtps_cpp/lolo_msgs/msg/detail/dds_fastrtps/pd0_variable_leader__type_support.cpp.o[0m
[9.288s] [ 63%] [32mBuilding CXX object CMakeFiles/lolo_msgs__rosidl_typesupport_fastrtps_cpp.dir/rosidl_typesupport_fastrtps_cpp/lolo_msgs/msg/detail/dds_fastrtps/pd0_fixed_leader__type_support.cpp.o[0m
[9.290s] [ 64%] [32mBuilding CXX object CMakeFiles/lolo_msgs__rosidl_typesupport_fastrtps_c.dir/rosidl_typesupport_fastrtps_c/lolo_msgs/msg/detail/pd0_bottom_track__type_support_c.cpp.o[0m
[9.323s] [ 64%] [32mBuilding CXX object CMakeFiles/lolo_msgs__rosidl_typesupport_fastrtps_c.dir/rosidl_typesupport_fastrtps_c/lolo_msgs/msg/detail/pd0_fixed_leader__type_support_c.cpp.o[0m
[9.350s] [ 65%] [32mBuilding CXX object CMakeFiles/lolo_msgs__rosidl_typesupport_fastrtps_cpp.dir/rosidl_typesupport_fastrtps_cpp/lolo_msgs/msg/detail/dds_fastrtps/pressures__type_support.cpp.o[0m
[9.353s] [ 65%] [32mBuilding C object CMakeFiles/lolo_msgs__rosidl_typesupport_introspection_c.dir/rosidl_typesupport_introspection_c/lolo_msgs/msg/detail/pd0_variable_leader__type_support.c.o[0m
[9.416s] [ 66%] [32mBuilding C object CMakeFiles/lolo_msgs__rosidl_typesupport_introspection_c.dir/rosidl_typesupport_introspection_c/lolo_msgs/msg/detail/pressures__type_support.c.o[0m
[9.439s] [ 67%] [32mBuilding CXX object CMakeFiles/lolo_msgs__rosidl_typesupport_fastrtps_c.dir/rosidl_typesupport_fastrtps_c/lolo_msgs/msg/detail/pd0_variable_leader__type_support_c.cpp.o[0m
[9.467s] [ 67%] [32mBuilding C object CMakeFiles/lolo_msgs__rosidl_typesupport_introspection_c.dir/rosidl_typesupport_introspection_c/lolo_msgs/msg/detail/rbr_ctd__type_support.c.o[0m
[9.501s] [ 68%] [32mBuilding CXX object CMakeFiles/lolo_msgs__rosidl_typesupport_fastrtps_c.dir/rosidl_typesupport_fastrtps_c/lolo_msgs/msg/detail/pressures__type_support_c.cpp.o[0m
[9.528s] [ 68%] [32mBuilding CXX object CMakeFiles/lolo_msgs__rosidl_typesupport_fastrtps_cpp.dir/rosidl_typesupport_fastrtps_cpp/lolo_msgs/msg/detail/dds_fastrtps/rbr_ctd__type_support.cpp.o[0m
[9.539s] [ 69%] [32mBuilding C object CMakeFiles/lolo_msgs__rosidl_typesupport_introspection_c.dir/rosidl_typesupport_introspection_c/lolo_msgs/msg/detail/status__type_support.c.o[0m
[9.550s] [ 69%] [32mBuilding C object CMakeFiles/lolo_msgs__rosidl_typesupport_introspection_c.dir/rosidl_typesupport_introspection_c/lolo_msgs/msg/detail/temperatures__type_support.c.o[0m
[9.582s] [ 70%] [32mBuilding CXX object CMakeFiles/lolo_msgs__rosidl_typesupport_fastrtps_cpp.dir/rosidl_typesupport_fastrtps_cpp/lolo_msgs/msg/detail/dds_fastrtps/status__type_support.cpp.o[0m
[9.604s] [ 71%] [32mBuilding C object CMakeFiles/lolo_msgs__rosidl_typesupport_introspection_c.dir/rosidl_typesupport_introspection_c/lolo_msgs/msg/detail/usbl_topside_correction__type_support.c.o[0m
[9.604s] [ 71%] [32mBuilding CXX object CMakeFiles/lolo_msgs__rosidl_typesupport_fastrtps_c.dir/rosidl_typesupport_fastrtps_c/lolo_msgs/msg/detail/rbr_ctd__type_support_c.cpp.o[0m
[9.629s] [ 71%] [32mBuilding CXX object CMakeFiles/lolo_msgs__rosidl_typesupport_fastrtps_cpp.dir/rosidl_typesupport_fastrtps_cpp/lolo_msgs/msg/detail/dds_fastrtps/temperatures__type_support.cpp.o[0m
[9.648s] [ 72%] [32mBuilding CXX object CMakeFiles/lolo_msgs__rosidl_typesupport_fastrtps_c.dir/rosidl_typesupport_fastrtps_c/lolo_msgs/msg/detail/status__type_support_c.cpp.o[0m
[9.663s] [ 73%] [32mBuilding C object CMakeFiles/lolo_msgs__rosidl_typesupport_introspection_c.dir/rosidl_typesupport_introspection_c/lolo_msgs/msg/detail/vbs_mode__type_support.c.o[0m
[9.666s] [ 73%] [32mBuilding C object CMakeFiles/lolo_msgs__rosidl_typesupport_introspection_c.dir/rosidl_typesupport_introspection_c/lolo_msgs/msg/detail/vbs_tank__type_support.c.o[0m
[9.666s] [ 75%] [32mBuilding CXX object CMakeFiles/lolo_msgs__rosidl_typesupport_fastrtps_cpp.dir/rosidl_typesupport_fastrtps_cpp/lolo_msgs/msg/detail/dds_fastrtps/vbs_mode__type_support.cpp.o[0m
[9.672s] [ 75%] [32mBuilding CXX object CMakeFiles/lolo_msgs__rosidl_typesupport_fastrtps_cpp.dir/rosidl_typesupport_fastrtps_cpp/lolo_msgs/msg/detail/dds_fastrtps/usbl_topside_correction__type_support.cpp.o[0m
[9.704s] [ 75%] [32mBuilding CXX object CMakeFiles/lolo_msgs__rosidl_typesupport_fastrtps_c.dir/rosidl_typesupport_fastrtps_c/lolo_msgs/msg/detail/temperatures__type_support_c.cpp.o[0m
[9.717s] [ 76%] [32mBuilding C object CMakeFiles/lolo_msgs__rosidl_typesupport_introspection_c.dir/rosidl_typesupport_introspection_c/lolo_msgs/msg/detail/vesc_feedback__type_support.c.o[0m
[9.738s] [ 76%] [32mBuilding CXX object CMakeFiles/lolo_msgs__rosidl_typesupport_fastrtps_cpp.dir/rosidl_typesupport_fastrtps_cpp/lolo_msgs/msg/detail/dds_fastrtps/vbs_tank__type_support.cpp.o[0m
[9.741s] [ 76%] [32mBuilding C object CMakeFiles/lolo_msgs__rosidl_typesupport_introspection_c.dir/rosidl_typesupport_introspection_c/lolo_msgs/msg/detail/volz_servo__type_support.c.o[0m
[9.774s] [ 77%] [32mBuilding CXX object CMakeFiles/lolo_msgs__rosidl_typesupport_fastrtps_cpp.dir/rosidl_typesupport_fastrtps_cpp/lolo_msgs/msg/detail/dds_fastrtps/vesc_feedback__type_support.cpp.o[0m
[9.784s] [ 77%] [32mBuilding CXX object CMakeFiles/lolo_msgs__rosidl_typesupport_fastrtps_cpp.dir/rosidl_typesupport_fastrtps_cpp/lolo_msgs/msg/detail/dds_fastrtps/volz_servo__type_support.cpp.o[0m
[9.803s] [ 78%] [32mBuilding C object CMakeFiles/lolo_msgs__rosidl_typesupport_introspection_c.dir/rosidl_typesupport_introspection_c/lolo_msgs/msg/detail/topics__type_support.c.o[0m
[9.861s] [ 78%] [32m[1mLinking C shared library liblolo_msgs__rosidl_typesupport_introspection_c.so[0m
[9.874s] [ 79%] [32mBuilding CXX object CMakeFiles/lolo_msgs__rosidl_typesupport_fastrtps_cpp.dir/rosidl_typesupport_fastrtps_cpp/lolo_msgs/msg/detail/dds_fastrtps/topics__type_support.cpp.o[0m
[9.877s] [ 80%] [32mBuilding CXX object CMakeFiles/lolo_msgs__rosidl_typesupport_fastrtps_c.dir/rosidl_typesupport_fastrtps_c/lolo_msgs/msg/detail/usbl_topside_correction__type_support_c.cpp.o[0m
[9.893s] [ 80%] [32mBuilding CXX object CMakeFiles/lolo_msgs__rosidl_typesupport_fastrtps_c.dir/rosidl_typesupport_fastrtps_c/lolo_msgs/msg/detail/vbs_mode__type_support_c.cpp.o[0m
[9.918s] [ 81%] [32mBuilding CXX object CMakeFiles/lolo_msgs__rosidl_typesupport_fastrtps_c.dir/rosidl_typesupport_fastrtps_c/lolo_msgs/msg/detail/vbs_tank__type_support_c.cpp.o[0m
[9.924s] [ 81%] Built target lolo_msgs__rosidl_typesupport_introspection_c
[9.925s] [ 82%] [32mBuilding CXX object CMakeFiles/lolo_msgs__rosidl_typesupport_fastrtps_c.dir/rosidl_typesupport_fastrtps_c/lolo_msgs/msg/detail/vesc_feedback__type_support_c.cpp.o[0m
[9.927s] [ 83%] [32m[1mLinking CXX shared library liblolo_msgs__rosidl_typesupport_introspection_cpp.so[0m
[9.934s] [ 83%] [32mBuilding CXX object CMakeFiles/lolo_msgs__rosidl_typesupport_fastrtps_c.dir/rosidl_typesupport_fastrtps_c/lolo_msgs/msg/detail/volz_servo__type_support_c.cpp.o[0m
[9.967s] [ 84%] [32mBuilding CXX object CMakeFiles/lolo_msgs__rosidl_typesupport_fastrtps_c.dir/rosidl_typesupport_fastrtps_c/lolo_msgs/msg/detail/topics__type_support_c.cpp.o[0m
[10.095s] [ 84%] Built target lolo_msgs__rosidl_typesupport_introspection_cpp
[10.250s] [ 84%] [32m[1mLinking CXX shared library liblolo_msgs__rosidl_typesupport_fastrtps_cpp.so[0m
[10.302s] [ 84%] Built target lolo_msgs__rosidl_typesupport_fastrtps_cpp
[10.352s] [ 84%] [32m[1mLinking CXX shared library liblolo_msgs__rosidl_typesupport_fastrtps_c.so[0m
[10.470s] [ 84%] Built target lolo_msgs__rosidl_typesupport_fastrtps_c
[10.496s] [ 84%] Built target lolo_msgs
[10.520s] [ 85%] [34m[1mGenerating Python code for ROS interfaces[0m
[12.825s] [ 85%] Built target lolo_msgs__py
[12.844s] [ 86%] [32mBuilding C object CMakeFiles/lolo_msgs__rosidl_generator_py.dir/rosidl_generator_py/lolo_msgs/msg/_hyperion_fluorescence_s.c.o[0m
[12.845s] [ 87%] [32mBuilding C object CMakeFiles/lolo_msgs__rosidl_generator_py.dir/rosidl_generator_py/lolo_msgs/msg/_pd0_variable_leader_s.c.o[0m
[12.845s] [ 88%] [32mBuilding C object CMakeFiles/lolo_msgs__rosidl_generator_py.dir/rosidl_generator_py/lolo_msgs/msg/_pd0_bottom_track_s.c.o[0m
[12.845s] [ 88%] [32mBuilding C object CMakeFiles/lolo_msgs__rosidl_generator_py.dir/rosidl_generator_py/lolo_msgs/msg/_bottom_track_s.c.o[0m
[12.845s] [ 89%] [32mBuilding C object CMakeFiles/lolo_msgs__rosidl_generator_py.dir/rosidl_generator_py/lolo_msgs/msg/_pressures_s.c.o[0m
[12.845s] [ 89%] [32mBuilding C object CMakeFiles/lolo_msgs__rosidl_generator_py.dir/rosidl_generator_py/lolo_msgs/msg/_captain_service_s.c.o[0m
[12.845s] [ 90%] [32mBuilding C object CMakeFiles/lolo_msgs__rosidl_generator_py.dir/rosidl_generator_py/lolo_msgs/msg/_rbr_ctd_s.c.o[0m
[12.845s] [ 90%] [32mBuilding C object CMakeFiles/lolo_msgs__rosidl_generator_py.dir/rosidl_generator_py/lolo_msgs/msg/_custom_command_s.c.o[0m
[12.845s] [ 90%] [32mBuilding C object CMakeFiles/lolo_msgs__rosidl_generator_py.dir/rosidl_generator_py/lolo_msgs/msg/_temperatures_s.c.o[0m
[12.845s] [ 92%] [32mBuilding C object CMakeFiles/lolo_msgs__rosidl_generator_py.dir/rosidl_generator_py/lolo_msgs/msg/_hyperion_turbidity_s.c.o[0m
[12.845s] [ 92%] [32mBuilding C object CMakeFiles/lolo_msgs__rosidl_generator_py.dir/rosidl_generator_py/lolo_msgs/msg/_usbl_topside_correction_s.c.o[0m
[12.845s] [ 92%] [32mBuilding C object CMakeFiles/lolo_msgs__rosidl_generator_py.dir/rosidl_generator_py/lolo_msgs/msg/_vbs_mode_s.c.o[0m
[12.845s] [ 92%] [32mBuilding C object CMakeFiles/lolo_msgs__rosidl_generator_py.dir/rosidl_generator_py/lolo_msgs/msg/_pd0_fixed_leader_s.c.o[0m
[12.845s] [ 92%] [32mBuilding C object CMakeFiles/lolo_msgs__rosidl_generator_py.dir/rosidl_generator_py/lolo_msgs/msg/_jfe_do_s.c.o[0m
[12.846s] [ 93%] [32mBuilding C object CMakeFiles/lolo_msgs__rosidl_generator_py.dir/rosidl_generator_py/lolo_msgs/msg/_status_s.c.o[0m
[12.849s] [ 94%] [32mBuilding C object CMakeFiles/lolo_msgs__rosidl_generator_py.dir/rosidl_generator_py/lolo_msgs/msg/_vesc_feedback_s.c.o[0m
[12.849s] [ 94%] [32mBuilding C object CMakeFiles/lolo_msgs__rosidl_generator_py.dir/rosidl_generator_py/lolo_msgs/msg/_vbs_tank_s.c.o[0m
[12.856s] [ 96%] [32mBuilding C object CMakeFiles/lolo_msgs__rosidl_generator_py.dir/rosidl_generator_py/lolo_msgs/msg/_topics_s.c.o[0m
[12.856s] [ 96%] [32mBuilding C object CMakeFiles/lolo_msgs__rosidl_generator_py.dir/rosidl_generator_py/lolo_msgs/msg/_volz_servo_s.c.o[0m
[13.000s] [ 96%] [32m[1mLinking C shared library rosidl_generator_py/lolo_msgs/liblolo_msgs__rosidl_generator_py.so[0m
[13.035s] [ 96%] Built target lolo_msgs__rosidl_generator_py
[13.049s] [ 97%] [32mBuilding C object CMakeFiles/lolo_msgs__rosidl_typesupport_introspection_c__pyext.dir/rosidl_generator_py/lolo_msgs/_lolo_msgs_s.ep.rosidl_typesupport_introspection_c.c.o[0m
[13.051s] [ 98%] [32mBuilding C object CMakeFiles/lolo_msgs__rosidl_typesupport_fastrtps_c__pyext.dir/rosidl_generator_py/lolo_msgs/_lolo_msgs_s.ep.rosidl_typesupport_fastrtps_c.c.o[0m
[13.052s] [ 99%] [32mBuilding C object CMakeFiles/lolo_msgs__rosidl_typesupport_c__pyext.dir/rosidl_generator_py/lolo_msgs/_lolo_msgs_s.ep.rosidl_typesupport_c.c.o[0m
[13.152s] [100%] [32m[1mLinking C shared library rosidl_generator_py/lolo_msgs/lolo_msgs_s__rosidl_typesupport_introspection_c.cpython-310-x86_64-linux-gnu.so[0m
[13.161s] [100%] [32m[1mLinking C shared library rosidl_generator_py/lolo_msgs/lolo_msgs_s__rosidl_typesupport_fastrtps_c.cpython-310-x86_64-linux-gnu.so[0m
[13.199s] [100%] Built target lolo_msgs__rosidl_typesupport_introspection_c__pyext
[13.203s] [100%] Built target lolo_msgs__rosidl_typesupport_fastrtps_c__pyext
[13.210s] [100%] [32m[1mLinking C shared library rosidl_generator_py/lolo_msgs/lolo_msgs_s__rosidl_typesupport_c.cpython-310-x86_64-linux-gnu.so[0m
[13.255s] [100%] Built target lolo_msgs__rosidl_typesupport_c__pyext
