[3.177s] Invoking command in '/home/orin/colcon_ws/build/sam_diving_controller': PYTHONPATH=/home/orin/colcon_ws/build/sam_diving_controller/prefix_override:/usr/lib/python3/dist-packages/colcon_core/task/python/colcon_distutils_commands:/home/orin/colcon_ws/install/sam_diving_controller/lib/python3.10/site-packages:${PYTHONPATH} /usr/bin/python3 -W ignore:setup.py install is deprecated -W ignore:easy_install command is deprecated setup.py develop --editable --build-directory /home/orin/colcon_ws/build/sam_diving_controller/build --no-deps symlink_data
[4.520s] running develop
[5.331s] running egg_info
[5.426s] writing sam_diving_controller.egg-info/PKG-INFO
[5.491s] writing dependency_links to sam_diving_controller.egg-info/dependency_links.txt
[5.683s] writing entry points to sam_diving_controller.egg-info/entry_points.txt
[5.811s] writing requirements to sam_diving_controller.egg-info/requires.txt
[5.876s] writing top-level names to sam_diving_controller.egg-info/top_level.txt
[6.005s] reading manifest file 'sam_diving_controller.egg-info/SOURCES.txt'
[6.014s] writing manifest file 'sam_diving_controller.egg-info/SOURCES.txt'
[6.177s] running build_ext
[6.177s] Creating /home/orin/colcon_ws/install/sam_diving_controller/lib/python3.10/site-packages/sam-diving-controller.egg-link (link to .)
[6.179s] Installing action_client_node script to /home/orin/colcon_ws/install/sam_diving_controller/lib/sam_diving_controller
[6.179s] Installing action_server_diving script to /home/orin/colcon_ws/install/sam_diving_controller/lib/sam_diving_controller
[6.179s] Installing action_server_node script to /home/orin/colcon_ws/install/sam_diving_controller/lib/sam_diving_controller
[6.180s] Installing joy_depth script to /home/orin/colcon_ws/install/sam_diving_controller/lib/sam_diving_controller
[6.180s] Installing manual_diving script to /home/orin/colcon_ws/install/sam_diving_controller/lib/sam_diving_controller
[6.180s] Installing setpoint script to /home/orin/colcon_ws/install/sam_diving_controller/lib/sam_diving_controller
[6.181s] 
[6.181s] Installed /home/orin/colcon_ws/build/sam_diving_controller
[6.181s] running symlink_data
[6.279s] Invoked command in '/home/orin/colcon_ws/build/sam_diving_controller' returned '0': PYTHONPATH=/home/orin/colcon_ws/build/sam_diving_controller/prefix_override:/usr/lib/python3/dist-packages/colcon_core/task/python/colcon_distutils_commands:/home/orin/colcon_ws/install/sam_diving_controller/lib/python3.10/site-packages:${PYTHONPATH} /usr/bin/python3 -W ignore:setup.py install is deprecated -W ignore:easy_install command is deprecated setup.py develop --editable --build-directory /home/orin/colcon_ws/build/sam_diving_controller/build --no-deps symlink_data
