-- Found ament_cmake: 1.3.11 (/opt/ros/humble/share/ament_cmake/cmake)
-- Override CMake install command with custom implementation using symlinks instead of copying resources
-- Found rclcpp: 16.0.11 (/opt/ros/humble/share/rclcpp/cmake)
-- Found rosidl_generator_c: 3.1.6 (/opt/ros/humble/share/rosidl_generator_c/cmake)
-- Found rosidl_adapter: 3.1.6 (/opt/ros/humble/share/rosidl_adapter/cmake)
-- Found rosidl_generator_cpp: 3.1.6 (/opt/ros/humble/share/rosidl_generator_cpp/cmake)
-- Using all available rosidl_typesupport_c: rosidl_typesupport_fastrtps_c;rosidl_typesupport_introspection_c
-- Using all available rosidl_typesupport_cpp: rosidl_typesupport_fastrtps_cpp;rosidl_typesupport_introspection_cpp
-- Found rmw_implementation_cmake: 6.1.2 (/opt/ros/humble/share/rmw_implementation_cmake/cmake)
-- Found rmw_fastrtps_cpp: 6.2.7 (/opt/ros/humble/share/rmw_fastrtps_cpp/cmake)
-- Using RMW implementation 'rmw_fastrtps_cpp' as default
-- Found rclpy: 3.3.15 (/opt/ros/humble/share/rclpy/cmake)
-- Found ament_lint_auto: 0.12.11 (/opt/ros/humble/share/ament_lint_auto/cmake)
-- Added test 'flake8' to check Python code syntax and style conventions
-- Added test 'lint_cmake' to check CMake code style
-- Added test 'pep257' to check Python code against some of the docstring style conventions in PEP 257
-- Added test 'xmllint' to check XML markup files
-- Configuring done
-- Generating done
-- Build files have been written to: /home/nacho/colcon_workspaces/smarc_ws/build/sss_viewer
Built target ament_cmake_python_symlink_scripts
running egg_info
writing scripts.egg-info/PKG-INFO
writing dependency_links to scripts.egg-info/dependency_links.txt
writing top-level names to scripts.egg-info/top_level.txt
reading manifest file 'scripts.egg-info/SOURCES.txt'
writing manifest file 'scripts.egg-info/SOURCES.txt'
Built target ament_cmake_python_build_scripts_egg
-- Install configuration: ""
-- Execute custom install script
-- Up-to-date symlink: /home/nacho/colcon_workspaces/smarc_ws/install/sss_viewer/share/sss_viewer/environment/pythonpath.sh
-- Up-to-date symlink: /home/nacho/colcon_workspaces/smarc_ws/install/sss_viewer/share/sss_viewer/environment/pythonpath.dsv
-- Up-to-date symlink: /home/nacho/colcon_workspaces/smarc_ws/install/sss_viewer/local/lib/python3.10/dist-packages/scripts-0.0.0-py3.10.egg-info/PKG-INFO
-- Up-to-date symlink: /home/nacho/colcon_workspaces/smarc_ws/install/sss_viewer/local/lib/python3.10/dist-packages/scripts-0.0.0-py3.10.egg-info/SOURCES.txt
-- Up-to-date symlink: /home/nacho/colcon_workspaces/smarc_ws/install/sss_viewer/local/lib/python3.10/dist-packages/scripts-0.0.0-py3.10.egg-info/dependency_links.txt
-- Up-to-date symlink: /home/nacho/colcon_workspaces/smarc_ws/install/sss_viewer/local/lib/python3.10/dist-packages/scripts-0.0.0-py3.10.egg-info/top_level.txt
-- Up-to-date symlink: /home/nacho/colcon_workspaces/smarc_ws/install/sss_viewer/local/lib/python3.10/dist-packages/scripts/__init__.py
-- Up-to-date symlink: /home/nacho/colcon_workspaces/smarc_ws/install/sss_viewer/local/lib/python3.10/dist-packages/scripts/view_sidescan.py
-- Up-to-date symlink: /home/nacho/colcon_workspaces/smarc_ws/install/sss_viewer/lib/sss_viewer/view_sidescan.py
-- Up-to-date symlink: /home/nacho/colcon_workspaces/smarc_ws/install/sss_viewer/share/ament_index/resource_index/package_run_dependencies/sss_viewer
-- Up-to-date symlink: /home/nacho/colcon_workspaces/smarc_ws/install/sss_viewer/share/ament_index/resource_index/parent_prefix_path/sss_viewer
-- Up-to-date symlink: /home/nacho/colcon_workspaces/smarc_ws/install/sss_viewer/share/sss_viewer/environment/ament_prefix_path.sh
-- Up-to-date symlink: /home/nacho/colcon_workspaces/smarc_ws/install/sss_viewer/share/sss_viewer/environment/ament_prefix_path.dsv
-- Up-to-date symlink: /home/nacho/colcon_workspaces/smarc_ws/install/sss_viewer/share/sss_viewer/environment/path.sh
-- Up-to-date symlink: /home/nacho/colcon_workspaces/smarc_ws/install/sss_viewer/share/sss_viewer/environment/path.dsv
-- Up-to-date symlink: /home/nacho/colcon_workspaces/smarc_ws/install/sss_viewer/share/sss_viewer/local_setup.bash
-- Up-to-date symlink: /home/nacho/colcon_workspaces/smarc_ws/install/sss_viewer/share/sss_viewer/local_setup.sh
-- Up-to-date symlink: /home/nacho/colcon_workspaces/smarc_ws/install/sss_viewer/share/sss_viewer/local_setup.zsh
-- Up-to-date symlink: /home/nacho/colcon_workspaces/smarc_ws/install/sss_viewer/share/sss_viewer/local_setup.dsv
-- Symlinking: /home/nacho/colcon_workspaces/smarc_ws/install/sss_viewer/share/sss_viewer/package.dsv
-- Up-to-date symlink: /home/nacho/colcon_workspaces/smarc_ws/install/sss_viewer/share/ament_index/resource_index/packages/sss_viewer
-- Up-to-date symlink: /home/nacho/colcon_workspaces/smarc_ws/install/sss_viewer/share/sss_viewer/cmake/sss_viewerConfig.cmake
-- Up-to-date symlink: /home/nacho/colcon_workspaces/smarc_ws/install/sss_viewer/share/sss_viewer/cmake/sss_viewerConfig-version.cmake
-- Up-to-date symlink: /home/nacho/colcon_workspaces/smarc_ws/install/sss_viewer/share/sss_viewer/package.xml
Listing '/home/nacho/colcon_workspaces/smarc_ws/install/sss_viewer/local/lib/python3.10/dist-packages/scripts'...
Compiling '/home/nacho/colcon_workspaces/smarc_ws/install/sss_viewer/local/lib/python3.10/dist-packages/scripts/__init__.py'...
Compiling '/home/nacho/colcon_workspaces/smarc_ws/install/sss_viewer/local/lib/python3.10/dist-packages/scripts/view_sidescan.py'...
