[0.459s] Invoking command in '/home/nacho/colcon_workspaces/smarc_ws/build/sss_viewer': CMAKE_PREFIX_PATH=/opt/ros/humble /usr/bin/cmake --build /home/nacho/colcon_workspaces/smarc_ws/build/sss_viewer -- -j20 -l20
[0.863s] -- Found ament_cmake: 1.3.11 (/opt/ros/humble/share/ament_cmake/cmake)
[0.863s] -- Override CMake install command with custom implementation using symlinks instead of copying resources
[0.863s] -- Found rclcpp: 16.0.11 (/opt/ros/humble/share/rclcpp/cmake)
[0.871s] -- Found rosidl_generator_c: 3.1.6 (/opt/ros/humble/share/rosidl_generator_c/cmake)
[0.871s] -- Found rosidl_adapter: 3.1.6 (/opt/ros/humble/share/rosidl_adapter/cmake)
[0.871s] -- Found rosidl_generator_cpp: 3.1.6 (/opt/ros/humble/share/rosidl_generator_cpp/cmake)
[0.871s] -- Using all available rosidl_typesupport_c: rosidl_typesupport_fastrtps_c;rosidl_typesupport_introspection_c
[0.876s] -- Using all available rosidl_typesupport_cpp: rosidl_typesupport_fastrtps_cpp;rosidl_typesupport_introspection_cpp
[0.925s] -- Found rmw_implementation_cmake: 6.1.2 (/opt/ros/humble/share/rmw_implementation_cmake/cmake)
[0.927s] -- Found rmw_fastrtps_cpp: 6.2.7 (/opt/ros/humble/share/rmw_fastrtps_cpp/cmake)
[1.009s] -- Using RMW implementation 'rmw_fastrtps_cpp' as default
[1.065s] -- Found rclpy: 3.3.15 (/opt/ros/humble/share/rclpy/cmake)
[1.107s] -- Found ament_lint_auto: 0.12.11 (/opt/ros/humble/share/ament_lint_auto/cmake)
[1.185s] -- Added test 'flake8' to check Python code syntax and style conventions
[1.185s] -- Added test 'lint_cmake' to check CMake code style
[1.186s] -- Added test 'pep257' to check Python code against some of the docstring style conventions in PEP 257
[1.186s] -- Added test 'xmllint' to check XML markup files
[1.188s] -- Configuring done
[1.192s] -- Generating done
[1.195s] -- Build files have been written to: /home/nacho/colcon_workspaces/smarc_ws/build/sss_viewer
[1.225s] Built target ament_cmake_python_symlink_scripts
[1.393s] running egg_info
[1.393s] writing scripts.egg-info/PKG-INFO
[1.393s] writing dependency_links to scripts.egg-info/dependency_links.txt
[1.394s] writing top-level names to scripts.egg-info/top_level.txt
[1.396s] reading manifest file 'scripts.egg-info/SOURCES.txt'
[1.396s] writing manifest file 'scripts.egg-info/SOURCES.txt'
[1.439s] Built target ament_cmake_python_build_scripts_egg
[1.450s] Invoked command in '/home/nacho/colcon_workspaces/smarc_ws/build/sss_viewer' returned '0': CMAKE_PREFIX_PATH=/opt/ros/humble /usr/bin/cmake --build /home/nacho/colcon_workspaces/smarc_ws/build/sss_viewer -- -j20 -l20
[1.458s] Invoking command in '/home/nacho/colcon_workspaces/smarc_ws/build/sss_viewer': CMAKE_PREFIX_PATH=/opt/ros/humble /usr/bin/cmake --install /home/nacho/colcon_workspaces/smarc_ws/build/sss_viewer
[1.463s] -- Install configuration: ""
[1.463s] -- Execute custom install script
[1.463s] -- Up-to-date symlink: /home/nacho/colcon_workspaces/smarc_ws/install/sss_viewer/share/sss_viewer/environment/pythonpath.sh
[1.463s] -- Up-to-date symlink: /home/nacho/colcon_workspaces/smarc_ws/install/sss_viewer/share/sss_viewer/environment/pythonpath.dsv
[1.464s] -- Up-to-date symlink: /home/nacho/colcon_workspaces/smarc_ws/install/sss_viewer/local/lib/python3.10/dist-packages/scripts-0.0.0-py3.10.egg-info/PKG-INFO
[1.470s] -- Up-to-date symlink: /home/nacho/colcon_workspaces/smarc_ws/install/sss_viewer/local/lib/python3.10/dist-packages/scripts-0.0.0-py3.10.egg-info/SOURCES.txt
[1.470s] -- Up-to-date symlink: /home/nacho/colcon_workspaces/smarc_ws/install/sss_viewer/local/lib/python3.10/dist-packages/scripts-0.0.0-py3.10.egg-info/dependency_links.txt
[1.470s] -- Up-to-date symlink: /home/nacho/colcon_workspaces/smarc_ws/install/sss_viewer/local/lib/python3.10/dist-packages/scripts-0.0.0-py3.10.egg-info/top_level.txt
[1.471s] -- Up-to-date symlink: /home/nacho/colcon_workspaces/smarc_ws/install/sss_viewer/local/lib/python3.10/dist-packages/scripts/__init__.py
[1.471s] -- Up-to-date symlink: /home/nacho/colcon_workspaces/smarc_ws/install/sss_viewer/local/lib/python3.10/dist-packages/scripts/view_sidescan.py
[1.471s] -- Up-to-date symlink: /home/nacho/colcon_workspaces/smarc_ws/install/sss_viewer/lib/sss_viewer/view_sidescan.py
[1.471s] -- Up-to-date symlink: /home/nacho/colcon_workspaces/smarc_ws/install/sss_viewer/share/ament_index/resource_index/package_run_dependencies/sss_viewer
[1.471s] -- Up-to-date symlink: /home/nacho/colcon_workspaces/smarc_ws/install/sss_viewer/share/ament_index/resource_index/parent_prefix_path/sss_viewer
[1.471s] -- Up-to-date symlink: /home/nacho/colcon_workspaces/smarc_ws/install/sss_viewer/share/sss_viewer/environment/ament_prefix_path.sh
[1.471s] -- Up-to-date symlink: /home/nacho/colcon_workspaces/smarc_ws/install/sss_viewer/share/sss_viewer/environment/ament_prefix_path.dsv
[1.471s] -- Up-to-date symlink: /home/nacho/colcon_workspaces/smarc_ws/install/sss_viewer/share/sss_viewer/environment/path.sh
[1.471s] -- Up-to-date symlink: /home/nacho/colcon_workspaces/smarc_ws/install/sss_viewer/share/sss_viewer/environment/path.dsv
[1.473s] -- Up-to-date symlink: /home/nacho/colcon_workspaces/smarc_ws/install/sss_viewer/share/sss_viewer/local_setup.bash
[1.473s] -- Up-to-date symlink: /home/nacho/colcon_workspaces/smarc_ws/install/sss_viewer/share/sss_viewer/local_setup.sh
[1.473s] -- Up-to-date symlink: /home/nacho/colcon_workspaces/smarc_ws/install/sss_viewer/share/sss_viewer/local_setup.zsh
[1.473s] -- Up-to-date symlink: /home/nacho/colcon_workspaces/smarc_ws/install/sss_viewer/share/sss_viewer/local_setup.dsv
[1.474s] -- Symlinking: /home/nacho/colcon_workspaces/smarc_ws/install/sss_viewer/share/sss_viewer/package.dsv
[1.485s] -- Up-to-date symlink: /home/nacho/colcon_workspaces/smarc_ws/install/sss_viewer/share/ament_index/resource_index/packages/sss_viewer
[1.489s] -- Up-to-date symlink: /home/nacho/colcon_workspaces/smarc_ws/install/sss_viewer/share/sss_viewer/cmake/sss_viewerConfig.cmake
[1.490s] -- Up-to-date symlink: /home/nacho/colcon_workspaces/smarc_ws/install/sss_viewer/share/sss_viewer/cmake/sss_viewerConfig-version.cmake
[1.490s] -- Up-to-date symlink: /home/nacho/colcon_workspaces/smarc_ws/install/sss_viewer/share/sss_viewer/package.xml
[1.528s] Listing '/home/nacho/colcon_workspaces/smarc_ws/install/sss_viewer/local/lib/python3.10/dist-packages/scripts'...
[1.528s] Compiling '/home/nacho/colcon_workspaces/smarc_ws/install/sss_viewer/local/lib/python3.10/dist-packages/scripts/__init__.py'...
[1.528s] Compiling '/home/nacho/colcon_workspaces/smarc_ws/install/sss_viewer/local/lib/python3.10/dist-packages/scripts/view_sidescan.py'...
[1.540s] Invoked command in '/home/nacho/colcon_workspaces/smarc_ws/build/sss_viewer' returned '0': CMAKE_PREFIX_PATH=/opt/ros/humble /usr/bin/cmake --install /home/nacho/colcon_workspaces/smarc_ws/build/sss_viewer
