[1.665s] Invoking command in '/home/nacho/colcon_workspaces/smarc_ws/build/smarc_bt': PYTHONPATH=/home/nacho/colcon_workspaces/smarc_ws/build/smarc_bt/prefix_override:/usr/lib/python3/dist-packages/colcon_core/task/python/colcon_distutils_commands:/home/nacho/colcon_workspaces/smarc_ws/install/smarc_bt/lib/python3.10/site-packages:${PYTHONPATH} /usr/bin/python3 -W ignore:setup.py install is deprecated -W ignore:easy_install command is deprecated setup.py develop --editable --build-directory /home/nacho/colcon_workspaces/smarc_ws/build/smarc_bt/build --no-deps symlink_data
[1.971s] running develop
[2.185s] running egg_info
[2.185s] writing smarc_bt.egg-info/PKG-INFO
[2.188s] writing dependency_links to smarc_bt.egg-info/dependency_links.txt
[2.188s] writing entry points to smarc_bt.egg-info/entry_points.txt
[2.188s] writing requirements to smarc_bt.egg-info/requires.txt
[2.188s] writing top-level names to smarc_bt.egg-info/top_level.txt
[2.189s] reading manifest file 'smarc_bt.egg-info/SOURCES.txt'
[2.192s] writing manifest file 'smarc_bt.egg-info/SOURCES.txt'
[2.192s] running build_ext
[2.193s] Creating /home/nacho/colcon_workspaces/smarc_ws/install/smarc_bt/lib/python3.10/site-packages/smarc-bt.egg-link (link to .)
[2.194s] Installing send_test_mission script to /home/nacho/colcon_workspaces/smarc_ws/install/smarc_bt/lib/smarc_bt
[2.194s] Installing smarc_bt script to /home/nacho/colcon_workspaces/smarc_ws/install/smarc_bt/lib/smarc_bt
[2.194s] Installing test_bt_conditions script to /home/nacho/colcon_workspaces/smarc_ws/install/smarc_bt/lib/smarc_bt
[2.194s] Installing test_dubins_planner_caller script to /home/nacho/colcon_workspaces/smarc_ws/install/smarc_bt/lib/smarc_bt
[2.194s] Installing test_ros_vehicle script to /home/nacho/colcon_workspaces/smarc_ws/install/smarc_bt/lib/smarc_bt
[2.194s] Installing test_sam_auv script to /home/nacho/colcon_workspaces/smarc_ws/install/smarc_bt/lib/smarc_bt
[2.195s] 
[2.195s] Installed /home/nacho/colcon_workspaces/smarc_ws/build/smarc_bt
[2.195s] running symlink_data
[2.232s] Invoked command in '/home/nacho/colcon_workspaces/smarc_ws/build/smarc_bt' returned '0': PYTHONPATH=/home/nacho/colcon_workspaces/smarc_ws/build/smarc_bt/prefix_override:/usr/lib/python3/dist-packages/colcon_core/task/python/colcon_distutils_commands:/home/nacho/colcon_workspaces/smarc_ws/install/smarc_bt/lib/python3.10/site-packages:${PYTHONPATH} /usr/bin/python3 -W ignore:setup.py install is deprecated -W ignore:easy_install command is deprecated setup.py develop --editable --build-directory /home/nacho/colcon_workspaces/smarc_ws/build/smarc_bt/build --no-deps symlink_data
