[0.129s] Invoking command in '/home/nacho/colcon_workspaces/smarc_ws/build/smarc_control_msgs': CMAKE_PREFIX_PATH=/opt/ros/humble /usr/bin/cmake --build /home/nacho/colcon_workspaces/smarc_ws/build/smarc_control_msgs -- -j20 -l20
[0.157s] -- Found ament_cmake: 1.3.11 (/opt/ros/humble/share/ament_cmake/cmake)
[0.288s] -- Override CMake install command with custom implementation using symlinks instead of copying resources
[0.295s] -- Found rosidl_default_generators: 1.2.0 (/opt/ros/humble/share/rosidl_default_generators/cmake)
[0.297s] -- Using all available rosidl_typesupport_c: rosidl_typesupport_fastrtps_c;rosidl_typesupport_introspection_c
[0.301s] -- Found rosidl_adapter: 3.1.6 (/opt/ros/humble/share/rosidl_adapter/cmake)
[0.349s] -- Using all available rosidl_typesupport_cpp: rosidl_typesupport_fastrtps_cpp;rosidl_typesupport_introspection_cpp
[0.411s] -- Found std_msgs: 4.2.4 (/opt/ros/humble/share/std_msgs/cmake)
[1.020s] -- Found ament_cmake_ros: 0.10.0 (/opt/ros/humble/share/ament_cmake_ros/cmake)
[1.189s] -- Using all available rosidl_typesupport_c: rosidl_typesupport_fastrtps_c;rosidl_typesupport_introspection_c
[1.402s] -- Using all available rosidl_typesupport_cpp: rosidl_typesupport_fastrtps_cpp;rosidl_typesupport_introspection_cpp
[1.416s] -- Found python_cmake_module: 0.10.0 (/opt/ros/humble/share/python_cmake_module/cmake)
[1.439s] -- Using PYTHON_EXECUTABLE: /usr/bin/python3
[1.439s] -- Using PYTHON_INCLUDE_DIRS: /usr/include/python3.10
[1.439s] -- Using PYTHON_LIBRARIES: /usr/lib/x86_64-linux-gnu/libpython3.10.so
[1.463s] -- Found ament_lint_auto: 0.12.11 (/opt/ros/humble/share/ament_lint_auto/cmake)
[1.474s] -- Added test 'lint_cmake' to check CMake code style
[1.474s] -- Added test 'xmllint' to check XML markup files
[1.480s] -- Configuring done
[1.530s] -- Generating done
[1.543s] -- Build files have been written to: /home/nacho/colcon_workspaces/smarc_ws/build/smarc_control_msgs
[1.566s] [35m[1mConsolidate compiler generated dependencies of target smarc_control_msgs__rosidl_generator_c[0m
[1.579s] [  1%] Built target smarc_control_msgs__cpp
[1.579s] [  2%] [32mBuilding C object CMakeFiles/smarc_control_msgs__rosidl_generator_c.dir/rosidl_generator_c/smarc_control_msgs/msg/detail/topics__functions.c.o[0m
[1.587s] [  4%] [32mBuilding C object CMakeFiles/smarc_control_msgs__rosidl_generator_c.dir/rosidl_generator_c/smarc_control_msgs/msg/detail/control_error__functions.c.o[0m
[1.588s] [  4%] Built target ament_cmake_python_symlink_smarc_control_msgs
[1.588s] [  5%] [32mBuilding C object CMakeFiles/smarc_control_msgs__rosidl_generator_c.dir/rosidl_generator_c/smarc_control_msgs/msg/detail/control_input__functions.c.o[0m
[1.588s] [  7%] [32mBuilding C object CMakeFiles/smarc_control_msgs__rosidl_generator_c.dir/rosidl_generator_c/smarc_control_msgs/msg/detail/control_reference__functions.c.o[0m
[1.591s] [  8%] [32mBuilding C object CMakeFiles/smarc_control_msgs__rosidl_generator_c.dir/rosidl_generator_c/smarc_control_msgs/msg/detail/state__functions.c.o[0m
[1.594s] [35m[1mConsolidate compiler generated dependencies of target smarc_control_msgs__rosidl_typesupport_cpp[0m
[1.595s] [  9%] [32mBuilding C object CMakeFiles/smarc_control_msgs__rosidl_generator_c.dir/rosidl_generator_c/smarc_control_msgs/msg/detail/control_state__functions.c.o[0m
[1.595s] [35m[1mConsolidate compiler generated dependencies of target smarc_control_msgs__rosidl_typesupport_fastrtps_cpp[0m
[1.601s] [35m[1mConsolidate compiler generated dependencies of target smarc_control_msgs__rosidl_typesupport_introspection_cpp[0m
[1.619s] [ 11%] [32mBuilding CXX object CMakeFiles/smarc_control_msgs__rosidl_typesupport_cpp.dir/rosidl_typesupport_cpp/smarc_control_msgs/msg/topics__type_support.cpp.o[0m
[1.625s] [ 12%] [32mBuilding CXX object CMakeFiles/smarc_control_msgs__rosidl_typesupport_introspection_cpp.dir/rosidl_typesupport_introspection_cpp/smarc_control_msgs/msg/detail/topics__type_support.cpp.o[0m
[1.631s] [ 14%] [32mBuilding CXX object CMakeFiles/smarc_control_msgs__rosidl_typesupport_fastrtps_cpp.dir/rosidl_typesupport_fastrtps_cpp/smarc_control_msgs/msg/detail/dds_fastrtps/topics__type_support.cpp.o[0m
[1.631s] [ 16%] [32mBuilding CXX object CMakeFiles/smarc_control_msgs__rosidl_typesupport_cpp.dir/rosidl_typesupport_cpp/smarc_control_msgs/msg/control_error__type_support.cpp.o[0m
[1.634s] [ 16%] [32mBuilding CXX object CMakeFiles/smarc_control_msgs__rosidl_typesupport_cpp.dir/rosidl_typesupport_cpp/smarc_control_msgs/msg/control_input__type_support.cpp.o[0m
[1.637s] [ 18%] [32mBuilding CXX object CMakeFiles/smarc_control_msgs__rosidl_typesupport_fastrtps_cpp.dir/rosidl_typesupport_fastrtps_cpp/smarc_control_msgs/msg/detail/dds_fastrtps/control_error__type_support.cpp.o[0m
[1.638s] [ 21%] [32mBuilding CXX object CMakeFiles/smarc_control_msgs__rosidl_typesupport_introspection_cpp.dir/rosidl_typesupport_introspection_cpp/smarc_control_msgs/msg/detail/control_input__type_support.cpp.o[0m
[1.638s] [ 21%] [32mBuilding CXX object CMakeFiles/smarc_control_msgs__rosidl_typesupport_introspection_cpp.dir/rosidl_typesupport_introspection_cpp/smarc_control_msgs/msg/detail/control_error__type_support.cpp.o[0m
[1.640s] [ 22%] [32mBuilding CXX object CMakeFiles/smarc_control_msgs__rosidl_typesupport_fastrtps_cpp.dir/rosidl_typesupport_fastrtps_cpp/smarc_control_msgs/msg/detail/dds_fastrtps/control_input__type_support.cpp.o[0m
[1.641s] [ 23%] [32mBuilding CXX object CMakeFiles/smarc_control_msgs__rosidl_typesupport_cpp.dir/rosidl_typesupport_cpp/smarc_control_msgs/msg/control_state__type_support.cpp.o[0m
[1.643s] [ 25%] [32mBuilding CXX object CMakeFiles/smarc_control_msgs__rosidl_typesupport_cpp.dir/rosidl_typesupport_cpp/smarc_control_msgs/msg/control_reference__type_support.cpp.o[0m
[1.643s] [ 26%] [32mBuilding CXX object CMakeFiles/smarc_control_msgs__rosidl_typesupport_fastrtps_cpp.dir/rosidl_typesupport_fastrtps_cpp/smarc_control_msgs/msg/detail/dds_fastrtps/control_reference__type_support.cpp.o[0m
[1.645s] [ 28%] [32mBuilding CXX object CMakeFiles/smarc_control_msgs__rosidl_typesupport_cpp.dir/rosidl_typesupport_cpp/smarc_control_msgs/msg/state__type_support.cpp.o[0m
[1.645s] [ 29%] [32mBuilding CXX object CMakeFiles/smarc_control_msgs__rosidl_typesupport_fastrtps_cpp.dir/rosidl_typesupport_fastrtps_cpp/smarc_control_msgs/msg/detail/dds_fastrtps/control_state__type_support.cpp.o[0m
[1.660s] [ 30%] [32mBuilding CXX object CMakeFiles/smarc_control_msgs__rosidl_typesupport_fastrtps_cpp.dir/rosidl_typesupport_fastrtps_cpp/smarc_control_msgs/msg/detail/dds_fastrtps/state__type_support.cpp.o[0m
[1.672s] [ 32%] [32mBuilding CXX object CMakeFiles/smarc_control_msgs__rosidl_typesupport_introspection_cpp.dir/rosidl_typesupport_introspection_cpp/smarc_control_msgs/msg/detail/control_reference__type_support.cpp.o[0m
[1.685s] [ 33%] [32mBuilding CXX object CMakeFiles/smarc_control_msgs__rosidl_typesupport_introspection_cpp.dir/rosidl_typesupport_introspection_cpp/smarc_control_msgs/msg/detail/control_state__type_support.cpp.o[0m
[1.692s] [ 35%] [32mBuilding CXX object CMakeFiles/smarc_control_msgs__rosidl_typesupport_introspection_cpp.dir/rosidl_typesupport_introspection_cpp/smarc_control_msgs/msg/detail/state__type_support.cpp.o[0m
[1.692s] [ 36%] [32m[1mLinking C shared library libsmarc_control_msgs__rosidl_generator_c.so[0m
[1.777s] [ 38%] Built target smarc_control_msgs__rosidl_generator_c
[1.817s] [35m[1mConsolidate compiler generated dependencies of target smarc_control_msgs__rosidl_typesupport_fastrtps_c[0m
[1.845s] [ 39%] [32mBuilding CXX object CMakeFiles/smarc_control_msgs__rosidl_typesupport_fastrtps_c.dir/rosidl_typesupport_fastrtps_c/smarc_control_msgs/msg/detail/topics__type_support_c.cpp.o[0m
[2.011s] [ 40%] [32mBuilding CXX object CMakeFiles/smarc_control_msgs__rosidl_typesupport_fastrtps_c.dir/rosidl_typesupport_fastrtps_c/smarc_control_msgs/msg/detail/control_error__type_support_c.cpp.o[0m
[2.037s] [35m[1mConsolidate compiler generated dependencies of target smarc_control_msgs__rosidl_typesupport_introspection_c[0m
[2.060s] [ 42%] [32mBuilding C object CMakeFiles/smarc_control_msgs__rosidl_typesupport_introspection_c.dir/rosidl_typesupport_introspection_c/smarc_control_msgs/msg/detail/topics__type_support.c.o[0m
[2.124s] [ 43%] [32mBuilding C object CMakeFiles/smarc_control_msgs__rosidl_typesupport_introspection_c.dir/rosidl_typesupport_introspection_c/smarc_control_msgs/msg/detail/control_error__type_support.c.o[0m
[2.137s] [35m[1mConsolidate compiler generated dependencies of target smarc_control_msgs__rosidl_typesupport_c[0m
[2.160s] running egg_info
[2.161s] [ 46%] [32mBuilding CXX object CMakeFiles/smarc_control_msgs__rosidl_typesupport_c.dir/rosidl_typesupport_c/smarc_control_msgs/msg/topics__type_support.cpp.o[0m
[2.163s] writing smarc_control_msgs.egg-info/PKG-INFO
[2.164s] [ 45%] [32mBuilding CXX object CMakeFiles/smarc_control_msgs__rosidl_typesupport_fastrtps_c.dir/rosidl_typesupport_fastrtps_c/smarc_control_msgs/msg/detail/control_input__type_support_c.cpp.o[0m
[2.169s] writing dependency_links to smarc_control_msgs.egg-info/dependency_links.txt
[2.169s] writing top-level names to smarc_control_msgs.egg-info/top_level.txt
[2.176s] reading manifest file 'smarc_control_msgs.egg-info/SOURCES.txt'
[2.180s] writing manifest file 'smarc_control_msgs.egg-info/SOURCES.txt'
[2.181s] [ 47%] [32mBuilding C object CMakeFiles/smarc_control_msgs__rosidl_typesupport_introspection_c.dir/rosidl_typesupport_introspection_c/smarc_control_msgs/msg/detail/control_input__type_support.c.o[0m
[2.196s] [ 49%] [32mBuilding CXX object CMakeFiles/smarc_control_msgs__rosidl_typesupport_fastrtps_c.dir/rosidl_typesupport_fastrtps_c/smarc_control_msgs/msg/detail/control_reference__type_support_c.cpp.o[0m
[2.196s] [ 50%] [32mBuilding CXX object CMakeFiles/smarc_control_msgs__rosidl_typesupport_c.dir/rosidl_typesupport_c/smarc_control_msgs/msg/control_error__type_support.cpp.o[0m
[2.227s] [ 52%] [32mBuilding C object CMakeFiles/smarc_control_msgs__rosidl_typesupport_introspection_c.dir/rosidl_typesupport_introspection_c/smarc_control_msgs/msg/detail/control_reference__type_support.c.o[0m
[2.258s] [ 53%] [32mBuilding CXX object CMakeFiles/smarc_control_msgs__rosidl_typesupport_c.dir/rosidl_typesupport_c/smarc_control_msgs/msg/control_input__type_support.cpp.o[0m
[2.281s] [ 54%] [32mBuilding C object CMakeFiles/smarc_control_msgs__rosidl_typesupport_introspection_c.dir/rosidl_typesupport_introspection_c/smarc_control_msgs/msg/detail/state__type_support.c.o[0m
[2.285s] [ 56%] [32mBuilding C object CMakeFiles/smarc_control_msgs__rosidl_typesupport_introspection_c.dir/rosidl_typesupport_introspection_c/smarc_control_msgs/msg/detail/control_state__type_support.c.o[0m
[2.285s] [ 56%] Built target ament_cmake_python_build_smarc_control_msgs_egg
[2.305s] [ 59%] [32m[1mLinking CXX shared library libsmarc_control_msgs__rosidl_typesupport_cpp.so[0m
[2.305s] [ 59%] [32mBuilding CXX object CMakeFiles/smarc_control_msgs__rosidl_typesupport_fastrtps_c.dir/rosidl_typesupport_fastrtps_c/smarc_control_msgs/msg/detail/control_state__type_support_c.cpp.o[0m
[2.311s] [ 60%] [32mBuilding CXX object CMakeFiles/smarc_control_msgs__rosidl_typesupport_c.dir/rosidl_typesupport_c/smarc_control_msgs/msg/control_state__type_support.cpp.o[0m
[2.311s] [ 61%] [32mBuilding CXX object CMakeFiles/smarc_control_msgs__rosidl_typesupport_c.dir/rosidl_typesupport_c/smarc_control_msgs/msg/control_reference__type_support.cpp.o[0m
[2.320s] [ 63%] [32mBuilding CXX object CMakeFiles/smarc_control_msgs__rosidl_typesupport_fastrtps_c.dir/rosidl_typesupport_fastrtps_c/smarc_control_msgs/msg/detail/state__type_support_c.cpp.o[0m
[2.346s] [ 64%] [32mBuilding CXX object CMakeFiles/smarc_control_msgs__rosidl_typesupport_c.dir/rosidl_typesupport_c/smarc_control_msgs/msg/state__type_support.cpp.o[0m
[2.374s] [ 66%] [32m[1mLinking C shared library libsmarc_control_msgs__rosidl_typesupport_introspection_c.so[0m
[2.422s] [ 67%] Built target smarc_control_msgs__rosidl_typesupport_cpp
[2.442s] [ 70%] [32m[1mLinking CXX shared library libsmarc_control_msgs__rosidl_typesupport_c.so[0m
[2.442s] [ 70%] Built target smarc_control_msgs__rosidl_typesupport_introspection_c
[2.515s] [ 71%] Built target smarc_control_msgs__rosidl_typesupport_c
[2.569s] [ 73%] [32m[1mLinking CXX shared library libsmarc_control_msgs__rosidl_typesupport_fastrtps_cpp.so[0m
[2.581s] [ 74%] [32m[1mLinking CXX shared library libsmarc_control_msgs__rosidl_typesupport_introspection_cpp.so[0m
[2.676s] [ 76%] Built target smarc_control_msgs__rosidl_typesupport_introspection_cpp
[2.680s] [ 77%] Built target smarc_control_msgs__rosidl_typesupport_fastrtps_cpp
[2.767s] [ 78%] [32m[1mLinking CXX shared library libsmarc_control_msgs__rosidl_typesupport_fastrtps_c.so[0m
[2.964s] [ 80%] Built target smarc_control_msgs__rosidl_typesupport_fastrtps_c
[3.011s] [ 80%] Built target smarc_control_msgs
[3.078s] [ 81%] Built target smarc_control_msgs__py
[3.116s] [35m[1mConsolidate compiler generated dependencies of target smarc_control_msgs__rosidl_generator_py[0m
[3.154s] [ 83%] [32mBuilding C object CMakeFiles/smarc_control_msgs__rosidl_generator_py.dir/rosidl_generator_py/smarc_control_msgs/msg/_control_error_s.c.o[0m
[3.185s] [ 85%] [32mBuilding C object CMakeFiles/smarc_control_msgs__rosidl_generator_py.dir/rosidl_generator_py/smarc_control_msgs/msg/_control_input_s.c.o[0m
[3.185s] [ 84%] [32mBuilding C object CMakeFiles/smarc_control_msgs__rosidl_generator_py.dir/rosidl_generator_py/smarc_control_msgs/msg/_topics_s.c.o[0m
[3.194s] [ 87%] [32mBuilding C object CMakeFiles/smarc_control_msgs__rosidl_generator_py.dir/rosidl_generator_py/smarc_control_msgs/msg/_control_reference_s.c.o[0m
[3.194s] [ 88%] [32mBuilding C object CMakeFiles/smarc_control_msgs__rosidl_generator_py.dir/rosidl_generator_py/smarc_control_msgs/msg/_state_s.c.o[0m
[3.204s] [ 90%] [32mBuilding C object CMakeFiles/smarc_control_msgs__rosidl_generator_py.dir/rosidl_generator_py/smarc_control_msgs/msg/_control_state_s.c.o[0m
[3.723s] [ 91%] [32m[1mLinking C shared library rosidl_generator_py/smarc_control_msgs/libsmarc_control_msgs__rosidl_generator_py.so[0m
[3.814s] [ 91%] Built target smarc_control_msgs__rosidl_generator_py
[3.855s] [35m[1mConsolidate compiler generated dependencies of target smarc_control_msgs__rosidl_typesupport_fastrtps_c__pyext[0m
[3.855s] [35m[1mConsolidate compiler generated dependencies of target smarc_control_msgs__rosidl_typesupport_introspection_c__pyext[0m
[3.856s] [35m[1mConsolidate compiler generated dependencies of target smarc_control_msgs__rosidl_typesupport_c__pyext[0m
[3.878s] [ 92%] [32mBuilding C object CMakeFiles/smarc_control_msgs__rosidl_typesupport_introspection_c__pyext.dir/rosidl_generator_py/smarc_control_msgs/_smarc_control_msgs_s.ep.rosidl_typesupport_introspection_c.c.o[0m
[3.887s] [ 94%] [32mBuilding C object CMakeFiles/smarc_control_msgs__rosidl_typesupport_fastrtps_c__pyext.dir/rosidl_generator_py/smarc_control_msgs/_smarc_control_msgs_s.ep.rosidl_typesupport_fastrtps_c.c.o[0m
[3.895s] [ 95%] [32mBuilding C object CMakeFiles/smarc_control_msgs__rosidl_typesupport_c__pyext.dir/rosidl_generator_py/smarc_control_msgs/_smarc_control_msgs_s.ep.rosidl_typesupport_c.c.o[0m
[4.152s] [ 97%] [32m[1mLinking C shared library rosidl_generator_py/smarc_control_msgs/smarc_control_msgs_s__rosidl_typesupport_fastrtps_c.cpython-310-x86_64-linux-gnu.so[0m
[4.173s] [ 98%] [32m[1mLinking C shared library rosidl_generator_py/smarc_control_msgs/smarc_control_msgs_s__rosidl_typesupport_c.cpython-310-x86_64-linux-gnu.so[0m
[4.185s] [100%] [32m[1mLinking C shared library rosidl_generator_py/smarc_control_msgs/smarc_control_msgs_s__rosidl_typesupport_introspection_c.cpython-310-x86_64-linux-gnu.so[0m
[4.281s] [100%] Built target smarc_control_msgs__rosidl_typesupport_fastrtps_c__pyext
[4.285s] [100%] Built target smarc_control_msgs__rosidl_typesupport_c__pyext
[4.308s] [100%] Built target smarc_control_msgs__rosidl_typesupport_introspection_c__pyext
[4.345s] Invoked command in '/home/nacho/colcon_workspaces/smarc_ws/build/smarc_control_msgs' returned '0': CMAKE_PREFIX_PATH=/opt/ros/humble /usr/bin/cmake --build /home/nacho/colcon_workspaces/smarc_ws/build/smarc_control_msgs -- -j20 -l20
[4.346s] Invoking command in '/home/nacho/colcon_workspaces/smarc_ws/build/smarc_control_msgs': CMAKE_PREFIX_PATH=/opt/ros/humble /usr/bin/cmake --install /home/nacho/colcon_workspaces/smarc_ws/build/smarc_control_msgs
[4.365s] -- Install configuration: ""
[4.366s] -- Execute custom install script
[4.366s] -- Up-to-date symlink: /home/nacho/colcon_workspaces/smarc_ws/install/smarc_control_msgs/share/ament_index/resource_index/rosidl_interfaces/smarc_control_msgs
[4.371s] -- Up-to-date symlink: /home/nacho/colcon_workspaces/smarc_ws/install/smarc_control_msgs/include/smarc_control_msgs/smarc_control_msgs/msg/control_error.h
[4.371s] -- Up-to-date symlink: /home/nacho/colcon_workspaces/smarc_ws/install/smarc_control_msgs/include/smarc_control_msgs/smarc_control_msgs/msg/control_input.h
[4.371s] -- Up-to-date symlink: /home/nacho/colcon_workspaces/smarc_ws/install/smarc_control_msgs/include/smarc_control_msgs/smarc_control_msgs/msg/control_reference.h
[4.371s] -- Up-to-date symlink: /home/nacho/colcon_workspaces/smarc_ws/install/smarc_control_msgs/include/smarc_control_msgs/smarc_control_msgs/msg/control_state.h
[4.373s] -- Up-to-date symlink: /home/nacho/colcon_workspaces/smarc_ws/install/smarc_control_msgs/include/smarc_control_msgs/smarc_control_msgs/msg/detail/control_error__functions.h
[4.373s] -- Up-to-date symlink: /home/nacho/colcon_workspaces/smarc_ws/install/smarc_control_msgs/include/smarc_control_msgs/smarc_control_msgs/msg/detail/control_error__struct.h
[4.373s] -- Up-to-date symlink: /home/nacho/colcon_workspaces/smarc_ws/install/smarc_control_msgs/include/smarc_control_msgs/smarc_control_msgs/msg/detail/control_error__type_support.h
[4.373s] -- Up-to-date symlink: /home/nacho/colcon_workspaces/smarc_ws/install/smarc_control_msgs/include/smarc_control_msgs/smarc_control_msgs/msg/detail/control_input__functions.h
[4.373s] -- Up-to-date symlink: /home/nacho/colcon_workspaces/smarc_ws/install/smarc_control_msgs/include/smarc_control_msgs/smarc_control_msgs/msg/detail/control_input__struct.h
[4.373s] -- Up-to-date symlink: /home/nacho/colcon_workspaces/smarc_ws/install/smarc_control_msgs/include/smarc_control_msgs/smarc_control_msgs/msg/detail/control_input__type_support.h
[4.373s] -- Up-to-date symlink: /home/nacho/colcon_workspaces/smarc_ws/install/smarc_control_msgs/include/smarc_control_msgs/smarc_control_msgs/msg/detail/control_reference__functions.h
[4.373s] -- Up-to-date symlink: /home/nacho/colcon_workspaces/smarc_ws/install/smarc_control_msgs/include/smarc_control_msgs/smarc_control_msgs/msg/detail/control_reference__struct.h
[4.378s] -- Up-to-date symlink: /home/nacho/colcon_workspaces/smarc_ws/install/smarc_control_msgs/include/smarc_control_msgs/smarc_control_msgs/msg/detail/control_reference__type_support.h
[4.378s] -- Up-to-date symlink: /home/nacho/colcon_workspaces/smarc_ws/install/smarc_control_msgs/include/smarc_control_msgs/smarc_control_msgs/msg/detail/control_state__functions.h
[4.378s] -- Up-to-date symlink: /home/nacho/colcon_workspaces/smarc_ws/install/smarc_control_msgs/include/smarc_control_msgs/smarc_control_msgs/msg/detail/control_state__struct.h
[4.378s] -- Up-to-date symlink: /home/nacho/colcon_workspaces/smarc_ws/install/smarc_control_msgs/include/smarc_control_msgs/smarc_control_msgs/msg/detail/control_state__type_support.h
[4.378s] -- Up-to-date symlink: /home/nacho/colcon_workspaces/smarc_ws/install/smarc_control_msgs/include/smarc_control_msgs/smarc_control_msgs/msg/detail/state__functions.h
[4.378s] -- Up-to-date symlink: /home/nacho/colcon_workspaces/smarc_ws/install/smarc_control_msgs/include/smarc_control_msgs/smarc_control_msgs/msg/detail/state__struct.h
[4.379s] -- Up-to-date symlink: /home/nacho/colcon_workspaces/smarc_ws/install/smarc_control_msgs/include/smarc_control_msgs/smarc_control_msgs/msg/detail/state__type_support.h
[4.379s] -- Up-to-date symlink: /home/nacho/colcon_workspaces/smarc_ws/install/smarc_control_msgs/include/smarc_control_msgs/smarc_control_msgs/msg/detail/topics__functions.h
[4.379s] -- Up-to-date symlink: /home/nacho/colcon_workspaces/smarc_ws/install/smarc_control_msgs/include/smarc_control_msgs/smarc_control_msgs/msg/detail/topics__struct.h
[4.382s] -- Up-to-date symlink: /home/nacho/colcon_workspaces/smarc_ws/install/smarc_control_msgs/include/smarc_control_msgs/smarc_control_msgs/msg/detail/topics__type_support.h
[4.382s] -- Up-to-date symlink: /home/nacho/colcon_workspaces/smarc_ws/install/smarc_control_msgs/include/smarc_control_msgs/smarc_control_msgs/msg/rosidl_generator_c__visibility_control.h
[4.382s] -- Up-to-date symlink: /home/nacho/colcon_workspaces/smarc_ws/install/smarc_control_msgs/include/smarc_control_msgs/smarc_control_msgs/msg/state.h
[4.382s] -- Up-to-date symlink: /home/nacho/colcon_workspaces/smarc_ws/install/smarc_control_msgs/include/smarc_control_msgs/smarc_control_msgs/msg/topics.h
[4.382s] -- Up-to-date symlink: /home/nacho/colcon_workspaces/smarc_ws/install/smarc_control_msgs/share/smarc_control_msgs/environment/library_path.sh
[4.382s] -- Up-to-date symlink: /home/nacho/colcon_workspaces/smarc_ws/install/smarc_control_msgs/share/smarc_control_msgs/environment/library_path.dsv
[4.383s] -- Up-to-date symlink: /home/nacho/colcon_workspaces/smarc_ws/install/smarc_control_msgs/include/smarc_control_msgs/smarc_control_msgs/msg/detail/control_error__rosidl_typesupport_fastrtps_c.h
[4.383s] -- Up-to-date symlink: /home/nacho/colcon_workspaces/smarc_ws/install/smarc_control_msgs/include/smarc_control_msgs/smarc_control_msgs/msg/detail/control_input__rosidl_typesupport_fastrtps_c.h
[4.383s] -- Up-to-date symlink: /home/nacho/colcon_workspaces/smarc_ws/install/smarc_control_msgs/include/smarc_control_msgs/smarc_control_msgs/msg/detail/control_reference__rosidl_typesupport_fastrtps_c.h
[4.383s] -- Up-to-date symlink: /home/nacho/colcon_workspaces/smarc_ws/install/smarc_control_msgs/include/smarc_control_msgs/smarc_control_msgs/msg/detail/control_state__rosidl_typesupport_fastrtps_c.h
[4.383s] -- Up-to-date symlink: /home/nacho/colcon_workspaces/smarc_ws/install/smarc_control_msgs/include/smarc_control_msgs/smarc_control_msgs/msg/detail/state__rosidl_typesupport_fastrtps_c.h
[4.384s] -- Up-to-date symlink: /home/nacho/colcon_workspaces/smarc_ws/install/smarc_control_msgs/include/smarc_control_msgs/smarc_control_msgs/msg/detail/topics__rosidl_typesupport_fastrtps_c.h
[4.384s] -- Up-to-date symlink: /home/nacho/colcon_workspaces/smarc_ws/install/smarc_control_msgs/include/smarc_control_msgs/smarc_control_msgs/msg/rosidl_typesupport_fastrtps_c__visibility_control.h
[4.390s] -- Up-to-date symlink: /home/nacho/colcon_workspaces/smarc_ws/install/smarc_control_msgs/include/smarc_control_msgs/smarc_control_msgs/msg/detail/control_error__rosidl_typesupport_introspection_c.h
[4.390s] -- Up-to-date symlink: /home/nacho/colcon_workspaces/smarc_ws/install/smarc_control_msgs/include/smarc_control_msgs/smarc_control_msgs/msg/detail/control_input__rosidl_typesupport_introspection_c.h
[4.397s] -- Up-to-date symlink: /home/nacho/colcon_workspaces/smarc_ws/install/smarc_control_msgs/include/smarc_control_msgs/smarc_control_msgs/msg/detail/control_reference__rosidl_typesupport_introspection_c.h
[4.397s] -- Up-to-date symlink: /home/nacho/colcon_workspaces/smarc_ws/install/smarc_control_msgs/include/smarc_control_msgs/smarc_control_msgs/msg/detail/control_state__rosidl_typesupport_introspection_c.h
[4.397s] -- Up-to-date symlink: /home/nacho/colcon_workspaces/smarc_ws/install/smarc_control_msgs/include/smarc_control_msgs/smarc_control_msgs/msg/detail/state__rosidl_typesupport_introspection_c.h
[4.397s] -- Up-to-date symlink: /home/nacho/colcon_workspaces/smarc_ws/install/smarc_control_msgs/include/smarc_control_msgs/smarc_control_msgs/msg/detail/topics__rosidl_typesupport_introspection_c.h
[4.397s] -- Up-to-date symlink: /home/nacho/colcon_workspaces/smarc_ws/install/smarc_control_msgs/include/smarc_control_msgs/smarc_control_msgs/msg/rosidl_typesupport_introspection_c__visibility_control.h
[4.397s] -- Up-to-date symlink: /home/nacho/colcon_workspaces/smarc_ws/install/smarc_control_msgs/include/smarc_control_msgs/smarc_control_msgs/msg/control_error.hpp
[4.397s] -- Up-to-date symlink: /home/nacho/colcon_workspaces/smarc_ws/install/smarc_control_msgs/include/smarc_control_msgs/smarc_control_msgs/msg/control_input.hpp
[4.397s] -- Up-to-date symlink: /home/nacho/colcon_workspaces/smarc_ws/install/smarc_control_msgs/include/smarc_control_msgs/smarc_control_msgs/msg/control_reference.hpp
[4.398s] -- Up-to-date symlink: /home/nacho/colcon_workspaces/smarc_ws/install/smarc_control_msgs/include/smarc_control_msgs/smarc_control_msgs/msg/control_state.hpp
[4.398s] -- Up-to-date symlink: /home/nacho/colcon_workspaces/smarc_ws/install/smarc_control_msgs/include/smarc_control_msgs/smarc_control_msgs/msg/detail/control_error__builder.hpp
[4.398s] -- Up-to-date symlink: /home/nacho/colcon_workspaces/smarc_ws/install/smarc_control_msgs/include/smarc_control_msgs/smarc_control_msgs/msg/detail/control_error__struct.hpp
[4.398s] -- Up-to-date symlink: /home/nacho/colcon_workspaces/smarc_ws/install/smarc_control_msgs/include/smarc_control_msgs/smarc_control_msgs/msg/detail/control_error__traits.hpp
[4.398s] -- Up-to-date symlink: /home/nacho/colcon_workspaces/smarc_ws/install/smarc_control_msgs/include/smarc_control_msgs/smarc_control_msgs/msg/detail/control_error__type_support.hpp
[4.398s] -- Up-to-date symlink: /home/nacho/colcon_workspaces/smarc_ws/install/smarc_control_msgs/include/smarc_control_msgs/smarc_control_msgs/msg/detail/control_input__builder.hpp
[4.398s] -- Up-to-date symlink: /home/nacho/colcon_workspaces/smarc_ws/install/smarc_control_msgs/include/smarc_control_msgs/smarc_control_msgs/msg/detail/control_input__struct.hpp
[4.398s] -- Up-to-date symlink: /home/nacho/colcon_workspaces/smarc_ws/install/smarc_control_msgs/include/smarc_control_msgs/smarc_control_msgs/msg/detail/control_input__traits.hpp
[4.398s] -- Up-to-date symlink: /home/nacho/colcon_workspaces/smarc_ws/install/smarc_control_msgs/include/smarc_control_msgs/smarc_control_msgs/msg/detail/control_input__type_support.hpp
[4.398s] -- Up-to-date symlink: /home/nacho/colcon_workspaces/smarc_ws/install/smarc_control_msgs/include/smarc_control_msgs/smarc_control_msgs/msg/detail/control_reference__builder.hpp
[4.398s] -- Up-to-date symlink: /home/nacho/colcon_workspaces/smarc_ws/install/smarc_control_msgs/include/smarc_control_msgs/smarc_control_msgs/msg/detail/control_reference__struct.hpp
[4.398s] -- Up-to-date symlink: /home/nacho/colcon_workspaces/smarc_ws/install/smarc_control_msgs/include/smarc_control_msgs/smarc_control_msgs/msg/detail/control_reference__traits.hpp
[4.398s] -- Up-to-date symlink: /home/nacho/colcon_workspaces/smarc_ws/install/smarc_control_msgs/include/smarc_control_msgs/smarc_control_msgs/msg/detail/control_reference__type_support.hpp
[4.398s] -- Up-to-date symlink: /home/nacho/colcon_workspaces/smarc_ws/install/smarc_control_msgs/include/smarc_control_msgs/smarc_control_msgs/msg/detail/control_state__builder.hpp
[4.398s] -- Up-to-date symlink: /home/nacho/colcon_workspaces/smarc_ws/install/smarc_control_msgs/include/smarc_control_msgs/smarc_control_msgs/msg/detail/control_state__struct.hpp
[4.398s] -- Up-to-date symlink: /home/nacho/colcon_workspaces/smarc_ws/install/smarc_control_msgs/include/smarc_control_msgs/smarc_control_msgs/msg/detail/control_state__traits.hpp
[4.398s] -- Up-to-date symlink: /home/nacho/colcon_workspaces/smarc_ws/install/smarc_control_msgs/include/smarc_control_msgs/smarc_control_msgs/msg/detail/control_state__type_support.hpp
[4.398s] -- Up-to-date symlink: /home/nacho/colcon_workspaces/smarc_ws/install/smarc_control_msgs/include/smarc_control_msgs/smarc_control_msgs/msg/detail/state__builder.hpp
[4.399s] -- Up-to-date symlink: /home/nacho/colcon_workspaces/smarc_ws/install/smarc_control_msgs/include/smarc_control_msgs/smarc_control_msgs/msg/detail/state__struct.hpp
[4.399s] -- Up-to-date symlink: /home/nacho/colcon_workspaces/smarc_ws/install/smarc_control_msgs/include/smarc_control_msgs/smarc_control_msgs/msg/detail/state__traits.hpp
[4.399s] -- Up-to-date symlink: /home/nacho/colcon_workspaces/smarc_ws/install/smarc_control_msgs/include/smarc_control_msgs/smarc_control_msgs/msg/detail/state__type_support.hpp
[4.399s] -- Up-to-date symlink: /home/nacho/colcon_workspaces/smarc_ws/install/smarc_control_msgs/include/smarc_control_msgs/smarc_control_msgs/msg/detail/topics__builder.hpp
[4.399s] -- Up-to-date symlink: /home/nacho/colcon_workspaces/smarc_ws/install/smarc_control_msgs/include/smarc_control_msgs/smarc_control_msgs/msg/detail/topics__struct.hpp
[4.399s] -- Up-to-date symlink: /home/nacho/colcon_workspaces/smarc_ws/install/smarc_control_msgs/include/smarc_control_msgs/smarc_control_msgs/msg/detail/topics__traits.hpp
[4.400s] -- Up-to-date symlink: /home/nacho/colcon_workspaces/smarc_ws/install/smarc_control_msgs/include/smarc_control_msgs/smarc_control_msgs/msg/detail/topics__type_support.hpp
[4.400s] -- Up-to-date symlink: /home/nacho/colcon_workspaces/smarc_ws/install/smarc_control_msgs/include/smarc_control_msgs/smarc_control_msgs/msg/rosidl_generator_cpp__visibility_control.hpp
[4.403s] -- Up-to-date symlink: /home/nacho/colcon_workspaces/smarc_ws/install/smarc_control_msgs/include/smarc_control_msgs/smarc_control_msgs/msg/state.hpp
[4.403s] -- Up-to-date symlink: /home/nacho/colcon_workspaces/smarc_ws/install/smarc_control_msgs/include/smarc_control_msgs/smarc_control_msgs/msg/topics.hpp
[4.405s] -- Up-to-date symlink: /home/nacho/colcon_workspaces/smarc_ws/install/smarc_control_msgs/include/smarc_control_msgs/smarc_control_msgs/msg/detail/control_error__rosidl_typesupport_fastrtps_cpp.hpp
[4.405s] -- Up-to-date symlink: /home/nacho/colcon_workspaces/smarc_ws/install/smarc_control_msgs/include/smarc_control_msgs/smarc_control_msgs/msg/detail/control_input__rosidl_typesupport_fastrtps_cpp.hpp
[4.405s] -- Up-to-date symlink: /home/nacho/colcon_workspaces/smarc_ws/install/smarc_control_msgs/include/smarc_control_msgs/smarc_control_msgs/msg/detail/control_reference__rosidl_typesupport_fastrtps_cpp.hpp
[4.405s] -- Up-to-date symlink: /home/nacho/colcon_workspaces/smarc_ws/install/smarc_control_msgs/include/smarc_control_msgs/smarc_control_msgs/msg/detail/control_state__rosidl_typesupport_fastrtps_cpp.hpp
[4.405s] -- Up-to-date symlink: /home/nacho/colcon_workspaces/smarc_ws/install/smarc_control_msgs/include/smarc_control_msgs/smarc_control_msgs/msg/detail/state__rosidl_typesupport_fastrtps_cpp.hpp
[4.405s] -- Up-to-date symlink: /home/nacho/colcon_workspaces/smarc_ws/install/smarc_control_msgs/include/smarc_control_msgs/smarc_control_msgs/msg/detail/topics__rosidl_typesupport_fastrtps_cpp.hpp
[4.406s] -- Up-to-date symlink: /home/nacho/colcon_workspaces/smarc_ws/install/smarc_control_msgs/include/smarc_control_msgs/smarc_control_msgs/msg/rosidl_typesupport_fastrtps_cpp__visibility_control.h
[4.406s] -- Up-to-date symlink: /home/nacho/colcon_workspaces/smarc_ws/install/smarc_control_msgs/include/smarc_control_msgs/smarc_control_msgs/msg/detail/control_error__rosidl_typesupport_introspection_cpp.hpp
[4.406s] -- Up-to-date symlink: /home/nacho/colcon_workspaces/smarc_ws/install/smarc_control_msgs/include/smarc_control_msgs/smarc_control_msgs/msg/detail/control_input__rosidl_typesupport_introspection_cpp.hpp
[4.406s] -- Up-to-date symlink: /home/nacho/colcon_workspaces/smarc_ws/install/smarc_control_msgs/include/smarc_control_msgs/smarc_control_msgs/msg/detail/control_reference__rosidl_typesupport_introspection_cpp.hpp
[4.409s] -- Up-to-date symlink: /home/nacho/colcon_workspaces/smarc_ws/install/smarc_control_msgs/include/smarc_control_msgs/smarc_control_msgs/msg/detail/control_state__rosidl_typesupport_introspection_cpp.hpp
[4.409s] -- Up-to-date symlink: /home/nacho/colcon_workspaces/smarc_ws/install/smarc_control_msgs/include/smarc_control_msgs/smarc_control_msgs/msg/detail/state__rosidl_typesupport_introspection_cpp.hpp
[4.409s] -- Up-to-date symlink: /home/nacho/colcon_workspaces/smarc_ws/install/smarc_control_msgs/include/smarc_control_msgs/smarc_control_msgs/msg/detail/topics__rosidl_typesupport_introspection_cpp.hpp
[4.412s] -- Up-to-date symlink: /home/nacho/colcon_workspaces/smarc_ws/install/smarc_control_msgs/share/smarc_control_msgs/environment/pythonpath.sh
[4.417s] -- Up-to-date symlink: /home/nacho/colcon_workspaces/smarc_ws/install/smarc_control_msgs/share/smarc_control_msgs/environment/pythonpath.dsv
[4.425s] -- Up-to-date symlink: /home/nacho/colcon_workspaces/smarc_ws/install/smarc_control_msgs/local/lib/python3.10/dist-packages/smarc_control_msgs-0.0.0-py3.10.egg-info/PKG-INFO
[4.425s] -- Up-to-date symlink: /home/nacho/colcon_workspaces/smarc_ws/install/smarc_control_msgs/local/lib/python3.10/dist-packages/smarc_control_msgs-0.0.0-py3.10.egg-info/SOURCES.txt
[4.426s] -- Up-to-date symlink: /home/nacho/colcon_workspaces/smarc_ws/install/smarc_control_msgs/local/lib/python3.10/dist-packages/smarc_control_msgs-0.0.0-py3.10.egg-info/dependency_links.txt
[4.426s] -- Up-to-date symlink: /home/nacho/colcon_workspaces/smarc_ws/install/smarc_control_msgs/local/lib/python3.10/dist-packages/smarc_control_msgs-0.0.0-py3.10.egg-info/top_level.txt
[4.427s] -- Up-to-date symlink: /home/nacho/colcon_workspaces/smarc_ws/install/smarc_control_msgs/local/lib/python3.10/dist-packages/smarc_control_msgs/__init__.py
[4.427s] -- Up-to-date symlink: /home/nacho/colcon_workspaces/smarc_ws/install/smarc_control_msgs/local/lib/python3.10/dist-packages/smarc_control_msgs/_smarc_control_msgs_s.ep.rosidl_typesupport_c.c
[4.427s] -- Up-to-date symlink: /home/nacho/colcon_workspaces/smarc_ws/install/smarc_control_msgs/local/lib/python3.10/dist-packages/smarc_control_msgs/_smarc_control_msgs_s.ep.rosidl_typesupport_fastrtps_c.c
[4.427s] -- Up-to-date symlink: /home/nacho/colcon_workspaces/smarc_ws/install/smarc_control_msgs/local/lib/python3.10/dist-packages/smarc_control_msgs/_smarc_control_msgs_s.ep.rosidl_typesupport_introspection_c.c
[4.427s] -- Up-to-date symlink: /home/nacho/colcon_workspaces/smarc_ws/install/smarc_control_msgs/local/lib/python3.10/dist-packages/smarc_control_msgs/libsmarc_control_msgs__rosidl_generator_py.so
[4.427s] -- Up-to-date symlink: /home/nacho/colcon_workspaces/smarc_ws/install/smarc_control_msgs/local/lib/python3.10/dist-packages/smarc_control_msgs/msg/__init__.py
[4.427s] -- Up-to-date symlink: /home/nacho/colcon_workspaces/smarc_ws/install/smarc_control_msgs/local/lib/python3.10/dist-packages/smarc_control_msgs/msg/_control_error.py
[4.427s] -- Up-to-date symlink: /home/nacho/colcon_workspaces/smarc_ws/install/smarc_control_msgs/local/lib/python3.10/dist-packages/smarc_control_msgs/msg/_control_error_s.c
[4.427s] -- Up-to-date symlink: /home/nacho/colcon_workspaces/smarc_ws/install/smarc_control_msgs/local/lib/python3.10/dist-packages/smarc_control_msgs/msg/_control_input.py
[4.428s] -- Up-to-date symlink: /home/nacho/colcon_workspaces/smarc_ws/install/smarc_control_msgs/local/lib/python3.10/dist-packages/smarc_control_msgs/msg/_control_input_s.c
[4.428s] -- Up-to-date symlink: /home/nacho/colcon_workspaces/smarc_ws/install/smarc_control_msgs/local/lib/python3.10/dist-packages/smarc_control_msgs/msg/_control_reference.py
[4.428s] -- Up-to-date symlink: /home/nacho/colcon_workspaces/smarc_ws/install/smarc_control_msgs/local/lib/python3.10/dist-packages/smarc_control_msgs/msg/_control_reference_s.c
[4.428s] -- Up-to-date symlink: /home/nacho/colcon_workspaces/smarc_ws/install/smarc_control_msgs/local/lib/python3.10/dist-packages/smarc_control_msgs/msg/_control_state.py
[4.430s] -- Up-to-date symlink: /home/nacho/colcon_workspaces/smarc_ws/install/smarc_control_msgs/local/lib/python3.10/dist-packages/smarc_control_msgs/msg/_control_state_s.c
[4.430s] -- Up-to-date symlink: /home/nacho/colcon_workspaces/smarc_ws/install/smarc_control_msgs/local/lib/python3.10/dist-packages/smarc_control_msgs/msg/_state.py
[4.430s] -- Up-to-date symlink: /home/nacho/colcon_workspaces/smarc_ws/install/smarc_control_msgs/local/lib/python3.10/dist-packages/smarc_control_msgs/msg/_state_s.c
[4.432s] -- Up-to-date symlink: /home/nacho/colcon_workspaces/smarc_ws/install/smarc_control_msgs/local/lib/python3.10/dist-packages/smarc_control_msgs/msg/_topics.py
[4.432s] -- Up-to-date symlink: /home/nacho/colcon_workspaces/smarc_ws/install/smarc_control_msgs/local/lib/python3.10/dist-packages/smarc_control_msgs/msg/_topics_s.c
[4.433s] -- Up-to-date symlink: /home/nacho/colcon_workspaces/smarc_ws/install/smarc_control_msgs/local/lib/python3.10/dist-packages/smarc_control_msgs/smarc_control_msgs_s__rosidl_typesupport_c.cpython-310-x86_64-linux-gnu.so
[4.436s] -- Up-to-date symlink: /home/nacho/colcon_workspaces/smarc_ws/install/smarc_control_msgs/local/lib/python3.10/dist-packages/smarc_control_msgs/smarc_control_msgs_s__rosidl_typesupport_fastrtps_c.cpython-310-x86_64-linux-gnu.so
[4.436s] -- Up-to-date symlink: /home/nacho/colcon_workspaces/smarc_ws/install/smarc_control_msgs/local/lib/python3.10/dist-packages/smarc_control_msgs/smarc_control_msgs_s__rosidl_typesupport_introspection_c.cpython-310-x86_64-linux-gnu.so
[4.437s] -- Up-to-date symlink: /home/nacho/colcon_workspaces/smarc_ws/install/smarc_control_msgs/local/lib/python3.10/dist-packages/smarc_control_msgs/smarc_control_msgs_s__rosidl_typesupport_fastrtps_c.cpython-310-x86_64-linux-gnu.so
[4.437s] -- Up-to-date symlink: /home/nacho/colcon_workspaces/smarc_ws/install/smarc_control_msgs/local/lib/python3.10/dist-packages/smarc_control_msgs/smarc_control_msgs_s__rosidl_typesupport_introspection_c.cpython-310-x86_64-linux-gnu.so
[4.437s] -- Up-to-date symlink: /home/nacho/colcon_workspaces/smarc_ws/install/smarc_control_msgs/local/lib/python3.10/dist-packages/smarc_control_msgs/smarc_control_msgs_s__rosidl_typesupport_c.cpython-310-x86_64-linux-gnu.so
[4.438s] -- Up-to-date symlink: /home/nacho/colcon_workspaces/smarc_ws/install/smarc_control_msgs/share/smarc_control_msgs/msg/Topics.idl
[4.438s] -- Up-to-date symlink: /home/nacho/colcon_workspaces/smarc_ws/install/smarc_control_msgs/share/smarc_control_msgs/msg/ControlError.idl
[4.438s] -- Up-to-date symlink: /home/nacho/colcon_workspaces/smarc_ws/install/smarc_control_msgs/share/smarc_control_msgs/msg/ControlInput.idl
[4.438s] -- Up-to-date symlink: /home/nacho/colcon_workspaces/smarc_ws/install/smarc_control_msgs/share/smarc_control_msgs/msg/ControlReference.idl
[4.438s] -- Up-to-date symlink: /home/nacho/colcon_workspaces/smarc_ws/install/smarc_control_msgs/share/smarc_control_msgs/msg/ControlState.idl
[4.439s] -- Up-to-date symlink: /home/nacho/colcon_workspaces/smarc_ws/install/smarc_control_msgs/share/smarc_control_msgs/msg/State.idl
[4.439s] -- Up-to-date symlink: /home/nacho/colcon_workspaces/smarc_ws/install/smarc_control_msgs/share/smarc_control_msgs/msg/Topics.msg
[4.439s] -- Up-to-date symlink: /home/nacho/colcon_workspaces/smarc_ws/install/smarc_control_msgs/share/smarc_control_msgs/msg/ControlError.msg
[4.439s] -- Up-to-date symlink: /home/nacho/colcon_workspaces/smarc_ws/install/smarc_control_msgs/share/smarc_control_msgs/msg/ControlInput.msg
[4.439s] -- Up-to-date symlink: /home/nacho/colcon_workspaces/smarc_ws/install/smarc_control_msgs/share/smarc_control_msgs/msg/ControlReference.msg
[4.439s] -- Up-to-date symlink: /home/nacho/colcon_workspaces/smarc_ws/install/smarc_control_msgs/share/smarc_control_msgs/msg/ControlState.msg
[4.439s] -- Up-to-date symlink: /home/nacho/colcon_workspaces/smarc_ws/install/smarc_control_msgs/share/smarc_control_msgs/msg/State.msg
[4.440s] -- Up-to-date symlink: /home/nacho/colcon_workspaces/smarc_ws/install/smarc_control_msgs/share/ament_index/resource_index/package_run_dependencies/smarc_control_msgs
[4.447s] -- Up-to-date symlink: /home/nacho/colcon_workspaces/smarc_ws/install/smarc_control_msgs/share/ament_index/resource_index/parent_prefix_path/smarc_control_msgs
[4.447s] -- Up-to-date symlink: /home/nacho/colcon_workspaces/smarc_ws/install/smarc_control_msgs/share/smarc_control_msgs/environment/ament_prefix_path.sh
[4.448s] -- Up-to-date symlink: /home/nacho/colcon_workspaces/smarc_ws/install/smarc_control_msgs/share/smarc_control_msgs/environment/ament_prefix_path.dsv
[4.448s] -- Up-to-date symlink: /home/nacho/colcon_workspaces/smarc_ws/install/smarc_control_msgs/share/smarc_control_msgs/environment/path.sh
[4.451s] -- Up-to-date symlink: /home/nacho/colcon_workspaces/smarc_ws/install/smarc_control_msgs/share/smarc_control_msgs/environment/path.dsv
[4.451s] -- Up-to-date symlink: /home/nacho/colcon_workspaces/smarc_ws/install/smarc_control_msgs/share/smarc_control_msgs/local_setup.bash
[4.451s] -- Up-to-date symlink: /home/nacho/colcon_workspaces/smarc_ws/install/smarc_control_msgs/share/smarc_control_msgs/local_setup.sh
[4.451s] -- Up-to-date symlink: /home/nacho/colcon_workspaces/smarc_ws/install/smarc_control_msgs/share/smarc_control_msgs/local_setup.zsh
[4.452s] -- Up-to-date symlink: /home/nacho/colcon_workspaces/smarc_ws/install/smarc_control_msgs/share/smarc_control_msgs/local_setup.dsv
[4.452s] -- Symlinking: /home/nacho/colcon_workspaces/smarc_ws/install/smarc_control_msgs/share/smarc_control_msgs/package.dsv
[4.474s] -- Up-to-date symlink: /home/nacho/colcon_workspaces/smarc_ws/install/smarc_control_msgs/share/ament_index/resource_index/packages/smarc_control_msgs
[4.474s] -- Up-to-date symlink: /home/nacho/colcon_workspaces/smarc_ws/install/smarc_control_msgs/share/smarc_control_msgs/cmake/rosidl_cmake-extras.cmake
[4.474s] -- Up-to-date symlink: /home/nacho/colcon_workspaces/smarc_ws/install/smarc_control_msgs/share/smarc_control_msgs/cmake/ament_cmake_export_dependencies-extras.cmake
[4.474s] -- Up-to-date symlink: /home/nacho/colcon_workspaces/smarc_ws/install/smarc_control_msgs/share/smarc_control_msgs/cmake/ament_cmake_export_include_directories-extras.cmake
[4.474s] -- Up-to-date symlink: /home/nacho/colcon_workspaces/smarc_ws/install/smarc_control_msgs/share/smarc_control_msgs/cmake/ament_cmake_export_libraries-extras.cmake
[4.475s] -- Up-to-date symlink: /home/nacho/colcon_workspaces/smarc_ws/install/smarc_control_msgs/share/smarc_control_msgs/cmake/ament_cmake_export_targets-extras.cmake
[4.475s] -- Up-to-date symlink: /home/nacho/colcon_workspaces/smarc_ws/install/smarc_control_msgs/share/smarc_control_msgs/cmake/rosidl_cmake_export_typesupport_targets-extras.cmake
[4.475s] -- Up-to-date symlink: /home/nacho/colcon_workspaces/smarc_ws/install/smarc_control_msgs/share/smarc_control_msgs/cmake/rosidl_cmake_export_typesupport_libraries-extras.cmake
[4.475s] -- Up-to-date symlink: /home/nacho/colcon_workspaces/smarc_ws/install/smarc_control_msgs/share/smarc_control_msgs/cmake/smarc_control_msgsConfig.cmake
[4.476s] -- Up-to-date symlink: /home/nacho/colcon_workspaces/smarc_ws/install/smarc_control_msgs/share/smarc_control_msgs/cmake/smarc_control_msgsConfig-version.cmake
[4.476s] -- Up-to-date symlink: /home/nacho/colcon_workspaces/smarc_ws/install/smarc_control_msgs/share/smarc_control_msgs/package.xml
[4.477s] -- Installing: /home/nacho/colcon_workspaces/smarc_ws/install/smarc_control_msgs/lib/libsmarc_control_msgs__rosidl_generator_c.so
[4.477s] -- Set runtime path of "/home/nacho/colcon_workspaces/smarc_ws/install/smarc_control_msgs/lib/libsmarc_control_msgs__rosidl_generator_c.so" to ""
[4.477s] -- Installing: /home/nacho/colcon_workspaces/smarc_ws/install/smarc_control_msgs/lib/libsmarc_control_msgs__rosidl_typesupport_fastrtps_c.so
[4.480s] -- Set runtime path of "/home/nacho/colcon_workspaces/smarc_ws/install/smarc_control_msgs/lib/libsmarc_control_msgs__rosidl_typesupport_fastrtps_c.so" to ""
[4.485s] -- Installing: /home/nacho/colcon_workspaces/smarc_ws/install/smarc_control_msgs/lib/libsmarc_control_msgs__rosidl_typesupport_introspection_c.so
[4.485s] -- Set runtime path of "/home/nacho/colcon_workspaces/smarc_ws/install/smarc_control_msgs/lib/libsmarc_control_msgs__rosidl_typesupport_introspection_c.so" to ""
[4.485s] -- Installing: /home/nacho/colcon_workspaces/smarc_ws/install/smarc_control_msgs/lib/libsmarc_control_msgs__rosidl_typesupport_c.so
[4.486s] -- Set runtime path of "/home/nacho/colcon_workspaces/smarc_ws/install/smarc_control_msgs/lib/libsmarc_control_msgs__rosidl_typesupport_c.so" to ""
[4.486s] -- Installing: /home/nacho/colcon_workspaces/smarc_ws/install/smarc_control_msgs/lib/libsmarc_control_msgs__rosidl_typesupport_fastrtps_cpp.so
[4.486s] -- Set runtime path of "/home/nacho/colcon_workspaces/smarc_ws/install/smarc_control_msgs/lib/libsmarc_control_msgs__rosidl_typesupport_fastrtps_cpp.so" to ""
[4.487s] -- Installing: /home/nacho/colcon_workspaces/smarc_ws/install/smarc_control_msgs/lib/libsmarc_control_msgs__rosidl_typesupport_introspection_cpp.so
[4.487s] -- Set runtime path of "/home/nacho/colcon_workspaces/smarc_ws/install/smarc_control_msgs/lib/libsmarc_control_msgs__rosidl_typesupport_introspection_cpp.so" to ""
[4.487s] -- Installing: /home/nacho/colcon_workspaces/smarc_ws/install/smarc_control_msgs/lib/libsmarc_control_msgs__rosidl_typesupport_cpp.so
[4.489s] -- Set runtime path of "/home/nacho/colcon_workspaces/smarc_ws/install/smarc_control_msgs/lib/libsmarc_control_msgs__rosidl_typesupport_cpp.so" to ""
[4.570s] Listing '/home/nacho/colcon_workspaces/smarc_ws/install/smarc_control_msgs/local/lib/python3.10/dist-packages/smarc_control_msgs'...
[4.570s] Compiling '/home/nacho/colcon_workspaces/smarc_ws/install/smarc_control_msgs/local/lib/python3.10/dist-packages/smarc_control_msgs/__init__.py'...
[4.570s] Listing '/home/nacho/colcon_workspaces/smarc_ws/install/smarc_control_msgs/local/lib/python3.10/dist-packages/smarc_control_msgs/msg'...
[4.586s] -- Installing: /home/nacho/colcon_workspaces/smarc_ws/install/smarc_control_msgs/lib/libsmarc_control_msgs__rosidl_generator_py.so
[4.586s] -- Set runtime path of "/home/nacho/colcon_workspaces/smarc_ws/install/smarc_control_msgs/lib/libsmarc_control_msgs__rosidl_generator_py.so" to ""
[4.587s] -- Up-to-date: /home/nacho/colcon_workspaces/smarc_ws/install/smarc_control_msgs/share/smarc_control_msgs/cmake/export_smarc_control_msgs__rosidl_generator_cExport.cmake
[4.587s] -- Up-to-date: /home/nacho/colcon_workspaces/smarc_ws/install/smarc_control_msgs/share/smarc_control_msgs/cmake/export_smarc_control_msgs__rosidl_generator_cExport-noconfig.cmake
[4.587s] -- Up-to-date: /home/nacho/colcon_workspaces/smarc_ws/install/smarc_control_msgs/share/smarc_control_msgs/cmake/export_smarc_control_msgs__rosidl_typesupport_fastrtps_cExport.cmake
[4.587s] -- Up-to-date: /home/nacho/colcon_workspaces/smarc_ws/install/smarc_control_msgs/share/smarc_control_msgs/cmake/export_smarc_control_msgs__rosidl_typesupport_fastrtps_cExport-noconfig.cmake
[4.587s] -- Up-to-date: /home/nacho/colcon_workspaces/smarc_ws/install/smarc_control_msgs/share/smarc_control_msgs/cmake/smarc_control_msgs__rosidl_typesupport_introspection_cExport.cmake
[4.588s] -- Up-to-date: /home/nacho/colcon_workspaces/smarc_ws/install/smarc_control_msgs/share/smarc_control_msgs/cmake/smarc_control_msgs__rosidl_typesupport_introspection_cExport-noconfig.cmake
[4.588s] -- Up-to-date: /home/nacho/colcon_workspaces/smarc_ws/install/smarc_control_msgs/share/smarc_control_msgs/cmake/smarc_control_msgs__rosidl_typesupport_cExport.cmake
[4.588s] -- Up-to-date: /home/nacho/colcon_workspaces/smarc_ws/install/smarc_control_msgs/share/smarc_control_msgs/cmake/smarc_control_msgs__rosidl_typesupport_cExport-noconfig.cmake
[4.588s] -- Up-to-date: /home/nacho/colcon_workspaces/smarc_ws/install/smarc_control_msgs/share/smarc_control_msgs/cmake/export_smarc_control_msgs__rosidl_generator_cppExport.cmake
[4.588s] -- Up-to-date: /home/nacho/colcon_workspaces/smarc_ws/install/smarc_control_msgs/share/smarc_control_msgs/cmake/export_smarc_control_msgs__rosidl_typesupport_fastrtps_cppExport.cmake
[4.588s] -- Up-to-date: /home/nacho/colcon_workspaces/smarc_ws/install/smarc_control_msgs/share/smarc_control_msgs/cmake/export_smarc_control_msgs__rosidl_typesupport_fastrtps_cppExport-noconfig.cmake
[4.588s] -- Up-to-date: /home/nacho/colcon_workspaces/smarc_ws/install/smarc_control_msgs/share/smarc_control_msgs/cmake/smarc_control_msgs__rosidl_typesupport_introspection_cppExport.cmake
[4.588s] -- Up-to-date: /home/nacho/colcon_workspaces/smarc_ws/install/smarc_control_msgs/share/smarc_control_msgs/cmake/smarc_control_msgs__rosidl_typesupport_introspection_cppExport-noconfig.cmake
[4.589s] -- Up-to-date: /home/nacho/colcon_workspaces/smarc_ws/install/smarc_control_msgs/share/smarc_control_msgs/cmake/smarc_control_msgs__rosidl_typesupport_cppExport.cmake
[4.589s] -- Up-to-date: /home/nacho/colcon_workspaces/smarc_ws/install/smarc_control_msgs/share/smarc_control_msgs/cmake/smarc_control_msgs__rosidl_typesupport_cppExport-noconfig.cmake
[4.589s] -- Up-to-date: /home/nacho/colcon_workspaces/smarc_ws/install/smarc_control_msgs/share/smarc_control_msgs/cmake/export_smarc_control_msgs__rosidl_generator_pyExport.cmake
[4.589s] -- Up-to-date: /home/nacho/colcon_workspaces/smarc_ws/install/smarc_control_msgs/share/smarc_control_msgs/cmake/export_smarc_control_msgs__rosidl_generator_pyExport-noconfig.cmake
[4.593s] Invoked command in '/home/nacho/colcon_workspaces/smarc_ws/build/smarc_control_msgs' returned '0': CMAKE_PREFIX_PATH=/opt/ros/humble /usr/bin/cmake --install /home/nacho/colcon_workspaces/smarc_ws/build/smarc_control_msgs
