[0.671s] Invoking command in '/home/nacho/colcon_workspaces/smarc_ws/build/drone_msgs': CMAKE_PREFIX_PATH=/opt/ros/humble /usr/bin/cmake --build /home/nacho/colcon_workspaces/smarc_ws/build/drone_msgs -- -j20 -l20
[2.962s] -- Found ament_cmake: 1.3.11 (/opt/ros/humble/share/ament_cmake/cmake)
[2.964s] -- Override CMake install command with custom implementation using symlinks instead of copying resources
[2.964s] -- Found rosidl_default_generators: 1.2.0 (/opt/ros/humble/share/rosidl_default_generators/cmake)
[2.964s] -- Using all available rosidl_typesupport_c: rosidl_typesupport_fastrtps_c;rosidl_typesupport_introspection_c
[2.964s] -- Found rosidl_adapter: 3.1.6 (/opt/ros/humble/share/rosidl_adapter/cmake)
[2.964s] -- Using all available rosidl_typesupport_cpp: rosidl_typesupport_fastrtps_cpp;rosidl_typesupport_introspection_cpp
[2.964s] -- Found geometry_msgs: 4.2.4 (/opt/ros/humble/share/geometry_msgs/cmake)
[2.964s] -- Found sensor_msgs: 4.2.4 (/opt/ros/humble/share/sensor_msgs/cmake)
[2.964s] -- Found ament_cmake_ros: 0.10.0 (/opt/ros/humble/share/ament_cmake_ros/cmake)
[2.964s] -- Using all available rosidl_typesupport_c: rosidl_typesupport_fastrtps_c;rosidl_typesupport_introspection_c
[2.964s] -- Using all available rosidl_typesupport_cpp: rosidl_typesupport_fastrtps_cpp;rosidl_typesupport_introspection_cpp
[2.965s] -- Found python_cmake_module: 0.10.0 (/opt/ros/humble/share/python_cmake_module/cmake)
[2.965s] -- Using PYTHON_EXECUTABLE: /usr/bin/python3
[2.965s] -- Using PYTHON_INCLUDE_DIRS: /usr/include/python3.10
[2.965s] -- Using PYTHON_LIBRARIES: /usr/lib/x86_64-linux-gnu/libpython3.10.so
[2.965s] -- Found ament_lint_auto: 0.12.11 (/opt/ros/humble/share/ament_lint_auto/cmake)
[2.965s] -- Added test 'lint_cmake' to check CMake code style
[2.965s] -- Added test 'xmllint' to check XML markup files
[2.965s] -- Configuring done
[2.965s] -- Generating done
[2.965s] -- Build files have been written to: /home/nacho/colcon_workspaces/smarc_ws/build/drone_msgs
[2.965s] [35m[1mConsolidate compiler generated dependencies of target drone_msgs__rosidl_generator_c[0m
[2.965s] [  2%] Built target drone_msgs__cpp
[2.965s] [  5%] [32mBuilding C object CMakeFiles/drone_msgs__rosidl_generator_c.dir/rosidl_generator_c/drone_msgs/msg/detail/topics__functions.c.o[0m
[2.965s] [  7%] [32mBuilding C object CMakeFiles/drone_msgs__rosidl_generator_c.dir/rosidl_generator_c/drone_msgs/msg/detail/links__functions.c.o[0m
[2.965s] [  7%] Built target ament_cmake_python_symlink_drone_msgs
[2.965s] [35m[1mConsolidate compiler generated dependencies of target drone_msgs__rosidl_typesupport_fastrtps_cpp[0m
[2.965s] [35m[1mConsolidate compiler generated dependencies of target drone_msgs__rosidl_typesupport_cpp[0m
[2.965s] [35m[1mConsolidate compiler generated dependencies of target drone_msgs__rosidl_typesupport_introspection_cpp[0m
[2.965s] [ 10%] [32mBuilding CXX object CMakeFiles/drone_msgs__rosidl_typesupport_fastrtps_cpp.dir/rosidl_typesupport_fastrtps_cpp/drone_msgs/msg/detail/dds_fastrtps/topics__type_support.cpp.o[0m
[2.965s] [ 12%] [32mBuilding CXX object CMakeFiles/drone_msgs__rosidl_typesupport_cpp.dir/rosidl_typesupport_cpp/drone_msgs/msg/topics__type_support.cpp.o[0m
[2.966s] [ 15%] [32mBuilding CXX object CMakeFiles/drone_msgs__rosidl_typesupport_cpp.dir/rosidl_typesupport_cpp/drone_msgs/msg/links__type_support.cpp.o[0m
[2.966s] [ 17%] [32mBuilding CXX object CMakeFiles/drone_msgs__rosidl_typesupport_introspection_cpp.dir/rosidl_typesupport_introspection_cpp/drone_msgs/msg/detail/topics__type_support.cpp.o[0m
[2.966s] [ 20%] [32mBuilding CXX object CMakeFiles/drone_msgs__rosidl_typesupport_fastrtps_cpp.dir/rosidl_typesupport_fastrtps_cpp/drone_msgs/msg/detail/dds_fastrtps/links__type_support.cpp.o[0m
[2.966s] [ 23%] [32mBuilding CXX object CMakeFiles/drone_msgs__rosidl_typesupport_introspection_cpp.dir/rosidl_typesupport_introspection_cpp/drone_msgs/msg/detail/links__type_support.cpp.o[0m
[2.966s] [ 25%] [32m[1mLinking C shared library libdrone_msgs__rosidl_generator_c.so[0m
[2.966s] [ 28%] Built target drone_msgs__rosidl_generator_c
[2.966s] [35m[1mConsolidate compiler generated dependencies of target drone_msgs__rosidl_typesupport_fastrtps_c[0m
[2.966s] [35m[1mConsolidate compiler generated dependencies of target drone_msgs__rosidl_typesupport_introspection_c[0m
[2.967s] [35m[1mConsolidate compiler generated dependencies of target drone_msgs__rosidl_typesupport_c[0m
[2.967s] [ 30%] [32mBuilding C object CMakeFiles/drone_msgs__rosidl_typesupport_introspection_c.dir/rosidl_typesupport_introspection_c/drone_msgs/msg/detail/topics__type_support.c.o[0m
[2.967s] [ 33%] [32mBuilding C object CMakeFiles/drone_msgs__rosidl_typesupport_introspection_c.dir/rosidl_typesupport_introspection_c/drone_msgs/msg/detail/links__type_support.c.o[0m
[2.967s] [ 35%] [32mBuilding CXX object CMakeFiles/drone_msgs__rosidl_typesupport_fastrtps_c.dir/rosidl_typesupport_fastrtps_c/drone_msgs/msg/detail/topics__type_support_c.cpp.o[0m
[2.967s] [ 38%] [32mBuilding CXX object CMakeFiles/drone_msgs__rosidl_typesupport_c.dir/rosidl_typesupport_c/drone_msgs/msg/links__type_support.cpp.o[0m
[2.967s] [ 41%] [32mBuilding CXX object CMakeFiles/drone_msgs__rosidl_typesupport_fastrtps_c.dir/rosidl_typesupport_fastrtps_c/drone_msgs/msg/detail/links__type_support_c.cpp.o[0m
[2.967s] [ 43%] [32mBuilding CXX object CMakeFiles/drone_msgs__rosidl_typesupport_c.dir/rosidl_typesupport_c/drone_msgs/msg/topics__type_support.cpp.o[0m
[2.967s] [ 46%] [32m[1mLinking C shared library libdrone_msgs__rosidl_typesupport_introspection_c.so[0m
[2.967s] [ 48%] [32m[1mLinking CXX shared library libdrone_msgs__rosidl_typesupport_c.so[0m
[2.967s] [ 51%] Built target drone_msgs__rosidl_typesupport_introspection_c
[2.967s] [ 53%] Built target drone_msgs__rosidl_typesupport_c
[2.967s] running egg_info
[2.967s] writing drone_msgs.egg-info/PKG-INFO
[2.967s] writing dependency_links to drone_msgs.egg-info/dependency_links.txt
[2.967s] writing top-level names to drone_msgs.egg-info/top_level.txt
[2.967s] reading manifest file 'drone_msgs.egg-info/SOURCES.txt'
[2.967s] writing manifest file 'drone_msgs.egg-info/SOURCES.txt'
[2.967s] [ 53%] Built target ament_cmake_python_build_drone_msgs_egg
[2.967s] [ 56%] [32m[1mLinking CXX shared library libdrone_msgs__rosidl_typesupport_cpp.so[0m
[2.973s] [ 58%] Built target drone_msgs__rosidl_typesupport_cpp
[2.975s] [ 61%] [32m[1mLinking CXX shared library libdrone_msgs__rosidl_typesupport_fastrtps_cpp.so[0m
[2.988s] [ 64%] [32m[1mLinking CXX shared library libdrone_msgs__rosidl_typesupport_introspection_cpp.so[0m
[3.022s] [ 66%] [32m[1mLinking CXX shared library libdrone_msgs__rosidl_typesupport_fastrtps_c.so[0m
[3.025s] [ 69%] Built target drone_msgs__rosidl_typesupport_introspection_cpp
[3.052s] [ 71%] Built target drone_msgs__rosidl_typesupport_fastrtps_cpp
[3.159s] [ 74%] Built target drone_msgs__rosidl_typesupport_fastrtps_c
[3.202s] [ 74%] Built target drone_msgs
[3.244s] [ 76%] Built target drone_msgs__py
[3.268s] [35m[1mConsolidate compiler generated dependencies of target drone_msgs__rosidl_generator_py[0m
[3.287s] [ 79%] [32mBuilding C object CMakeFiles/drone_msgs__rosidl_generator_py.dir/rosidl_generator_py/drone_msgs/msg/_topics_s.c.o[0m
[3.292s] [ 82%] [32mBuilding C object CMakeFiles/drone_msgs__rosidl_generator_py.dir/rosidl_generator_py/drone_msgs/msg/_links_s.c.o[0m
[3.391s] [ 84%] [32m[1mLinking C shared library rosidl_generator_py/drone_msgs/libdrone_msgs__rosidl_generator_py.so[0m
[3.434s] [ 84%] Built target drone_msgs__rosidl_generator_py
[3.443s] [35m[1mConsolidate compiler generated dependencies of target drone_msgs__rosidl_typesupport_c__pyext[0m
[3.444s] [35m[1mConsolidate compiler generated dependencies of target drone_msgs__rosidl_typesupport_introspection_c__pyext[0m
[3.444s] [35m[1mConsolidate compiler generated dependencies of target drone_msgs__rosidl_typesupport_fastrtps_c__pyext[0m
[3.451s] [ 87%] [32mBuilding C object CMakeFiles/drone_msgs__rosidl_typesupport_fastrtps_c__pyext.dir/rosidl_generator_py/drone_msgs/_drone_msgs_s.ep.rosidl_typesupport_fastrtps_c.c.o[0m
[3.453s] [ 89%] [32mBuilding C object CMakeFiles/drone_msgs__rosidl_typesupport_c__pyext.dir/rosidl_generator_py/drone_msgs/_drone_msgs_s.ep.rosidl_typesupport_c.c.o[0m
[3.454s] [ 92%] [32mBuilding C object CMakeFiles/drone_msgs__rosidl_typesupport_introspection_c__pyext.dir/rosidl_generator_py/drone_msgs/_drone_msgs_s.ep.rosidl_typesupport_introspection_c.c.o[0m
[3.520s] [ 94%] [32m[1mLinking C shared library rosidl_generator_py/drone_msgs/drone_msgs_s__rosidl_typesupport_fastrtps_c.cpython-310-x86_64-linux-gnu.so[0m
[3.535s] [ 97%] [32m[1mLinking C shared library rosidl_generator_py/drone_msgs/drone_msgs_s__rosidl_typesupport_introspection_c.cpython-310-x86_64-linux-gnu.so[0m
[3.548s] [ 97%] Built target drone_msgs__rosidl_typesupport_fastrtps_c__pyext
[3.554s] [100%] [32m[1mLinking C shared library rosidl_generator_py/drone_msgs/drone_msgs_s__rosidl_typesupport_c.cpython-310-x86_64-linux-gnu.so[0m
[3.565s] [100%] Built target drone_msgs__rosidl_typesupport_introspection_c__pyext
[3.585s] [100%] Built target drone_msgs__rosidl_typesupport_c__pyext
[3.800s] Invoked command in '/home/nacho/colcon_workspaces/smarc_ws/build/drone_msgs' returned '0': CMAKE_PREFIX_PATH=/opt/ros/humble /usr/bin/cmake --build /home/nacho/colcon_workspaces/smarc_ws/build/drone_msgs -- -j20 -l20
[3.802s] Invoking command in '/home/nacho/colcon_workspaces/smarc_ws/build/drone_msgs': CMAKE_PREFIX_PATH=/opt/ros/humble /usr/bin/cmake --install /home/nacho/colcon_workspaces/smarc_ws/build/drone_msgs
[3.858s] -- Install configuration: ""
[3.859s] -- Execute custom install script
[3.859s] -- Up-to-date symlink: /home/nacho/colcon_workspaces/smarc_ws/install/drone_msgs/share/ament_index/resource_index/rosidl_interfaces/drone_msgs
[3.859s] -- Up-to-date symlink: /home/nacho/colcon_workspaces/smarc_ws/install/drone_msgs/include/drone_msgs/drone_msgs/msg/detail/links__functions.h
[3.859s] -- Up-to-date symlink: /home/nacho/colcon_workspaces/smarc_ws/install/drone_msgs/include/drone_msgs/drone_msgs/msg/detail/links__struct.h
[3.859s] -- Up-to-date symlink: /home/nacho/colcon_workspaces/smarc_ws/install/drone_msgs/include/drone_msgs/drone_msgs/msg/detail/links__type_support.h
[3.859s] -- Up-to-date symlink: /home/nacho/colcon_workspaces/smarc_ws/install/drone_msgs/include/drone_msgs/drone_msgs/msg/detail/topics__functions.h
[3.859s] -- Up-to-date symlink: /home/nacho/colcon_workspaces/smarc_ws/install/drone_msgs/include/drone_msgs/drone_msgs/msg/detail/topics__struct.h
[3.860s] -- Up-to-date symlink: /home/nacho/colcon_workspaces/smarc_ws/install/drone_msgs/include/drone_msgs/drone_msgs/msg/detail/topics__type_support.h
[3.860s] -- Up-to-date symlink: /home/nacho/colcon_workspaces/smarc_ws/install/drone_msgs/include/drone_msgs/drone_msgs/msg/links.h
[3.860s] -- Up-to-date symlink: /home/nacho/colcon_workspaces/smarc_ws/install/drone_msgs/include/drone_msgs/drone_msgs/msg/rosidl_generator_c__visibility_control.h
[3.860s] -- Up-to-date symlink: /home/nacho/colcon_workspaces/smarc_ws/install/drone_msgs/include/drone_msgs/drone_msgs/msg/topics.h
[3.860s] -- Up-to-date symlink: /home/nacho/colcon_workspaces/smarc_ws/install/drone_msgs/share/drone_msgs/environment/library_path.sh
[3.860s] -- Up-to-date symlink: /home/nacho/colcon_workspaces/smarc_ws/install/drone_msgs/share/drone_msgs/environment/library_path.dsv
[3.867s] -- Up-to-date symlink: /home/nacho/colcon_workspaces/smarc_ws/install/drone_msgs/include/drone_msgs/drone_msgs/msg/detail/links__rosidl_typesupport_fastrtps_c.h
[3.867s] -- Up-to-date symlink: /home/nacho/colcon_workspaces/smarc_ws/install/drone_msgs/include/drone_msgs/drone_msgs/msg/detail/topics__rosidl_typesupport_fastrtps_c.h
[3.867s] -- Up-to-date symlink: /home/nacho/colcon_workspaces/smarc_ws/install/drone_msgs/include/drone_msgs/drone_msgs/msg/rosidl_typesupport_fastrtps_c__visibility_control.h
[3.867s] -- Up-to-date symlink: /home/nacho/colcon_workspaces/smarc_ws/install/drone_msgs/include/drone_msgs/drone_msgs/msg/detail/links__rosidl_typesupport_introspection_c.h
[3.867s] -- Up-to-date symlink: /home/nacho/colcon_workspaces/smarc_ws/install/drone_msgs/include/drone_msgs/drone_msgs/msg/detail/topics__rosidl_typesupport_introspection_c.h
[3.867s] -- Up-to-date symlink: /home/nacho/colcon_workspaces/smarc_ws/install/drone_msgs/include/drone_msgs/drone_msgs/msg/rosidl_typesupport_introspection_c__visibility_control.h
[3.868s] -- Up-to-date symlink: /home/nacho/colcon_workspaces/smarc_ws/install/drone_msgs/include/drone_msgs/drone_msgs/msg/detail/links__builder.hpp
[3.868s] -- Up-to-date symlink: /home/nacho/colcon_workspaces/smarc_ws/install/drone_msgs/include/drone_msgs/drone_msgs/msg/detail/links__struct.hpp
[3.868s] -- Up-to-date symlink: /home/nacho/colcon_workspaces/smarc_ws/install/drone_msgs/include/drone_msgs/drone_msgs/msg/detail/links__traits.hpp
[3.868s] -- Up-to-date symlink: /home/nacho/colcon_workspaces/smarc_ws/install/drone_msgs/include/drone_msgs/drone_msgs/msg/detail/links__type_support.hpp
[3.868s] -- Up-to-date symlink: /home/nacho/colcon_workspaces/smarc_ws/install/drone_msgs/include/drone_msgs/drone_msgs/msg/detail/topics__builder.hpp
[3.868s] -- Up-to-date symlink: /home/nacho/colcon_workspaces/smarc_ws/install/drone_msgs/include/drone_msgs/drone_msgs/msg/detail/topics__struct.hpp
[3.868s] -- Up-to-date symlink: /home/nacho/colcon_workspaces/smarc_ws/install/drone_msgs/include/drone_msgs/drone_msgs/msg/detail/topics__traits.hpp
[3.868s] -- Up-to-date symlink: /home/nacho/colcon_workspaces/smarc_ws/install/drone_msgs/include/drone_msgs/drone_msgs/msg/detail/topics__type_support.hpp
[3.868s] -- Up-to-date symlink: /home/nacho/colcon_workspaces/smarc_ws/install/drone_msgs/include/drone_msgs/drone_msgs/msg/links.hpp
[3.868s] -- Up-to-date symlink: /home/nacho/colcon_workspaces/smarc_ws/install/drone_msgs/include/drone_msgs/drone_msgs/msg/rosidl_generator_cpp__visibility_control.hpp
[3.868s] -- Up-to-date symlink: /home/nacho/colcon_workspaces/smarc_ws/install/drone_msgs/include/drone_msgs/drone_msgs/msg/topics.hpp
[3.868s] -- Up-to-date symlink: /home/nacho/colcon_workspaces/smarc_ws/install/drone_msgs/include/drone_msgs/drone_msgs/msg/detail/links__rosidl_typesupport_fastrtps_cpp.hpp
[3.868s] -- Up-to-date symlink: /home/nacho/colcon_workspaces/smarc_ws/install/drone_msgs/include/drone_msgs/drone_msgs/msg/detail/topics__rosidl_typesupport_fastrtps_cpp.hpp
[3.868s] -- Up-to-date symlink: /home/nacho/colcon_workspaces/smarc_ws/install/drone_msgs/include/drone_msgs/drone_msgs/msg/rosidl_typesupport_fastrtps_cpp__visibility_control.h
[3.868s] -- Up-to-date symlink: /home/nacho/colcon_workspaces/smarc_ws/install/drone_msgs/include/drone_msgs/drone_msgs/msg/detail/links__rosidl_typesupport_introspection_cpp.hpp
[3.868s] -- Up-to-date symlink: /home/nacho/colcon_workspaces/smarc_ws/install/drone_msgs/include/drone_msgs/drone_msgs/msg/detail/topics__rosidl_typesupport_introspection_cpp.hpp
[3.868s] -- Up-to-date symlink: /home/nacho/colcon_workspaces/smarc_ws/install/drone_msgs/share/drone_msgs/environment/pythonpath.sh
[3.868s] -- Up-to-date symlink: /home/nacho/colcon_workspaces/smarc_ws/install/drone_msgs/share/drone_msgs/environment/pythonpath.dsv
[3.868s] -- Up-to-date symlink: /home/nacho/colcon_workspaces/smarc_ws/install/drone_msgs/local/lib/python3.10/dist-packages/drone_msgs-0.1.0-py3.10.egg-info/PKG-INFO
[3.869s] -- Up-to-date symlink: /home/nacho/colcon_workspaces/smarc_ws/install/drone_msgs/local/lib/python3.10/dist-packages/drone_msgs-0.1.0-py3.10.egg-info/SOURCES.txt
[3.869s] -- Up-to-date symlink: /home/nacho/colcon_workspaces/smarc_ws/install/drone_msgs/local/lib/python3.10/dist-packages/drone_msgs-0.1.0-py3.10.egg-info/dependency_links.txt
[3.869s] -- Up-to-date symlink: /home/nacho/colcon_workspaces/smarc_ws/install/drone_msgs/local/lib/python3.10/dist-packages/drone_msgs-0.1.0-py3.10.egg-info/top_level.txt
[3.869s] -- Up-to-date symlink: /home/nacho/colcon_workspaces/smarc_ws/install/drone_msgs/local/lib/python3.10/dist-packages/drone_msgs/__init__.py
[3.869s] -- Up-to-date symlink: /home/nacho/colcon_workspaces/smarc_ws/install/drone_msgs/local/lib/python3.10/dist-packages/drone_msgs/_drone_msgs_s.ep.rosidl_typesupport_c.c
[3.869s] -- Up-to-date symlink: /home/nacho/colcon_workspaces/smarc_ws/install/drone_msgs/local/lib/python3.10/dist-packages/drone_msgs/_drone_msgs_s.ep.rosidl_typesupport_fastrtps_c.c
[3.869s] -- Up-to-date symlink: /home/nacho/colcon_workspaces/smarc_ws/install/drone_msgs/local/lib/python3.10/dist-packages/drone_msgs/_drone_msgs_s.ep.rosidl_typesupport_introspection_c.c
[3.869s] -- Up-to-date symlink: /home/nacho/colcon_workspaces/smarc_ws/install/drone_msgs/local/lib/python3.10/dist-packages/drone_msgs/drone_msgs_s__rosidl_typesupport_c.cpython-310-x86_64-linux-gnu.so
[3.869s] -- Up-to-date symlink: /home/nacho/colcon_workspaces/smarc_ws/install/drone_msgs/local/lib/python3.10/dist-packages/drone_msgs/drone_msgs_s__rosidl_typesupport_fastrtps_c.cpython-310-x86_64-linux-gnu.so
[3.869s] -- Up-to-date symlink: /home/nacho/colcon_workspaces/smarc_ws/install/drone_msgs/local/lib/python3.10/dist-packages/drone_msgs/drone_msgs_s__rosidl_typesupport_introspection_c.cpython-310-x86_64-linux-gnu.so
[3.869s] -- Up-to-date symlink: /home/nacho/colcon_workspaces/smarc_ws/install/drone_msgs/local/lib/python3.10/dist-packages/drone_msgs/libdrone_msgs__rosidl_generator_py.so
[3.869s] -- Up-to-date symlink: /home/nacho/colcon_workspaces/smarc_ws/install/drone_msgs/local/lib/python3.10/dist-packages/drone_msgs/msg/__init__.py
[3.869s] -- Up-to-date symlink: /home/nacho/colcon_workspaces/smarc_ws/install/drone_msgs/local/lib/python3.10/dist-packages/drone_msgs/msg/_links.py
[3.869s] -- Up-to-date symlink: /home/nacho/colcon_workspaces/smarc_ws/install/drone_msgs/local/lib/python3.10/dist-packages/drone_msgs/msg/_links_s.c
[3.869s] -- Up-to-date symlink: /home/nacho/colcon_workspaces/smarc_ws/install/drone_msgs/local/lib/python3.10/dist-packages/drone_msgs/msg/_topics.py
[3.878s] -- Up-to-date symlink: /home/nacho/colcon_workspaces/smarc_ws/install/drone_msgs/local/lib/python3.10/dist-packages/drone_msgs/msg/_topics_s.c
[3.878s] -- Up-to-date symlink: /home/nacho/colcon_workspaces/smarc_ws/install/drone_msgs/local/lib/python3.10/dist-packages/drone_msgs/drone_msgs_s__rosidl_typesupport_fastrtps_c.cpython-310-x86_64-linux-gnu.so
[3.878s] -- Up-to-date symlink: /home/nacho/colcon_workspaces/smarc_ws/install/drone_msgs/local/lib/python3.10/dist-packages/drone_msgs/drone_msgs_s__rosidl_typesupport_introspection_c.cpython-310-x86_64-linux-gnu.so
[3.879s] -- Up-to-date symlink: /home/nacho/colcon_workspaces/smarc_ws/install/drone_msgs/local/lib/python3.10/dist-packages/drone_msgs/drone_msgs_s__rosidl_typesupport_c.cpython-310-x86_64-linux-gnu.so
[3.879s] -- Up-to-date symlink: /home/nacho/colcon_workspaces/smarc_ws/install/drone_msgs/share/drone_msgs/msg/Topics.idl
[3.879s] -- Up-to-date symlink: /home/nacho/colcon_workspaces/smarc_ws/install/drone_msgs/share/drone_msgs/msg/Links.idl
[3.879s] -- Up-to-date symlink: /home/nacho/colcon_workspaces/smarc_ws/install/drone_msgs/share/drone_msgs/msg/Topics.msg
[3.879s] -- Up-to-date symlink: /home/nacho/colcon_workspaces/smarc_ws/install/drone_msgs/share/drone_msgs/msg/Links.msg
[3.879s] -- Up-to-date symlink: /home/nacho/colcon_workspaces/smarc_ws/install/drone_msgs/share/ament_index/resource_index/package_run_dependencies/drone_msgs
[3.879s] -- Up-to-date symlink: /home/nacho/colcon_workspaces/smarc_ws/install/drone_msgs/share/ament_index/resource_index/parent_prefix_path/drone_msgs
[3.879s] -- Up-to-date symlink: /home/nacho/colcon_workspaces/smarc_ws/install/drone_msgs/share/drone_msgs/environment/ament_prefix_path.sh
[3.879s] -- Up-to-date symlink: /home/nacho/colcon_workspaces/smarc_ws/install/drone_msgs/share/drone_msgs/environment/ament_prefix_path.dsv
[3.879s] -- Up-to-date symlink: /home/nacho/colcon_workspaces/smarc_ws/install/drone_msgs/share/drone_msgs/environment/path.sh
[3.879s] -- Up-to-date symlink: /home/nacho/colcon_workspaces/smarc_ws/install/drone_msgs/share/drone_msgs/environment/path.dsv
[3.880s] -- Up-to-date symlink: /home/nacho/colcon_workspaces/smarc_ws/install/drone_msgs/share/drone_msgs/local_setup.bash
[3.880s] -- Up-to-date symlink: /home/nacho/colcon_workspaces/smarc_ws/install/drone_msgs/share/drone_msgs/local_setup.sh
[3.880s] -- Up-to-date symlink: /home/nacho/colcon_workspaces/smarc_ws/install/drone_msgs/share/drone_msgs/local_setup.zsh
[3.880s] -- Up-to-date symlink: /home/nacho/colcon_workspaces/smarc_ws/install/drone_msgs/share/drone_msgs/local_setup.dsv
[3.880s] -- Symlinking: /home/nacho/colcon_workspaces/smarc_ws/install/drone_msgs/share/drone_msgs/package.dsv
[3.880s] -- Up-to-date symlink: /home/nacho/colcon_workspaces/smarc_ws/install/drone_msgs/share/ament_index/resource_index/packages/drone_msgs
[3.880s] -- Up-to-date symlink: /home/nacho/colcon_workspaces/smarc_ws/install/drone_msgs/share/drone_msgs/cmake/rosidl_cmake-extras.cmake
[3.880s] -- Up-to-date symlink: /home/nacho/colcon_workspaces/smarc_ws/install/drone_msgs/share/drone_msgs/cmake/ament_cmake_export_dependencies-extras.cmake
[3.880s] -- Up-to-date symlink: /home/nacho/colcon_workspaces/smarc_ws/install/drone_msgs/share/drone_msgs/cmake/ament_cmake_export_include_directories-extras.cmake
[3.880s] -- Up-to-date symlink: /home/nacho/colcon_workspaces/smarc_ws/install/drone_msgs/share/drone_msgs/cmake/ament_cmake_export_libraries-extras.cmake
[3.880s] -- Up-to-date symlink: /home/nacho/colcon_workspaces/smarc_ws/install/drone_msgs/share/drone_msgs/cmake/ament_cmake_export_targets-extras.cmake
[3.880s] -- Up-to-date symlink: /home/nacho/colcon_workspaces/smarc_ws/install/drone_msgs/share/drone_msgs/cmake/rosidl_cmake_export_typesupport_targets-extras.cmake
[3.880s] -- Up-to-date symlink: /home/nacho/colcon_workspaces/smarc_ws/install/drone_msgs/share/drone_msgs/cmake/rosidl_cmake_export_typesupport_libraries-extras.cmake
[3.880s] -- Up-to-date symlink: /home/nacho/colcon_workspaces/smarc_ws/install/drone_msgs/share/drone_msgs/cmake/drone_msgsConfig.cmake
[3.880s] -- Up-to-date symlink: /home/nacho/colcon_workspaces/smarc_ws/install/drone_msgs/share/drone_msgs/cmake/drone_msgsConfig-version.cmake
[3.880s] -- Up-to-date symlink: /home/nacho/colcon_workspaces/smarc_ws/install/drone_msgs/share/drone_msgs/package.xml
[3.887s] -- Installing: /home/nacho/colcon_workspaces/smarc_ws/install/drone_msgs/lib/libdrone_msgs__rosidl_generator_c.so
[3.887s] -- Set runtime path of "/home/nacho/colcon_workspaces/smarc_ws/install/drone_msgs/lib/libdrone_msgs__rosidl_generator_c.so" to ""
[3.887s] -- Installing: /home/nacho/colcon_workspaces/smarc_ws/install/drone_msgs/lib/libdrone_msgs__rosidl_typesupport_fastrtps_c.so
[3.887s] -- Set runtime path of "/home/nacho/colcon_workspaces/smarc_ws/install/drone_msgs/lib/libdrone_msgs__rosidl_typesupport_fastrtps_c.so" to ""
[3.887s] -- Installing: /home/nacho/colcon_workspaces/smarc_ws/install/drone_msgs/lib/libdrone_msgs__rosidl_typesupport_introspection_c.so
[3.887s] -- Set runtime path of "/home/nacho/colcon_workspaces/smarc_ws/install/drone_msgs/lib/libdrone_msgs__rosidl_typesupport_introspection_c.so" to ""
[3.887s] -- Installing: /home/nacho/colcon_workspaces/smarc_ws/install/drone_msgs/lib/libdrone_msgs__rosidl_typesupport_c.so
[3.887s] -- Set runtime path of "/home/nacho/colcon_workspaces/smarc_ws/install/drone_msgs/lib/libdrone_msgs__rosidl_typesupport_c.so" to ""
[3.887s] -- Installing: /home/nacho/colcon_workspaces/smarc_ws/install/drone_msgs/lib/libdrone_msgs__rosidl_typesupport_fastrtps_cpp.so
[3.887s] -- Set runtime path of "/home/nacho/colcon_workspaces/smarc_ws/install/drone_msgs/lib/libdrone_msgs__rosidl_typesupport_fastrtps_cpp.so" to ""
[3.887s] -- Installing: /home/nacho/colcon_workspaces/smarc_ws/install/drone_msgs/lib/libdrone_msgs__rosidl_typesupport_introspection_cpp.so
[3.887s] -- Set runtime path of "/home/nacho/colcon_workspaces/smarc_ws/install/drone_msgs/lib/libdrone_msgs__rosidl_typesupport_introspection_cpp.so" to ""
[3.888s] -- Installing: /home/nacho/colcon_workspaces/smarc_ws/install/drone_msgs/lib/libdrone_msgs__rosidl_typesupport_cpp.so
[3.888s] -- Set runtime path of "/home/nacho/colcon_workspaces/smarc_ws/install/drone_msgs/lib/libdrone_msgs__rosidl_typesupport_cpp.so" to ""
[3.914s] Listing '/home/nacho/colcon_workspaces/smarc_ws/install/drone_msgs/local/lib/python3.10/dist-packages/drone_msgs'...
[3.914s] Compiling '/home/nacho/colcon_workspaces/smarc_ws/install/drone_msgs/local/lib/python3.10/dist-packages/drone_msgs/__init__.py'...
[3.914s] Listing '/home/nacho/colcon_workspaces/smarc_ws/install/drone_msgs/local/lib/python3.10/dist-packages/drone_msgs/msg'...
[3.934s] -- Installing: /home/nacho/colcon_workspaces/smarc_ws/install/drone_msgs/lib/libdrone_msgs__rosidl_generator_py.so
[3.934s] -- Set runtime path of "/home/nacho/colcon_workspaces/smarc_ws/install/drone_msgs/lib/libdrone_msgs__rosidl_generator_py.so" to ""
[3.937s] -- Up-to-date: /home/nacho/colcon_workspaces/smarc_ws/install/drone_msgs/share/drone_msgs/cmake/export_drone_msgs__rosidl_generator_cExport.cmake
[3.938s] -- Up-to-date: /home/nacho/colcon_workspaces/smarc_ws/install/drone_msgs/share/drone_msgs/cmake/export_drone_msgs__rosidl_generator_cExport-noconfig.cmake
[3.938s] -- Up-to-date: /home/nacho/colcon_workspaces/smarc_ws/install/drone_msgs/share/drone_msgs/cmake/export_drone_msgs__rosidl_typesupport_fastrtps_cExport.cmake
[3.938s] -- Up-to-date: /home/nacho/colcon_workspaces/smarc_ws/install/drone_msgs/share/drone_msgs/cmake/export_drone_msgs__rosidl_typesupport_fastrtps_cExport-noconfig.cmake
[3.938s] -- Up-to-date: /home/nacho/colcon_workspaces/smarc_ws/install/drone_msgs/share/drone_msgs/cmake/drone_msgs__rosidl_typesupport_introspection_cExport.cmake
[3.938s] -- Up-to-date: /home/nacho/colcon_workspaces/smarc_ws/install/drone_msgs/share/drone_msgs/cmake/drone_msgs__rosidl_typesupport_introspection_cExport-noconfig.cmake
[3.938s] -- Up-to-date: /home/nacho/colcon_workspaces/smarc_ws/install/drone_msgs/share/drone_msgs/cmake/drone_msgs__rosidl_typesupport_cExport.cmake
[3.938s] -- Up-to-date: /home/nacho/colcon_workspaces/smarc_ws/install/drone_msgs/share/drone_msgs/cmake/drone_msgs__rosidl_typesupport_cExport-noconfig.cmake
[3.938s] -- Up-to-date: /home/nacho/colcon_workspaces/smarc_ws/install/drone_msgs/share/drone_msgs/cmake/export_drone_msgs__rosidl_generator_cppExport.cmake
[3.938s] -- Up-to-date: /home/nacho/colcon_workspaces/smarc_ws/install/drone_msgs/share/drone_msgs/cmake/export_drone_msgs__rosidl_typesupport_fastrtps_cppExport.cmake
[3.938s] -- Up-to-date: /home/nacho/colcon_workspaces/smarc_ws/install/drone_msgs/share/drone_msgs/cmake/export_drone_msgs__rosidl_typesupport_fastrtps_cppExport-noconfig.cmake
[3.938s] -- Up-to-date: /home/nacho/colcon_workspaces/smarc_ws/install/drone_msgs/share/drone_msgs/cmake/drone_msgs__rosidl_typesupport_introspection_cppExport.cmake
[3.938s] -- Up-to-date: /home/nacho/colcon_workspaces/smarc_ws/install/drone_msgs/share/drone_msgs/cmake/drone_msgs__rosidl_typesupport_introspection_cppExport-noconfig.cmake
[3.939s] -- Up-to-date: /home/nacho/colcon_workspaces/smarc_ws/install/drone_msgs/share/drone_msgs/cmake/drone_msgs__rosidl_typesupport_cppExport.cmake
[3.939s] -- Up-to-date: /home/nacho/colcon_workspaces/smarc_ws/install/drone_msgs/share/drone_msgs/cmake/drone_msgs__rosidl_typesupport_cppExport-noconfig.cmake
[3.939s] -- Up-to-date: /home/nacho/colcon_workspaces/smarc_ws/install/drone_msgs/share/drone_msgs/cmake/export_drone_msgs__rosidl_generator_pyExport.cmake
[3.939s] -- Up-to-date: /home/nacho/colcon_workspaces/smarc_ws/install/drone_msgs/share/drone_msgs/cmake/export_drone_msgs__rosidl_generator_pyExport-noconfig.cmake
[4.357s] Invoked command in '/home/nacho/colcon_workspaces/smarc_ws/build/drone_msgs' returned '0': CMAKE_PREFIX_PATH=/opt/ros/humble /usr/bin/cmake --install /home/nacho/colcon_workspaces/smarc_ws/build/drone_msgs
