[2.544s] Invoking command in '/home/nacho/colcon_workspaces/smarc_ws/build/sam_graph_slam_2_msgs': CMAKE_PREFIX_PATH=/opt/ros/humble /usr/bin/cmake --build /home/nacho/colcon_workspaces/smarc_ws/build/sam_graph_slam_2_msgs -- -j20 -l20
[2.948s] -- Found ament_cmake: 1.3.11 (/opt/ros/humble/share/ament_cmake/cmake)
[2.948s] -- Override CMake install command with custom implementation using symlinks instead of copying resources
[2.948s] -- Found rosidl_default_generators: 1.2.0 (/opt/ros/humble/share/rosidl_default_generators/cmake)
[2.948s] -- Using all available rosidl_typesupport_c: rosidl_typesupport_fastrtps_c;rosidl_typesupport_introspection_c
[2.948s] -- Found rosidl_adapter: 3.1.6 (/opt/ros/humble/share/rosidl_adapter/cmake)
[2.948s] -- Using all available rosidl_typesupport_cpp: rosidl_typesupport_fastrtps_cpp;rosidl_typesupport_introspection_cpp
[2.948s] -- Found std_msgs: 4.2.4 (/opt/ros/humble/share/std_msgs/cmake)
[3.169s] -- Found ament_cmake_ros: 0.10.0 (/opt/ros/humble/share/ament_cmake_ros/cmake)
[3.443s] -- Using all available rosidl_typesupport_c: rosidl_typesupport_fastrtps_c;rosidl_typesupport_introspection_c
[3.686s] -- Using all available rosidl_typesupport_cpp: rosidl_typesupport_fastrtps_cpp;rosidl_typesupport_introspection_cpp
[3.702s] -- Found python_cmake_module: 0.10.0 (/opt/ros/humble/share/python_cmake_module/cmake)
[3.721s] -- Using PYTHON_EXECUTABLE: /usr/bin/python3
[3.721s] -- Using PYTHON_INCLUDE_DIRS: /usr/include/python3.10
[3.721s] -- Using PYTHON_LIBRARIES: /usr/lib/x86_64-linux-gnu/libpython3.10.so
[3.745s] -- Found ament_lint_auto: 0.12.11 (/opt/ros/humble/share/ament_lint_auto/cmake)
[3.755s] -- Added test 'lint_cmake' to check CMake code style
[3.756s] -- Added test 'xmllint' to check XML markup files
[3.759s] -- Configuring done
[3.817s] -- Generating done
[3.868s] -- Build files have been written to: /home/nacho/colcon_workspaces/smarc_ws/build/sam_graph_slam_2_msgs
[3.914s] [35m[1mConsolidate compiler generated dependencies of target sam_graph_slam_2_msgs__rosidl_generator_c[0m
[3.919s] [  3%] Built target sam_graph_slam_2_msgs__cpp
[3.925s] [  6%] [32mBuilding C object CMakeFiles/sam_graph_slam_2_msgs__rosidl_generator_c.dir/rosidl_generator_c/sam_graph_slam_2_msgs/msg/detail/topics__functions.c.o[0m
[3.939s] [  6%] Built target ament_cmake_python_symlink_sam_graph_slam_2_msgs
[3.949s] [35m[1mConsolidate compiler generated dependencies of target sam_graph_slam_2_msgs__rosidl_typesupport_fastrtps_cpp[0m
[3.949s] [35m[1mConsolidate compiler generated dependencies of target sam_graph_slam_2_msgs__rosidl_typesupport_cpp[0m
[3.951s] [35m[1mConsolidate compiler generated dependencies of target sam_graph_slam_2_msgs__rosidl_typesupport_introspection_cpp[0m
[3.962s] [  9%] [32mBuilding CXX object CMakeFiles/sam_graph_slam_2_msgs__rosidl_typesupport_fastrtps_cpp.dir/rosidl_typesupport_fastrtps_cpp/sam_graph_slam_2_msgs/msg/detail/dds_fastrtps/topics__type_support.cpp.o[0m
[3.972s] [ 12%] [32mBuilding CXX object CMakeFiles/sam_graph_slam_2_msgs__rosidl_typesupport_introspection_cpp.dir/rosidl_typesupport_introspection_cpp/sam_graph_slam_2_msgs/msg/detail/topics__type_support.cpp.o[0m
[3.973s] [ 16%] [32mBuilding CXX object CMakeFiles/sam_graph_slam_2_msgs__rosidl_typesupport_cpp.dir/rosidl_typesupport_cpp/sam_graph_slam_2_msgs/msg/topics__type_support.cpp.o[0m
[4.043s] [ 19%] [32m[1mLinking C shared library libsam_graph_slam_2_msgs__rosidl_generator_c.so[0m
[4.120s] [ 22%] Built target sam_graph_slam_2_msgs__rosidl_generator_c
[4.146s] [35m[1mConsolidate compiler generated dependencies of target sam_graph_slam_2_msgs__rosidl_typesupport_fastrtps_c[0m
[4.146s] [35m[1mConsolidate compiler generated dependencies of target sam_graph_slam_2_msgs__rosidl_typesupport_introspection_c[0m
[4.151s] [35m[1mConsolidate compiler generated dependencies of target sam_graph_slam_2_msgs__rosidl_typesupport_c[0m
[4.171s] [ 25%] [32mBuilding C object CMakeFiles/sam_graph_slam_2_msgs__rosidl_typesupport_introspection_c.dir/rosidl_typesupport_introspection_c/sam_graph_slam_2_msgs/msg/detail/topics__type_support.c.o[0m
[4.174s] [ 29%] [32mBuilding CXX object CMakeFiles/sam_graph_slam_2_msgs__rosidl_typesupport_fastrtps_c.dir/rosidl_typesupport_fastrtps_c/sam_graph_slam_2_msgs/msg/detail/topics__type_support_c.cpp.o[0m
[4.182s] [ 32%] [32mBuilding CXX object CMakeFiles/sam_graph_slam_2_msgs__rosidl_typesupport_c.dir/rosidl_typesupport_c/sam_graph_slam_2_msgs/msg/topics__type_support.cpp.o[0m
[4.237s] [ 35%] [32m[1mLinking C shared library libsam_graph_slam_2_msgs__rosidl_typesupport_introspection_c.so[0m
[4.250s] [ 38%] [32m[1mLinking CXX shared library libsam_graph_slam_2_msgs__rosidl_typesupport_c.so[0m
[4.255s] running egg_info
[4.257s] writing sam_graph_slam_2_msgs.egg-info/PKG-INFO
[4.257s] writing dependency_links to sam_graph_slam_2_msgs.egg-info/dependency_links.txt
[4.258s] writing top-level names to sam_graph_slam_2_msgs.egg-info/top_level.txt
[4.261s] reading manifest file 'sam_graph_slam_2_msgs.egg-info/SOURCES.txt'
[4.264s] writing manifest file 'sam_graph_slam_2_msgs.egg-info/SOURCES.txt'
[4.290s] [ 41%] Built target sam_graph_slam_2_msgs__rosidl_typesupport_introspection_c
[4.300s] [ 41%] Built target ament_cmake_python_build_sam_graph_slam_2_msgs_egg
[4.336s] [ 45%] Built target sam_graph_slam_2_msgs__rosidl_typesupport_c
[4.498s] [ 48%] [32m[1mLinking CXX shared library libsam_graph_slam_2_msgs__rosidl_typesupport_cpp.so[0m
[4.544s] [ 51%] Built target sam_graph_slam_2_msgs__rosidl_typesupport_cpp
[4.560s] [ 54%] [32m[1mLinking CXX shared library libsam_graph_slam_2_msgs__rosidl_typesupport_fastrtps_cpp.so[0m
[4.599s] [ 58%] [32m[1mLinking CXX shared library libsam_graph_slam_2_msgs__rosidl_typesupport_introspection_cpp.so[0m
[4.623s] [ 61%] Built target sam_graph_slam_2_msgs__rosidl_typesupport_fastrtps_cpp
[4.642s] [ 64%] Built target sam_graph_slam_2_msgs__rosidl_typesupport_introspection_cpp
[4.672s] [ 67%] [32m[1mLinking CXX shared library libsam_graph_slam_2_msgs__rosidl_typesupport_fastrtps_c.so[0m
[4.749s] [ 70%] Built target sam_graph_slam_2_msgs__rosidl_typesupport_fastrtps_c
[4.785s] [ 70%] Built target sam_graph_slam_2_msgs
[4.812s] [ 74%] Built target sam_graph_slam_2_msgs__py
[4.834s] [35m[1mConsolidate compiler generated dependencies of target sam_graph_slam_2_msgs__rosidl_generator_py[0m
[4.861s] [ 77%] [32mBuilding C object CMakeFiles/sam_graph_slam_2_msgs__rosidl_generator_py.dir/rosidl_generator_py/sam_graph_slam_2_msgs/msg/_topics_s.c.o[0m
[5.003s] [ 80%] [32m[1mLinking C shared library rosidl_generator_py/sam_graph_slam_2_msgs/libsam_graph_slam_2_msgs__rosidl_generator_py.so[0m
[5.057s] [ 80%] Built target sam_graph_slam_2_msgs__rosidl_generator_py
[5.080s] [35m[1mConsolidate compiler generated dependencies of target sam_graph_slam_2_msgs__rosidl_typesupport_fastrtps_c__pyext[0m
[5.087s] [35m[1mConsolidate compiler generated dependencies of target sam_graph_slam_2_msgs__rosidl_typesupport_introspection_c__pyext[0m
[5.090s] [35m[1mConsolidate compiler generated dependencies of target sam_graph_slam_2_msgs__rosidl_typesupport_c__pyext[0m
[5.100s] [ 83%] [32mBuilding C object CMakeFiles/sam_graph_slam_2_msgs__rosidl_typesupport_fastrtps_c__pyext.dir/rosidl_generator_py/sam_graph_slam_2_msgs/_sam_graph_slam_2_msgs_s.ep.rosidl_typesupport_fastrtps_c.c.o[0m
[5.110s] [ 87%] [32mBuilding C object CMakeFiles/sam_graph_slam_2_msgs__rosidl_typesupport_c__pyext.dir/rosidl_generator_py/sam_graph_slam_2_msgs/_sam_graph_slam_2_msgs_s.ep.rosidl_typesupport_c.c.o[0m
[5.111s] [ 90%] [32mBuilding C object CMakeFiles/sam_graph_slam_2_msgs__rosidl_typesupport_introspection_c__pyext.dir/rosidl_generator_py/sam_graph_slam_2_msgs/_sam_graph_slam_2_msgs_s.ep.rosidl_typesupport_introspection_c.c.o[0m
[5.220s] [ 93%] [32m[1mLinking C shared library rosidl_generator_py/sam_graph_slam_2_msgs/sam_graph_slam_2_msgs_s__rosidl_typesupport_introspection_c.cpython-310-x86_64-linux-gnu.so[0m
[5.283s] [ 96%] [32m[1mLinking C shared library rosidl_generator_py/sam_graph_slam_2_msgs/sam_graph_slam_2_msgs_s__rosidl_typesupport_c.cpython-310-x86_64-linux-gnu.so[0m
[5.287s] [100%] [32m[1mLinking C shared library rosidl_generator_py/sam_graph_slam_2_msgs/sam_graph_slam_2_msgs_s__rosidl_typesupport_fastrtps_c.cpython-310-x86_64-linux-gnu.so[0m
[5.298s] [100%] Built target sam_graph_slam_2_msgs__rosidl_typesupport_introspection_c__pyext
[5.325s] [100%] Built target sam_graph_slam_2_msgs__rosidl_typesupport_c__pyext
[5.332s] [100%] Built target sam_graph_slam_2_msgs__rosidl_typesupport_fastrtps_c__pyext
[5.653s] Invoked command in '/home/nacho/colcon_workspaces/smarc_ws/build/sam_graph_slam_2_msgs' returned '0': CMAKE_PREFIX_PATH=/opt/ros/humble /usr/bin/cmake --build /home/nacho/colcon_workspaces/smarc_ws/build/sam_graph_slam_2_msgs -- -j20 -l20
[5.654s] Invoking command in '/home/nacho/colcon_workspaces/smarc_ws/build/sam_graph_slam_2_msgs': CMAKE_PREFIX_PATH=/opt/ros/humble /usr/bin/cmake --install /home/nacho/colcon_workspaces/smarc_ws/build/sam_graph_slam_2_msgs
[5.859s] -- Install configuration: ""
[5.859s] -- Execute custom install script
[5.860s] -- Up-to-date symlink: /home/nacho/colcon_workspaces/smarc_ws/install/sam_graph_slam_2_msgs/share/ament_index/resource_index/rosidl_interfaces/sam_graph_slam_2_msgs
[5.860s] -- Up-to-date symlink: /home/nacho/colcon_workspaces/smarc_ws/install/sam_graph_slam_2_msgs/include/sam_graph_slam_2_msgs/sam_graph_slam_2_msgs/msg/detail/topics__functions.h
[5.860s] -- Up-to-date symlink: /home/nacho/colcon_workspaces/smarc_ws/install/sam_graph_slam_2_msgs/include/sam_graph_slam_2_msgs/sam_graph_slam_2_msgs/msg/detail/topics__struct.h
[5.860s] -- Up-to-date symlink: /home/nacho/colcon_workspaces/smarc_ws/install/sam_graph_slam_2_msgs/include/sam_graph_slam_2_msgs/sam_graph_slam_2_msgs/msg/detail/topics__type_support.h
[5.860s] -- Up-to-date symlink: /home/nacho/colcon_workspaces/smarc_ws/install/sam_graph_slam_2_msgs/include/sam_graph_slam_2_msgs/sam_graph_slam_2_msgs/msg/rosidl_generator_c__visibility_control.h
[5.860s] -- Up-to-date symlink: /home/nacho/colcon_workspaces/smarc_ws/install/sam_graph_slam_2_msgs/include/sam_graph_slam_2_msgs/sam_graph_slam_2_msgs/msg/topics.h
[5.860s] -- Up-to-date symlink: /home/nacho/colcon_workspaces/smarc_ws/install/sam_graph_slam_2_msgs/share/sam_graph_slam_2_msgs/environment/library_path.sh
[5.860s] -- Up-to-date symlink: /home/nacho/colcon_workspaces/smarc_ws/install/sam_graph_slam_2_msgs/share/sam_graph_slam_2_msgs/environment/library_path.dsv
[5.860s] -- Up-to-date symlink: /home/nacho/colcon_workspaces/smarc_ws/install/sam_graph_slam_2_msgs/include/sam_graph_slam_2_msgs/sam_graph_slam_2_msgs/msg/detail/topics__rosidl_typesupport_fastrtps_c.h
[5.860s] -- Up-to-date symlink: /home/nacho/colcon_workspaces/smarc_ws/install/sam_graph_slam_2_msgs/include/sam_graph_slam_2_msgs/sam_graph_slam_2_msgs/msg/rosidl_typesupport_fastrtps_c__visibility_control.h
[5.860s] -- Up-to-date symlink: /home/nacho/colcon_workspaces/smarc_ws/install/sam_graph_slam_2_msgs/include/sam_graph_slam_2_msgs/sam_graph_slam_2_msgs/msg/detail/topics__rosidl_typesupport_introspection_c.h
[5.860s] -- Up-to-date symlink: /home/nacho/colcon_workspaces/smarc_ws/install/sam_graph_slam_2_msgs/include/sam_graph_slam_2_msgs/sam_graph_slam_2_msgs/msg/rosidl_typesupport_introspection_c__visibility_control.h
[5.860s] -- Up-to-date symlink: /home/nacho/colcon_workspaces/smarc_ws/install/sam_graph_slam_2_msgs/include/sam_graph_slam_2_msgs/sam_graph_slam_2_msgs/msg/detail/topics__builder.hpp
[5.860s] -- Up-to-date symlink: /home/nacho/colcon_workspaces/smarc_ws/install/sam_graph_slam_2_msgs/include/sam_graph_slam_2_msgs/sam_graph_slam_2_msgs/msg/detail/topics__struct.hpp
[5.861s] -- Up-to-date symlink: /home/nacho/colcon_workspaces/smarc_ws/install/sam_graph_slam_2_msgs/include/sam_graph_slam_2_msgs/sam_graph_slam_2_msgs/msg/detail/topics__traits.hpp
[5.861s] -- Up-to-date symlink: /home/nacho/colcon_workspaces/smarc_ws/install/sam_graph_slam_2_msgs/include/sam_graph_slam_2_msgs/sam_graph_slam_2_msgs/msg/detail/topics__type_support.hpp
[5.861s] -- Up-to-date symlink: /home/nacho/colcon_workspaces/smarc_ws/install/sam_graph_slam_2_msgs/include/sam_graph_slam_2_msgs/sam_graph_slam_2_msgs/msg/rosidl_generator_cpp__visibility_control.hpp
[5.861s] -- Up-to-date symlink: /home/nacho/colcon_workspaces/smarc_ws/install/sam_graph_slam_2_msgs/include/sam_graph_slam_2_msgs/sam_graph_slam_2_msgs/msg/topics.hpp
[5.861s] -- Up-to-date symlink: /home/nacho/colcon_workspaces/smarc_ws/install/sam_graph_slam_2_msgs/include/sam_graph_slam_2_msgs/sam_graph_slam_2_msgs/msg/detail/topics__rosidl_typesupport_fastrtps_cpp.hpp
[5.861s] -- Up-to-date symlink: /home/nacho/colcon_workspaces/smarc_ws/install/sam_graph_slam_2_msgs/include/sam_graph_slam_2_msgs/sam_graph_slam_2_msgs/msg/rosidl_typesupport_fastrtps_cpp__visibility_control.h
[5.861s] -- Up-to-date symlink: /home/nacho/colcon_workspaces/smarc_ws/install/sam_graph_slam_2_msgs/include/sam_graph_slam_2_msgs/sam_graph_slam_2_msgs/msg/detail/topics__rosidl_typesupport_introspection_cpp.hpp
[5.861s] -- Up-to-date symlink: /home/nacho/colcon_workspaces/smarc_ws/install/sam_graph_slam_2_msgs/share/sam_graph_slam_2_msgs/environment/pythonpath.sh
[5.861s] -- Up-to-date symlink: /home/nacho/colcon_workspaces/smarc_ws/install/sam_graph_slam_2_msgs/share/sam_graph_slam_2_msgs/environment/pythonpath.dsv
[5.861s] -- Up-to-date symlink: /home/nacho/colcon_workspaces/smarc_ws/install/sam_graph_slam_2_msgs/local/lib/python3.10/dist-packages/sam_graph_slam_2_msgs-0.0.0-py3.10.egg-info/PKG-INFO
[5.861s] -- Up-to-date symlink: /home/nacho/colcon_workspaces/smarc_ws/install/sam_graph_slam_2_msgs/local/lib/python3.10/dist-packages/sam_graph_slam_2_msgs-0.0.0-py3.10.egg-info/SOURCES.txt
[5.862s] -- Up-to-date symlink: /home/nacho/colcon_workspaces/smarc_ws/install/sam_graph_slam_2_msgs/local/lib/python3.10/dist-packages/sam_graph_slam_2_msgs-0.0.0-py3.10.egg-info/dependency_links.txt
[5.862s] -- Up-to-date symlink: /home/nacho/colcon_workspaces/smarc_ws/install/sam_graph_slam_2_msgs/local/lib/python3.10/dist-packages/sam_graph_slam_2_msgs-0.0.0-py3.10.egg-info/top_level.txt
[5.862s] -- Up-to-date symlink: /home/nacho/colcon_workspaces/smarc_ws/install/sam_graph_slam_2_msgs/local/lib/python3.10/dist-packages/sam_graph_slam_2_msgs/__init__.py
[5.862s] -- Up-to-date symlink: /home/nacho/colcon_workspaces/smarc_ws/install/sam_graph_slam_2_msgs/local/lib/python3.10/dist-packages/sam_graph_slam_2_msgs/_sam_graph_slam_2_msgs_s.ep.rosidl_typesupport_c.c
[5.862s] -- Up-to-date symlink: /home/nacho/colcon_workspaces/smarc_ws/install/sam_graph_slam_2_msgs/local/lib/python3.10/dist-packages/sam_graph_slam_2_msgs/_sam_graph_slam_2_msgs_s.ep.rosidl_typesupport_fastrtps_c.c
[5.862s] -- Up-to-date symlink: /home/nacho/colcon_workspaces/smarc_ws/install/sam_graph_slam_2_msgs/local/lib/python3.10/dist-packages/sam_graph_slam_2_msgs/_sam_graph_slam_2_msgs_s.ep.rosidl_typesupport_introspection_c.c
[5.862s] -- Up-to-date symlink: /home/nacho/colcon_workspaces/smarc_ws/install/sam_graph_slam_2_msgs/local/lib/python3.10/dist-packages/sam_graph_slam_2_msgs/libsam_graph_slam_2_msgs__rosidl_generator_py.so
[5.862s] -- Up-to-date symlink: /home/nacho/colcon_workspaces/smarc_ws/install/sam_graph_slam_2_msgs/local/lib/python3.10/dist-packages/sam_graph_slam_2_msgs/msg/__init__.py
[5.862s] -- Up-to-date symlink: /home/nacho/colcon_workspaces/smarc_ws/install/sam_graph_slam_2_msgs/local/lib/python3.10/dist-packages/sam_graph_slam_2_msgs/msg/_topics.py
[5.862s] -- Up-to-date symlink: /home/nacho/colcon_workspaces/smarc_ws/install/sam_graph_slam_2_msgs/local/lib/python3.10/dist-packages/sam_graph_slam_2_msgs/msg/_topics_s.c
[5.862s] -- Up-to-date symlink: /home/nacho/colcon_workspaces/smarc_ws/install/sam_graph_slam_2_msgs/local/lib/python3.10/dist-packages/sam_graph_slam_2_msgs/sam_graph_slam_2_msgs_s__rosidl_typesupport_c.cpython-310-x86_64-linux-gnu.so
[5.862s] -- Up-to-date symlink: /home/nacho/colcon_workspaces/smarc_ws/install/sam_graph_slam_2_msgs/local/lib/python3.10/dist-packages/sam_graph_slam_2_msgs/sam_graph_slam_2_msgs_s__rosidl_typesupport_fastrtps_c.cpython-310-x86_64-linux-gnu.so
[5.862s] -- Up-to-date symlink: /home/nacho/colcon_workspaces/smarc_ws/install/sam_graph_slam_2_msgs/local/lib/python3.10/dist-packages/sam_graph_slam_2_msgs/sam_graph_slam_2_msgs_s__rosidl_typesupport_introspection_c.cpython-310-x86_64-linux-gnu.so
[5.863s] -- Up-to-date symlink: /home/nacho/colcon_workspaces/smarc_ws/install/sam_graph_slam_2_msgs/local/lib/python3.10/dist-packages/sam_graph_slam_2_msgs/sam_graph_slam_2_msgs_s__rosidl_typesupport_fastrtps_c.cpython-310-x86_64-linux-gnu.so
[5.863s] -- Up-to-date symlink: /home/nacho/colcon_workspaces/smarc_ws/install/sam_graph_slam_2_msgs/local/lib/python3.10/dist-packages/sam_graph_slam_2_msgs/sam_graph_slam_2_msgs_s__rosidl_typesupport_introspection_c.cpython-310-x86_64-linux-gnu.so
[5.863s] -- Up-to-date symlink: /home/nacho/colcon_workspaces/smarc_ws/install/sam_graph_slam_2_msgs/local/lib/python3.10/dist-packages/sam_graph_slam_2_msgs/sam_graph_slam_2_msgs_s__rosidl_typesupport_c.cpython-310-x86_64-linux-gnu.so
[5.863s] -- Up-to-date symlink: /home/nacho/colcon_workspaces/smarc_ws/install/sam_graph_slam_2_msgs/share/sam_graph_slam_2_msgs/msg/Topics.idl
[5.863s] -- Up-to-date symlink: /home/nacho/colcon_workspaces/smarc_ws/install/sam_graph_slam_2_msgs/share/sam_graph_slam_2_msgs/msg/Topics.msg
[5.863s] -- Up-to-date symlink: /home/nacho/colcon_workspaces/smarc_ws/install/sam_graph_slam_2_msgs/share/ament_index/resource_index/package_run_dependencies/sam_graph_slam_2_msgs
[5.863s] -- Up-to-date symlink: /home/nacho/colcon_workspaces/smarc_ws/install/sam_graph_slam_2_msgs/share/ament_index/resource_index/parent_prefix_path/sam_graph_slam_2_msgs
[5.863s] -- Up-to-date symlink: /home/nacho/colcon_workspaces/smarc_ws/install/sam_graph_slam_2_msgs/share/sam_graph_slam_2_msgs/environment/ament_prefix_path.sh
[5.863s] -- Up-to-date symlink: /home/nacho/colcon_workspaces/smarc_ws/install/sam_graph_slam_2_msgs/share/sam_graph_slam_2_msgs/environment/ament_prefix_path.dsv
[5.863s] -- Up-to-date symlink: /home/nacho/colcon_workspaces/smarc_ws/install/sam_graph_slam_2_msgs/share/sam_graph_slam_2_msgs/environment/path.sh
[5.863s] -- Up-to-date symlink: /home/nacho/colcon_workspaces/smarc_ws/install/sam_graph_slam_2_msgs/share/sam_graph_slam_2_msgs/environment/path.dsv
[5.863s] -- Up-to-date symlink: /home/nacho/colcon_workspaces/smarc_ws/install/sam_graph_slam_2_msgs/share/sam_graph_slam_2_msgs/local_setup.bash
[5.863s] -- Up-to-date symlink: /home/nacho/colcon_workspaces/smarc_ws/install/sam_graph_slam_2_msgs/share/sam_graph_slam_2_msgs/local_setup.sh
[5.863s] -- Up-to-date symlink: /home/nacho/colcon_workspaces/smarc_ws/install/sam_graph_slam_2_msgs/share/sam_graph_slam_2_msgs/local_setup.zsh
[5.863s] -- Up-to-date symlink: /home/nacho/colcon_workspaces/smarc_ws/install/sam_graph_slam_2_msgs/share/sam_graph_slam_2_msgs/local_setup.dsv
[5.863s] -- Symlinking: /home/nacho/colcon_workspaces/smarc_ws/install/sam_graph_slam_2_msgs/share/sam_graph_slam_2_msgs/package.dsv
[5.863s] -- Up-to-date symlink: /home/nacho/colcon_workspaces/smarc_ws/install/sam_graph_slam_2_msgs/share/ament_index/resource_index/packages/sam_graph_slam_2_msgs
[5.863s] -- Up-to-date symlink: /home/nacho/colcon_workspaces/smarc_ws/install/sam_graph_slam_2_msgs/share/sam_graph_slam_2_msgs/cmake/rosidl_cmake-extras.cmake
[5.863s] -- Up-to-date symlink: /home/nacho/colcon_workspaces/smarc_ws/install/sam_graph_slam_2_msgs/share/sam_graph_slam_2_msgs/cmake/ament_cmake_export_dependencies-extras.cmake
[5.863s] -- Up-to-date symlink: /home/nacho/colcon_workspaces/smarc_ws/install/sam_graph_slam_2_msgs/share/sam_graph_slam_2_msgs/cmake/ament_cmake_export_include_directories-extras.cmake
[5.863s] -- Up-to-date symlink: /home/nacho/colcon_workspaces/smarc_ws/install/sam_graph_slam_2_msgs/share/sam_graph_slam_2_msgs/cmake/ament_cmake_export_libraries-extras.cmake
[5.863s] -- Up-to-date symlink: /home/nacho/colcon_workspaces/smarc_ws/install/sam_graph_slam_2_msgs/share/sam_graph_slam_2_msgs/cmake/ament_cmake_export_targets-extras.cmake
[5.864s] -- Up-to-date symlink: /home/nacho/colcon_workspaces/smarc_ws/install/sam_graph_slam_2_msgs/share/sam_graph_slam_2_msgs/cmake/rosidl_cmake_export_typesupport_targets-extras.cmake
[5.864s] -- Up-to-date symlink: /home/nacho/colcon_workspaces/smarc_ws/install/sam_graph_slam_2_msgs/share/sam_graph_slam_2_msgs/cmake/rosidl_cmake_export_typesupport_libraries-extras.cmake
[5.864s] -- Up-to-date symlink: /home/nacho/colcon_workspaces/smarc_ws/install/sam_graph_slam_2_msgs/share/sam_graph_slam_2_msgs/cmake/sam_graph_slam_2_msgsConfig.cmake
[5.864s] -- Up-to-date symlink: /home/nacho/colcon_workspaces/smarc_ws/install/sam_graph_slam_2_msgs/share/sam_graph_slam_2_msgs/cmake/sam_graph_slam_2_msgsConfig-version.cmake
[5.864s] -- Up-to-date symlink: /home/nacho/colcon_workspaces/smarc_ws/install/sam_graph_slam_2_msgs/share/sam_graph_slam_2_msgs/package.xml
[5.864s] -- Installing: /home/nacho/colcon_workspaces/smarc_ws/install/sam_graph_slam_2_msgs/lib/libsam_graph_slam_2_msgs__rosidl_generator_c.so
[5.864s] -- Set runtime path of "/home/nacho/colcon_workspaces/smarc_ws/install/sam_graph_slam_2_msgs/lib/libsam_graph_slam_2_msgs__rosidl_generator_c.so" to ""
[5.864s] -- Installing: /home/nacho/colcon_workspaces/smarc_ws/install/sam_graph_slam_2_msgs/lib/libsam_graph_slam_2_msgs__rosidl_typesupport_fastrtps_c.so
[5.864s] -- Set runtime path of "/home/nacho/colcon_workspaces/smarc_ws/install/sam_graph_slam_2_msgs/lib/libsam_graph_slam_2_msgs__rosidl_typesupport_fastrtps_c.so" to ""
[5.864s] -- Installing: /home/nacho/colcon_workspaces/smarc_ws/install/sam_graph_slam_2_msgs/lib/libsam_graph_slam_2_msgs__rosidl_typesupport_introspection_c.so
[5.864s] -- Set runtime path of "/home/nacho/colcon_workspaces/smarc_ws/install/sam_graph_slam_2_msgs/lib/libsam_graph_slam_2_msgs__rosidl_typesupport_introspection_c.so" to ""
[5.864s] -- Installing: /home/nacho/colcon_workspaces/smarc_ws/install/sam_graph_slam_2_msgs/lib/libsam_graph_slam_2_msgs__rosidl_typesupport_c.so
[5.864s] -- Set runtime path of "/home/nacho/colcon_workspaces/smarc_ws/install/sam_graph_slam_2_msgs/lib/libsam_graph_slam_2_msgs__rosidl_typesupport_c.so" to ""
[5.864s] -- Installing: /home/nacho/colcon_workspaces/smarc_ws/install/sam_graph_slam_2_msgs/lib/libsam_graph_slam_2_msgs__rosidl_typesupport_fastrtps_cpp.so
[5.864s] -- Set runtime path of "/home/nacho/colcon_workspaces/smarc_ws/install/sam_graph_slam_2_msgs/lib/libsam_graph_slam_2_msgs__rosidl_typesupport_fastrtps_cpp.so" to ""
[5.864s] -- Installing: /home/nacho/colcon_workspaces/smarc_ws/install/sam_graph_slam_2_msgs/lib/libsam_graph_slam_2_msgs__rosidl_typesupport_introspection_cpp.so
[5.864s] -- Set runtime path of "/home/nacho/colcon_workspaces/smarc_ws/install/sam_graph_slam_2_msgs/lib/libsam_graph_slam_2_msgs__rosidl_typesupport_introspection_cpp.so" to ""
[5.864s] -- Installing: /home/nacho/colcon_workspaces/smarc_ws/install/sam_graph_slam_2_msgs/lib/libsam_graph_slam_2_msgs__rosidl_typesupport_cpp.so
[5.864s] -- Set runtime path of "/home/nacho/colcon_workspaces/smarc_ws/install/sam_graph_slam_2_msgs/lib/libsam_graph_slam_2_msgs__rosidl_typesupport_cpp.so" to ""
[5.864s] Listing '/home/nacho/colcon_workspaces/smarc_ws/install/sam_graph_slam_2_msgs/local/lib/python3.10/dist-packages/sam_graph_slam_2_msgs'...
[5.864s] Compiling '/home/nacho/colcon_workspaces/smarc_ws/install/sam_graph_slam_2_msgs/local/lib/python3.10/dist-packages/sam_graph_slam_2_msgs/__init__.py'...
[5.864s] Listing '/home/nacho/colcon_workspaces/smarc_ws/install/sam_graph_slam_2_msgs/local/lib/python3.10/dist-packages/sam_graph_slam_2_msgs/msg'...
[5.864s] -- Installing: /home/nacho/colcon_workspaces/smarc_ws/install/sam_graph_slam_2_msgs/lib/libsam_graph_slam_2_msgs__rosidl_generator_py.so
[5.865s] -- Set runtime path of "/home/nacho/colcon_workspaces/smarc_ws/install/sam_graph_slam_2_msgs/lib/libsam_graph_slam_2_msgs__rosidl_generator_py.so" to ""
[5.865s] -- Up-to-date: /home/nacho/colcon_workspaces/smarc_ws/install/sam_graph_slam_2_msgs/share/sam_graph_slam_2_msgs/cmake/export_sam_graph_slam_2_msgs__rosidl_generator_cExport.cmake
[5.865s] -- Up-to-date: /home/nacho/colcon_workspaces/smarc_ws/install/sam_graph_slam_2_msgs/share/sam_graph_slam_2_msgs/cmake/export_sam_graph_slam_2_msgs__rosidl_generator_cExport-noconfig.cmake
[5.865s] -- Up-to-date: /home/nacho/colcon_workspaces/smarc_ws/install/sam_graph_slam_2_msgs/share/sam_graph_slam_2_msgs/cmake/export_sam_graph_slam_2_msgs__rosidl_typesupport_fastrtps_cExport.cmake
[5.865s] -- Up-to-date: /home/nacho/colcon_workspaces/smarc_ws/install/sam_graph_slam_2_msgs/share/sam_graph_slam_2_msgs/cmake/export_sam_graph_slam_2_msgs__rosidl_typesupport_fastrtps_cExport-noconfig.cmake
[5.865s] -- Up-to-date: /home/nacho/colcon_workspaces/smarc_ws/install/sam_graph_slam_2_msgs/share/sam_graph_slam_2_msgs/cmake/sam_graph_slam_2_msgs__rosidl_typesupport_introspection_cExport.cmake
[5.866s] -- Up-to-date: /home/nacho/colcon_workspaces/smarc_ws/install/sam_graph_slam_2_msgs/share/sam_graph_slam_2_msgs/cmake/sam_graph_slam_2_msgs__rosidl_typesupport_introspection_cExport-noconfig.cmake
[5.866s] -- Up-to-date: /home/nacho/colcon_workspaces/smarc_ws/install/sam_graph_slam_2_msgs/share/sam_graph_slam_2_msgs/cmake/sam_graph_slam_2_msgs__rosidl_typesupport_cExport.cmake
[5.866s] -- Up-to-date: /home/nacho/colcon_workspaces/smarc_ws/install/sam_graph_slam_2_msgs/share/sam_graph_slam_2_msgs/cmake/sam_graph_slam_2_msgs__rosidl_typesupport_cExport-noconfig.cmake
[5.866s] -- Up-to-date: /home/nacho/colcon_workspaces/smarc_ws/install/sam_graph_slam_2_msgs/share/sam_graph_slam_2_msgs/cmake/export_sam_graph_slam_2_msgs__rosidl_generator_cppExport.cmake
[5.866s] -- Up-to-date: /home/nacho/colcon_workspaces/smarc_ws/install/sam_graph_slam_2_msgs/share/sam_graph_slam_2_msgs/cmake/export_sam_graph_slam_2_msgs__rosidl_typesupport_fastrtps_cppExport.cmake
[5.866s] -- Up-to-date: /home/nacho/colcon_workspaces/smarc_ws/install/sam_graph_slam_2_msgs/share/sam_graph_slam_2_msgs/cmake/export_sam_graph_slam_2_msgs__rosidl_typesupport_fastrtps_cppExport-noconfig.cmake
[5.866s] -- Up-to-date: /home/nacho/colcon_workspaces/smarc_ws/install/sam_graph_slam_2_msgs/share/sam_graph_slam_2_msgs/cmake/sam_graph_slam_2_msgs__rosidl_typesupport_introspection_cppExport.cmake
[5.866s] -- Up-to-date: /home/nacho/colcon_workspaces/smarc_ws/install/sam_graph_slam_2_msgs/share/sam_graph_slam_2_msgs/cmake/sam_graph_slam_2_msgs__rosidl_typesupport_introspection_cppExport-noconfig.cmake
[5.866s] -- Up-to-date: /home/nacho/colcon_workspaces/smarc_ws/install/sam_graph_slam_2_msgs/share/sam_graph_slam_2_msgs/cmake/sam_graph_slam_2_msgs__rosidl_typesupport_cppExport.cmake
[5.866s] -- Up-to-date: /home/nacho/colcon_workspaces/smarc_ws/install/sam_graph_slam_2_msgs/share/sam_graph_slam_2_msgs/cmake/sam_graph_slam_2_msgs__rosidl_typesupport_cppExport-noconfig.cmake
[5.866s] -- Up-to-date: /home/nacho/colcon_workspaces/smarc_ws/install/sam_graph_slam_2_msgs/share/sam_graph_slam_2_msgs/cmake/export_sam_graph_slam_2_msgs__rosidl_generator_pyExport.cmake
[5.866s] -- Up-to-date: /home/nacho/colcon_workspaces/smarc_ws/install/sam_graph_slam_2_msgs/share/sam_graph_slam_2_msgs/cmake/export_sam_graph_slam_2_msgs__rosidl_generator_pyExport-noconfig.cmake
[5.869s] Invoked command in '/home/nacho/colcon_workspaces/smarc_ws/build/sam_graph_slam_2_msgs' returned '0': CMAKE_PREFIX_PATH=/opt/ros/humble /usr/bin/cmake --install /home/nacho/colcon_workspaces/smarc_ws/build/sam_graph_slam_2_msgs
