running develop
running egg_info
writing auv_detector.egg-info/PKG-INFO
writing dependency_links to auv_detector.egg-info/dependency_links.txt
writing entry points to auv_detector.egg-info/entry_points.txt
writing requirements to auv_detector.egg-info/requires.txt
writing top-level names to auv_detector.egg-info/top_level.txt
reading manifest file 'auv_detector.egg-info/SOURCES.txt'
writing manifest file 'auv_detector.egg-info/SOURCES.txt'
running build_ext
Creating /home/nacho/colcon_workspaces/smarc_ws/install/auv_detector/lib/python3.10/site-packages/auv-detector.egg-link (link to .)
Installing detector script to /home/nacho/colcon_workspaces/smarc_ws/install/auv_detector/lib/auv_detector
Installing estimator script to /home/nacho/colcon_workspaces/smarc_ws/install/auv_detector/lib/auv_detector
Installing realdata script to /home/nacho/colcon_workspaces/smarc_ws/install/auv_detector/lib/auv_detector

Installed /home/nacho/colcon_workspaces/smarc_ws/build/auv_detector
running symlink_data
creating /home/nacho/colcon_workspaces/smarc_ws/install/auv_detector/share/auv_detector/config
symbolically linking /home/nacho/colcon_workspaces/smarc_ws/build/auv_detector/config/realdata_config.yaml -> /home/nacho/colcon_workspaces/smarc_ws/install/auv_detector/share/auv_detector/config
symbolically linking /home/nacho/colcon_workspaces/smarc_ws/build/auv_detector/config/simulation_config.yaml -> /home/nacho/colcon_workspaces/smarc_ws/install/auv_detector/share/auv_detector/config
symbolically linking /home/nacho/colcon_workspaces/smarc_ws/build/auv_detector/launch/realdata_detector.launch -> /home/nacho/colcon_workspaces/smarc_ws/install/auv_detector/share/auv_detector/launch
