[3.824s] Invoking command in '/home/nacho/colcon_workspaces/smarc_ws/build/auv_detector': PYTHONPATH=/home/nacho/colcon_workspaces/smarc_ws/build/auv_detector/prefix_override:/usr/lib/python3/dist-packages/colcon_core/task/python/colcon_distutils_commands:/home/nacho/colcon_workspaces/smarc_ws/install/auv_detector/lib/python3.10/site-packages:${PYTHONPATH} /usr/bin/python3 -W ignore:setup.py install is deprecated -W ignore:easy_install command is deprecated setup.py develop --editable --build-directory /home/nacho/colcon_workspaces/smarc_ws/build/auv_detector/build --no-deps symlink_data
[4.239s] running develop
[4.577s] running egg_info
[4.577s] writing auv_detector.egg-info/PKG-INFO
[4.577s] writing dependency_links to auv_detector.egg-info/dependency_links.txt
[4.577s] writing entry points to auv_detector.egg-info/entry_points.txt
[4.577s] writing requirements to auv_detector.egg-info/requires.txt
[4.577s] writing top-level names to auv_detector.egg-info/top_level.txt
[4.579s] reading manifest file 'auv_detector.egg-info/SOURCES.txt'
[4.580s] writing manifest file 'auv_detector.egg-info/SOURCES.txt'
[4.581s] running build_ext
[4.582s] Creating /home/nacho/colcon_workspaces/smarc_ws/install/auv_detector/lib/python3.10/site-packages/auv-detector.egg-link (link to .)
[4.584s] Installing detector script to /home/nacho/colcon_workspaces/smarc_ws/install/auv_detector/lib/auv_detector
[4.585s] Installing estimator script to /home/nacho/colcon_workspaces/smarc_ws/install/auv_detector/lib/auv_detector
[4.585s] Installing realdata script to /home/nacho/colcon_workspaces/smarc_ws/install/auv_detector/lib/auv_detector
[4.585s] 
[4.585s] Installed /home/nacho/colcon_workspaces/smarc_ws/build/auv_detector
[4.585s] running symlink_data
[4.587s] creating /home/nacho/colcon_workspaces/smarc_ws/install/auv_detector/share/auv_detector/config
[4.587s] symbolically linking /home/nacho/colcon_workspaces/smarc_ws/build/auv_detector/config/realdata_config.yaml -> /home/nacho/colcon_workspaces/smarc_ws/install/auv_detector/share/auv_detector/config
[4.587s] symbolically linking /home/nacho/colcon_workspaces/smarc_ws/build/auv_detector/config/simulation_config.yaml -> /home/nacho/colcon_workspaces/smarc_ws/install/auv_detector/share/auv_detector/config
[4.587s] symbolically linking /home/nacho/colcon_workspaces/smarc_ws/build/auv_detector/launch/realdata_detector.launch -> /home/nacho/colcon_workspaces/smarc_ws/install/auv_detector/share/auv_detector/launch
[5.437s] Invoked command in '/home/nacho/colcon_workspaces/smarc_ws/build/auv_detector' returned '0': PYTHONPATH=/home/nacho/colcon_workspaces/smarc_ws/build/auv_detector/prefix_override:/usr/lib/python3/dist-packages/colcon_core/task/python/colcon_distutils_commands:/home/nacho/colcon_workspaces/smarc_ws/install/auv_detector/lib/python3.10/site-packages:${PYTHONPATH} /usr/bin/python3 -W ignore:setup.py install is deprecated -W ignore:easy_install command is deprecated setup.py develop --editable --build-directory /home/nacho/colcon_workspaces/smarc_ws/build/auv_detector/build --no-deps symlink_data
