[3.842s] Invoking command in '/home/nacho/colcon_workspaces/smarc_ws/build/basic_go_to_waypoint': PYTHONPATH=/home/nacho/colcon_workspaces/smarc_ws/build/basic_go_to_waypoint/prefix_override:/usr/lib/python3/dist-packages/colcon_core/task/python/colcon_distutils_commands:/home/nacho/colcon_workspaces/smarc_ws/install/basic_go_to_waypoint/lib/python3.10/site-packages:${PYTHONPATH} /usr/bin/python3 -W ignore:setup.py install is deprecated -W ignore:easy_install command is deprecated setup.py develop --editable --build-directory /home/nacho/colcon_workspaces/smarc_ws/build/basic_go_to_waypoint/build --no-deps symlink_data
[4.465s] running develop
[4.467s] running egg_info
[4.467s] writing basic_go_to_waypoint.egg-info/PKG-INFO
[4.468s] writing dependency_links to basic_go_to_waypoint.egg-info/dependency_links.txt
[4.468s] writing entry points to basic_go_to_waypoint.egg-info/entry_points.txt
[4.468s] writing requirements to basic_go_to_waypoint.egg-info/requires.txt
[4.468s] writing top-level names to basic_go_to_waypoint.egg-info/top_level.txt
[4.468s] reading manifest file 'basic_go_to_waypoint.egg-info/SOURCES.txt'
[4.468s] writing manifest file 'basic_go_to_waypoint.egg-info/SOURCES.txt'
[4.468s] running build_ext
[4.468s] Creating /home/nacho/colcon_workspaces/smarc_ws/install/basic_go_to_waypoint/lib/python3.10/site-packages/basic-go-to-waypoint.egg-link (link to .)
[4.468s] Installing action_client_node script to /home/nacho/colcon_workspaces/smarc_ws/install/basic_go_to_waypoint/lib/basic_go_to_waypoint
[4.468s] Installing action_server_node script to /home/nacho/colcon_workspaces/smarc_ws/install/basic_go_to_waypoint/lib/basic_go_to_waypoint
[4.468s] Installing view_test script to /home/nacho/colcon_workspaces/smarc_ws/install/basic_go_to_waypoint/lib/basic_go_to_waypoint
[4.468s] Installing waypoint_following script to /home/nacho/colcon_workspaces/smarc_ws/install/basic_go_to_waypoint/lib/basic_go_to_waypoint
[4.468s] 
[4.468s] Installed /home/nacho/colcon_workspaces/smarc_ws/build/basic_go_to_waypoint
[4.469s] running symlink_data
[4.600s] Invoked command in '/home/nacho/colcon_workspaces/smarc_ws/build/basic_go_to_waypoint' returned '0': PYTHONPATH=/home/nacho/colcon_workspaces/smarc_ws/build/basic_go_to_waypoint/prefix_override:/usr/lib/python3/dist-packages/colcon_core/task/python/colcon_distutils_commands:/home/nacho/colcon_workspaces/smarc_ws/install/basic_go_to_waypoint/lib/python3.10/site-packages:${PYTHONPATH} /usr/bin/python3 -W ignore:setup.py install is deprecated -W ignore:easy_install command is deprecated setup.py develop --editable --build-directory /home/nacho/colcon_workspaces/smarc_ws/build/basic_go_to_waypoint/build --no-deps symlink_data
